RAM 637/1972MB (lfb 4x2MB) SWAP 268/986MB (cached 32MB) CPU [10%@102,5%@102,1%@102,1%@102] EMC_FREQ 0% GR3D_FREQ 0% PLL@50C CPU@51C PMIC@50C GPU@52C AO@62C thermal@51.75C
RAM 637/1972MB (lfb 4x2MB) SWAP 268/986MB (cached 32MB) CPU [10%@204,7%@204,2%@204,7%@204] EMC_FREQ 0% GR3D_FREQ 0% PLL@50C CPU@51C PMIC@50C GPU@52C AO@62.5C thermal@51.75C
RAM 658/1972MB (lfb 1x2MB) SWAP 268/986MB (cached 32MB) CPU [50%@1479,16%@1479,2%@1479,12%@1479] EMC_FREQ 0% GR3D_FREQ 0% PLL@50.5C CPU@51.5C PMIC@50C GPU@52C AO@62.5C thermal@51.75C
RAM 670/1972MB (lfb 8x1MB) SWAP 268/986MB (cached 32MB) CPU [27%@1479,4%@1479,10%@1479,25%@1479] EMC_FREQ 0% GR3D_FREQ 0% PLL@50C CPU@51.5C PMIC@50C GPU@52C AO@62.5C thermal@51.75C
RAM 693/1972MB (lfb 8x1MB) SWAP 268/986MB (cached 32MB) CPU [36%@1036,21%@1036,8%@1036,2%@1036] EMC_FREQ 0% GR3D_FREQ 0% PLL@50.5C CPU@51.5C PMIC@50C GPU@52.5C AO@63C thermal@51.75C
RAM 709/1972MB (lfb 8x1MB) SWAP 268/986MB (cached 32MB) CPU [9%@518,33%@518,8%@518,4%@518] EMC_FREQ 0% GR3D_FREQ 13% PLL@50C CPU@52C PMIC@50C GPU@52.5C AO@62C thermal@51.75C
RAM 734/1972MB (lfb 8x1MB) SWAP 268/986MB (cached 32MB) CPU [2%@1479,22%@1479,10%@1479,32%@1479] EMC_FREQ 0% GR3D_FREQ 48% PLL@51C CPU@52C PMIC@50C GPU@52C AO@62.5C thermal@52.25C
RAM 770/1972MB (lfb 8x1MB) SWAP 268/986MB (cached 32MB) CPU [4%@1479,16%@1479,25%@1479,26%@1479] EMC_FREQ 0% GR3D_FREQ 0% PLL@50.5C CPU@51C PMIC@50C GPU@52.5C AO@62.5C thermal@52.25C
RAM 801/1972MB (lfb 8x1MB) SWAP 268/986MB (cached 32MB) CPU [8%@1428,22%@1428,8%@1428,57%@1428] EMC_FREQ 0% GR3D_FREQ 22% PLL@50.5C CPU@52C PMIC@50C GPU@52C AO@62.5C thermal@52C
RAM 856/1972MB (lfb 8x1MB) SWAP 268/986MB (cached 32MB) CPU [11%@1479,8%@1479,39%@1479,42%@1479] EMC_FREQ 0% GR3D_FREQ 48% PLL@50.5C CPU@52C PMIC@50C GPU@52C AO@62.5C thermal@52C
RAM 866/1972MB (lfb 8x1MB) SWAP 268/986MB (cached 32MB) CPU [12%@403,12%@403,6%@403,73%@403] EMC_FREQ 0% GR3D_FREQ 30% PLL@50.5C CPU@52C PMIC@50C GPU@52.5C AO@62.5C thermal@52C
RAM 916/1972MB (lfb 8x1MB) SWAP 268/986MB (cached 32MB) CPU [8%@1479,12%@1479,4%@1479,60%@1479] EMC_FREQ 0% GR3D_FREQ 19% PLL@50.5C CPU@51.5C PMIC@50C GPU@52C AO@62C thermal@52C
RAM 920/1972MB (lfb 8x1MB) SWAP 268/986MB (cached 32MB) CPU [11%@1479,68%@1479,2%@1479,13%@1479] EMC_FREQ 0% GR3D_FREQ 0% PLL@50.5C CPU@53.5C PMIC@50C GPU@52C AO@62.5C thermal@52.25C
RAM 950/1972MB (lfb 1x2MB) SWAP 268/986MB (cached 32MB) CPU [100%@1479,3%@1479,4%@1479,0%@1479] EMC_FREQ 0% GR3D_FREQ 0% PLL@50.5C CPU@54C PMIC@50C GPU@52C AO@63C thermal@52.25C
RAM 967/1972MB (lfb 1x2MB) SWAP 268/986MB (cached 32MB) CPU [33%@614,20%@614,7%@614,8%@614] EMC_FREQ 0% GR3D_FREQ 0% PLL@50.5C CPU@51.5C PMIC@50C GPU@52C AO@62C thermal@52.25C
RAM 999/1972MB (lfb 14x1MB) SWAP 268/986MB (cached 32MB) CPU [13%@921,28%@921,2%@921,25%@921] EMC_FREQ 0% GR3D_FREQ 0% PLL@50C CPU@52C PMIC@50C GPU@52C AO@62.5C thermal@51.75C
RAM 1019/1972MB (lfb 14x1MB) SWAP 268/986MB (cached 32MB) CPU [10%@921,25%@921,8%@921,47%@921] EMC_FREQ 0% GR3D_FREQ 25% PLL@50C CPU@52C PMIC@50C GPU@52.5C AO@62.5C thermal@51.75C
RAM 1058/1972MB (lfb 14x1MB) SWAP 268/986MB (cached 32MB) CPU [8%@1132,28%@1326,8%@1326,50%@1326] EMC_FREQ 0% GR3D_FREQ 4% PLL@50.5C CPU@51.5C PMIC@50C GPU@52C AO@62.5C thermal@52C
RAM 1099/1972MB (lfb 14x1MB) SWAP 268/986MB (cached 32MB) CPU [6%@1428,6%@1428,34%@1428,31%@1428] EMC_FREQ 0% GR3D_FREQ 0% PLL@50C CPU@51.5C PMIC@50C GPU@52C AO@62C thermal@52C
RAM 1135/1972MB (lfb 5x512kB) SWAP 268/986MB (cached 32MB) CPU [14%@518,23%@518,7%@102,40%@204] EMC_FREQ 0% GR3D_FREQ 0% PLL@50.5C CPU@51.5C PMIC@50C GPU@52C AO@62.5C thermal@52.25C
RAM 1159/1972MB (lfb 1x512kB) SWAP 268/986MB (cached 32MB) CPU [9%@1479,15%@1479,22%@1479,22%@1479] EMC_FREQ 0% GR3D_FREQ 39% PLL@50.5C CPU@52C PMIC@50C GPU@52.5C AO@62C thermal@52.25C
RAM 1169/1972MB (lfb 3x512kB) SWAP 268/986MB (cached 31MB) CPU [20%@1479,40%@1479,12%@1479,25%@1479] EMC_FREQ 0% GR3D_FREQ 46% PLL@50.5C CPU@52.5C PMIC@50C GPU@52.5C AO@62.5C thermal@52C
RAM 1178/1972MB (lfb 1x512kB) SWAP 268/986MB (cached 31MB) CPU [18%@1479,22%@1479,18%@1479,40%@1479] EMC_FREQ 0% GR3D_FREQ 52% PLL@50C CPU@53C PMIC@50C GPU@52C AO@62.5C thermal@52C
RAM 1202/1972MB (lfb 1x512kB) SWAP 268/986MB (cached 30MB) CPU [12%@1479,29%@1479,19%@1479,36%@1479] EMC_FREQ 0% GR3D_FREQ 46% PLL@50.5C CPU@52C PMIC@50C GPU@52.5C AO@62.5C thermal@52C
RAM 1225/1972MB (lfb 2x512kB) SWAP 268/986MB (cached 29MB) CPU [15%@1326,30%@1326,12%@1326,54%@1326] EMC_FREQ 0% GR3D_FREQ 29% PLL@50.5C CPU@53C PMIC@50C GPU@52C AO@62.5C thermal@52C
RAM 1269/1972MB (lfb 1x512kB) SWAP 268/986MB (cached 28MB) CPU [15%@1479,30%@1479,36%@1479,14%@1479] EMC_FREQ 0% GR3D_FREQ 0% PLL@50C CPU@51.5C PMIC@50C GPU@52C AO@62.5C thermal@52C
RAM 1300/1972MB (lfb 1x512kB) SWAP 268/986MB (cached 27MB) CPU [0%@307,32%@307,12%@307,33%@307] EMC_FREQ 0% GR3D_FREQ 95% PLL@50.5C CPU@51.5C PMIC@50C GPU@52.5C AO@62.5C thermal@52.25C
RAM 1310/1972MB (lfb 1x512kB) SWAP 268/986MB (cached 27MB) CPU [10%@710,2%@710,6%@710,24%@710] EMC_FREQ 0% GR3D_FREQ 21% PLL@50C CPU@52C PMIC@50C GPU@52C AO@63C thermal@52.25C
RAM 1310/1972MB (lfb 1x512kB) SWAP 268/986MB (cached 27MB) CPU [4%@1224,3%@1224,6%@1224,36%@1224] EMC_FREQ 0% GR3D_FREQ 52% PLL@50.5C CPU@52C PMIC@50C GPU@52.5C AO@62.5C thermal@52C
RAM 1310/1972MB (lfb 1x512kB) SWAP 268/986MB (cached 27MB) CPU [7%@921,2%@921,8%@921,36%@921] EMC_FREQ 0% GR3D_FREQ 24% PLL@50C CPU@52C PMIC@50C GPU@52.5C AO@62.5C thermal@52C
RAM 1310/1972MB (lfb 1x512kB) SWAP 268/986MB (cached 27MB) CPU [10%@710,4%@710,6%@710,38%@710] EMC_FREQ 0% GR3D_FREQ 45% PLL@50C CPU@52C PMIC@50C GPU@53C AO@63C thermal@52C
RAM 1310/1972MB (lfb 1x512kB) SWAP 268/986MB (cached 27MB) CPU [8%@1132,14%@1132,12%@1132,44%@1132] EMC_FREQ 0% GR3D_FREQ 47% PLL@50.5C CPU@52C PMIC@50C GPU@52.5C AO@63C thermal@52C
RAM 1310/1972MB (lfb 1x512kB) SWAP 268/986MB (cached 27MB) CPU [34%@921,28%@921,17%@921,15%@921] EMC_FREQ 0% GR3D_FREQ 37% PLL@50.5C CPU@52.5C PMIC@50C GPU@52.5C AO@63C thermal@52.5C
RAM 1312/1972MB (lfb 1x1MB) SWAP 268/986MB (cached 27MB) CPU [12%@1479,56%@1479,6%@1479,16%@1479] EMC_FREQ 0% GR3D_FREQ 41% PLL@50.5C CPU@52.5C PMIC@50C GPU@52.5C AO@63C thermal@52.5C
RAM 1311/1972MB (lfb 5x512kB) SWAP 268/986MB (cached 26MB) CPU [4%@614,22%@614,14%@614,5%@614] EMC_FREQ 0% GR3D_FREQ 0% PLL@50C CPU@51.5C PMIC@50C GPU@52.5C AO@62C thermal@52.5C
RAM 1341/1972MB (lfb 1x512kB) SWAP 268/986MB (cached 25MB) CPU [5%@1479,45%@1479,8%@1479,20%@1479] EMC_FREQ 0% GR3D_FREQ 5% PLL@50.5C CPU@52C PMIC@50C GPU@52.5C AO@63C thermal@52C
RAM 1355/1972MB (lfb 1x512kB) SWAP 268/986MB (cached 24MB) CPU [4%@710,25%@710,14%@710,5%@710] EMC_FREQ 0% GR3D_FREQ 0% PLL@50C CPU@51.5C PMIC@50C GPU@52C AO@62.5C thermal@52C
RAM 1389/1972MB (lfb 1x512kB) SWAP 268/986MB (cached 23MB) CPU [20%@710,18%@710,18%@710,22%@710] EMC_FREQ 0% GR3D_FREQ 0% PLL@50.5C CPU@51.5C PMIC@50C GPU@52C AO@62.5C thermal@52.75C
RAM 1424/1972MB (lfb 1x512kB) SWAP 268/986MB (cached 22MB) CPU [29%@825,2%@825,9%@825,18%@825] EMC_FREQ 0% GR3D_FREQ 1% PLL@50C CPU@51.5C PMIC@50C GPU@52.5C AO@62.5C thermal@52.75C
RAM 1469/1972MB (lfb 1x512kB) SWAP 268/986MB (cached 21MB) CPU [28%@1479,4%@1479,14%@1479,23%@1479] EMC_FREQ 0% GR3D_FREQ 0% PLL@50.5C CPU@52.5C PMIC@50C GPU@52.5C AO@62.5C thermal@52.25C
RAM 1517/1972MB (lfb 1x512kB) SWAP 268/986MB (cached 21MB) CPU [58%@1479,21%@1479,8%@1479,18%@1479] EMC_FREQ 0% GR3D_FREQ 2% PLL@50.5C CPU@52C PMIC@50C GPU@52.5C AO@62.5C thermal@52.25C
RAM 1534/1972MB (lfb 1x512kB) SWAP 268/986MB (cached 21MB) CPU [12%@614,39%@614,2%@614,8%@614] EMC_FREQ 0% GR3D_FREQ 0% PLL@50C CPU@51.5C PMIC@50C GPU@52.5C AO@62C thermal@51.75C
RAM 1570/1972MB (lfb 1x512kB) SWAP 268/986MB (cached 21MB) CPU [2%@1479,31%@1479,22%@1479,22%@1479] EMC_FREQ 0% GR3D_FREQ 0% PLL@50C CPU@51.5C PMIC@50C GPU@52C AO@62.5C thermal@51.75C
RAM 1594/1972MB (lfb 1x512kB) SWAP 268/986MB (cached 21MB) CPU [24%@921,18%@921,8%@921,22%@921] EMC_FREQ 0% GR3D_FREQ 0% PLL@50C CPU@51.5C PMIC@50C GPU@52C AO@62.5C thermal@51.75C
RAM 1651/1972MB (lfb 1x512kB) SWAP 268/986MB (cached 20MB) CPU [17%@825,22%@825,29%@825,18%@825] EMC_FREQ 0% GR3D_FREQ 38% PLL@50.5C CPU@52C PMIC@50C GPU@52.5C AO@62.5C thermal@51.75C
RAM 1650/1972MB (lfb 1x512kB) SWAP 268/986MB (cached 20MB) CPU [15%@403,21%@403,12%@403,16%@403] EMC_FREQ 0% GR3D_FREQ 99% PLL@50.5C CPU@52.5C PMIC@50C GPU@53.5C AO@64C thermal@51.75C
RAM 1644/1972MB (lfb 1x512kB) SWAP 268/986MB (cached 20MB) CPU [19%@710,20%@710,6%@710,4%@710] EMC_FREQ 0% GR3D_FREQ 0% PLL@50C CPU@52C PMIC@50C GPU@53C AO@62.5C thermal@53C
RAM 1635/1972MB (lfb 1x512kB) SWAP 268/986MB (cached 20MB) CPU [20%@1132,4%@1132,16%@1132,13%@1132] EMC_FREQ 0% GR3D_FREQ 22% PLL@50.5C CPU@53C PMIC@50C GPU@53.5C AO@63.5C thermal@53C
RAM 1636/1972MB (lfb 1x512kB) SWAP 268/986MB (cached 20MB) CPU [25%@1479,6%@1479,24%@1479,10%@1479] EMC_FREQ 0% GR3D_FREQ 99% PLL@50.5C CPU@52.5C PMIC@50C GPU@54C AO@64C thermal@53.25C
RAM 1636/1972MB (lfb 1x512kB) SWAP 268/986MB (cached 20MB) CPU [33%@1036,14%@1036,14%@1036,8%@1036] EMC_FREQ 0% GR3D_FREQ 99% PLL@50.5C CPU@52.5C PMIC@50C GPU@54C AO@64C thermal@53.25C
RAM 1639/1972MB (lfb 1x512kB) SWAP 268/986MB (cached 20MB) CPU [10%@1036,34%@1036,16%@1036,4%@1036] EMC_FREQ 0% GR3D_FREQ 94% PLL@50.5C CPU@52.5C PMIC@50C GPU@54C AO@64.5C thermal@53.25C
RAM 1639/1972MB (lfb 1x512kB) SWAP 268/986MB (cached 20MB) CPU [10%@921,21%@921,2%@921,7%@921] EMC_FREQ 0% GR3D_FREQ 17% PLL@50.5C CPU@52.5C PMIC@50C GPU@53.5C AO@64C thermal@53.25C
RAM 1635/1972MB (lfb 1x512kB) SWAP 268/986MB (cached 20MB) CPU [18%@614,36%@614,21%@614,10%@614] EMC_FREQ 0% GR3D_FREQ 40% PLL@50.5C CPU@52.5C PMIC@50C GPU@54C AO@64C thermal@53.5C
RAM 1635/1972MB (lfb 2x1MB) SWAP 268/986MB (cached 20MB) CPU [14%@1479,16%@1479,10%@1479,12%@1479] EMC_FREQ 0% GR3D_FREQ 99% PLL@51C CPU@52.5C PMIC@50C GPU@54C AO@64C thermal@53.5C
RAM 1667/1972MB (lfb 1x512kB) SWAP 268/986MB (cached 20MB) CPU [12%@102,16%@307,26%@307,20%@307] EMC_FREQ 0% GR3D_FREQ 99% PLL@50.5C CPU@52.5C PMIC@50C GPU@54C AO@63.5C thermal@53.5C
RAM 1667/1972MB (lfb 1x512kB) SWAP 268/986MB (cached 20MB) CPU [16%@1132,15%@1132,26%@1132,16%@1132] EMC_FREQ 0% GR3D_FREQ 90% PLL@50.5C CPU@53.5C PMIC@50C GPU@54C AO@64C thermal@53.25C
RAM 1667/1972MB (lfb 1x512kB) SWAP 268/986MB (cached 20MB) CPU [29%@710,18%@710,13%@710,6%@710] EMC_FREQ 0% GR3D_FREQ 60% PLL@50.5C CPU@53C PMIC@50C GPU@54C AO@64.5C thermal@53.25C
RAM 1668/1972MB (lfb 1x512kB) SWAP 268/986MB (cached 20MB) CPU [29%@518,8%@518,19%@518,10%@518] EMC_FREQ 0% GR3D_FREQ 87% PLL@50C CPU@52.5C PMIC@50C GPU@54C AO@63.5C thermal@53.75C
RAM 1668/1972MB (lfb 1x512kB) SWAP 268/986MB (cached 20MB) CPU [24%@1479,25%@1479,22%@1479,14%@1479] EMC_FREQ 0% GR3D_FREQ 25% PLL@51C CPU@53C PMIC@50C GPU@54C AO@63.5C thermal@53.75C
RAM 1668/1972MB (lfb 1x512kB) SWAP 268/986MB (cached 20MB) CPU [39%@1479,15%@1479,36%@1479,29%@1479] EMC_FREQ 0% GR3D_FREQ 25% PLL@51C CPU@52.5C PMIC@50C GPU@54C AO@63C thermal@53C
RAM 1668/1972MB (lfb 1x512kB) SWAP 268/986MB (cached 20MB) CPU [10%@1479,18%@1479,11%@1479,8%@1479] EMC_FREQ 0% GR3D_FREQ 15% PLL@50.5C CPU@52.5C PMIC@50C GPU@53.5C AO@63C thermal@53C
RAM 1668/1972MB (lfb 1x512kB) SWAP 268/986MB (cached 20MB) CPU [14%@518,11%@518,39%@518,24%@518] EMC_FREQ 0% GR3D_FREQ 86% PLL@50.5C CPU@53C PMIC@50C GPU@54C AO@64.5C thermal@53.5C
RAM 1660/1972MB (lfb 2x512kB) SWAP 268/986MB (cached 20MB) CPU [28%@921,16%@921,17%@921,15%@921] EMC_FREQ 0% GR3D_FREQ 45% PLL@50.5C CPU@53C PMIC@50C GPU@54C AO@64C thermal@53.5C
RAM 1681/1972MB (lfb 2x512kB) SWAP 268/986MB (cached 20MB) CPU [22%@825,24%@825,10%@825,20%@825] EMC_FREQ 0% GR3D_FREQ 47% PLL@50.5C CPU@53.5C PMIC@50C GPU@54.5C AO@64.5C thermal@53.5C
RAM 1681/1972MB (lfb 2x512kB) SWAP 268/986MB (cached 20MB) CPU [12%@825,12%@825,26%@825,22%@825] EMC_FREQ 0% GR3D_FREQ 39% PLL@50.5C CPU@53.5C PMIC@50C GPU@54C AO@64C thermal@53.75C
RAM 1695/1972MB (lfb 2x512kB) SWAP 268/986MB (cached 20MB) CPU [26%@1036,6%@1036,24%@1036,15%@1036] EMC_FREQ 0% GR3D_FREQ 99% PLL@51C CPU@52.5C PMIC@50C GPU@54C AO@64C thermal@53.75C
RAM 1695/1972MB (lfb 2x512kB) SWAP 268/986MB (cached 20MB) CPU [8%@1479,25%@1479,24%@1479,23%@1479] EMC_FREQ 0% GR3D_FREQ 14% PLL@50.5C CPU@52.5C PMIC@50C GPU@53.5C AO@63C thermal@53C
RAM 1736/1972MB (lfb 2x512kB) SWAP 268/986MB (cached 20MB) CPU [46%@1479,4%@1479,46%@1479,14%@1479] EMC_FREQ 0% GR3D_FREQ 0% PLL@51C CPU@52C PMIC@50C GPU@53.5C AO@63C thermal@53C
RAM 1735/1972MB (lfb 2x512kB) SWAP 268/986MB (cached 20MB) CPU [20%@1479,10%@1479,8%@1479,14%@1479] EMC_FREQ 0% GR3D_FREQ 60% PLL@51C CPU@53C PMIC@50C GPU@54C AO@64C thermal@53.25C
RAM 1736/1972MB (lfb 2x512kB) SWAP 268/986MB (cached 20MB) CPU [47%@1479,7%@1479,14%@1479,23%@1479] EMC_FREQ 0% GR3D_FREQ 0% PLL@50.5C CPU@53.5C PMIC@50C GPU@53.5C AO@63.5C thermal@53.25C
RAM 1736/1972MB (lfb 2x512kB) SWAP 268/986MB (cached 20MB) CPU [22%@1224,6%@1224,18%@1224,6%@1224] EMC_FREQ 0% GR3D_FREQ 31% PLL@51C CPU@53C PMIC@50C GPU@54C AO@64C thermal@53.75C
RAM 1805/1972MB (lfb 2x512kB) SWAP 269/986MB (cached 20MB) CPU [44%@102,22%@102,13%@204,5%@204] EMC_FREQ 0% GR3D_FREQ 99% PLL@50.5C CPU@52.5C PMIC@50C GPU@54C AO@63.5C thermal@53.75C
RAM 1805/1972MB (lfb 2x512kB) SWAP 269/986MB (cached 20MB) CPU [31%@825,7%@825,26%@825,12%@825] EMC_FREQ 0% GR3D_FREQ 86% PLL@50.5C CPU@53.5C PMIC@50C GPU@54C AO@65C thermal@53.75C
RAM 1805/1972MB (lfb 2x512kB) SWAP 269/986MB (cached 20MB) CPU [32%@1479,10%@1479,26%@1479,12%@1479] EMC_FREQ 0% GR3D_FREQ 47% PLL@50.5C CPU@53.5C PMIC@50C GPU@54C AO@64C thermal@53.75C
RAM 1806/1972MB (lfb 2x512kB) SWAP 269/986MB (cached 20MB) CPU [32%@102,3%@102,2%@102,4%@102] EMC_FREQ 0% GR3D_FREQ 99% PLL@51C CPU@52.5C PMIC@50C GPU@54C AO@64C thermal@53.75C
RAM 1805/1972MB (lfb 2x512kB) SWAP 269/986MB (cached 20MB) CPU [40%@1479,14%@1479,19%@1479,33%@1479] EMC_FREQ 0% GR3D_FREQ 28% PLL@51C CPU@53C PMIC@50C GPU@54C AO@63.5C thermal@53.75C
RAM 1805/1972MB (lfb 2x512kB) SWAP 269/986MB (cached 20MB) CPU [18%@1479,6%@1479,25%@1479,22%@1479] EMC_FREQ 0% GR3D_FREQ 2% PLL@50.5C CPU@52.5C PMIC@50C GPU@54C AO@63.5C thermal@53.75C
RAM 1805/1972MB (lfb 2x512kB) SWAP 269/986MB (cached 20MB) CPU [30%@1224,6%@1224,28%@1224,21%@1224] EMC_FREQ 0% GR3D_FREQ 43% PLL@51C CPU@53.5C PMIC@50C GPU@54C AO@64C thermal@53.5C
RAM 1805/1972MB (lfb 2x512kB) SWAP 269/986MB (cached 20MB) CPU [17%@1479,4%@1479,34%@1479,10%@1479] EMC_FREQ 0% GR3D_FREQ 6% PLL@50.5C CPU@52.5C PMIC@50C GPU@54C AO@63.5C thermal@53.5C
RAM 1805/1972MB (lfb 2x512kB) SWAP 269/986MB (cached 20MB) CPU [22%@403,4%@403,24%@403,20%@403] EMC_FREQ 0% GR3D_FREQ 80% PLL@51C CPU@52.5C PMIC@50C GPU@54C AO@64C thermal@53C
RAM 1805/1972MB (lfb 2x512kB) SWAP 269/986MB (cached 20MB) CPU [26%@921,13%@921,37%@921,20%@921] EMC_FREQ 0% GR3D_FREQ 54% PLL@51C CPU@53.5C PMIC@50C GPU@54C AO@64C thermal@53C
RAM 1805/1972MB (lfb 2x512kB) SWAP 269/986MB (cached 20MB) CPU [38%@1132,11%@1132,4%@1132,20%@1132] EMC_FREQ 0% GR3D_FREQ 31% PLL@51C CPU@53.5C PMIC@50C GPU@54C AO@64C thermal@53.75C
RAM 1804/1972MB (lfb 2x512kB) SWAP 269/986MB (cached 20MB) CPU [26%@1224,8%@1224,36%@1224,20%@1224] EMC_FREQ 0% GR3D_FREQ 40% PLL@51C CPU@53C PMIC@50C GPU@54C AO@64C thermal@53.75C
RAM 1804/1972MB (lfb 2x512kB) SWAP 269/986MB (cached 20MB) CPU [29%@1479,17%@1479,12%@1479,44%@1479] EMC_FREQ 0% GR3D_FREQ 26% PLL@51C CPU@53C PMIC@50C GPU@54C AO@63.5C thermal@53.75C
RAM 1805/1972MB (lfb 2x512kB) SWAP 269/986MB (cached 20MB) CPU [46%@1479,12%@1479,29%@1479,25%@1479] EMC_FREQ 0% GR3D_FREQ 0% PLL@51C CPU@53C PMIC@50C GPU@54C AO@63C thermal@53.5C
RAM 1790/1972MB (lfb 2x512kB) SWAP 269/986MB (cached 20MB) CPU [12%@1479,60%@1479,20%@1479,21%@1479] EMC_FREQ 0% GR3D_FREQ 24% PLL@51C CPU@53C PMIC@50C GPU@54C AO@63.5C thermal@53.5C
RAM 1790/1972MB (lfb 2x512kB) SWAP 269/986MB (cached 20MB) CPU [20%@1479,58%@1479,31%@1479,11%@1479] EMC_FREQ 0% GR3D_FREQ 19% PLL@51C CPU@53C PMIC@50C GPU@54C AO@63C thermal@53.5C
RAM 1789/1972MB (lfb 2x512kB) SWAP 269/986MB (cached 20MB) CPU [6%@825,65%@825,19%@825,10%@825] EMC_FREQ 0% GR3D_FREQ 0% PLL@51C CPU@52.5C PMIC@50C GPU@53.5C AO@63C thermal@53.5C
RAM 1778/1972MB (lfb 2x512kB) SWAP 269/986MB (cached 20MB) CPU [6%@1479,50%@1479,10%@1479,1%@1479] EMC_FREQ 0% GR3D_FREQ 0% PLL@50.5C CPU@52.5C PMIC@50C GPU@53.5C AO@63C thermal@53C
RAM 1774/1972MB (lfb 2x512kB) SWAP 269/986MB (cached 20MB) CPU [26%@1479,45%@1479,20%@1479,0%@1479] EMC_FREQ 0% GR3D_FREQ 0% PLL@51C CPU@52C PMIC@50C GPU@53C AO@62.5C thermal@53C
RAM 1757/1972MB (lfb 2x512kB) SWAP 269/986MB (cached 20MB) CPU [38%@1479,0%@1479,41%@1479,0%@1479] EMC_FREQ 0% GR3D_FREQ 0% PLL@50.5C CPU@54.5C PMIC@50C GPU@53.5C AO@63C thermal@53.75C
RAM 1757/1972MB (lfb 2x512kB) SWAP 269/986MB (cached 20MB) CPU [100%@1479,0%@1479,0%@1479,0%@1479] EMC_FREQ 0% GR3D_FREQ 0% PLL@51C CPU@53.5C PMIC@50C GPU@53.5C AO@63C thermal@53.75C
RAM 1757/1972MB (lfb 2x512kB) SWAP 269/986MB (cached 20MB) CPU [100%@1479,0%@1479,0%@1479,0%@1479] EMC_FREQ 0% GR3D_FREQ 0% PLL@50.5C CPU@53.5C PMIC@50C GPU@53C AO@63C thermal@53.75C
RAM 1757/1972MB (lfb 2x512kB) SWAP 269/986MB (cached 20MB) CPU [100%@1479,0%@1479,0%@1479,1%@1479] EMC_FREQ 0% GR3D_FREQ 0% PLL@50.5C CPU@54C PMIC@50C GPU@53.5C AO@63C thermal@53.5C
RAM 1757/1972MB (lfb 2x512kB) SWAP 269/986MB (cached 20MB) CPU [100%@1479,2%@1479,0%@1479,1%@1479] EMC_FREQ 0% GR3D_FREQ 0% PLL@51C CPU@54C PMIC@50C GPU@53.5C AO@63C thermal@53.5C
RAM 1757/1972MB (lfb 2x512kB) SWAP 269/986MB (cached 20MB) CPU [100%@1479,0%@1479,0%@1479,0%@1479] EMC_FREQ 0% GR3D_FREQ 0% PLL@50.5C CPU@54C PMIC@50C GPU@53C AO@63C thermal@53.75C
RAM 1757/1972MB (lfb 2x512kB) SWAP 269/986MB (cached 20MB) CPU [80%@1479,20%@1479,0%@1479,0%@1479] EMC_FREQ 0% GR3D_FREQ 0% PLL@50.5C CPU@52.5C PMIC@50C GPU@53.5C AO@63C thermal@53.75C
RAM 1758/1972MB (lfb 2x512kB) SWAP 269/986MB (cached 20MB) CPU [94%@1479,7%@1479,1%@1479,0%@1479] EMC_FREQ 0% GR3D_FREQ 0% PLL@50.5C CPU@53.5C PMIC@50C GPU@53.5C AO@63C thermal@53.5C
RAM 1758/1972MB (lfb 2x512kB) SWAP 269/986MB (cached 20MB) CPU [100%@1479,0%@1479,0%@1479,0%@1479] EMC_FREQ 0% GR3D_FREQ 0% PLL@50.5C CPU@54.5C PMIC@50C GPU@53.5C AO@63C thermal@53.5C
RAM 1758/1972MB (lfb 2x512kB) SWAP 269/986MB (cached 20MB) CPU [100%@1479,0%@1479,1%@1479,0%@1479] EMC_FREQ 0% GR3D_FREQ 0% PLL@50.5C CPU@53.5C PMIC@50C GPU@53C AO@63C thermal@53.5C
RAM 1758/1972MB (lfb 2x512kB) SWAP 269/986MB (cached 20MB) CPU [76%@1479,23%@1479,0%@1479,0%@1479] EMC_FREQ 0% GR3D_FREQ 0% PLL@51C CPU@54C PMIC@50C GPU@53.5C AO@63C thermal@53.5C
RAM 1758/1972MB (lfb 2x512kB) SWAP 269/986MB (cached 20MB) CPU [74%@1479,24%@1479,0%@1479,0%@1479] EMC_FREQ 0% GR3D_FREQ 0% PLL@51C CPU@54C PMIC@50C GPU@53C AO@62.5C thermal@53.5C
RAM 1758/1972MB (lfb 2x512kB) SWAP 269/986MB (cached 20MB) CPU [100%@1479,0%@1479,0%@1479,0%@1479] EMC_FREQ 0% GR3D_FREQ 0% PLL@50.5C CPU@53.5C PMIC@50C GPU@53C AO@63C thermal@53.5C
RAM 1758/1972MB (lfb 2x512kB) SWAP 269/986MB (cached 20MB) CPU [32%@1479,28%@1479,0%@1479,42%@1479] EMC_FREQ 0% GR3D_FREQ 0% PLL@51C CPU@52C PMIC@50C GPU@53C AO@63C thermal@53.5C
RAM 1742/1972MB (lfb 2x512kB) SWAP 269/986MB (cached 20MB) CPU [11%@1479,5%@1479,2%@1479,96%@1479] EMC_FREQ 0% GR3D_FREQ 0% PLL@51C CPU@52.5C PMIC@50C GPU@52.5C AO@63C thermal@52.75C
RAM 1742/1972MB (lfb 2x512kB) SWAP 269/986MB (cached 20MB) CPU [28%@1479,0%@1479,73%@1479,0%@1479] EMC_FREQ 0% GR3D_FREQ 0% PLL@50.5C CPU@52.5C PMIC@50C GPU@53C AO@62.5C thermal@52.75C
RAM 1742/1972MB (lfb 2x512kB) SWAP 269/986MB (cached 20MB) CPU [2%@1479,38%@1479,58%@1479,2%@1479] EMC_FREQ 0% GR3D_FREQ 5% PLL@51C CPU@52.5C PMIC@50C GPU@53C AO@62.5C thermal@52.75C
RAM 1743/1972MB (lfb 2x512kB) SWAP 269/986MB (cached 20MB) CPU [0%@1479,98%@1479,0%@1479,2%@1479] EMC_FREQ 0% GR3D_FREQ 0% PLL@50.5C CPU@52C PMIC@50C GPU@52.5C AO@62.5C thermal@52.75C
RAM 1743/1972MB (lfb 2x512kB) SWAP 269/986MB (cached 20MB) CPU [30%@1479,70%@1479,2%@1479,0%@1479] EMC_FREQ 0% GR3D_FREQ 0% PLL@51C CPU@52.5C PMIC@50C GPU@52.5C AO@63C thermal@53C
RAM 1743/1972MB (lfb 2x512kB) SWAP 269/986MB (cached 20MB) CPU [5%@1479,100%@1479,1%@1479,0%@1479] EMC_FREQ 0% GR3D_FREQ 0% PLL@50.5C CPU@52.5C PMIC@50C GPU@52.5C AO@62.5C thermal@53C
RAM 1743/1972MB (lfb 2x512kB) SWAP 269/986MB (cached 20MB) CPU [30%@1479,72%@1479,0%@1479,0%@1479] EMC_FREQ 0% GR3D_FREQ 0% PLL@50.5C CPU@52.5C PMIC@50C GPU@52C AO@62.5C thermal@53C
RAM 1743/1972MB (lfb 2x512kB) SWAP 269/986MB (cached 20MB) CPU [2%@1479,83%@1479,16%@1479,0%@1479] EMC_FREQ 0% GR3D_FREQ 0% PLL@50.5C CPU@52.5C PMIC@50C GPU@52.5C AO@63C thermal@52.25C
RAM 1743/1972MB (lfb 2x512kB) SWAP 269/986MB (cached 20MB) CPU [0%@1479,86%@1479,14%@1479,2%@1479] EMC_FREQ 0% GR3D_FREQ 0% PLL@50.5C CPU@52C PMIC@50C GPU@52.5C AO@62.5C thermal@52.25C
RAM 1743/1972MB (lfb 2x512kB) SWAP 269/986MB (cached 20MB) CPU [3%@1479,56%@1479,44%@1479,0%@1479] EMC_FREQ 0% GR3D_FREQ 0% PLL@50.5C CPU@52.5C PMIC@50C GPU@52.5C AO@62.5C thermal@52C
RAM 1743/1972MB (lfb 2x512kB) SWAP 269/986MB (cached 20MB) CPU [0%@1479,1%@1479,100%@1479,0%@1479] EMC_FREQ 0% GR3D_FREQ 0% PLL@50.5C CPU@52C PMIC@50C GPU@52.5C AO@62.5C thermal@52C
RAM 1743/1972MB (lfb 2x512kB) SWAP 269/986MB (cached 20MB) CPU [0%@1479,2%@1479,97%@1479,1%@1479] EMC_FREQ 0% GR3D_FREQ 0% PLL@50.5C CPU@52.5C PMIC@50C GPU@52.5C AO@62.5C thermal@52.5C
RAM 1743/1972MB (lfb 2x512kB) SWAP 269/986MB (cached 20MB) CPU [0%@1479,0%@1479,86%@1479,12%@1479] EMC_FREQ 0% GR3D_FREQ 0% PLL@51C CPU@52C PMIC@50C GPU@52.5C AO@63C thermal@52.5C
RAM 1743/1972MB (lfb 2x512kB) SWAP 269/986MB (cached 20MB) CPU [88%@1479,0%@1479,2%@1479,15%@1479] EMC_FREQ 0% GR3D_FREQ 0% PLL@50.5C CPU@53.5C PMIC@50C GPU@52C AO@62.5C thermal@53C
RAM 1743/1972MB (lfb 2x512kB) SWAP 269/986MB (cached 20MB) CPU [46%@1479,3%@1479,4%@1479,51%@1479] EMC_FREQ 0% GR3D_FREQ 0% PLL@51C CPU@51.5C PMIC@50C GPU@52C AO@62.5C thermal@53C
RAM 1743/1972MB (lfb 2x512kB) SWAP 269/986MB (cached 20MB) CPU [0%@1479,2%@1479,0%@1479,100%@1479] EMC_FREQ 0% GR3D_FREQ 0% PLL@51C CPU@51.5C PMIC@50C GPU@52.5C AO@62.5C thermal@52C
RAM 1743/1972MB (lfb 2x512kB) SWAP 269/986MB (cached 20MB) CPU [0%@1479,2%@1479,27%@1479,74%@1479] EMC_FREQ 0% GR3D_FREQ 0% PLL@51C CPU@52C PMIC@50C GPU@52C AO@62.5C thermal@52C
RAM 1743/1972MB (lfb 2x512kB) SWAP 269/986MB (cached 20MB) CPU [2%@1479,2%@1479,0%@1479,100%@1479] EMC_FREQ 0% GR3D_FREQ 0% PLL@51C CPU@52.5C PMIC@50C GPU@52.5C AO@62.5C thermal@52C
RAM 1743/1972MB (lfb 2x512kB) SWAP 269/986MB (cached 20MB) CPU [0%@1479,0%@1479,1%@1479,100%@1479] EMC_FREQ 0% GR3D_FREQ 0% PLL@51C CPU@52C PMIC@50C GPU@52.5C AO@62.5C thermal@52C
RAM 1743/1972MB (lfb 2x512kB) SWAP 269/986MB (cached 20MB) CPU [0%@1479,1%@1479,0%@1479,100%@1479] EMC_FREQ 0% GR3D_FREQ 0% PLL@51C CPU@52C PMIC@50C GPU@52.5C AO@62.5C thermal@52C
RAM 1743/1972MB (lfb 2x512kB) SWAP 269/986MB (cached 20MB) CPU [2%@1479,2%@1479,1%@1479,98%@1479] EMC_FREQ 0% GR3D_FREQ 0% PLL@51C CPU@52C PMIC@50C GPU@52.5C AO@62.5C thermal@52.25C
RAM 1743/1972MB (lfb 2x512kB) SWAP 269/986MB (cached 20MB) CPU [80%@1479,1%@1479,0%@1479,21%@1479] EMC_FREQ 0% GR3D_FREQ 0% PLL@50.5C CPU@53.5C PMIC@50C GPU@52.5C AO@62.5C thermal@52.25C
RAM 1743/1972MB (lfb 2x512kB) SWAP 269/986MB (cached 20MB) CPU [56%@1479,0%@1479,47%@1479,0%@1479] EMC_FREQ 0% GR3D_FREQ 0% PLL@50.5C CPU@53C PMIC@50C GPU@52.5C AO@62.5C thermal@52.5C
RAM 1743/1972MB (lfb 2x512kB) SWAP 269/986MB (cached 20MB) CPU [0%@1479,2%@1479,100%@1479,0%@1479] EMC_FREQ 0% GR3D_FREQ 0% PLL@50.5C CPU@52C PMIC@50C GPU@52.5C AO@62.5C thermal@52.5C
RAM 1743/1972MB (lfb 2x512kB) SWAP 269/986MB (cached 20MB) CPU [0%@1479,2%@1479,72%@1479,29%@1479] EMC_FREQ 0% GR3D_FREQ 0% PLL@50.5C CPU@52C PMIC@50C GPU@52.5C AO@62.5C thermal@52.5C
RAM 1743/1972MB (lfb 2x512kB) SWAP 269/986MB (cached 20MB) CPU [0%@1479,3%@1479,82%@1479,18%@1479] EMC_FREQ 0% GR3D_FREQ 0% PLL@51C CPU@52C PMIC@50C GPU@52.5C AO@62.5C thermal@52.5C
RAM 1743/1972MB (lfb 2x512kB) SWAP 269/986MB (cached 20MB) CPU [0%@1479,0%@1479,0%@1479,100%@1479] EMC_FREQ 0% GR3D_FREQ 0% PLL@50.5C CPU@51.5C PMIC@50C GPU@52.5C AO@62.5C thermal@52.5C
RAM 1743/1972MB (lfb 2x512kB) SWAP 269/986MB (cached 20MB) CPU [1%@1479,0%@1479,18%@1479,81%@1479] EMC_FREQ 0% GR3D_FREQ 0% PLL@50.5C CPU@52.5C PMIC@50C GPU@52.5C AO@62.5C thermal@52C
RAM 1743/1972MB (lfb 2x512kB) SWAP 269/986MB (cached 20MB) CPU [9%@1479,0%@1479,96%@1479,0%@1479] EMC_FREQ 0% GR3D_FREQ 0% PLL@50.5C CPU@52C PMIC@50C GPU@52.5C AO@62.5C thermal@52C
RAM 1743/1972MB (lfb 2x512kB) SWAP 269/986MB (cached 20MB) CPU [16%@1479,2%@1479,81%@1479,3%@1479] EMC_FREQ 0% GR3D_FREQ 0% PLL@50.5C CPU@52C PMIC@50C GPU@52.5C AO@62.5C thermal@52.75C
RAM 1743/1972MB (lfb 2x512kB) SWAP 269/986MB (cached 20MB) CPU [20%@1479,0%@1479,80%@1479,0%@1479] EMC_FREQ 0% GR3D_FREQ 0% PLL@50.5C CPU@54C PMIC@50C GPU@52.5C AO@63C thermal@52.75C
RAM 1743/1972MB (lfb 2x512kB) SWAP 269/986MB (cached 20MB) CPU [6%@1479,0%@1479,94%@1479,1%@1479] EMC_FREQ 0% GR3D_FREQ 0% PLL@50.5C CPU@52C PMIC@50C GPU@52.5C AO@62.5C thermal@52.5C
RAM 1743/1972MB (lfb 2x512kB) SWAP 269/986MB (cached 20MB) CPU [0%@1479,0%@1479,44%@1479,56%@1479] EMC_FREQ 0% GR3D_FREQ 0% PLL@51C CPU@51.5C PMIC@50C GPU@52.5C AO@62.5C thermal@52.5C
RAM 1743/1972MB (lfb 2x512kB) SWAP 269/986MB (cached 20MB) CPU [0%@1479,0%@1479,3%@1479,100%@1479] EMC_FREQ 0% GR3D_FREQ 0% PLL@51C CPU@51.5C PMIC@50C GPU@52C AO@62.5C thermal@52C
RAM 1743/1972MB (lfb 2x512kB) SWAP 269/986MB (cached 20MB) CPU [0%@1479,1%@1479,65%@1479,34%@1479] EMC_FREQ 0% GR3D_FREQ 0% PLL@50.5C CPU@52C PMIC@50C GPU@52.5C AO@63C thermal@52C
RAM 1743/1972MB (lfb 2x512kB) SWAP 269/986MB (cached 20MB) CPU [26%@1479,3%@1479,74%@1479,0%@1479] EMC_FREQ 0% GR3D_FREQ 0% PLL@50.5C CPU@54C PMIC@50C GPU@52C AO@63C thermal@52C
RAM 1731/1972MB (lfb 2x512kB) SWAP 269/986MB (cached 20MB) CPU [2%@1479,97%@1479,4%@1479,0%@1479] EMC_FREQ 0% GR3D_FREQ 0% PLL@50.5C CPU@52.5C PMIC@50C GPU@52.5C AO@62.5C thermal@52.75C
RAM 1734/1972MB (lfb 2x512kB) SWAP 269/986MB (cached 20MB) CPU [4%@1479,98%@1479,10%@1479,0%@1479] EMC_FREQ 0% GR3D_FREQ 0% PLL@51C CPU@52.5C PMIC@50C GPU@52C AO@62.5C thermal@52.75C
RAM 1734/1972MB (lfb 2x512kB) SWAP 269/986MB (cached 20MB) CPU [2%@1479,100%@1479,5%@1479,4%@1479] EMC_FREQ 0% GR3D_FREQ 0% PLL@51C CPU@52C PMIC@50C GPU@52.5C AO@63C thermal@52.25C
RAM 1734/1972MB (lfb 2x512kB) SWAP 269/986MB (cached 20MB) CPU [23%@1479,46%@1479,55%@1479,61%@1479] EMC_FREQ 0% GR3D_FREQ 0% PLL@51.5C CPU@52.5C PMIC@50C GPU@52.5C AO@62.5C thermal@52.25C
RAM 1734/1972MB (lfb 2x512kB) SWAP 269/986MB (cached 20MB) CPU [8%@1479,6%@1479,100%@1479,29%@1479] EMC_FREQ 0% GR3D_FREQ 0% PLL@51C CPU@52.5C PMIC@50C GPU@52.5C AO@62.5C thermal@52.5C
RAM 1734/1972MB (lfb 2x512kB) SWAP 269/986MB (cached 20MB) CPU [1%@1479,85%@1479,12%@1479,0%@1479] EMC_FREQ 0% GR3D_FREQ 0% PLL@50.5C CPU@52C PMIC@50C GPU@52.5C AO@62.5C thermal@52.5C
RAM 1734/1972MB (lfb 2x512kB) SWAP 269/986MB (cached 20MB) CPU [28%@1479,71%@1479,0%@1479,1%@1479] EMC_FREQ 0% GR3D_FREQ 0% PLL@50.5C CPU@52C PMIC@50C GPU@52.5C AO@62.5C thermal@53.5C
RAM 1734/1972MB (lfb 2x512kB) SWAP 269/986MB (cached 20MB) CPU [0%@1479,100%@1479,3%@1479,0%@1479] EMC_FREQ 0% GR3D_FREQ 0% PLL@50.5C CPU@52C PMIC@50C GPU@52C AO@62.5C thermal@53.5C
RAM 1734/1972MB (lfb 2x512kB) SWAP 269/986MB (cached 20MB) CPU [35%@1479,68%@1479,0%@1479,0%@1479] EMC_FREQ 0% GR3D_FREQ 0% PLL@50.5C CPU@52C PMIC@50C GPU@52C AO@62.5C thermal@53.5C
RAM 1734/1972MB (lfb 2x512kB) SWAP 269/986MB (cached 20MB) CPU [3%@1479,100%@1479,0%@1479,0%@1479] EMC_FREQ 0% GR3D_FREQ 0% PLL@50.5C CPU@52C PMIC@50C GPU@52C AO@62.5C thermal@52C
RAM 1734/1972MB (lfb 2x512kB) SWAP 269/986MB (cached 20MB) CPU [38%@1479,10%@1479,52%@1479,0%@1479] EMC_FREQ 0% GR3D_FREQ 0% PLL@50.5C CPU@52C PMIC@50C GPU@52.5C AO@62.5C thermal@52C
RAM 1735/1972MB (lfb 2x512kB) SWAP 269/986MB (cached 20MB) CPU [2%@1479,15%@1479,84%@1479,0%@1479] EMC_FREQ 0% GR3D_FREQ 0% PLL@50.5C CPU@52.5C PMIC@50C GPU@52C AO@62.5C thermal@52.25C
RAM 1734/1972MB (lfb 2x512kB) SWAP 269/986MB (cached 20MB) CPU [1%@1479,10%@1479,2%@1479,90%@1479] EMC_FREQ 0% GR3D_FREQ 0% PLL@50.5C CPU@52C PMIC@50C GPU@52C AO@62.5C thermal@52.25C
RAM 1734/1972MB (lfb 2x512kB) SWAP 269/986MB (cached 20MB) CPU [0%@1479,0%@1479,30%@1479,72%@1479] EMC_FREQ 0% GR3D_FREQ 0% PLL@50.5C CPU@52.5C PMIC@50C GPU@52.5C AO@62.5C thermal@52.25C
RAM 1734/1972MB (lfb 2x512kB) SWAP 269/986MB (cached 20MB) CPU [0%@1479,0%@1479,100%@1479,0%@1479] EMC_FREQ 0% GR3D_FREQ 0% PLL@50.5C CPU@52C PMIC@50C GPU@52C AO@62.5C thermal@52.25C
RAM 1734/1972MB (lfb 2x512kB) SWAP 269/986MB (cached 20MB) CPU [0%@1479,24%@1479,9%@1479,65%@1479] EMC_FREQ 0% GR3D_FREQ 0% PLL@50.5C CPU@52C PMIC@50C GPU@52.5C AO@62.5C thermal@52C
RAM 1734/1972MB (lfb 2x512kB) SWAP 269/986MB (cached 20MB) CPU [2%@1479,0%@1479,2%@1479,98%@1479] EMC_FREQ 0% GR3D_FREQ 16% PLL@51C CPU@52C PMIC@50C GPU@52.5C AO@62.5C thermal@52C
RAM 1734/1972MB (lfb 2x512kB) SWAP 269/986MB (cached 20MB) CPU [3%@1479,0%@1479,1%@1479,100%@1479] EMC_FREQ 0% GR3D_FREQ 0% PLL@50.5C CPU@51.5C PMIC@50C GPU@52.5C AO@62.5C thermal@52C
RAM 1734/1972MB (lfb 2x512kB) SWAP 269/986MB (cached 20MB) CPU [2%@1479,30%@1479,0%@1479,69%@1479] EMC_FREQ 0% GR3D_FREQ 0% PLL@51C CPU@52C PMIC@50C GPU@53C AO@62.5C thermal@52C
RAM 1735/1972MB (lfb 2x512kB) SWAP 269/986MB (cached 20MB) CPU [1%@1479,2%@1479,0%@1479,98%@1479] EMC_FREQ 0% GR3D_FREQ 0% PLL@50.5C CPU@52C PMIC@50C GPU@52C AO@62.5C thermal@52C
RAM 1734/1972MB (lfb 2x512kB) SWAP 269/986MB (cached 20MB) CPU [2%@1479,26%@1479,0%@1479,74%@1479] EMC_FREQ 0% GR3D_FREQ 0% PLL@50.5C CPU@51.5C PMIC@50C GPU@52.5C AO@62.5C thermal@52.5C
RAM 1734/1972MB (lfb 2x512kB) SWAP 269/986MB (cached 20MB) CPU [0%@1479,24%@1479,15%@1479,59%@1479] EMC_FREQ 0% GR3D_FREQ 0% PLL@50.5C CPU@52.5C PMIC@50C GPU@52.5C AO@62.5C thermal@52.5C
RAM 1734/1972MB (lfb 2x512kB) SWAP 269/986MB (cached 20MB) CPU [0%@1479,1%@1479,100%@1479,3%@1479] EMC_FREQ 0% GR3D_FREQ 0% PLL@50.5C CPU@52C PMIC@50C GPU@52.5C AO@62.5C thermal@52.5C
RAM 1735/1972MB (lfb 2x512kB) SWAP 269/986MB (cached 20MB) CPU [52%@1479,2%@1479,50%@1479,2%@1479] EMC_FREQ 0% GR3D_FREQ 0% PLL@50C CPU@54C PMIC@50C GPU@52.5C AO@63C thermal@52.5C
RAM 1727/1972MB (lfb 2x512kB) SWAP 269/986MB (cached 20MB) CPU [100%@1479,9%@1479,4%@1479,6%@1479] EMC_FREQ 0% GR3D_FREQ 0% PLL@50.5C CPU@53.5C PMIC@50C GPU@52.5C AO@63C thermal@53C
RAM 1725/1972MB (lfb 2x512kB) SWAP 269/986MB (cached 20MB) CPU [98%@1479,2%@1479,2%@1479,4%@1479] EMC_FREQ 0% GR3D_FREQ 0% PLL@50.5C CPU@53.5C PMIC@50C GPU@52.5C AO@62.5C thermal@53C
RAM 1725/1972MB (lfb 2x512kB) SWAP 269/986MB (cached 20MB) CPU [66%@1479,36%@1479,2%@1479,4%@1479] EMC_FREQ 0% GR3D_FREQ 1% PLL@50.5C CPU@52.5C PMIC@50C GPU@52.5C AO@62.5C thermal@52.5C
RAM 1725/1972MB (lfb 2x512kB) SWAP 269/986MB (cached 20MB) CPU [0%@1479,1%@1479,100%@1479,9%@1479] EMC_FREQ 0% GR3D_FREQ 0% PLL@50.5C CPU@52C PMIC@50C GPU@52.5C AO@62.5C thermal@52.5C
RAM 1725/1972MB (lfb 2x512kB) SWAP 269/986MB (cached 20MB) CPU [2%@1479,2%@1479,100%@1479,0%@1479] EMC_FREQ 0% GR3D_FREQ 0% PLL@50.5C CPU@52.5C PMIC@50C GPU@52.5C AO@62.5C thermal@52.5C
RAM 1725/1972MB (lfb 2x512kB) SWAP 269/986MB (cached 20MB) CPU [2%@1479,0%@1479,100%@1479,0%@1479] EMC_FREQ 0% GR3D_FREQ 0% PLL@50.5C CPU@52C PMIC@50C GPU@52.5C AO@62.5C thermal@52.5C
RAM 1709/1972MB (lfb 2x512kB) SWAP 269/986MB (cached 20MB) CPU [11%@1036,18%@1036,38%@1036,10%@1036] EMC_FREQ 0% GR3D_FREQ 7% PLL@50C CPU@52C PMIC@50C GPU@52.5C AO@62.5C thermal@52.5C
RAM 1702/1972MB (lfb 2x512kB) SWAP 269/986MB (cached 20MB) CPU [14%@518,21%@518,10%@518,12%@518] EMC_FREQ 0% GR3D_FREQ 0% PLL@50.5C CPU@51.5C PMIC@50C GPU@52.5C AO@62.5C thermal@52C
RAM 1719/1972MB (lfb 2x512kB) SWAP 269/986MB (cached 20MB) CPU [15%@1479,12%@1479,15%@1479,57%@1479] EMC_FREQ 0% GR3D_FREQ 0% PLL@51.5C CPU@52.5C PMIC@50C GPU@52.5C AO@62.5C thermal@52C
RAM 1743/1972MB (lfb 2x512kB) SWAP 271/986MB (cached 20MB) CPU [21%@518,7%@403,4%@403,51%@403] EMC_FREQ 0% GR3D_FREQ 0% PLL@50.5C CPU@51.5C PMIC@50C GPU@52.5C AO@62.5C thermal@52.5C
RAM 1787/1972MB (lfb 2x512kB) SWAP 274/986MB (cached 18MB) CPU [42%@1479,24%@1479,10%@1479,9%@1479] EMC_FREQ 0% GR3D_FREQ 0% PLL@50.5C CPU@53.5C PMIC@50C GPU@53C AO@63C thermal@52.5C
RAM 1825/1972MB (lfb 2x512kB) SWAP 287/986MB (cached 14MB) CPU [84%@1479,74%@1479,12%@1479,6%@1479] EMC_FREQ 0% GR3D_FREQ 0% PLL@50.5C CPU@52C PMIC@50C GPU@53C AO@63C thermal@54.25C
RAM 1829/1972MB (lfb 6x1MB) SWAP 287/986MB (cached 14MB) CPU [32%@1428,4%@1428,6%@1428,76%@1428] EMC_FREQ 0% GR3D_FREQ 0% PLL@50.5C CPU@52C PMIC@50C GPU@53C AO@62.5C thermal@54.25C
RAM 1858/1972MB (lfb 6x1MB) SWAP 288/986MB (cached 14MB) CPU [20%@518,13%@518,24%@518,22%@518] EMC_FREQ 0% GR3D_FREQ 0% PLL@50.5C CPU@52C PMIC@50C GPU@53C AO@62.5C thermal@54.25C
RAM 1882/1972MB (lfb 1x1MB) SWAP 311/986MB (cached 13MB) CPU [35%@518,10%@518,14%@518,47%@518] EMC_FREQ 0% GR3D_FREQ 0% PLL@50.5C CPU@52C PMIC@50C GPU@53C AO@62.5C thermal@52.5C
RAM 1881/1972MB (lfb 1x1MB) SWAP 316/986MB (cached 13MB) CPU [16%@307,16%@307,18%@307,6%@307] EMC_FREQ 0% GR3D_FREQ 0% PLL@50C CPU@51.5C PMIC@50C GPU@53C AO@62.5C thermal@52.5C
RAM 1882/1972MB (lfb 1x512kB) SWAP 328/986MB (cached 13MB) CPU [8%@1132,19%@1132,7%@1132,32%@1132] EMC_FREQ 0% GR3D_FREQ 0% PLL@50C CPU@52C PMIC@50C GPU@52C AO@62.5C thermal@52.25C
RAM 1880/1972MB (lfb 1x512kB) SWAP 331/986MB (cached 13MB) CPU [11%@1479,17%@1479,22%@1479,8%@1479] EMC_FREQ 0% GR3D_FREQ 0% PLL@50C CPU@51.5C PMIC@50C GPU@52.5C AO@62.5C thermal@52.25C
RAM 1876/1972MB (lfb 1x512kB) SWAP 338/986MB (cached 13MB) CPU [36%@614,4%@614,4%@614,10%@614] EMC_FREQ 0% GR3D_FREQ 1% PLL@50.5C CPU@51.5C PMIC@50C GPU@52.5C AO@62.5C thermal@52.75C
RAM 1872/1972MB (lfb 1x512kB) SWAP 348/986MB (cached 13MB) CPU [44%@1132,3%@1132,0%@1132,12%@1132] EMC_FREQ 0% GR3D_FREQ 0% PLL@50.5C CPU@52C PMIC@50C GPU@52.5C AO@62.5C thermal@52.75C
RAM 1867/1972MB (lfb 1x512kB) SWAP 359/986MB (cached 13MB) CPU [34%@403,2%@403,6%@403,16%@403] EMC_FREQ 0% GR3D_FREQ 0% PLL@50C CPU@52C PMIC@50C GPU@52C AO@62.5C thermal@51.75C
RAM 1867/1972MB (lfb 1x512kB) SWAP 360/986MB (cached 13MB) CPU [21%@307,4%@307,19%@307,6%@307] EMC_FREQ 0% GR3D_FREQ 0% PLL@50C CPU@51.5C PMIC@50C GPU@52C AO@62.5C thermal@51.75C
RAM 1866/1972MB (lfb 1x512kB) SWAP 360/986MB (cached 13MB) CPU [12%@307,18%@307,6%@307,15%@307] EMC_FREQ 0% GR3D_FREQ 93% PLL@50C CPU@51.5C PMIC@50C GPU@52C AO@62.5C thermal@51.75C
RAM 1886/1972MB (lfb 1x512kB) SWAP 366/986MB (cached 13MB) CPU [13%@1479,30%@1479,6%@1479,28%@1479] EMC_FREQ 0% GR3D_FREQ 0% PLL@50.5C CPU@51.5C PMIC@50C GPU@52C AO@62.5C thermal@51.75C
RAM 1880/1972MB (lfb 1x512kB) SWAP 381/986MB (cached 13MB) CPU [6%@614,51%@614,2%@614,5%@614] EMC_FREQ 0% GR3D_FREQ 2% PLL@50C CPU@51.5C PMIC@50C GPU@52C AO@62.5C thermal@51.75C
RAM 1872/1972MB (lfb 1x512kB) SWAP 397/986MB (cached 13MB) CPU [30%@1479,36%@1479,6%@1479,7%@1479] EMC_FREQ 0% GR3D_FREQ 0% PLL@50.5C CPU@54C PMIC@50C GPU@52.5C AO@63C thermal@51.75C
RAM 1870/1972MB (lfb 1x512kB) SWAP 401/986MB (cached 13MB) CPU [24%@403,16%@403,6%@403,2%@403] EMC_FREQ 0% GR3D_FREQ 0% PLL@50C CPU@51.5C PMIC@50C GPU@52C AO@62C thermal@51.75C
RAM 1862/1972MB (lfb 1x512kB) SWAP 416/986MB (cached 14MB) CPU [47%@518,14%@518,6%@518,4%@518] EMC_FREQ 0% GR3D_FREQ 0% PLL@50C CPU@51.5C PMIC@50C GPU@52C AO@62.5C thermal@53C
RAM 1861/1972MB (lfb 1x512kB) SWAP 430/986MB (cached 14MB) CPU [55%@518,7%@518,8%@518,9%@518] EMC_FREQ 0% GR3D_FREQ 0% PLL@50C CPU@52C PMIC@50C GPU@52.5C AO@62.5C thermal@53C
RAM 1873/1972MB (lfb 1x512kB) SWAP 443/986MB (cached 14MB) CPU [31%@1479,14%@1479,8%@1479,50%@1479] EMC_FREQ 0% GR3D_FREQ 0% PLL@51C CPU@52C PMIC@50C GPU@52.5C AO@62.5C thermal@52.25C
RAM 1867/1972MB (lfb 1x512kB) SWAP 464/986MB (cached 14MB) CPU [16%@307,29%@614,11%@614,22%@614] EMC_FREQ 0% GR3D_FREQ 4% PLL@50C CPU@51.5C PMIC@50C GPU@52C AO@62.5C thermal@52.25C
RAM 1866/1972MB (lfb 1x512kB) SWAP 472/986MB (cached 14MB) CPU [18%@825,24%@825,12%@825,8%@825] EMC_FREQ 0% GR3D_FREQ 0% PLL@50C CPU@51.5C PMIC@50C GPU@52C AO@62.5C thermal@51.5C
RAM 1864/1972MB (lfb 1x512kB) SWAP 487/986MB (cached 13MB) CPU [40%@921,6%@921,12%@921,43%@921] EMC_FREQ 0% GR3D_FREQ 11% PLL@50.5C CPU@51.5C PMIC@50C GPU@52.5C AO@62.5C thermal@51.5C
RAM 1867/1972MB (lfb 1x512kB) SWAP 495/986MB (cached 10MB) CPU [17%@710,10%@710,12%@825,36%@825] EMC_FREQ 0% GR3D_FREQ 1% PLL@50C CPU@51.5C PMIC@50C GPU@52.5C AO@62.5C thermal@51.75C
RAM 1860/1972MB (lfb 1x512kB) SWAP 538/986MB (cached 8MB) CPU [14%@1479,10%@1479,18%@1479,98%@1479] EMC_FREQ 0% GR3D_FREQ 6% PLL@50.5C CPU@51.5C PMIC@50C GPU@52.5C AO@62.5C thermal@51.75C
RAM 1857/1972MB (lfb 1x512kB) SWAP 568/986MB (cached 7MB) CPU [23%@1479,8%@1479,7%@1479,59%@1479] EMC_FREQ 0% GR3D_FREQ 0% PLL@50.5C CPU@52C PMIC@50C GPU@52C AO@62.5C thermal@51.75C
RAM 1861/1972MB (lfb 1x512kB) SWAP 578/986MB (cached 6MB) CPU [25%@204,8%@204,17%@204,10%@204] EMC_FREQ 0% GR3D_FREQ 0% PLL@50C CPU@51C PMIC@50C GPU@52.5C AO@62.5C thermal@52C
RAM 1870/1972MB (lfb 1x512kB) SWAP 611/986MB (cached 5MB) CPU [56%@1479,15%@1479,52%@1479,4%@1479] EMC_FREQ 0% GR3D_FREQ 0% PLL@50C CPU@54C PMIC@50C GPU@52.5C AO@62.5C thermal@52C
RAM 1866/1972MB (lfb 1x512kB) SWAP 619/986MB (cached 5MB) CPU [39%@1479,11%@1479,0%@1479,3%@1479] EMC_FREQ 0% GR3D_FREQ 2% PLL@50C CPU@51.5C PMIC@50C GPU@52.5C AO@62C thermal@51.75C
RAM 1863/1972MB (lfb 1x512kB) SWAP 625/986MB (cached 5MB) CPU [22%@1479,22%@1479,6%@1479,6%@1479] EMC_FREQ 0% GR3D_FREQ 0% PLL@50.5C CPU@52C PMIC@50C GPU@52C AO@62C thermal@51.75C
RAM 1854/1972MB (lfb 1x512kB) SWAP 640/986MB (cached 5MB) CPU [39%@1479,18%@1479,9%@1479,7%@1479] EMC_FREQ 0% GR3D_FREQ 0% PLL@50.5C CPU@53.5C PMIC@50C GPU@52.5C AO@62.5C thermal@51.75C
RAM 1845/1972MB (lfb 1x512kB) SWAP 659/986MB (cached 4MB) CPU [56%@403,14%@403,14%@403,12%@403] EMC_FREQ 0% GR3D_FREQ 0% PLL@50.5C CPU@51.5C PMIC@50C GPU@52C AO@62.5C thermal@51.75C
RAM 1844/1972MB (lfb 1x512kB) SWAP 661/986MB (cached 4MB) CPU [26%@1479,14%@1479,32%@1479,10%@1479] EMC_FREQ 0% GR3D_FREQ 60% PLL@50.5C CPU@54C PMIC@50C GPU@54C AO@65C thermal@53C
RAM 1835/1972MB (lfb 1x512kB) SWAP 677/986MB (cached 4MB) CPU [19%@518,12%@518,57%@518,17%@518] EMC_FREQ 0% GR3D_FREQ 0% PLL@50.5C CPU@51.5C PMIC@50C GPU@53C AO@62.5C thermal@53C
RAM 1833/1972MB (lfb 1x512kB) SWAP 680/986MB (cached 4MB) CPU [28%@825,28%@825,36%@825,16%@825] EMC_FREQ 0% GR3D_FREQ 62% PLL@50.5C CPU@53.5C PMIC@50C GPU@54.5C AO@65.5C thermal@53C
RAM 1833/1972MB (lfb 1x512kB) SWAP 680/986MB (cached 4MB) CPU [34%@614,33%@614,20%@614,30%@614] EMC_FREQ 0% GR3D_FREQ 99% PLL@51.5C CPU@54.5C PMIC@50C GPU@54.5C AO@66.5C thermal@54.25C
RAM 1833/1972MB (lfb 1x512kB) SWAP 680/986MB (cached 4MB) CPU [29%@710,36%@710,19%@710,26%@710] EMC_FREQ 0% GR3D_FREQ 68% PLL@51C CPU@54.5C PMIC@50C GPU@55C AO@66C thermal@54.25C
RAM 1833/1972MB (lfb 1x512kB) SWAP 680/986MB (cached 4MB) CPU [37%@614,27%@614,22%@614,27%@518] EMC_FREQ 0% GR3D_FREQ 86% PLL@51.5C CPU@54C PMIC@50C GPU@55C AO@66C thermal@54.5C
RAM 1833/1972MB (lfb 1x512kB) SWAP 680/986MB (cached 4MB) CPU [31%@614,20%@614,25%@614,28%@614] EMC_FREQ 0% GR3D_FREQ 77% PLL@51.5C CPU@54.5C PMIC@50C GPU@55C AO@66.5C thermal@54.5C
RAM 1833/1972MB (lfb 1x512kB) SWAP 680/986MB (cached 4MB) CPU [37%@614,30%@614,34%@614,21%@614] EMC_FREQ 0% GR3D_FREQ 99% PLL@51.5C CPU@54.5C PMIC@50C GPU@55C AO@67C thermal@54.5C
RAM 1834/1972MB (lfb 1x512kB) SWAP 680/986MB (cached 4MB) CPU [36%@614,28%@614,33%@614,25%@614] EMC_FREQ 0% GR3D_FREQ 99% PLL@51.5C CPU@55C PMIC@50C GPU@55C AO@66C thermal@54.5C
RAM 1834/1972MB (lfb 1x512kB) SWAP 680/986MB (cached 4MB) CPU [36%@518,23%@518,26%@518,29%@518] EMC_FREQ 0% GR3D_FREQ 94% PLL@51.5C CPU@55C PMIC@50C GPU@55C AO@67C thermal@54.75C
RAM 1834/1972MB (lfb 1x512kB) SWAP 680/986MB (cached 4MB) CPU [29%@518,28%@518,20%@518,31%@518] EMC_FREQ 0% GR3D_FREQ 80% PLL@51.5C CPU@55C PMIC@50C GPU@55.5C AO@66.5C thermal@54.75C
RAM 1834/1972MB (lfb 1x512kB) SWAP 680/986MB (cached 4MB) CPU [41%@825,24%@825,22%@825,26%@825] EMC_FREQ 0% GR3D_FREQ 99% PLL@51.5C CPU@55C PMIC@50C GPU@55.5C AO@67C thermal@55.25C
RAM 1830/1972MB (lfb 1x512kB) SWAP 686/986MB (cached 4MB) CPU [30%@921,31%@921,40%@921,28%@921] EMC_FREQ 0% GR3D_FREQ 78% PLL@52C CPU@54.5C PMIC@50C GPU@56C AO@67C thermal@55.25C
RAM 1830/1972MB (lfb 1x512kB) SWAP 686/986MB (cached 4MB) CPU [37%@614,24%@614,18%@614,28%@614] EMC_FREQ 0% GR3D_FREQ 73% PLL@51.5C CPU@55C PMIC@50C GPU@55.5C AO@66.5C thermal@55.25C
RAM 1830/1972MB (lfb 1x512kB) SWAP 686/986MB (cached 4MB) CPU [34%@403,21%@403,23%@518,24%@518] EMC_FREQ 0% GR3D_FREQ 81% PLL@51.5C CPU@54.5C PMIC@50C GPU@55C AO@67C thermal@55C
RAM 1830/1972MB (lfb 1x512kB) SWAP 686/986MB (cached 4MB) CPU [36%@1036,21%@1036,21%@1036,34%@1036] EMC_FREQ 0% GR3D_FREQ 86% PLL@52C CPU@54.5C PMIC@50C GPU@55.5C AO@66.5C thermal@55C
RAM 1830/1972MB (lfb 1x512kB) SWAP 686/986MB (cached 4MB) CPU [32%@403,21%@403,24%@403,22%@403] EMC_FREQ 0% GR3D_FREQ 0% PLL@51.5C CPU@53C PMIC@50C GPU@54.5C AO@64.5C thermal@55.25C
RAM 1804/1972MB (lfb 2x512kB) SWAP 704/986MB (cached 4MB) CPU [22%@403,14%@403,48%@403,4%@403] EMC_FREQ 0% GR3D_FREQ 0% PLL@50.5C CPU@52C PMIC@50C GPU@53.5C AO@63.5C thermal@55.25C
RAM 1788/1972MB (lfb 2x512kB) SWAP 703/986MB (cached 4MB) CPU [19%@518,20%@518,15%@518,10%@518] EMC_FREQ 0% GR3D_FREQ 0% PLL@51C CPU@52C PMIC@50C GPU@53.5C AO@63C thermal@52.75C
RAM 1762/1972MB (lfb 2x512kB) SWAP 703/986MB (cached 4MB) CPU [17%@1479,18%@1479,4%@1479,29%@1479] EMC_FREQ 0% GR3D_FREQ 0% PLL@51C CPU@52C PMIC@50C GPU@53.5C AO@63C thermal@52.75C
RAM 1740/1972MB (lfb 2x512kB) SWAP 702/986MB (cached 4MB) CPU [66%@1479,10%@1479,8%@1479,33%@1479] EMC_FREQ 0% GR3D_FREQ 0% PLL@50.5C CPU@54C PMIC@50C GPU@53.5C AO@63C thermal@53.5C
RAM 1666/1972MB (lfb 2x512kB) SWAP 700/986MB (cached 4MB) CPU [18%@710,52%@710,10%@710,16%@710] EMC_FREQ 0% GR3D_FREQ 4% PLL@51C CPU@52.5C PMIC@50C GPU@54C AO@63C thermal@53.5C
RAM 1666/1972MB (lfb 2x512kB) SWAP 696/986MB (cached 4MB) CPU [14%@307,23%@307,14%@307,4%@307] EMC_FREQ 0% GR3D_FREQ 0% PLL@50C CPU@52C PMIC@50C GPU@53.5C AO@63C thermal@53.5C
RAM 1709/1972MB (lfb 1x512kB) SWAP 640/986MB (cached 10MB) CPU [5%@1479,84%@1479,5%@1479,4%@1479] EMC_FREQ 0% GR3D_FREQ 0% PLL@50.5C CPU@52C PMIC@50C GPU@53.5C AO@63C thermal@52.5C
RAM 1706/1972MB (lfb 1x512kB) SWAP 583/986MB (cached 18MB) CPU [4%@307,48%@307,8%@307,27%@307] EMC_FREQ 0% GR3D_FREQ 0% PLL@50C CPU@52C PMIC@50C GPU@53.5C AO@62.5C thermal@52.5C
RAM 1708/1972MB (lfb 1x512kB) SWAP 526/986MB (cached 26MB) CPU [6%@1479,92%@1479,6%@1479,10%@1479] EMC_FREQ 0% GR3D_FREQ 0% PLL@50.5C CPU@52.5C PMIC@50C GPU@52.5C AO@63C thermal@52.5C
RAM 1679/1972MB (lfb 1x512kB) SWAP 521/986MB (cached 27MB) CPU [23%@204,8%@204,19%@204,14%@204] EMC_FREQ 0% GR3D_FREQ 0% PLL@50.5C CPU@52C PMIC@50C GPU@52.5C AO@62.5C thermal@52.5C
RAM 1648/1972MB (lfb 3x512kB) SWAP 520/986MB (cached 26MB) CPU [30%@614,9%@614,18%@614,22%@614] EMC_FREQ 0% GR3D_FREQ 0% PLL@50C CPU@51.5C PMIC@50C GPU@52.5C AO@62.5C thermal@52C
# Video: Uncarro
# Duracion: 117s
# Timestamp: lun 24 nov 16:11:06 CST 2025
