RAM 593/1972MB (lfb 2x2MB) SWAP 286/986MB (cached 15MB) CPU [16%@102,6%@102,4%@102,4%@102] EMC_FREQ 0% GR3D_FREQ 0% PLL@50.5C CPU@51.5C PMIC@50C GPU@52.5C AO@63C thermal@52C
RAM 593/1972MB (lfb 2x2MB) SWAP 286/986MB (cached 15MB) CPU [10%@307,16%@307,6%@307,9%@307] EMC_FREQ 0% GR3D_FREQ 0% PLL@50C CPU@51.5C PMIC@50C GPU@52.5C AO@63C thermal@52C
RAM 602/1972MB (lfb 2x2MB) SWAP 286/986MB (cached 15MB) CPU [20%@1479,4%@1479,45%@1479,14%@1479] EMC_FREQ 0% GR3D_FREQ 0% PLL@50.5C CPU@52C PMIC@50C GPU@52.5C AO@63C thermal@52.25C
RAM 612/1972MB (lfb 4x1MB) SWAP 286/986MB (cached 15MB) CPU [20%@307,6%@307,14%@307,16%@307] EMC_FREQ 0% GR3D_FREQ 0% PLL@50C CPU@52C PMIC@50C GPU@52.5C AO@63C thermal@52.25C
RAM 613/1972MB (lfb 4x1MB) SWAP 285/986MB (cached 15MB) CPU [31%@518,7%@518,11%@710,11%@710] EMC_FREQ 0% GR3D_FREQ 0% PLL@50.5C CPU@52C PMIC@50C GPU@52.5C AO@62.5C thermal@52.25C
RAM 638/1972MB (lfb 4x1MB) SWAP 285/986MB (cached 15MB) CPU [37%@1132,4%@1132,15%@1132,12%@1132] EMC_FREQ 0% GR3D_FREQ 0% PLL@50C CPU@52C PMIC@50C GPU@53C AO@62.5C thermal@52.25C
RAM 645/1972MB (lfb 4x1MB) SWAP 285/986MB (cached 15MB) CPU [41%@204,6%@204,10%@204,11%@204] EMC_FREQ 0% GR3D_FREQ 0% PLL@50.5C CPU@51.5C PMIC@50C GPU@52.5C AO@63C thermal@52.25C
RAM 662/1972MB (lfb 4x1MB) SWAP 285/986MB (cached 15MB) CPU [32%@1479,37%@1479,6%@1479,4%@1479] EMC_FREQ 0% GR3D_FREQ 29% PLL@50.5C CPU@52C PMIC@50C GPU@52.5C AO@63C thermal@52C
RAM 684/1972MB (lfb 4x1MB) SWAP 285/986MB (cached 15MB) CPU [37%@403,9%@403,12%@403,7%@403] EMC_FREQ 0% GR3D_FREQ 1% PLL@50C CPU@52C PMIC@50C GPU@52.5C AO@62.5C thermal@52C
RAM 700/1972MB (lfb 4x1MB) SWAP 285/986MB (cached 15MB) CPU [21%@1428,14%@1428,8%@1428,14%@1428] EMC_FREQ 0% GR3D_FREQ 0% PLL@50.5C CPU@52C PMIC@50C GPU@52.5C AO@63C thermal@52.25C
RAM 727/1972MB (lfb 4x1MB) SWAP 285/986MB (cached 15MB) CPU [39%@307,14%@307,2%@307,6%@307] EMC_FREQ 0% GR3D_FREQ 44% PLL@51C CPU@54C PMIC@50C GPU@52.5C AO@63C thermal@52.25C
RAM 781/1972MB (lfb 4x1MB) SWAP 285/986MB (cached 15MB) CPU [56%@1479,11%@1479,6%@1479,8%@1479] EMC_FREQ 0% GR3D_FREQ 34% PLL@50.5C CPU@54C PMIC@50C GPU@52.5C AO@63C thermal@52C
RAM 802/1972MB (lfb 4x1MB) SWAP 285/986MB (cached 15MB) CPU [21%@403,8%@403,42%@403,20%@403] EMC_FREQ 0% GR3D_FREQ 0% PLL@50.5C CPU@51.5C PMIC@50C GPU@52.5C AO@63C thermal@52C
RAM 853/1972MB (lfb 4x1MB) SWAP 285/986MB (cached 15MB) CPU [20%@1479,62%@1479,38%@1479,30%@1479] EMC_FREQ 0% GR3D_FREQ 54% PLL@50.5C CPU@53C PMIC@50C GPU@52.5C AO@63C thermal@52C
RAM 872/1972MB (lfb 4x1MB) SWAP 285/986MB (cached 15MB) CPU [14%@403,48%@403,8%@403,22%@403] EMC_FREQ 0% GR3D_FREQ 28% PLL@51C CPU@52.5C PMIC@50C GPU@52.5C AO@63C thermal@52.75C
RAM 875/1972MB (lfb 4x1MB) SWAP 285/986MB (cached 15MB) CPU [10%@1479,2%@1479,5%@1479,85%@1479] EMC_FREQ 0% GR3D_FREQ 0% PLL@51C CPU@52.5C PMIC@50C GPU@52.5C AO@63C thermal@52.75C
RAM 905/1972MB (lfb 4x1MB) SWAP 285/986MB (cached 15MB) CPU [0%@1479,0%@1479,0%@1479,100%@1479] EMC_FREQ 0% GR3D_FREQ 0% PLL@51C CPU@52.5C PMIC@50C GPU@52.5C AO@63C thermal@52.25C
RAM 925/1972MB (lfb 4x1MB) SWAP 285/986MB (cached 15MB) CPU [31%@518,4%@518,4%@518,23%@518] EMC_FREQ 0% GR3D_FREQ 7% PLL@50.5C CPU@51.5C PMIC@50C GPU@52.5C AO@63C thermal@52.25C
RAM 946/1972MB (lfb 4x1MB) SWAP 285/986MB (cached 15MB) CPU [46%@1479,8%@1479,6%@1479,2%@1479] EMC_FREQ 0% GR3D_FREQ 9% PLL@50.5C CPU@52.5C PMIC@50C GPU@52.5C AO@63C thermal@52.5C
RAM 980/1972MB (lfb 4x1MB) SWAP 285/986MB (cached 15MB) CPU [32%@518,9%@518,4%@518,40%@518] EMC_FREQ 0% GR3D_FREQ 38% PLL@50.5C CPU@52C PMIC@50C GPU@52.5C AO@63C thermal@52.5C
RAM 1016/1972MB (lfb 4x1MB) SWAP 285/986MB (cached 15MB) CPU [25%@614,18%@614,4%@614,45%@614] EMC_FREQ 0% GR3D_FREQ 44% PLL@51C CPU@52.5C PMIC@50C GPU@52.5C AO@63C thermal@52.25C
RAM 1053/1972MB (lfb 4x1MB) SWAP 285/986MB (cached 15MB) CPU [15%@710,14%@710,6%@710,30%@710] EMC_FREQ 0% GR3D_FREQ 0% PLL@51C CPU@52C PMIC@50C GPU@52.5C AO@63C thermal@52.25C
RAM 1082/1972MB (lfb 4x1MB) SWAP 285/986MB (cached 15MB) CPU [20%@102,6%@102,6%@102,34%@102] EMC_FREQ 0% GR3D_FREQ 5% PLL@50.5C CPU@51.5C PMIC@50C GPU@52.5C AO@63C thermal@52.25C
RAM 1101/1972MB (lfb 4x1MB) SWAP 285/986MB (cached 15MB) CPU [38%@921,4%@921,4%@921,2%@921] EMC_FREQ 0% GR3D_FREQ 0% PLL@50.5C CPU@52C PMIC@50C GPU@52.5C AO@62.5C thermal@52.25C
RAM 1131/1972MB (lfb 4x1MB) SWAP 285/986MB (cached 15MB) CPU [26%@1479,15%@1479,8%@1479,38%@1479] EMC_FREQ 0% GR3D_FREQ 27% PLL@51C CPU@52.5C PMIC@50C GPU@52.5C AO@63C thermal@52.25C
RAM 1163/1972MB (lfb 4x1MB) SWAP 285/986MB (cached 15MB) CPU [22%@1479,4%@1479,16%@1479,28%@1479] EMC_FREQ 0% GR3D_FREQ 7% PLL@50.5C CPU@53.5C PMIC@50C GPU@52.5C AO@63C thermal@52C
RAM 1201/1972MB (lfb 4x1MB) SWAP 285/986MB (cached 15MB) CPU [19%@1479,4%@1479,2%@1479,52%@1479] EMC_FREQ 0% GR3D_FREQ 0% PLL@51C CPU@52C PMIC@50C GPU@52.5C AO@63C thermal@52C
RAM 1237/1972MB (lfb 1x512kB) SWAP 285/986MB (cached 15MB) CPU [20%@518,6%@518,6%@518,77%@518] EMC_FREQ 0% GR3D_FREQ 29% PLL@51C CPU@52C PMIC@50C GPU@52.5C AO@63C thermal@52C
RAM 1261/1972MB (lfb 1x512kB) SWAP 285/986MB (cached 14MB) CPU [18%@1479,54%@1479,6%@1479,16%@1479] EMC_FREQ 0% GR3D_FREQ 42% PLL@50.5C CPU@53C PMIC@50C GPU@52.5C AO@63C thermal@52C
RAM 1282/1972MB (lfb 2x512kB) SWAP 285/986MB (cached 13MB) CPU [44%@710,16%@710,12%@710,38%@710] EMC_FREQ 0% GR3D_FREQ 15% PLL@51C CPU@52C PMIC@50C GPU@52.5C AO@63C thermal@52.5C
RAM 1292/1972MB (lfb 1x512kB) SWAP 285/986MB (cached 13MB) CPU [12%@825,6%@825,10%@825,29%@825] EMC_FREQ 0% GR3D_FREQ 27% PLL@50.5C CPU@52C PMIC@50C GPU@52.5C AO@63.5C thermal@52.5C
RAM 1292/1972MB (lfb 1x512kB) SWAP 285/986MB (cached 13MB) CPU [13%@710,26%@710,16%@710,17%@710] EMC_FREQ 0% GR3D_FREQ 62% PLL@50.5C CPU@52C PMIC@50C GPU@52.5C AO@63C thermal@52.25C
RAM 1292/1972MB (lfb 1x512kB) SWAP 285/986MB (cached 13MB) CPU [0%@921,42%@921,19%@921,2%@921] EMC_FREQ 0% GR3D_FREQ 36% PLL@50.5C CPU@52C PMIC@50C GPU@52.5C AO@63.5C thermal@52.25C
RAM 1292/1972MB (lfb 1x512kB) SWAP 285/986MB (cached 13MB) CPU [6%@1036,42%@1036,12%@1036,12%@1036] EMC_FREQ 0% GR3D_FREQ 44% PLL@50.5C CPU@52.5C PMIC@50C GPU@53C AO@64C thermal@52.25C
RAM 1292/1972MB (lfb 1x512kB) SWAP 285/986MB (cached 13MB) CPU [8%@1479,49%@1479,13%@1479,16%@1479] EMC_FREQ 0% GR3D_FREQ 46% PLL@51C CPU@52.5C PMIC@50C GPU@53C AO@63.5C thermal@52.5C
RAM 1292/1972MB (lfb 1x512kB) SWAP 285/986MB (cached 13MB) CPU [28%@1428,36%@1428,8%@1428,16%@1428] EMC_FREQ 0% GR3D_FREQ 37% PLL@50.5C CPU@52.5C PMIC@50C GPU@52.5C AO@63.5C thermal@52.5C
RAM 1290/1972MB (lfb 1x512kB) SWAP 285/986MB (cached 13MB) CPU [6%@1479,32%@1428,9%@1428,10%@1428] EMC_FREQ 0% GR3D_FREQ 0% PLL@50.5C CPU@51.5C PMIC@50C GPU@52.5C AO@63C thermal@53C
RAM 1290/1972MB (lfb 1x512kB) SWAP 285/986MB (cached 12MB) CPU [7%@825,2%@825,12%@825,22%@825] EMC_FREQ 0% GR3D_FREQ 0% PLL@50.5C CPU@52C PMIC@50C GPU@52.5C AO@62.5C thermal@53C
RAM 1315/1972MB (lfb 1x512kB) SWAP 285/986MB (cached 11MB) CPU [9%@1224,9%@1224,14%@1224,31%@1224] EMC_FREQ 0% GR3D_FREQ 0% PLL@51C CPU@52C PMIC@50C GPU@52.5C AO@63C thermal@52.5C
RAM 1333/1972MB (lfb 1x512kB) SWAP 285/986MB (cached 10MB) CPU [10%@825,12%@825,8%@825,26%@825] EMC_FREQ 0% GR3D_FREQ 0% PLL@51C CPU@52C PMIC@50C GPU@52.5C AO@63C thermal@52.5C
RAM 1375/1972MB (lfb 1x512kB) SWAP 285/986MB (cached 9MB) CPU [6%@1036,15%@1036,14%@1036,30%@1036] EMC_FREQ 0% GR3D_FREQ 0% PLL@51C CPU@52C PMIC@50C GPU@52.5C AO@63C thermal@52C
RAM 1409/1972MB (lfb 1x512kB) SWAP 285/986MB (cached 7MB) CPU [8%@1479,23%@1479,16%@1479,28%@1479] EMC_FREQ 0% GR3D_FREQ 10% PLL@50.5C CPU@52C PMIC@50C GPU@52.5C AO@63C thermal@52C
RAM 1438/1972MB (lfb 1x512kB) SWAP 285/986MB (cached 6MB) CPU [11%@1326,21%@1326,8%@1326,27%@1326] EMC_FREQ 0% GR3D_FREQ 3% PLL@50.5C CPU@52C PMIC@50C GPU@52.5C AO@62.5C thermal@52C
RAM 1471/1972MB (lfb 1x512kB) SWAP 286/986MB (cached 6MB) CPU [8%@1479,22%@1479,16%@1479,18%@1479] EMC_FREQ 0% GR3D_FREQ 2% PLL@50.5C CPU@52C PMIC@50C GPU@52.5C AO@63C thermal@52.25C
RAM 1505/1972MB (lfb 1x512kB) SWAP 286/986MB (cached 5MB) CPU [8%@1479,8%@1479,25%@1479,31%@1479] EMC_FREQ 0% GR3D_FREQ 1% PLL@51C CPU@52C PMIC@50C GPU@52.5C AO@63C thermal@52.25C
RAM 1576/1972MB (lfb 1x512kB) SWAP 284/986MB (cached 5MB) CPU [50%@1479,24%@1479,30%@1479,17%@1479] EMC_FREQ 0% GR3D_FREQ 11% PLL@51C CPU@55C PMIC@50C GPU@52.5C AO@63C thermal@52.25C
RAM 1576/1972MB (lfb 1x512kB) SWAP 282/986MB (cached 6MB) CPU [30%@204,12%@204,44%@307,16%@307] EMC_FREQ 0% GR3D_FREQ 0% PLL@50.5C CPU@52C PMIC@50C GPU@52.5C AO@63C thermal@52.25C
RAM 1593/1972MB (lfb 1x512kB) SWAP 281/986MB (cached 6MB) CPU [39%@1036,20%@1036,23%@1036,28%@1036] EMC_FREQ 0% GR3D_FREQ 33% PLL@51C CPU@53C PMIC@50C GPU@52.5C AO@63C thermal@52.5C
RAM 1603/1972MB (lfb 1x512kB) SWAP 280/986MB (cached 6MB) CPU [27%@710,26%@710,28%@1326,20%@1326] EMC_FREQ 0% GR3D_FREQ 5% PLL@50.5C CPU@52.5C PMIC@50C GPU@52.5C AO@63C thermal@52.5C
RAM 1628/1972MB (lfb 1x512kB) SWAP 280/986MB (cached 6MB) CPU [33%@518,29%@518,28%@518,17%@518] EMC_FREQ 0% GR3D_FREQ 99% PLL@50.5C CPU@53C PMIC@50C GPU@53.5C AO@64C thermal@53.5C
RAM 1628/1972MB (lfb 1x512kB) SWAP 280/986MB (cached 6MB) CPU [22%@825,10%@825,22%@825,6%@825] EMC_FREQ 0% GR3D_FREQ 99% PLL@50.5C CPU@53C PMIC@50C GPU@54C AO@64C thermal@53.5C
RAM 1621/1972MB (lfb 1x512kB) SWAP 279/986MB (cached 6MB) CPU [34%@1479,19%@1479,12%@1479,22%@1479] EMC_FREQ 0% GR3D_FREQ 45% PLL@51C CPU@54C PMIC@50C GPU@54C AO@65C thermal@53.75C
RAM 1619/1972MB (lfb 1x512kB) SWAP 279/986MB (cached 6MB) CPU [40%@1224,34%@921,25%@1036,38%@1036] EMC_FREQ 0% GR3D_FREQ 36% PLL@51C CPU@53.5C PMIC@50C GPU@54C AO@64.5C thermal@53.75C
RAM 1619/1972MB (lfb 1x512kB) SWAP 278/986MB (cached 7MB) CPU [33%@614,29%@614,30%@614,32%@614] EMC_FREQ 0% GR3D_FREQ 99% PLL@51C CPU@53.5C PMIC@50C GPU@54.5C AO@64.5C thermal@53.75C
RAM 1611/1972MB (lfb 1x512kB) SWAP 278/986MB (cached 7MB) CPU [40%@1479,31%@1479,20%@1479,28%@1479] EMC_FREQ 0% GR3D_FREQ 97% PLL@51.5C CPU@55C PMIC@50C GPU@54C AO@65C thermal@54C
RAM 1635/1972MB (lfb 1x1MB) SWAP 278/986MB (cached 6MB) CPU [31%@921,36%@921,32%@921,28%@921] EMC_FREQ 0% GR3D_FREQ 99% PLL@51.5C CPU@53.5C PMIC@50C GPU@54.5C AO@64.5C thermal@54C
RAM 1627/1972MB (lfb 1x1MB) SWAP 278/986MB (cached 6MB) CPU [48%@1224,46%@1224,66%@1224,30%@1224] EMC_FREQ 0% GR3D_FREQ 50% PLL@51.5C CPU@54.5C PMIC@50C GPU@54.5C AO@65C thermal@54.25C
RAM 1627/1972MB (lfb 1x1MB) SWAP 278/986MB (cached 6MB) CPU [29%@403,20%@403,21%@403,19%@403] EMC_FREQ 0% GR3D_FREQ 99% PLL@51C CPU@53C PMIC@50C GPU@54.5C AO@64.5C thermal@54.25C
RAM 1633/1972MB (lfb 1x1MB) SWAP 278/986MB (cached 6MB) CPU [40%@825,10%@825,14%@825,11%@825] EMC_FREQ 0% GR3D_FREQ 97% PLL@51C CPU@54C PMIC@50C GPU@54.5C AO@65.5C thermal@54C
RAM 1634/1972MB (lfb 1x1MB) SWAP 278/986MB (cached 7MB) CPU [26%@1479,30%@1479,29%@1479,23%@1479] EMC_FREQ 0% GR3D_FREQ 97% PLL@51.5C CPU@55C PMIC@50C GPU@55C AO@65.5C thermal@54C
RAM 1655/1972MB (lfb 1x1MB) SWAP 278/986MB (cached 6MB) CPU [48%@1479,31%@1479,34%@1479,38%@1479] EMC_FREQ 0% GR3D_FREQ 51% PLL@52C CPU@55C PMIC@50C GPU@54.5C AO@65C thermal@54.5C
RAM 1654/1972MB (lfb 1x1MB) SWAP 278/986MB (cached 6MB) CPU [60%@825,18%@825,30%@825,16%@825] EMC_FREQ 0% GR3D_FREQ 99% PLL@51.5C CPU@53.5C PMIC@50C GPU@55C AO@65C thermal@54.5C
RAM 1642/1972MB (lfb 1x1MB) SWAP 278/986MB (cached 6MB) CPU [31%@1479,38%@1479,62%@1479,30%@1479] EMC_FREQ 0% GR3D_FREQ 33% PLL@52C CPU@54C PMIC@50C GPU@54C AO@64.5C thermal@54.5C
RAM 1633/1972MB (lfb 1x1MB) SWAP 280/986MB (cached 6MB) CPU [38%@1479,43%@1479,52%@1479,62%@1479] EMC_FREQ 0% GR3D_FREQ 22% PLL@51.5C CPU@53.5C PMIC@50C GPU@54C AO@64C thermal@53.75C
RAM 1663/1972MB (lfb 1x1MB) SWAP 280/986MB (cached 6MB) CPU [40%@1326,14%@1326,22%@1326,24%@1326] EMC_FREQ 0% GR3D_FREQ 99% PLL@52C CPU@54C PMIC@50C GPU@54.5C AO@65C thermal@53.75C
RAM 1661/1972MB (lfb 1x1MB) SWAP 280/986MB (cached 6MB) CPU [43%@1036,37%@1036,38%@1036,36%@1036] EMC_FREQ 0% GR3D_FREQ 93% PLL@52C CPU@54.5C PMIC@50C GPU@55C AO@65.5C thermal@55C
RAM 1663/1972MB (lfb 1x1MB) SWAP 280/986MB (cached 6MB) CPU [32%@1479,40%@1479,24%@1479,36%@1479] EMC_FREQ 0% GR3D_FREQ 40% PLL@52C CPU@53.5C PMIC@50C GPU@54.5C AO@65C thermal@55C
RAM 1675/1972MB (lfb 1x1MB) SWAP 284/986MB (cached 5MB) CPU [33%@1479,36%@1479,66%@1479,34%@1479] EMC_FREQ 0% GR3D_FREQ 28% PLL@52C CPU@54.5C PMIC@50C GPU@54.5C AO@65C thermal@54.25C
RAM 1670/1972MB (lfb 1x1MB) SWAP 284/986MB (cached 5MB) CPU [32%@1479,25%@1479,39%@1479,35%@1479] EMC_FREQ 0% GR3D_FREQ 92% PLL@52C CPU@54.5C PMIC@50C GPU@55C AO@66C thermal@54.25C
RAM 1672/1972MB (lfb 1x1MB) SWAP 284/986MB (cached 6MB) CPU [32%@1132,21%@1132,38%@1132,32%@1132] EMC_FREQ 0% GR3D_FREQ 99% PLL@51.5C CPU@54C PMIC@50C GPU@54.5C AO@65C thermal@54.5C
RAM 1682/1972MB (lfb 1x1MB) SWAP 284/986MB (cached 6MB) CPU [36%@1479,53%@1479,29%@1479,60%@1479] EMC_FREQ 0% GR3D_FREQ 18% PLL@52.5C CPU@54C PMIC@50C GPU@54.5C AO@64.5C thermal@54.5C
RAM 1733/1972MB (lfb 1x1MB) SWAP 283/986MB (cached 7MB) CPU [52%@1479,74%@1479,46%@1479,47%@1479] EMC_FREQ 0% GR3D_FREQ 0% PLL@52C CPU@55C PMIC@50C GPU@54C AO@64C thermal@54.5C
RAM 1743/1972MB (lfb 1x1MB) SWAP 280/986MB (cached 7MB) CPU [35%@1479,36%@1479,56%@1479,42%@1479] EMC_FREQ 0% GR3D_FREQ 37% PLL@52C CPU@55.5C PMIC@50C GPU@55C AO@65.5C thermal@53.75C
RAM 1765/1972MB (lfb 1x1MB) SWAP 279/986MB (cached 8MB) CPU [52%@1479,54%@1479,46%@1479,61%@1479] EMC_FREQ 0% GR3D_FREQ 11% PLL@52C CPU@55.5C PMIC@50C GPU@54.5C AO@64.5C thermal@53.75C
RAM 1799/1972MB (lfb 1x512kB) SWAP 324/986MB (cached 8MB) CPU [82%@1479,56%@1479,81%@1479,62%@1479] EMC_FREQ 0% GR3D_FREQ 37% PLL@53C CPU@56C PMIC@50C GPU@55C AO@65.5C thermal@55.25C
RAM 1781/1972MB (lfb 1x512kB) SWAP 329/986MB (cached 9MB) CPU [85%@1479,56%@1479,74%@1479,76%@1479] EMC_FREQ 0% GR3D_FREQ 12% PLL@52.5C CPU@55C PMIC@50C GPU@54.5C AO@64.5C thermal@55.25C
RAM 1771/1972MB (lfb 1x512kB) SWAP 329/986MB (cached 9MB) CPU [64%@1479,64%@1479,44%@1479,83%@1479] EMC_FREQ 0% GR3D_FREQ 69% PLL@52.5C CPU@55C PMIC@50C GPU@55C AO@66.5C thermal@54.25C
RAM 1769/1972MB (lfb 1x512kB) SWAP 329/986MB (cached 9MB) CPU [71%@1479,79%@1479,57%@1479,82%@1479] EMC_FREQ 0% GR3D_FREQ 75% PLL@53C CPU@55C PMIC@50C GPU@55.5C AO@66C thermal@54.25C
RAM 1769/1972MB (lfb 1x512kB) SWAP 329/986MB (cached 9MB) CPU [36%@1479,44%@1479,64%@1479,61%@1479] EMC_FREQ 0% GR3D_FREQ 67% PLL@52.5C CPU@55C PMIC@50C GPU@55C AO@65.5C thermal@55C
RAM 1769/1972MB (lfb 1x512kB) SWAP 329/986MB (cached 9MB) CPU [57%@1479,48%@1479,73%@1479,48%@1479] EMC_FREQ 0% GR3D_FREQ 27% PLL@52.5C CPU@54C PMIC@50C GPU@55C AO@65C thermal@55C
RAM 1851/1972MB (lfb 1x512kB) SWAP 366/986MB (cached 9MB) CPU [92%@1479,80%@1479,90%@1479,84%@1479] EMC_FREQ 0% GR3D_FREQ 15% PLL@53C CPU@56C PMIC@50C GPU@55C AO@64.5C thermal@55.5C
RAM 1847/1972MB (lfb 1x512kB) SWAP 384/986MB (cached 9MB) CPU [80%@1479,76%@1479,57%@1479,90%@1479] EMC_FREQ 0% GR3D_FREQ 61% PLL@53C CPU@55C PMIC@50C GPU@56C AO@66.5C thermal@55.5C
RAM 1834/1972MB (lfb 1x512kB) SWAP 387/986MB (cached 9MB) CPU [95%@1479,64%@1479,59%@1479,52%@1479] EMC_FREQ 0% GR3D_FREQ 76% PLL@53C CPU@55.5C PMIC@50C GPU@56C AO@66C thermal@55.5C
RAM 1855/1972MB (lfb 1x512kB) SWAP 390/986MB (cached 9MB) CPU [70%@1479,52%@1479,70%@1479,47%@1479] EMC_FREQ 0% GR3D_FREQ 2% PLL@53C CPU@55C PMIC@50C GPU@55C AO@65.5C thermal@55.5C
RAM 1851/1972MB (lfb 1x512kB) SWAP 390/986MB (cached 9MB) CPU [53%@1479,76%@1479,36%@1479,57%@1479] EMC_FREQ 0% GR3D_FREQ 99% PLL@53C CPU@54.5C PMIC@50C GPU@55.5C AO@65.5C thermal@55.5C
RAM 1840/1972MB (lfb 1x512kB) SWAP 390/986MB (cached 9MB) CPU [52%@1479,46%@1479,46%@1479,100%@1479] EMC_FREQ 0% GR3D_FREQ 43% PLL@53C CPU@55C PMIC@50C GPU@55.5C AO@66C thermal@55.25C
RAM 1839/1972MB (lfb 1x512kB) SWAP 393/986MB (cached 18MB) CPU [65%@1479,63%@1479,54%@1479,48%@1479] EMC_FREQ 0% GR3D_FREQ 19% PLL@53C CPU@55.5C PMIC@50C GPU@55.5C AO@66C thermal@55.25C
RAM 1827/1972MB (lfb 1x512kB) SWAP 393/986MB (cached 18MB) CPU [100%@1479,50%@1479,41%@1479,35%@1479] EMC_FREQ 0% GR3D_FREQ 42% PLL@53C CPU@55C PMIC@50C GPU@55.5C AO@65.5C thermal@55.25C
RAM 1814/1972MB (lfb 1x512kB) SWAP 393/986MB (cached 18MB) CPU [89%@1479,48%@1479,35%@1479,33%@1479] EMC_FREQ 0% GR3D_FREQ 36% PLL@53C CPU@54.5C PMIC@50C GPU@55C AO@65.5C thermal@55.25C
RAM 1821/1972MB (lfb 1x512kB) SWAP 393/986MB (cached 18MB) CPU [66%@1479,58%@1479,78%@1479,85%@1479] EMC_FREQ 0% GR3D_FREQ 64% PLL@53C CPU@54C PMIC@50C GPU@55C AO@65.5C thermal@55C
RAM 1820/1972MB (lfb 1x512kB) SWAP 393/986MB (cached 18MB) CPU [43%@1479,56%@1479,80%@1479,66%@1479] EMC_FREQ 0% GR3D_FREQ 28% PLL@53C CPU@54.5C PMIC@50C GPU@55.5C AO@65.5C thermal@55C
RAM 1820/1972MB (lfb 1x512kB) SWAP 393/986MB (cached 18MB) CPU [54%@1479,50%@1479,80%@1479,63%@1479] EMC_FREQ 0% GR3D_FREQ 38% PLL@53C CPU@54.5C PMIC@50C GPU@55.5C AO@65.5C thermal@55C
RAM 1820/1972MB (lfb 1x512kB) SWAP 393/986MB (cached 18MB) CPU [50%@1479,80%@1479,36%@1479,70%@1479] EMC_FREQ 0% GR3D_FREQ 26% PLL@53C CPU@54.5C PMIC@50C GPU@55C AO@65.5C thermal@55C
RAM 1821/1972MB (lfb 1x512kB) SWAP 393/986MB (cached 18MB) CPU [44%@1479,79%@1479,58%@1479,54%@1479] EMC_FREQ 0% GR3D_FREQ 20% PLL@53C CPU@54C PMIC@50C GPU@55.5C AO@65C thermal@55C
RAM 1790/1972MB (lfb 1x512kB) SWAP 392/986MB (cached 18MB) CPU [20%@1479,53%@1479,58%@1479,16%@1479] EMC_FREQ 0% GR3D_FREQ 13% PLL@52.5C CPU@54C PMIC@50C GPU@55C AO@64.5C thermal@54.5C
RAM 1768/1972MB (lfb 1x512kB) SWAP 392/986MB (cached 18MB) CPU [25%@1479,32%@1479,18%@1479,31%@1479] EMC_FREQ 0% GR3D_FREQ 6% PLL@52C CPU@53.5C PMIC@50C GPU@54.5C AO@64.5C thermal@54.5C
RAM 1745/1972MB (lfb 1x512kB) SWAP 392/986MB (cached 18MB) CPU [60%@1479,31%@1479,22%@1479,58%@1479] EMC_FREQ 0% GR3D_FREQ 15% PLL@52.5C CPU@55C PMIC@50C GPU@55C AO@65C thermal@54.75C
RAM 1744/1972MB (lfb 1x512kB) SWAP 392/986MB (cached 19MB) CPU [24%@1479,62%@1479,10%@1479,12%@1479] EMC_FREQ 0% GR3D_FREQ 10% PLL@52C CPU@54C PMIC@50C GPU@54.5C AO@64.5C thermal@54.75C
RAM 1744/1972MB (lfb 1x512kB) SWAP 392/986MB (cached 19MB) CPU [18%@403,50%@518,8%@518,9%@518] EMC_FREQ 0% GR3D_FREQ 0% PLL@51.5C CPU@53C PMIC@50C GPU@54C AO@64.5C thermal@53.75C
RAM 1742/1972MB (lfb 1x512kB) SWAP 392/986MB (cached 19MB) CPU [35%@1479,20%@1479,23%@1479,64%@1479] EMC_FREQ 0% GR3D_FREQ 0% PLL@52C CPU@53.5C PMIC@50C GPU@54.5C AO@64.5C thermal@53.75C
RAM 1742/1972MB (lfb 1x512kB) SWAP 392/986MB (cached 19MB) CPU [14%@1479,10%@1479,16%@1479,92%@1479] EMC_FREQ 0% GR3D_FREQ 4% PLL@52C CPU@53.5C PMIC@50C GPU@54.5C AO@64.5C thermal@53.75C
RAM 1742/1972MB (lfb 1x512kB) SWAP 392/986MB (cached 19MB) CPU [26%@1479,54%@1479,26%@1479,100%@1479] EMC_FREQ 0% GR3D_FREQ 0% PLL@52C CPU@53.5C PMIC@50C GPU@54.5C AO@64.5C thermal@54C
RAM 1742/1972MB (lfb 1x512kB) SWAP 392/986MB (cached 19MB) CPU [51%@1479,47%@1479,100%@1479,60%@1479] EMC_FREQ 0% GR3D_FREQ 8% PLL@52.5C CPU@54C PMIC@50C GPU@54C AO@64.5C thermal@54C
RAM 1742/1972MB (lfb 1x512kB) SWAP 392/986MB (cached 19MB) CPU [16%@1479,35%@1479,54%@1479,40%@1479] EMC_FREQ 0% GR3D_FREQ 0% PLL@52.5C CPU@53.5C PMIC@50C GPU@54C AO@64C thermal@54C
RAM 1741/1972MB (lfb 1x512kB) SWAP 392/986MB (cached 19MB) CPU [12%@1479,7%@1479,0%@1479,100%@1479] EMC_FREQ 0% GR3D_FREQ 0% PLL@52C CPU@53C PMIC@50C GPU@53.5C AO@64C thermal@54C
RAM 1741/1972MB (lfb 1x512kB) SWAP 392/986MB (cached 19MB) CPU [5%@1479,28%@1479,59%@1479,20%@1479] EMC_FREQ 0% GR3D_FREQ 0% PLL@52C CPU@53.5C PMIC@50C GPU@54C AO@64C thermal@54C
RAM 1719/1972MB (lfb 1x512kB) SWAP 392/986MB (cached 19MB) CPU [43%@1479,32%@1479,100%@1479,62%@1479] EMC_FREQ 0% GR3D_FREQ 13% PLL@52.5C CPU@54.5C PMIC@50C GPU@54C AO@64.5C thermal@54C
RAM 1642/1972MB (lfb 1x512kB) SWAP 391/986MB (cached 19MB) CPU [100%@1479,47%@1479,26%@1479,38%@1479] EMC_FREQ 0% GR3D_FREQ 9% PLL@52C CPU@55C PMIC@50C GPU@53.5C AO@64.5C thermal@54.75C
RAM 1642/1972MB (lfb 1x512kB) SWAP 391/986MB (cached 19MB) CPU [74%@1479,74%@1479,8%@1479,6%@1479] EMC_FREQ 0% GR3D_FREQ 10% PLL@51.5C CPU@55.5C PMIC@50C GPU@53.5C AO@64C thermal@54.75C
RAM 1643/1972MB (lfb 1x512kB) SWAP 391/986MB (cached 19MB) CPU [100%@1479,2%@1479,0%@1479,3%@1479] EMC_FREQ 0% GR3D_FREQ 0% PLL@51.5C CPU@54.5C PMIC@50C GPU@53.5C AO@64C thermal@54.25C
RAM 1643/1972MB (lfb 1x512kB) SWAP 391/986MB (cached 19MB) CPU [29%@1479,75%@1479,1%@1479,2%@1479] EMC_FREQ 0% GR3D_FREQ 0% PLL@52C CPU@54C PMIC@50C GPU@53.5C AO@64C thermal@54.25C
RAM 1643/1972MB (lfb 1x512kB) SWAP 391/986MB (cached 19MB) CPU [10%@1479,88%@1479,0%@1479,1%@1479] EMC_FREQ 0% GR3D_FREQ 0% PLL@51.5C CPU@55.5C PMIC@50C GPU@53.5C AO@64.5C thermal@54.25C
RAM 1643/1972MB (lfb 1x512kB) SWAP 391/986MB (cached 19MB) CPU [14%@1479,86%@1479,0%@1479,0%@1479] EMC_FREQ 0% GR3D_FREQ 0% PLL@51.5C CPU@53.5C PMIC@50C GPU@54C AO@64C thermal@54C
RAM 1643/1972MB (lfb 1x512kB) SWAP 391/986MB (cached 19MB) CPU [1%@1479,100%@1479,0%@1479,0%@1479] EMC_FREQ 0% GR3D_FREQ 0% PLL@52C CPU@54C PMIC@50C GPU@53.5C AO@64C thermal@54C
RAM 1643/1972MB (lfb 1x512kB) SWAP 391/986MB (cached 19MB) CPU [2%@1479,100%@1479,3%@1479,0%@1479] EMC_FREQ 0% GR3D_FREQ 0% PLL@52C CPU@53.5C PMIC@50C GPU@53.5C AO@64C thermal@53.5C
RAM 1643/1972MB (lfb 1x512kB) SWAP 391/986MB (cached 19MB) CPU [32%@1479,24%@1479,44%@1479,1%@1479] EMC_FREQ 0% GR3D_FREQ 0% PLL@52C CPU@53.5C PMIC@50C GPU@54C AO@64C thermal@53.5C
RAM 1643/1972MB (lfb 1x512kB) SWAP 391/986MB (cached 19MB) CPU [10%@1479,6%@1479,100%@1479,10%@1479] EMC_FREQ 0% GR3D_FREQ 0% PLL@51.5C CPU@53.5C PMIC@50C GPU@54C AO@64C thermal@53.75C
RAM 1643/1972MB (lfb 1x512kB) SWAP 391/986MB (cached 19MB) CPU [73%@1479,6%@1479,20%@1479,7%@1479] EMC_FREQ 0% GR3D_FREQ 0% PLL@52C CPU@55C PMIC@50C GPU@53.5C AO@64.5C thermal@53.75C
RAM 1643/1972MB (lfb 1x512kB) SWAP 391/986MB (cached 19MB) CPU [84%@1479,18%@1479,2%@1479,0%@1479] EMC_FREQ 0% GR3D_FREQ 0% PLL@52C CPU@54C PMIC@50C GPU@53.5C AO@64C thermal@54C
RAM 1643/1972MB (lfb 1x512kB) SWAP 391/986MB (cached 19MB) CPU [2%@1479,14%@1479,86%@1479,0%@1479] EMC_FREQ 0% GR3D_FREQ 3% PLL@51.5C CPU@53.5C PMIC@50C GPU@54C AO@64.5C thermal@54C
RAM 1643/1972MB (lfb 1x512kB) SWAP 391/986MB (cached 19MB) CPU [16%@1479,34%@1479,57%@1479,4%@1479] EMC_FREQ 0% GR3D_FREQ 0% PLL@51.5C CPU@54.5C PMIC@50C GPU@53.5C AO@64C thermal@54C
RAM 1644/1972MB (lfb 1x512kB) SWAP 391/986MB (cached 19MB) CPU [100%@1479,14%@1479,2%@1479,14%@1479] EMC_FREQ 0% GR3D_FREQ 0% PLL@51.5C CPU@54.5C PMIC@50C GPU@53.5C AO@64.5C thermal@54.25C
RAM 1644/1972MB (lfb 1x512kB) SWAP 391/986MB (cached 19MB) CPU [36%@1479,36%@1479,4%@1479,37%@1479] EMC_FREQ 0% GR3D_FREQ 0% PLL@52C CPU@53C PMIC@50C GPU@53.5C AO@64C thermal@54.25C
RAM 1644/1972MB (lfb 1x512kB) SWAP 391/986MB (cached 19MB) CPU [18%@1479,10%@1479,19%@1479,100%@1479] EMC_FREQ 0% GR3D_FREQ 0% PLL@52C CPU@53C PMIC@50C GPU@53.5C AO@64C thermal@53.25C
RAM 1644/1972MB (lfb 1x512kB) SWAP 391/986MB (cached 19MB) CPU [59%@1479,32%@1479,0%@1479,12%@1479] EMC_FREQ 0% GR3D_FREQ 0% PLL@51.5C CPU@54.5C PMIC@50C GPU@53.5C AO@64C thermal@53.25C
RAM 1644/1972MB (lfb 1x512kB) SWAP 391/986MB (cached 19MB) CPU [80%@1479,2%@1479,18%@1479,0%@1479] EMC_FREQ 0% GR3D_FREQ 0% PLL@51.5C CPU@54C PMIC@50C GPU@53.5C AO@64.5C thermal@54C
RAM 1644/1972MB (lfb 1x512kB) SWAP 391/986MB (cached 19MB) CPU [5%@1479,3%@1479,12%@1479,84%@1479] EMC_FREQ 0% GR3D_FREQ 0% PLL@52C CPU@52.5C PMIC@50C GPU@53.5C AO@64.5C thermal@54C
RAM 1644/1972MB (lfb 1x512kB) SWAP 391/986MB (cached 19MB) CPU [9%@1479,4%@1479,2%@1479,100%@1479] EMC_FREQ 0% GR3D_FREQ 3% PLL@52C CPU@53C PMIC@50C GPU@53.5C AO@64C thermal@53.25C
RAM 1644/1972MB (lfb 1x512kB) SWAP 391/986MB (cached 19MB) CPU [8%@1479,8%@1479,8%@1479,100%@1479] EMC_FREQ 0% GR3D_FREQ 3% PLL@52C CPU@53.5C PMIC@50C GPU@53.5C AO@64C thermal@53.25C
RAM 1644/1972MB (lfb 1x512kB) SWAP 391/986MB (cached 19MB) CPU [57%@1479,6%@1479,6%@1479,44%@1479] EMC_FREQ 0% GR3D_FREQ 18% PLL@51.5C CPU@55C PMIC@50C GPU@54C AO@64C thermal@53.25C
RAM 1644/1972MB (lfb 1x512kB) SWAP 391/986MB (cached 19MB) CPU [100%@1479,16%@1479,8%@1479,10%@1479] EMC_FREQ 0% GR3D_FREQ 1% PLL@52C CPU@55.5C PMIC@50C GPU@53.5C AO@64C thermal@54.25C
RAM 1644/1972MB (lfb 1x512kB) SWAP 391/986MB (cached 19MB) CPU [12%@1479,0%@1479,86%@1479,0%@1479] EMC_FREQ 0% GR3D_FREQ 0% PLL@52C CPU@53C PMIC@50C GPU@53.5C AO@64C thermal@54.25C
RAM 1644/1972MB (lfb 1x512kB) SWAP 391/986MB (cached 19MB) CPU [6%@1479,4%@1479,100%@1479,4%@1479] EMC_FREQ 0% GR3D_FREQ 0% PLL@52C CPU@53.5C PMIC@50C GPU@53.5C AO@64C thermal@53.25C
RAM 1644/1972MB (lfb 1x512kB) SWAP 391/986MB (cached 19MB) CPU [4%@1479,5%@1479,100%@1479,6%@1479] EMC_FREQ 0% GR3D_FREQ 0% PLL@52C CPU@53.5C PMIC@50C GPU@53.5C AO@64C thermal@53.25C
RAM 1644/1972MB (lfb 1x512kB) SWAP 391/986MB (cached 19MB) CPU [60%@1479,28%@1479,14%@1479,0%@1479] EMC_FREQ 0% GR3D_FREQ 0% PLL@51.5C CPU@54.5C PMIC@50C GPU@53.5C AO@64C thermal@54.25C
RAM 1644/1972MB (lfb 1x512kB) SWAP 391/986MB (cached 19MB) CPU [79%@1479,3%@1479,0%@1479,23%@1479] EMC_FREQ 0% GR3D_FREQ 0% PLL@52C CPU@53C PMIC@50C GPU@53.5C AO@64C thermal@54.25C
RAM 1644/1972MB (lfb 1x512kB) SWAP 391/986MB (cached 19MB) CPU [91%@1479,1%@1479,2%@1479,8%@1479] EMC_FREQ 0% GR3D_FREQ 0% PLL@51.5C CPU@54.5C PMIC@50C GPU@53C AO@64C thermal@53.75C
RAM 1644/1972MB (lfb 1x512kB) SWAP 391/986MB (cached 19MB) CPU [44%@1479,30%@1479,24%@1479,0%@1479] EMC_FREQ 0% GR3D_FREQ 0% PLL@51.5C CPU@53.5C PMIC@50C GPU@53C AO@64C thermal@53.75C
RAM 1644/1972MB (lfb 1x512kB) SWAP 391/986MB (cached 19MB) CPU [0%@1479,100%@1479,0%@1479,1%@1479] EMC_FREQ 0% GR3D_FREQ 0% PLL@51.5C CPU@53.5C PMIC@50C GPU@53.5C AO@64C thermal@53.75C
RAM 1644/1972MB (lfb 1x512kB) SWAP 391/986MB (cached 19MB) CPU [67%@1479,9%@1479,24%@1479,2%@1479] EMC_FREQ 0% GR3D_FREQ 0% PLL@51.5C CPU@54.5C PMIC@50C GPU@53.5C AO@64C thermal@53.5C
RAM 1644/1972MB (lfb 1x512kB) SWAP 391/986MB (cached 19MB) CPU [100%@1479,1%@1479,1%@1479,0%@1479] EMC_FREQ 0% GR3D_FREQ 0% PLL@51.5C CPU@55C PMIC@50C GPU@53.5C AO@64.5C thermal@53.5C
RAM 1644/1972MB (lfb 1x512kB) SWAP 391/986MB (cached 19MB) CPU [6%@1479,4%@1479,8%@1479,98%@1479] EMC_FREQ 0% GR3D_FREQ 71% PLL@52C CPU@53.5C PMIC@50C GPU@53.5C AO@64C thermal@53.25C
RAM 1645/1972MB (lfb 1x512kB) SWAP 391/986MB (cached 19MB) CPU [5%@1479,56%@1479,0%@1479,43%@1479] EMC_FREQ 0% GR3D_FREQ 0% PLL@52C CPU@53.5C PMIC@50C GPU@53.5C AO@63.5C thermal@53.25C
RAM 1645/1972MB (lfb 1x512kB) SWAP 391/986MB (cached 19MB) CPU [2%@1479,100%@1479,1%@1479,0%@1479] EMC_FREQ 0% GR3D_FREQ 0% PLL@51.5C CPU@53C PMIC@50C GPU@53.5C AO@64C thermal@53C
RAM 1645/1972MB (lfb 1x512kB) SWAP 391/986MB (cached 19MB) CPU [63%@1479,20%@1479,42%@1479,17%@1479] EMC_FREQ 0% GR3D_FREQ 0% PLL@52C CPU@55C PMIC@50C GPU@53.5C AO@64.5C thermal@53C
RAM 1645/1972MB (lfb 1x512kB) SWAP 391/986MB (cached 19MB) CPU [100%@1479,21%@1479,16%@1479,20%@1479] EMC_FREQ 0% GR3D_FREQ 0% PLL@52C CPU@55C PMIC@50C GPU@53.5C AO@64C thermal@54C
RAM 1645/1972MB (lfb 1x512kB) SWAP 391/986MB (cached 19MB) CPU [21%@1479,21%@1479,16%@1479,88%@1479] EMC_FREQ 0% GR3D_FREQ 44% PLL@52C CPU@53C PMIC@50C GPU@53.5C AO@64C thermal@54C
RAM 1645/1972MB (lfb 1x512kB) SWAP 391/986MB (cached 19MB) CPU [4%@1479,26%@1479,0%@1479,69%@1479] EMC_FREQ 0% GR3D_FREQ 0% PLL@52C CPU@53C PMIC@50C GPU@53.5C AO@64C thermal@53C
RAM 1645/1972MB (lfb 1x512kB) SWAP 391/986MB (cached 19MB) CPU [2%@1479,1%@1479,0%@1479,100%@1479] EMC_FREQ 0% GR3D_FREQ 0% PLL@52C CPU@52.5C PMIC@50C GPU@53.5C AO@64C thermal@53C
RAM 1645/1972MB (lfb 1x512kB) SWAP 391/986MB (cached 19MB) CPU [28%@1479,0%@1479,1%@1479,72%@1479] EMC_FREQ 0% GR3D_FREQ 0% PLL@52C CPU@53C PMIC@50C GPU@53.5C AO@64C thermal@53C
RAM 1645/1972MB (lfb 1x512kB) SWAP 391/986MB (cached 19MB) CPU [3%@1479,16%@1479,0%@1479,85%@1479] EMC_FREQ 0% GR3D_FREQ 0% PLL@52C CPU@53.5C PMIC@50C GPU@53C AO@64C thermal@53.25C
RAM 1645/1972MB (lfb 1x512kB) SWAP 391/986MB (cached 19MB) CPU [88%@1479,12%@1479,0%@1479,0%@1479] EMC_FREQ 0% GR3D_FREQ 0% PLL@51.5C CPU@54.5C PMIC@50C GPU@53.5C AO@64C thermal@53.25C
RAM 1645/1972MB (lfb 1x512kB) SWAP 391/986MB (cached 19MB) CPU [54%@1479,27%@1479,2%@1479,16%@1479] EMC_FREQ 0% GR3D_FREQ 0% PLL@52C CPU@53C PMIC@50C GPU@53.5C AO@64C thermal@54C
RAM 1645/1972MB (lfb 1x512kB) SWAP 391/986MB (cached 19MB) CPU [2%@1479,0%@1479,0%@1479,100%@1479] EMC_FREQ 0% GR3D_FREQ 0% PLL@51.5C CPU@52.5C PMIC@50C GPU@53C AO@63.5C thermal@54C
RAM 1645/1972MB (lfb 1x512kB) SWAP 391/986MB (cached 19MB) CPU [44%@1479,30%@1479,2%@1479,25%@1479] EMC_FREQ 0% GR3D_FREQ 0% PLL@51.5C CPU@54.5C PMIC@50C GPU@53.5C AO@64C thermal@53.75C
RAM 1645/1972MB (lfb 1x512kB) SWAP 391/986MB (cached 19MB) CPU [94%@1479,6%@1479,0%@1479,0%@1479] EMC_FREQ 0% GR3D_FREQ 0% PLL@51.5C CPU@54C PMIC@50C GPU@53C AO@64C thermal@53.75C
RAM 1645/1972MB (lfb 1x512kB) SWAP 391/986MB (cached 19MB) CPU [79%@1479,23%@1479,0%@1479,0%@1479] EMC_FREQ 0% GR3D_FREQ 0% PLL@51.5C CPU@54.5C PMIC@50C GPU@53.5C AO@63.5C thermal@54C
RAM 1645/1972MB (lfb 1x512kB) SWAP 391/986MB (cached 19MB) CPU [72%@1479,29%@1479,1%@1479,0%@1479] EMC_FREQ 0% GR3D_FREQ 0% PLL@51.5C CPU@55C PMIC@50C GPU@53.5C AO@64C thermal@54C
RAM 1645/1972MB (lfb 1x512kB) SWAP 391/986MB (cached 19MB) CPU [100%@1479,0%@1479,0%@1479,0%@1479] EMC_FREQ 0% GR3D_FREQ 0% PLL@51.5C CPU@54.5C PMIC@50C GPU@53.5C AO@64C thermal@54C
RAM 1645/1972MB (lfb 1x512kB) SWAP 391/986MB (cached 19MB) CPU [39%@1479,61%@1479,0%@1479,2%@1479] EMC_FREQ 0% GR3D_FREQ 0% PLL@51.5C CPU@53.5C PMIC@50C GPU@53C AO@63.5C thermal@53.75C
RAM 1645/1972MB (lfb 1x512kB) SWAP 391/986MB (cached 19MB) CPU [0%@1479,100%@1479,0%@1479,0%@1479] EMC_FREQ 0% GR3D_FREQ 0% PLL@51.5C CPU@53.5C PMIC@50C GPU@53.5C AO@64C thermal@53.75C
RAM 1645/1972MB (lfb 1x512kB) SWAP 391/986MB (cached 19MB) CPU [43%@1479,22%@1479,37%@1479,0%@1479] EMC_FREQ 0% GR3D_FREQ 0% PLL@51.5C CPU@54.5C PMIC@50C GPU@53.5C AO@64C thermal@53.5C
RAM 1646/1972MB (lfb 1x512kB) SWAP 391/986MB (cached 19MB) CPU [95%@1479,0%@1479,6%@1479,0%@1479] EMC_FREQ 0% GR3D_FREQ 0% PLL@51.5C CPU@54C PMIC@50C GPU@53.5C AO@64C thermal@53.5C
RAM 1646/1972MB (lfb 1x512kB) SWAP 391/986MB (cached 19MB) CPU [79%@1479,0%@1479,22%@1479,1%@1479] EMC_FREQ 0% GR3D_FREQ 0% PLL@51.5C CPU@54.5C PMIC@50C GPU@53.5C AO@64C thermal@54.25C
RAM 1646/1972MB (lfb 1x512kB) SWAP 391/986MB (cached 19MB) CPU [74%@1479,26%@1479,0%@1479,0%@1479] EMC_FREQ 0% GR3D_FREQ 0% PLL@51.5C CPU@54.5C PMIC@50C GPU@53.5C AO@64C thermal@54.25C
RAM 1647/1972MB (lfb 1x512kB) SWAP 391/986MB (cached 20MB) CPU [100%@1479,5%@1479,0%@1479,4%@1479] EMC_FREQ 0% GR3D_FREQ 0% PLL@51C CPU@54C PMIC@50C GPU@53.5C AO@64C thermal@53.75C
RAM 1647/1972MB (lfb 1x512kB) SWAP 391/986MB (cached 20MB) CPU [22%@1479,1%@1479,26%@1479,50%@1479] EMC_FREQ 0% GR3D_FREQ 0% PLL@52C CPU@52.5C PMIC@50C GPU@53.5C AO@64C thermal@53.75C
RAM 1648/1972MB (lfb 1x512kB) SWAP 391/986MB (cached 20MB) CPU [2%@1479,2%@1479,0%@1479,100%@1479] EMC_FREQ 0% GR3D_FREQ 0% PLL@51.5C CPU@52.5C PMIC@50C GPU@53.5C AO@64C thermal@53.75C
RAM 1648/1972MB (lfb 1x512kB) SWAP 391/986MB (cached 20MB) CPU [2%@1479,0%@1479,0%@1479,100%@1479] EMC_FREQ 0% GR3D_FREQ 0% PLL@52C CPU@52.5C PMIC@50C GPU@53.5C AO@63.5C thermal@53C
RAM 1648/1972MB (lfb 1x512kB) SWAP 391/986MB (cached 20MB) CPU [3%@1479,2%@1479,1%@1479,100%@1479] EMC_FREQ 0% GR3D_FREQ 0% PLL@52C CPU@52.5C PMIC@50C GPU@53C AO@63.5C thermal@53C
RAM 1648/1972MB (lfb 1x512kB) SWAP 390/986MB (cached 21MB) CPU [7%@1479,4%@1479,4%@1479,100%@1479] EMC_FREQ 0% GR3D_FREQ 0% PLL@52C CPU@52.5C PMIC@50C GPU@53.5C AO@64C thermal@53C
RAM 1648/1972MB (lfb 1x512kB) SWAP 390/986MB (cached 21MB) CPU [2%@1479,58%@1479,0%@1479,44%@1479] EMC_FREQ 0% GR3D_FREQ 0% PLL@51.5C CPU@53C PMIC@50C GPU@53.5C AO@63.5C thermal@53C
RAM 1648/1972MB (lfb 1x512kB) SWAP 390/986MB (cached 21MB) CPU [0%@1479,82%@1479,18%@1479,0%@1479] EMC_FREQ 0% GR3D_FREQ 0% PLL@51.5C CPU@53.5C PMIC@50C GPU@53.5C AO@63.5C thermal@53C
RAM 1648/1972MB (lfb 1x512kB) SWAP 390/986MB (cached 21MB) CPU [0%@1479,3%@1479,6%@1479,94%@1479] EMC_FREQ 0% GR3D_FREQ 0% PLL@51.5C CPU@52.5C PMIC@50C GPU@53C AO@63.5C thermal@53C
RAM 1648/1972MB (lfb 1x512kB) SWAP 390/986MB (cached 21MB) CPU [3%@1479,58%@1479,2%@1479,42%@1479] EMC_FREQ 0% GR3D_FREQ 0% PLL@52C CPU@53.5C PMIC@50C GPU@53.5C AO@63.5C thermal@53.5C
RAM 1648/1972MB (lfb 1x512kB) SWAP 390/986MB (cached 21MB) CPU [0%@1479,100%@1479,0%@1479,0%@1479] EMC_FREQ 0% GR3D_FREQ 0% PLL@51.5C CPU@53.5C PMIC@50C GPU@53C AO@63.5C thermal@53.5C
RAM 1648/1972MB (lfb 1x512kB) SWAP 390/986MB (cached 21MB) CPU [2%@1479,100%@1479,1%@1479,1%@1479] EMC_FREQ 0% GR3D_FREQ 0% PLL@52C CPU@53.5C PMIC@50C GPU@53.5C AO@63.5C thermal@53.5C
RAM 1648/1972MB (lfb 1x512kB) SWAP 390/986MB (cached 21MB) CPU [3%@1479,86%@1479,16%@1479,0%@1479] EMC_FREQ 0% GR3D_FREQ 0% PLL@51.5C CPU@53.5C PMIC@50C GPU@53.5C AO@63.5C thermal@53.5C
RAM 1648/1972MB (lfb 1x512kB) SWAP 390/986MB (cached 21MB) CPU [0%@1479,80%@1479,16%@1479,0%@1479] EMC_FREQ 0% GR3D_FREQ 0% PLL@51C CPU@53C PMIC@50C GPU@53.5C AO@63.5C thermal@53.5C
RAM 1648/1972MB (lfb 1x512kB) SWAP 390/986MB (cached 21MB) CPU [18%@1479,80%@1479,2%@1479,1%@1479] EMC_FREQ 0% GR3D_FREQ 0% PLL@51.5C CPU@55.5C PMIC@50C GPU@53C AO@64C thermal@53.5C
RAM 1648/1972MB (lfb 1x512kB) SWAP 390/986MB (cached 21MB) CPU [100%@1479,4%@1479,0%@1479,2%@1479] EMC_FREQ 0% GR3D_FREQ 0% PLL@51.5C CPU@54.5C PMIC@50C GPU@53C AO@64C thermal@53.5C
RAM 1650/1972MB (lfb 1x512kB) SWAP 390/986MB (cached 22MB) CPU [26%@825,7%@825,6%@825,44%@825] EMC_FREQ 0% GR3D_FREQ 0% PLL@51C CPU@52.5C PMIC@50C GPU@53.5C AO@63.5C thermal@53C
RAM 1657/1972MB (lfb 1x512kB) SWAP 389/986MB (cached 23MB) CPU [35%@1036,8%@1036,3%@1036,16%@1036] EMC_FREQ 0% GR3D_FREQ 0% PLL@51.5C CPU@53C PMIC@50C GPU@53C AO@64C thermal@53C
RAM 1658/1972MB (lfb 1x512kB) SWAP 389/986MB (cached 23MB) CPU [60%@1479,8%@1479,2%@1479,6%@1479] EMC_FREQ 0% GR3D_FREQ 0% PLL@51.5C CPU@55.5C PMIC@50C GPU@54C AO@64C thermal@54.75C
RAM 1660/1972MB (lfb 1x512kB) SWAP 388/986MB (cached 23MB) CPU [48%@1479,8%@1479,3%@1479,15%@1479] EMC_FREQ 0% GR3D_FREQ 0% PLL@51.5C CPU@53C PMIC@50C GPU@53.5C AO@63.5C thermal@54.75C
RAM 1708/1972MB (lfb 1x512kB) SWAP 399/986MB (cached 23MB) CPU [41%@1479,51%@1479,2%@1479,23%@1479] EMC_FREQ 0% GR3D_FREQ 0% PLL@51.5C CPU@54.5C PMIC@50C GPU@54C AO@64C thermal@54.25C
RAM 1709/1972MB (lfb 1x512kB) SWAP 423/986MB (cached 23MB) CPU [81%@1479,56%@1479,23%@1479,20%@1479] EMC_FREQ 0% GR3D_FREQ 0% PLL@51.5C CPU@53C PMIC@50C GPU@54C AO@64C thermal@54.25C
RAM 1735/1972MB (lfb 1x512kB) SWAP 426/986MB (cached 23MB) CPU [15%@1479,13%@1479,2%@1479,76%@1479] EMC_FREQ 0% GR3D_FREQ 1% PLL@51.5C CPU@54.5C PMIC@50C GPU@54C AO@64C thermal@54.25C
RAM 1744/1972MB (lfb 1x512kB) SWAP 446/986MB (cached 24MB) CPU [4%@1479,46%@1479,4%@1479,35%@1479] EMC_FREQ 0% GR3D_FREQ 0% PLL@51.5C CPU@53C PMIC@50C GPU@54C AO@63.5C thermal@53.75C
RAM 1787/1972MB (lfb 1x512kB) SWAP 461/986MB (cached 23MB) CPU [11%@1479,36%@1479,58%@1479,26%@1479] EMC_FREQ 0% GR3D_FREQ 0% PLL@51.5C CPU@53C PMIC@50C GPU@54C AO@64C thermal@53.75C
RAM 1835/1972MB (lfb 1x512kB) SWAP 471/986MB (cached 24MB) CPU [54%@1479,22%@1479,9%@1479,26%@1479] EMC_FREQ 0% GR3D_FREQ 0% PLL@51.5C CPU@53.5C PMIC@50C GPU@54.5C AO@64C thermal@54C
RAM 1840/1972MB (lfb 1x512kB) SWAP 478/986MB (cached 24MB) CPU [8%@1479,25%@1479,8%@1479,24%@1479] EMC_FREQ 0% GR3D_FREQ 0% PLL@52C CPU@53.5C PMIC@50C GPU@54C AO@64C thermal@54C
RAM 1835/1972MB (lfb 1x512kB) SWAP 486/986MB (cached 24MB) CPU [22%@518,38%@518,12%@518,14%@518] EMC_FREQ 0% GR3D_FREQ 0% PLL@52C CPU@53.5C PMIC@50C GPU@54.5C AO@64.5C thermal@55.75C
RAM 1835/1972MB (lfb 1x512kB) SWAP 486/986MB (cached 23MB) CPU [22%@518,20%@518,17%@518,16%@518] EMC_FREQ 0% GR3D_FREQ 99% PLL@51.5C CPU@55C PMIC@50C GPU@55C AO@67C thermal@55.75C
RAM 1835/1972MB (lfb 1x512kB) SWAP 486/986MB (cached 23MB) CPU [31%@614,27%@614,38%@614,18%@614] EMC_FREQ 0% GR3D_FREQ 99% PLL@52C CPU@55.5C PMIC@50C GPU@56C AO@67C thermal@55.5C
RAM 1835/1972MB (lfb 1x512kB) SWAP 486/986MB (cached 23MB) CPU [25%@614,20%@614,34%@614,27%@614] EMC_FREQ 0% GR3D_FREQ 78% PLL@52C CPU@55.5C PMIC@50C GPU@56C AO@67.5C thermal@55.5C
RAM 1835/1972MB (lfb 1x512kB) SWAP 486/986MB (cached 24MB) CPU [22%@403,24%@403,31%@403,26%@403] EMC_FREQ 0% GR3D_FREQ 78% PLL@52C CPU@55.5C PMIC@50C GPU@56C AO@68C thermal@55.5C
RAM 1835/1972MB (lfb 1x512kB) SWAP 486/986MB (cached 24MB) CPU [23%@518,21%@518,34%@518,17%@518] EMC_FREQ 0% GR3D_FREQ 78% PLL@52.5C CPU@55.5C PMIC@50C GPU@56C AO@67.5C thermal@55.75C
RAM 1835/1972MB (lfb 1x512kB) SWAP 486/986MB (cached 24MB) CPU [26%@614,26%@614,30%@614,22%@614] EMC_FREQ 0% GR3D_FREQ 78% PLL@52C CPU@55.5C PMIC@50C GPU@56C AO@67.5C thermal@55.75C
RAM 1835/1972MB (lfb 1x512kB) SWAP 486/986MB (cached 24MB) CPU [28%@518,20%@518,31%@518,26%@518] EMC_FREQ 0% GR3D_FREQ 93% PLL@52C CPU@55.5C PMIC@50C GPU@56C AO@67.5C thermal@55.75C
RAM 1835/1972MB (lfb 1x512kB) SWAP 486/986MB (cached 24MB) CPU [29%@614,23%@614,40%@614,22%@614] EMC_FREQ 0% GR3D_FREQ 86% PLL@52.5C CPU@55.5C PMIC@50C GPU@56C AO@67.5C thermal@55.75C
RAM 1827/1972MB (lfb 1x512kB) SWAP 486/986MB (cached 24MB) CPU [23%@825,25%@825,20%@825,22%@825] EMC_FREQ 0% GR3D_FREQ 0% PLL@52C CPU@54C PMIC@50C GPU@54.5C AO@64.5C thermal@55.75C
RAM 1801/1972MB (lfb 1x512kB) SWAP 486/986MB (cached 24MB) CPU [18%@307,20%@307,15%@307,12%@307] EMC_FREQ 0% GR3D_FREQ 0% PLL@52C CPU@53C PMIC@50C GPU@54C AO@64C thermal@55.75C
RAM 1769/1972MB (lfb 1x512kB) SWAP 486/986MB (cached 24MB) CPU [10%@1479,39%@1479,6%@1479,13%@1479] EMC_FREQ 0% GR3D_FREQ 0% PLL@51.5C CPU@53.5C PMIC@50C GPU@54C AO@64C thermal@53.5C
RAM 1759/1972MB (lfb 1x512kB) SWAP 485/986MB (cached 24MB) CPU [8%@518,67%@518,0%@518,7%@518] EMC_FREQ 0% GR3D_FREQ 0% PLL@51.5C CPU@53C PMIC@50C GPU@54C AO@64C thermal@53.5C
RAM 1735/1972MB (lfb 1x512kB) SWAP 484/986MB (cached 24MB) CPU [8%@204,8%@204,23%@204,48%@204] EMC_FREQ 0% GR3D_FREQ 0% PLL@51C CPU@52.5C PMIC@50C GPU@54C AO@64C thermal@53.5C
RAM 1721/1972MB (lfb 1x512kB) SWAP 476/986MB (cached 24MB) CPU [14%@1479,18%@1479,16%@1479,21%@1479] EMC_FREQ 0% GR3D_FREQ 0% PLL@51C CPU@52.5C PMIC@50C GPU@54C AO@64C thermal@53.25C
RAM 1728/1972MB (lfb 1x512kB) SWAP 408/986MB (cached 31MB) CPU [4%@1479,12%@1479,2%@1479,100%@1479] EMC_FREQ 0% GR3D_FREQ 0% PLL@52C CPU@52.5C PMIC@50C GPU@54C AO@64C thermal@53.25C
RAM 1709/1972MB (lfb 2x512kB) SWAP 390/986MB (cached 32MB) CPU [14%@1479,5%@1479,6%@1479,62%@1479] EMC_FREQ 0% GR3D_FREQ 0% PLL@52C CPU@53.5C PMIC@50C GPU@54C AO@64C thermal@53.5C
RAM 1687/1972MB (lfb 1x512kB) SWAP 387/986MB (cached 31MB) CPU [18%@204,6%@204,19%@204,12%@204] EMC_FREQ 0% GR3D_FREQ 0% PLL@51.5C CPU@52.5C PMIC@50C GPU@53.5C AO@64C thermal@53.5C
RAM 1664/1972MB (lfb 1x512kB) SWAP 387/986MB (cached 32MB) CPU [20%@307,13%@204,14%@204,15%@204] EMC_FREQ 0% GR3D_FREQ 0% PLL@51C CPU@52.5C PMIC@50C GPU@53C AO@63.5C thermal@53C
RAM 583/1972MB (lfb 1x1MB) SWAP 269/986MB (cached 23MB) CPU [65%@1326,2%@1326,8%@1326,9%@1326] EMC_FREQ 0% GR3D_FREQ 0% PLL@51.5C CPU@53.5C PMIC@50C GPU@53.5C AO@64C thermal@53C
# Video: UncarroRapidisimo
# Duracion: 106s
# Timestamp: lun 24 nov 16:12:53 CST 2025
