RAM 633/1972MB (lfb 11x1MB) SWAP 351/986MB (cached 13MB) CPU [17%@204,10%@204,16%@204,15%@204] EMC_FREQ 0% GR3D_FREQ 1% PLL@52C CPU@53.5C PMIC@50C GPU@54C AO@65C thermal@54C
RAM 633/1972MB (lfb 11x1MB) SWAP 351/986MB (cached 13MB) CPU [6%@204,6%@204,0%@204,6%@204] EMC_FREQ 0% GR3D_FREQ 0% PLL@52C CPU@53.5C PMIC@50C GPU@54C AO@65.5C thermal@53.5C
RAM 640/1972MB (lfb 11x1MB) SWAP 351/986MB (cached 13MB) CPU [31%@307,11%@307,1%@307,5%@307] EMC_FREQ 0% GR3D_FREQ 0% PLL@52C CPU@53.5C PMIC@50C GPU@54C AO@65.5C thermal@53.5C
RAM 665/1972MB (lfb 11x1MB) SWAP 351/986MB (cached 13MB) CPU [22%@1132,15%@1132,6%@1132,2%@1132] EMC_FREQ 0% GR3D_FREQ 0% PLL@52.5C CPU@54C PMIC@50C GPU@54C AO@65.5C thermal@53.75C
RAM 673/1972MB (lfb 11x1MB) SWAP 351/986MB (cached 13MB) CPU [20%@1479,21%@1479,8%@1479,10%@1479] EMC_FREQ 0% GR3D_FREQ 1% PLL@52.5C CPU@54C PMIC@50C GPU@54C AO@65.5C thermal@53.75C
RAM 681/1972MB (lfb 11x1MB) SWAP 351/986MB (cached 13MB) CPU [12%@1479,23%@1479,11%@1479,5%@1479] EMC_FREQ 0% GR3D_FREQ 14% PLL@52.5C CPU@54C PMIC@50C GPU@54C AO@65C thermal@54C
RAM 697/1972MB (lfb 11x1MB) SWAP 351/986MB (cached 13MB) CPU [16%@307,20%@307,8%@307,16%@307] EMC_FREQ 0% GR3D_FREQ 8% PLL@52C CPU@53.5C PMIC@50C GPU@54C AO@65C thermal@54C
RAM 708/1972MB (lfb 11x1MB) SWAP 351/986MB (cached 13MB) CPU [22%@403,14%@403,6%@403,4%@403] EMC_FREQ 0% GR3D_FREQ 0% PLL@52.5C CPU@53.5C PMIC@50C GPU@54C AO@65C thermal@54C
RAM 752/1972MB (lfb 11x1MB) SWAP 351/986MB (cached 13MB) CPU [13%@1479,8%@1479,57%@1479,31%@1479] EMC_FREQ 0% GR3D_FREQ 0% PLL@52.5C CPU@54C PMIC@50C GPU@54C AO@65.5C thermal@53.75C
RAM 793/1972MB (lfb 11x1MB) SWAP 351/986MB (cached 13MB) CPU [14%@1479,17%@1479,30%@1479,14%@1479] EMC_FREQ 0% GR3D_FREQ 16% PLL@52.5C CPU@54C PMIC@50C GPU@54C AO@65C thermal@53.75C
RAM 854/1972MB (lfb 11x1MB) SWAP 351/986MB (cached 13MB) CPU [12%@1479,2%@1479,51%@1479,22%@1479] EMC_FREQ 0% GR3D_FREQ 0% PLL@52.5C CPU@53.5C PMIC@50C GPU@54C AO@65C thermal@53.75C
RAM 867/1972MB (lfb 11x1MB) SWAP 351/986MB (cached 13MB) CPU [14%@1326,6%@1326,85%@1326,9%@1326] EMC_FREQ 0% GR3D_FREQ 0% PLL@52C CPU@54C PMIC@50C GPU@54C AO@65.5C thermal@53.75C
RAM 902/1972MB (lfb 11x1MB) SWAP 351/986MB (cached 13MB) CPU [29%@1479,15%@1479,47%@1479,10%@1479] EMC_FREQ 0% GR3D_FREQ 0% PLL@52C CPU@55.5C PMIC@50C GPU@54.5C AO@66C thermal@55C
RAM 932/1972MB (lfb 11x1MB) SWAP 351/986MB (cached 13MB) CPU [13%@1479,0%@1479,0%@1479,91%@1479] EMC_FREQ 0% GR3D_FREQ 0% PLL@52.5C CPU@53.5C PMIC@50C GPU@54C AO@65.5C thermal@55C
RAM 938/1972MB (lfb 11x1MB) SWAP 351/986MB (cached 13MB) CPU [4%@307,2%@307,0%@307,86%@307] EMC_FREQ 0% GR3D_FREQ 0% PLL@52.5C CPU@54C PMIC@50C GPU@54C AO@65C thermal@53.75C
RAM 957/1972MB (lfb 11x1MB) SWAP 351/986MB (cached 13MB) CPU [32%@1428,10%@1428,18%@1428,6%@1428] EMC_FREQ 0% GR3D_FREQ 3% PLL@52C CPU@54.5C PMIC@50C GPU@54C AO@65.5C thermal@53.75C
RAM 983/1972MB (lfb 11x1MB) SWAP 351/986MB (cached 13MB) CPU [26%@518,15%@518,23%@518,6%@518] EMC_FREQ 0% GR3D_FREQ 19% PLL@52C CPU@54C PMIC@50C GPU@54C AO@65.5C thermal@54.5C
RAM 1025/1972MB (lfb 11x1MB) SWAP 351/986MB (cached 13MB) CPU [32%@1479,4%@1479,54%@1479,6%@1479] EMC_FREQ 0% GR3D_FREQ 23% PLL@52.5C CPU@54.5C PMIC@50C GPU@54C AO@65.5C thermal@54.5C
RAM 1065/1972MB (lfb 11x1MB) SWAP 351/986MB (cached 13MB) CPU [26%@1479,14%@1479,32%@1479,9%@1479] EMC_FREQ 0% GR3D_FREQ 0% PLL@52.5C CPU@53.5C PMIC@50C GPU@54C AO@65.5C thermal@54.5C
RAM 1116/1972MB (lfb 11x1MB) SWAP 351/986MB (cached 13MB) CPU [25%@403,8%@403,38%@403,12%@403] EMC_FREQ 0% GR3D_FREQ 0% PLL@52C CPU@54C PMIC@50C GPU@54C AO@65.5C thermal@54C
RAM 1147/1972MB (lfb 11x1MB) SWAP 351/986MB (cached 13MB) CPU [31%@1479,11%@1479,48%@1479,6%@1479] EMC_FREQ 0% GR3D_FREQ 0% PLL@52.5C CPU@53.5C PMIC@50C GPU@54C AO@65.5C thermal@54C
RAM 1185/1972MB (lfb 11x1MB) SWAP 351/986MB (cached 13MB) CPU [27%@1479,4%@1479,15%@1479,18%@1479] EMC_FREQ 0% GR3D_FREQ 0% PLL@52C CPU@55C PMIC@50C GPU@54C AO@65.5C thermal@53.75C
RAM 1215/1972MB (lfb 11x1MB) SWAP 351/986MB (cached 13MB) CPU [32%@1479,13%@1479,28%@1479,8%@1479] EMC_FREQ 0% GR3D_FREQ 0% PLL@52C CPU@55.5C PMIC@50C GPU@54C AO@65.5C thermal@53.75C
RAM 1236/1972MB (lfb 2x1MB) SWAP 350/986MB (cached 13MB) CPU [17%@1479,16%@1479,28%@1479,8%@1479] EMC_FREQ 0% GR3D_FREQ 10% PLL@52C CPU@54C PMIC@50C GPU@54C AO@65C thermal@53.75C
RAM 1284/1972MB (lfb 1x1MB) SWAP 349/986MB (cached 21MB) CPU [35%@1479,8%@1479,22%@1479,22%@1479] EMC_FREQ 0% GR3D_FREQ 0% PLL@52C CPU@55C PMIC@50C GPU@54C AO@65.5C thermal@53.75C
RAM 1291/1972MB (lfb 1x1MB) SWAP 349/986MB (cached 21MB) CPU [32%@518,10%@518,46%@518,8%@518] EMC_FREQ 0% GR3D_FREQ 0% PLL@52.5C CPU@54C PMIC@50C GPU@54C AO@65C thermal@54C
RAM 1313/1972MB (lfb 1x1MB) SWAP 349/986MB (cached 21MB) CPU [22%@403,10%@403,34%@403,33%@403] EMC_FREQ 0% GR3D_FREQ 76% PLL@52C CPU@53.5C PMIC@50C GPU@54C AO@65.5C thermal@54C
RAM 1323/1972MB (lfb 1x1MB) SWAP 349/986MB (cached 21MB) CPU [4%@518,15%@518,20%@518,8%@518] EMC_FREQ 0% GR3D_FREQ 94% PLL@52C CPU@53.5C PMIC@50C GPU@54C AO@65C thermal@54C
RAM 1323/1972MB (lfb 1x1MB) SWAP 349/986MB (cached 21MB) CPU [4%@614,9%@614,34%@614,16%@614] EMC_FREQ 0% GR3D_FREQ 42% PLL@52C CPU@53.5C PMIC@50C GPU@54.5C AO@66C thermal@54C
RAM 1323/1972MB (lfb 1x1MB) SWAP 349/986MB (cached 21MB) CPU [4%@710,4%@710,37%@710,18%@710] EMC_FREQ 0% GR3D_FREQ 53% PLL@52.5C CPU@53.5C PMIC@50C GPU@54C AO@65.5C thermal@54C
RAM 1323/1972MB (lfb 1x1MB) SWAP 349/986MB (cached 21MB) CPU [15%@710,6%@710,40%@710,17%@710] EMC_FREQ 0% GR3D_FREQ 59% PLL@52.5C CPU@54C PMIC@50C GPU@54.5C AO@65.5C thermal@54C
RAM 1323/1972MB (lfb 1x1MB) SWAP 349/986MB (cached 21MB) CPU [25%@614,8%@614,37%@614,20%@614] EMC_FREQ 0% GR3D_FREQ 47% PLL@52.5C CPU@54C PMIC@50C GPU@54.5C AO@66C thermal@54C
RAM 1323/1972MB (lfb 1x1MB) SWAP 349/986MB (cached 21MB) CPU [19%@1326,12%@1326,36%@1326,26%@1326] EMC_FREQ 0% GR3D_FREQ 40% PLL@52.5C CPU@54C PMIC@50C GPU@54.5C AO@66C thermal@54.25C
RAM 1323/1972MB (lfb 1x1MB) SWAP 349/986MB (cached 21MB) CPU [12%@403,12%@403,34%@403,16%@403] EMC_FREQ 0% GR3D_FREQ 0% PLL@52.5C CPU@54C PMIC@50C GPU@54C AO@65.5C thermal@54.25C
RAM 1322/1972MB (lfb 1x1MB) SWAP 349/986MB (cached 21MB) CPU [34%@1479,2%@1479,0%@1479,14%@1479] EMC_FREQ 0% GR3D_FREQ 0% PLL@52C CPU@54C PMIC@50C GPU@54C AO@65.5C thermal@53.75C
RAM 1329/1972MB (lfb 1x1MB) SWAP 349/986MB (cached 20MB) CPU [21%@518,6%@518,2%@518,16%@518] EMC_FREQ 0% GR3D_FREQ 0% PLL@52.5C CPU@53.5C PMIC@50C GPU@54C AO@65C thermal@53.75C
RAM 1355/1972MB (lfb 1x1MB) SWAP 349/986MB (cached 20MB) CPU [32%@1479,4%@1479,8%@1479,18%@1479] EMC_FREQ 0% GR3D_FREQ 1% PLL@52.5C CPU@55.5C PMIC@50C GPU@54C AO@65C thermal@53.75C
RAM 1381/1972MB (lfb 1x1MB) SWAP 349/986MB (cached 20MB) CPU [33%@710,7%@710,8%@710,16%@710] EMC_FREQ 0% GR3D_FREQ 0% PLL@52.5C CPU@54C PMIC@50C GPU@54C AO@65.5C thermal@54C
RAM 1423/1972MB (lfb 1x1MB) SWAP 349/986MB (cached 20MB) CPU [37%@403,9%@403,6%@403,24%@403] EMC_FREQ 0% GR3D_FREQ 0% PLL@52.5C CPU@54C PMIC@50C GPU@54C AO@65C thermal@54C
RAM 1493/1972MB (lfb 1x1MB) SWAP 349/986MB (cached 20MB) CPU [43%@1479,16%@1479,21%@1479,34%@1479] EMC_FREQ 0% GR3D_FREQ 7% PLL@53C CPU@54.5C PMIC@50C GPU@54.5C AO@65.5C thermal@53.75C
RAM 1499/1972MB (lfb 1x1MB) SWAP 349/986MB (cached 20MB) CPU [14%@1479,12%@1479,36%@1479,6%@1479] EMC_FREQ 0% GR3D_FREQ 0% PLL@52.5C CPU@53.5C PMIC@50C GPU@54C AO@65C thermal@53.75C
RAM 1525/1972MB (lfb 1x1MB) SWAP 349/986MB (cached 19MB) CPU [21%@1479,12%@1479,8%@1479,10%@1479] EMC_FREQ 0% GR3D_FREQ 0% PLL@52.5C CPU@54C PMIC@50C GPU@54C AO@65C thermal@53.75C
RAM 1577/1972MB (lfb 1x1MB) SWAP 349/986MB (cached 19MB) CPU [40%@1479,15%@1479,10%@1479,19%@1479] EMC_FREQ 0% GR3D_FREQ 0% PLL@52C CPU@54C PMIC@50C GPU@54C AO@65C thermal@53.75C
RAM 1605/1972MB (lfb 1x1MB) SWAP 349/986MB (cached 19MB) CPU [14%@307,22%@307,17%@307,22%@710] EMC_FREQ 0% GR3D_FREQ 0% PLL@52.5C CPU@53.5C PMIC@50C GPU@54C AO@65.5C thermal@54C
RAM 1625/1972MB (lfb 1x1MB) SWAP 349/986MB (cached 18MB) CPU [27%@518,18%@518,4%@518,15%@518] EMC_FREQ 0% GR3D_FREQ 85% PLL@52C CPU@53.5C PMIC@50C GPU@54C AO@66C thermal@54C
RAM 1651/1972MB (lfb 1x1MB) SWAP 349/986MB (cached 17MB) CPU [18%@204,18%@204,8%@102,16%@204] EMC_FREQ 0% GR3D_FREQ 99% PLL@52.5C CPU@54.5C PMIC@50C GPU@55.5C AO@66.5C thermal@55C
RAM 1651/1972MB (lfb 1x1MB) SWAP 349/986MB (cached 17MB) CPU [4%@204,7%@204,26%@204,4%@204] EMC_FREQ 0% GR3D_FREQ 99% PLL@52.5C CPU@54.5C PMIC@50C GPU@55.5C AO@66.5C thermal@55C
RAM 1641/1972MB (lfb 1x1MB) SWAP 349/986MB (cached 17MB) CPU [13%@1479,10%@1479,27%@1479,14%@1479] EMC_FREQ 0% GR3D_FREQ 94% PLL@52.5C CPU@55C PMIC@50C GPU@55.5C AO@67C thermal@55C
RAM 1645/1972MB (lfb 1x1MB) SWAP 349/986MB (cached 17MB) CPU [10%@204,12%@204,30%@204,2%@204] EMC_FREQ 0% GR3D_FREQ 99% PLL@52.5C CPU@54.5C PMIC@50C GPU@55.5C AO@67C thermal@55.25C
RAM 1646/1972MB (lfb 1x1MB) SWAP 349/986MB (cached 17MB) CPU [8%@204,4%@204,30%@204,7%@204] EMC_FREQ 0% GR3D_FREQ 99% PLL@52.5C CPU@54.5C PMIC@50C GPU@55.5C AO@67C thermal@55.25C
RAM 1649/1972MB (lfb 1x1MB) SWAP 349/986MB (cached 17MB) CPU [9%@307,11%@307,29%@307,12%@307] EMC_FREQ 0% GR3D_FREQ 99% PLL@52.5C CPU@54C PMIC@50C GPU@56C AO@66.5C thermal@55.5C
RAM 1649/1972MB (lfb 1x1MB) SWAP 349/986MB (cached 17MB) CPU [4%@1479,14%@1479,33%@1479,8%@1479] EMC_FREQ 0% GR3D_FREQ 93% PLL@53C CPU@55C PMIC@50C GPU@55.5C AO@67C thermal@55.5C
RAM 1649/1972MB (lfb 1x1MB) SWAP 349/986MB (cached 17MB) CPU [16%@307,14%@307,31%@307,12%@307] EMC_FREQ 0% GR3D_FREQ 99% PLL@53C CPU@55C PMIC@50C GPU@55.5C AO@67C thermal@55.25C
RAM 1649/1972MB (lfb 1x1MB) SWAP 349/986MB (cached 17MB) CPU [18%@1479,16%@1479,17%@1479,12%@1479] EMC_FREQ 0% GR3D_FREQ 49% PLL@52.5C CPU@55.5C PMIC@50C GPU@55C AO@67C thermal@55.25C
RAM 1647/1972MB (lfb 1x1MB) SWAP 349/986MB (cached 16MB) CPU [27%@1326,12%@1326,12%@1326,16%@1326] EMC_FREQ 0% GR3D_FREQ 75% PLL@53C CPU@54.5C PMIC@50C GPU@55.5C AO@66.5C thermal@55.25C
RAM 1647/1972MB (lfb 1x1MB) SWAP 349/986MB (cached 16MB) CPU [10%@403,10%@403,25%@403,25%@403] EMC_FREQ 0% GR3D_FREQ 27% PLL@53C CPU@55C PMIC@50C GPU@55.5C AO@67.5C thermal@55.25C
RAM 1647/1972MB (lfb 1x1MB) SWAP 349/986MB (cached 16MB) CPU [24%@710,18%@710,4%@710,24%@710] EMC_FREQ 0% GR3D_FREQ 87% PLL@53C CPU@55C PMIC@50C GPU@55.5C AO@67.5C thermal@55.25C
RAM 1648/1972MB (lfb 1x1MB) SWAP 349/986MB (cached 16MB) CPU [18%@710,2%@710,19%@710,21%@710] EMC_FREQ 0% GR3D_FREQ 44% PLL@52.5C CPU@55C PMIC@50C GPU@56C AO@67C thermal@55.5C
RAM 1648/1972MB (lfb 1x1MB) SWAP 349/986MB (cached 16MB) CPU [52%@1479,27%@1479,11%@1479,20%@1479] EMC_FREQ 0% GR3D_FREQ 25% PLL@52.5C CPU@55C PMIC@50C GPU@55.5C AO@66C thermal@55.5C
RAM 1648/1972MB (lfb 1x1MB) SWAP 349/986MB (cached 16MB) CPU [24%@307,16%@307,26%@307,28%@1479] EMC_FREQ 0% GR3D_FREQ 99% PLL@52.5C CPU@54.5C PMIC@50C GPU@55.5C AO@66C thermal@54.75C
RAM 1648/1972MB (lfb 1x1MB) SWAP 349/986MB (cached 16MB) CPU [16%@1479,4%@1479,10%@1479,19%@1479] EMC_FREQ 0% GR3D_FREQ 44% PLL@53C CPU@55C PMIC@50C GPU@55.5C AO@67C thermal@54.75C
RAM 1649/1972MB (lfb 1x1MB) SWAP 349/986MB (cached 16MB) CPU [25%@307,21%@307,18%@307,12%@307] EMC_FREQ 0% GR3D_FREQ 99% PLL@52.5C CPU@54.5C PMIC@50C GPU@56C AO@66.5C thermal@55.25C
RAM 1649/1972MB (lfb 1x1MB) SWAP 349/986MB (cached 16MB) CPU [22%@825,10%@825,17%@825,14%@825] EMC_FREQ 0% GR3D_FREQ 91% PLL@53C CPU@55C PMIC@50C GPU@55.5C AO@67.5C thermal@55.25C
RAM 1681/1972MB (lfb 1x1MB) SWAP 349/986MB (cached 15MB) CPU [28%@403,10%@403,28%@403,9%@403] EMC_FREQ 0% GR3D_FREQ 35% PLL@52.5C CPU@55.5C PMIC@50C GPU@56C AO@67.5C thermal@55.5C
RAM 1681/1972MB (lfb 1x1MB) SWAP 349/986MB (cached 15MB) CPU [20%@710,20%@710,8%@710,28%@710] EMC_FREQ 0% GR3D_FREQ 85% PLL@52.5C CPU@55C PMIC@50C GPU@55.5C AO@67C thermal@55.5C
RAM 1683/1972MB (lfb 1x1MB) SWAP 349/986MB (cached 15MB) CPU [26%@102,10%@102,6%@102,14%@102] EMC_FREQ 0% GR3D_FREQ 83% PLL@52.5C CPU@54.5C PMIC@50C GPU@56C AO@67C thermal@55.5C
RAM 1683/1972MB (lfb 1x1MB) SWAP 349/986MB (cached 15MB) CPU [36%@1479,22%@1479,10%@1479,40%@1479] EMC_FREQ 0% GR3D_FREQ 30% PLL@52.5C CPU@55.5C PMIC@50C GPU@55C AO@66.5C thermal@55C
RAM 1734/1972MB (lfb 1x1MB) SWAP 349/986MB (cached 15MB) CPU [52%@403,12%@403,36%@403,10%@403] EMC_FREQ 0% GR3D_FREQ 99% PLL@52.5C CPU@54.5C PMIC@50C GPU@55.5C AO@66.5C thermal@55C
RAM 1733/1972MB (lfb 1x1MB) SWAP 349/986MB (cached 15MB) CPU [2%@710,18%@710,10%@710,14%@710] EMC_FREQ 0% GR3D_FREQ 41% PLL@53C CPU@55.5C PMIC@50C GPU@56C AO@67.5C thermal@55C
RAM 1743/1972MB (lfb 1x1MB) SWAP 349/986MB (cached 15MB) CPU [12%@102,14%@102,31%@102,22%@102] EMC_FREQ 0% GR3D_FREQ 99% PLL@53C CPU@54.5C PMIC@50C GPU@56C AO@67C thermal@55C
RAM 1743/1972MB (lfb 1x1MB) SWAP 349/986MB (cached 15MB) CPU [26%@614,18%@614,4%@614,14%@614] EMC_FREQ 0% GR3D_FREQ 89% PLL@52.5C CPU@55.5C PMIC@50C GPU@56C AO@68C thermal@55.25C
RAM 1803/1972MB (lfb 1x1MB) SWAP 349/986MB (cached 14MB) CPU [46%@102,7%@102,5%@102,20%@102] EMC_FREQ 0% GR3D_FREQ 99% PLL@52.5C CPU@54.5C PMIC@50C GPU@56C AO@67C thermal@55.25C
RAM 1803/1972MB (lfb 1x1MB) SWAP 349/986MB (cached 14MB) CPU [25%@518,31%@518,6%@518,24%@518] EMC_FREQ 0% GR3D_FREQ 70% PLL@52.5C CPU@55.5C PMIC@50C GPU@56C AO@67C thermal@55.5C
RAM 1804/1972MB (lfb 1x1MB) SWAP 349/986MB (cached 14MB) CPU [28%@1479,12%@1479,16%@1479,10%@1479] EMC_FREQ 0% GR3D_FREQ 15% PLL@53C CPU@55.5C PMIC@50C GPU@56C AO@67C thermal@55.5C
RAM 1803/1972MB (lfb 1x1MB) SWAP 349/986MB (cached 14MB) CPU [18%@1479,16%@1479,24%@1479,6%@1479] EMC_FREQ 0% GR3D_FREQ 57% PLL@53C CPU@56C PMIC@50C GPU@55.5C AO@67C thermal@55.25C
RAM 1803/1972MB (lfb 1x1MB) SWAP 349/986MB (cached 14MB) CPU [26%@1479,23%@1479,31%@1479,16%@1479] EMC_FREQ 0% GR3D_FREQ 16% PLL@53.5C CPU@54.5C PMIC@50C GPU@55.5C AO@66.5C thermal@55.25C
RAM 1804/1972MB (lfb 1x1MB) SWAP 349/986MB (cached 14MB) CPU [16%@1479,16%@1479,24%@1479,9%@1479] EMC_FREQ 0% GR3D_FREQ 50% PLL@53C CPU@55.5C PMIC@50C GPU@56C AO@67.5C thermal@55.25C
RAM 1803/1972MB (lfb 1x1MB) SWAP 349/986MB (cached 14MB) CPU [20%@1479,11%@1479,22%@1479,25%@1479] EMC_FREQ 0% GR3D_FREQ 50% PLL@53C CPU@55.5C PMIC@50C GPU@55.5C AO@67C thermal@56C
RAM 1802/1972MB (lfb 2x1MB) SWAP 349/986MB (cached 14MB) CPU [18%@1326,16%@1326,40%@1326,14%@1326] EMC_FREQ 0% GR3D_FREQ 52% PLL@53C CPU@55C PMIC@50C GPU@55.5C AO@67.5C thermal@56C
RAM 1843/1972MB (lfb 1x1MB) SWAP 349/986MB (cached 14MB) CPU [34%@1132,21%@1036,14%@1036,7%@1036] EMC_FREQ 0% GR3D_FREQ 49% PLL@53C CPU@55C PMIC@50C GPU@56C AO@68C thermal@55.5C
RAM 1843/1972MB (lfb 1x1MB) SWAP 349/986MB (cached 14MB) CPU [26%@403,10%@403,20%@403,21%@403] EMC_FREQ 0% GR3D_FREQ 65% PLL@53C CPU@55.5C PMIC@50C GPU@56.5C AO@67.5C thermal@55.5C
RAM 1831/1972MB (lfb 1x1MB) SWAP 349/986MB (cached 14MB) CPU [40%@1132,6%@1132,22%@1479,15%@1479] EMC_FREQ 0% GR3D_FREQ 39% PLL@53C CPU@55C PMIC@50C GPU@55.5C AO@67C thermal@55.75C
RAM 1830/1972MB (lfb 1x1MB) SWAP 349/986MB (cached 14MB) CPU [20%@518,21%@518,23%@518,25%@518] EMC_FREQ 0% GR3D_FREQ 0% PLL@53C CPU@54.5C PMIC@50C GPU@55.5C AO@66C thermal@55.75C
RAM 1819/1972MB (lfb 1x1MB) SWAP 349/986MB (cached 14MB) CPU [30%@1479,16%@1479,28%@1479,25%@1479] EMC_FREQ 0% GR3D_FREQ 20% PLL@53.5C CPU@55C PMIC@50C GPU@55.5C AO@66C thermal@55.25C
RAM 1815/1972MB (lfb 1x1MB) SWAP 349/986MB (cached 14MB) CPU [37%@1479,24%@1479,30%@1479,18%@1479] EMC_FREQ 0% GR3D_FREQ 21% PLL@53.5C CPU@55.5C PMIC@50C GPU@55.5C AO@66.5C thermal@55.25C
RAM 1816/1972MB (lfb 1x1MB) SWAP 349/986MB (cached 14MB) CPU [38%@1479,26%@1479,28%@1479,31%@1479] EMC_FREQ 0% GR3D_FREQ 21% PLL@53C CPU@55C PMIC@50C GPU@56C AO@66.5C thermal@55.25C
RAM 1816/1972MB (lfb 1x1MB) SWAP 349/986MB (cached 14MB) CPU [20%@1479,43%@1479,29%@1479,28%@1479] EMC_FREQ 0% GR3D_FREQ 11% PLL@52.5C CPU@55C PMIC@50C GPU@55.5C AO@66.5C thermal@55.5C
RAM 1815/1972MB (lfb 1x1MB) SWAP 349/986MB (cached 14MB) CPU [30%@204,24%@204,9%@204,29%@204] EMC_FREQ 0% GR3D_FREQ 0% PLL@52.5C CPU@54C PMIC@50C GPU@55C AO@65.5C thermal@55.5C
RAM 1798/1972MB (lfb 1x1MB) SWAP 349/986MB (cached 14MB) CPU [6%@1479,48%@1479,0%@1479,8%@1479] EMC_FREQ 0% GR3D_FREQ 0% PLL@53C CPU@54.5C PMIC@50C GPU@55C AO@66C thermal@54.25C
RAM 1790/1972MB (lfb 1x1MB) SWAP 349/986MB (cached 14MB) CPU [40%@1479,42%@1479,0%@1479,4%@1479] EMC_FREQ 0% GR3D_FREQ 0% PLL@53C CPU@56C PMIC@50C GPU@55C AO@66C thermal@54.25C
RAM 1782/1972MB (lfb 1x1MB) SWAP 349/986MB (cached 14MB) CPU [16%@1479,2%@1479,65%@1479,2%@1479] EMC_FREQ 0% GR3D_FREQ 0% PLL@53C CPU@54C PMIC@50C GPU@54.5C AO@66C thermal@54.5C
RAM 1782/1972MB (lfb 1x1MB) SWAP 349/986MB (cached 14MB) CPU [1%@1479,1%@1479,96%@1479,0%@1479] EMC_FREQ 0% GR3D_FREQ 0% PLL@53C CPU@54C PMIC@50C GPU@54.5C AO@65.5C thermal@54.5C
RAM 1782/1972MB (lfb 1x1MB) SWAP 349/986MB (cached 14MB) CPU [24%@1479,0%@1479,77%@1479,1%@1479] EMC_FREQ 0% GR3D_FREQ 0% PLL@52.5C CPU@54C PMIC@50C GPU@54.5C AO@66C thermal@54.25C
RAM 1782/1972MB (lfb 1x1MB) SWAP 349/986MB (cached 14MB) CPU [2%@1479,0%@1479,98%@1479,2%@1479] EMC_FREQ 0% GR3D_FREQ 1% PLL@53C CPU@54.5C PMIC@50C GPU@54.5C AO@66C thermal@54.25C
RAM 1782/1972MB (lfb 1x1MB) SWAP 349/986MB (cached 14MB) CPU [1%@1479,0%@1479,100%@1479,3%@1479] EMC_FREQ 0% GR3D_FREQ 0% PLL@53C CPU@54C PMIC@50C GPU@54.5C AO@66C thermal@54.25C
RAM 1782/1972MB (lfb 1x1MB) SWAP 349/986MB (cached 14MB) CPU [27%@1479,0%@1479,76%@1479,0%@1479] EMC_FREQ 0% GR3D_FREQ 0% PLL@52.5C CPU@54.5C PMIC@50C GPU@54.5C AO@66C thermal@54.25C
RAM 1783/1972MB (lfb 1x1MB) SWAP 349/986MB (cached 14MB) CPU [20%@1479,0%@1479,78%@1479,2%@1479] EMC_FREQ 0% GR3D_FREQ 0% PLL@52.5C CPU@56.5C PMIC@50C GPU@54.5C AO@66C thermal@54.25C
RAM 1783/1972MB (lfb 1x1MB) SWAP 349/986MB (cached 14MB) CPU [6%@1479,0%@1479,96%@1479,0%@1479] EMC_FREQ 0% GR3D_FREQ 0% PLL@52.5C CPU@54C PMIC@50C GPU@54.5C AO@65.5C thermal@54.25C
RAM 1783/1972MB (lfb 1x1MB) SWAP 349/986MB (cached 14MB) CPU [0%@1479,0%@1479,100%@1479,0%@1479] EMC_FREQ 0% GR3D_FREQ 0% PLL@53C CPU@54.5C PMIC@50C GPU@54.5C AO@66C thermal@54.25C
RAM 1758/1972MB (lfb 1x1MB) SWAP 349/986MB (cached 14MB) CPU [2%@1479,59%@1479,100%@1479,2%@1479] EMC_FREQ 0% GR3D_FREQ 0% PLL@53C CPU@54C PMIC@50C GPU@54.5C AO@66C thermal@54.25C
RAM 1758/1972MB (lfb 1x1MB) SWAP 349/986MB (cached 14MB) CPU [28%@1479,0%@1479,72%@1479,3%@1479] EMC_FREQ 0% GR3D_FREQ 0% PLL@53C CPU@54C PMIC@50C GPU@54.5C AO@65.5C thermal@54.25C
RAM 1758/1972MB (lfb 1x1MB) SWAP 349/986MB (cached 14MB) CPU [0%@1479,26%@1479,74%@1479,0%@1479] EMC_FREQ 0% GR3D_FREQ 12% PLL@53C CPU@54.5C PMIC@50C GPU@54.5C AO@65.5C thermal@54.25C
RAM 1758/1972MB (lfb 1x1MB) SWAP 349/986MB (cached 14MB) CPU [0%@1479,1%@1479,100%@1479,0%@1479] EMC_FREQ 0% GR3D_FREQ 0% PLL@53C CPU@54C PMIC@50C GPU@54.5C AO@65.5C thermal@54.25C
RAM 1758/1972MB (lfb 1x1MB) SWAP 349/986MB (cached 14MB) CPU [30%@1479,0%@1479,70%@1479,2%@1479] EMC_FREQ 0% GR3D_FREQ 0% PLL@52.5C CPU@54.5C PMIC@50C GPU@54.5C AO@65.5C thermal@54.25C
RAM 1758/1972MB (lfb 1x1MB) SWAP 349/986MB (cached 14MB) CPU [2%@1479,0%@1479,100%@1479,0%@1479] EMC_FREQ 0% GR3D_FREQ 0% PLL@53C CPU@54C PMIC@50C GPU@54.5C AO@65.5C thermal@54.25C
RAM 1758/1972MB (lfb 1x1MB) SWAP 349/986MB (cached 14MB) CPU [2%@1479,30%@1479,70%@1479,3%@1479] EMC_FREQ 0% GR3D_FREQ 0% PLL@53C CPU@54C PMIC@50C GPU@54C AO@65.5C thermal@54.25C
RAM 1758/1972MB (lfb 1x1MB) SWAP 349/986MB (cached 14MB) CPU [5%@1428,26%@1428,67%@1428,2%@1428] EMC_FREQ 0% GR3D_FREQ 43% PLL@53C CPU@54.5C PMIC@50C GPU@54C AO@65.5C thermal@54.25C
RAM 1758/1972MB (lfb 1x1MB) SWAP 349/986MB (cached 14MB) CPU [0%@1479,0%@1479,91%@1479,2%@1479] EMC_FREQ 0% GR3D_FREQ 0% PLL@53C CPU@54C PMIC@50C GPU@54.5C AO@65C thermal@54.25C
RAM 1758/1972MB (lfb 1x1MB) SWAP 349/986MB (cached 14MB) CPU [2%@1479,31%@1479,72%@1479,0%@1479] EMC_FREQ 0% GR3D_FREQ 0% PLL@53C CPU@54C PMIC@50C GPU@54.5C AO@65.5C thermal@54C
RAM 1758/1972MB (lfb 1x1MB) SWAP 349/986MB (cached 14MB) CPU [0%@1479,0%@1479,100%@1479,0%@1479] EMC_FREQ 0% GR3D_FREQ 0% PLL@53C CPU@53.5C PMIC@50C GPU@54.5C AO@65.5C thermal@54C
RAM 1759/1972MB (lfb 1x1MB) SWAP 349/986MB (cached 14MB) CPU [0%@1479,0%@1479,96%@1479,0%@1479] EMC_FREQ 0% GR3D_FREQ 0% PLL@53C CPU@54C PMIC@50C GPU@54.5C AO@65.5C thermal@54.25C
RAM 1759/1972MB (lfb 1x1MB) SWAP 349/986MB (cached 14MB) CPU [4%@1479,2%@1479,98%@1479,3%@1479] EMC_FREQ 0% GR3D_FREQ 0% PLL@53C CPU@54C PMIC@50C GPU@54.5C AO@65.5C thermal@54.25C
RAM 1759/1972MB (lfb 1x1MB) SWAP 349/986MB (cached 14MB) CPU [0%@1479,26%@1479,72%@1479,2%@1479] EMC_FREQ 0% GR3D_FREQ 0% PLL@53C CPU@54C PMIC@50C GPU@54.5C AO@65.5C thermal@54.25C
RAM 1759/1972MB (lfb 1x1MB) SWAP 349/986MB (cached 14MB) CPU [5%@1479,30%@1479,67%@1479,2%@1479] EMC_FREQ 0% GR3D_FREQ 4% PLL@53C CPU@54.5C PMIC@50C GPU@54.5C AO@66C thermal@54.25C
RAM 1759/1972MB (lfb 1x1MB) SWAP 349/986MB (cached 14MB) CPU [100%@1479,0%@1479,0%@1479,0%@1479] EMC_FREQ 0% GR3D_FREQ 0% PLL@52.5C CPU@55.5C PMIC@50C GPU@54.5C AO@65.5C thermal@54.25C
RAM 1759/1972MB (lfb 1x1MB) SWAP 349/986MB (cached 14MB) CPU [66%@1479,2%@1479,30%@1479,2%@1479] EMC_FREQ 0% GR3D_FREQ 0% PLL@52.5C CPU@54.5C PMIC@50C GPU@54.5C AO@65.5C thermal@55C
RAM 1759/1972MB (lfb 1x1MB) SWAP 349/986MB (cached 14MB) CPU [0%@1479,0%@1479,100%@1479,0%@1479] EMC_FREQ 0% GR3D_FREQ 0% PLL@53C CPU@54C PMIC@50C GPU@55C AO@65.5C thermal@55C
RAM 1759/1972MB (lfb 1x1MB) SWAP 349/986MB (cached 14MB) CPU [7%@1479,96%@1479,4%@1479,0%@1479] EMC_FREQ 0% GR3D_FREQ 0% PLL@52.5C CPU@54.5C PMIC@50C GPU@54.5C AO@65.5C thermal@54.5C
RAM 1759/1972MB (lfb 1x1MB) SWAP 349/986MB (cached 14MB) CPU [24%@1479,63%@1479,12%@1479,2%@1479] EMC_FREQ 0% GR3D_FREQ 0% PLL@53C CPU@54C PMIC@50C GPU@54.5C AO@65.5C thermal@54.5C
RAM 1759/1972MB (lfb 1x1MB) SWAP 349/986MB (cached 14MB) CPU [0%@1479,0%@1479,100%@1479,3%@1479] EMC_FREQ 0% GR3D_FREQ 0% PLL@53C CPU@54C PMIC@50C GPU@54.5C AO@65.5C thermal@54.25C
RAM 1759/1972MB (lfb 1x1MB) SWAP 349/986MB (cached 14MB) CPU [51%@1479,0%@1479,50%@1479,0%@1479] EMC_FREQ 0% GR3D_FREQ 0% PLL@53C CPU@56C PMIC@50C GPU@54.5C AO@66C thermal@54.25C
RAM 1759/1972MB (lfb 1x1MB) SWAP 349/986MB (cached 14MB) CPU [84%@1479,14%@1479,0%@1479,0%@1479] EMC_FREQ 0% GR3D_FREQ 0% PLL@53C CPU@54.5C PMIC@50C GPU@54C AO@66C thermal@55.25C
RAM 1759/1972MB (lfb 1x1MB) SWAP 349/986MB (cached 14MB) CPU [3%@1479,100%@1479,0%@1479,0%@1479] EMC_FREQ 0% GR3D_FREQ 0% PLL@52.5C CPU@54.5C PMIC@50C GPU@54.5C AO@65.5C thermal@55.25C
RAM 1760/1972MB (lfb 1x1MB) SWAP 349/986MB (cached 14MB) CPU [5%@1479,73%@1479,25%@1479,5%@1479] EMC_FREQ 0% GR3D_FREQ 0% PLL@53C CPU@54.5C PMIC@50C GPU@54C AO@65.5C thermal@55.25C
RAM 1760/1972MB (lfb 1x1MB) SWAP 349/986MB (cached 14MB) CPU [5%@1479,100%@1479,3%@1479,4%@1479] EMC_FREQ 0% GR3D_FREQ 0% PLL@52.5C CPU@54.5C PMIC@50C GPU@54C AO@65.5C thermal@54.25C
RAM 1760/1972MB (lfb 1x1MB) SWAP 349/986MB (cached 14MB) CPU [2%@1479,37%@1479,60%@1479,1%@1479] EMC_FREQ 0% GR3D_FREQ 0% PLL@53C CPU@54C PMIC@50C GPU@54.5C AO@65.5C thermal@54.25C
RAM 1760/1972MB (lfb 1x1MB) SWAP 349/986MB (cached 14MB) CPU [2%@1479,25%@1479,74%@1479,0%@1479] EMC_FREQ 0% GR3D_FREQ 1% PLL@53C CPU@54.5C PMIC@50C GPU@54.5C AO@65.5C thermal@54.25C
RAM 1760/1972MB (lfb 1x1MB) SWAP 349/986MB (cached 14MB) CPU [100%@1479,0%@1479,0%@1479,0%@1479] EMC_FREQ 0% GR3D_FREQ 0% PLL@52.5C CPU@56C PMIC@50C GPU@54.5C AO@66C thermal@54.25C
RAM 1760/1972MB (lfb 1x1MB) SWAP 349/986MB (cached 14MB) CPU [73%@1479,24%@1479,1%@1479,0%@1479] EMC_FREQ 0% GR3D_FREQ 0% PLL@52.5C CPU@56C PMIC@50C GPU@54.5C AO@66C thermal@54.25C
RAM 1760/1972MB (lfb 1x1MB) SWAP 349/986MB (cached 14MB) CPU [100%@1479,1%@1479,1%@1479,3%@1479] EMC_FREQ 0% GR3D_FREQ 0% PLL@52.5C CPU@55.5C PMIC@50C GPU@54.5C AO@65.5C thermal@54.25C
RAM 1760/1972MB (lfb 1x1MB) SWAP 349/986MB (cached 14MB) CPU [72%@1479,30%@1479,0%@1479,2%@1479] EMC_FREQ 0% GR3D_FREQ 0% PLL@52.5C CPU@56C PMIC@50C GPU@54.5C AO@65.5C thermal@55C
RAM 1760/1972MB (lfb 1x1MB) SWAP 349/986MB (cached 14MB) CPU [100%@1479,0%@1479,0%@1479,3%@1479] EMC_FREQ 0% GR3D_FREQ 0% PLL@52.5C CPU@56C PMIC@50C GPU@54.5C AO@66C thermal@55C
RAM 1760/1972MB (lfb 1x1MB) SWAP 349/986MB (cached 14MB) CPU [3%@1479,100%@1479,0%@1479,0%@1479] EMC_FREQ 0% GR3D_FREQ 0% PLL@52.5C CPU@54.5C PMIC@50C GPU@54C AO@65.5C thermal@54.25C
RAM 1760/1972MB (lfb 1x1MB) SWAP 349/986MB (cached 14MB) CPU [28%@1479,35%@1479,39%@1479,0%@1479] EMC_FREQ 0% GR3D_FREQ 0% PLL@52.5C CPU@54C PMIC@50C GPU@54.5C AO@65.5C thermal@54.25C
RAM 1760/1972MB (lfb 1x1MB) SWAP 349/986MB (cached 14MB) CPU [1%@1479,1%@1479,100%@1479,3%@1479] EMC_FREQ 0% GR3D_FREQ 0% PLL@52.5C CPU@54.5C PMIC@50C GPU@54.5C AO@65.5C thermal@54.25C
RAM 1760/1972MB (lfb 1x1MB) SWAP 349/986MB (cached 14MB) CPU [0%@1479,75%@1479,24%@1479,0%@1479] EMC_FREQ 0% GR3D_FREQ 0% PLL@52.5C CPU@54.5C PMIC@50C GPU@54C AO@65.5C thermal@54.5C
RAM 1760/1972MB (lfb 1x1MB) SWAP 349/986MB (cached 14MB) CPU [27%@1479,62%@1479,0%@1479,14%@1479] EMC_FREQ 0% GR3D_FREQ 0% PLL@53C CPU@54.5C PMIC@50C GPU@54C AO@65.5C thermal@54.5C
RAM 1760/1972MB (lfb 1x1MB) SWAP 349/986MB (cached 14MB) CPU [0%@1479,0%@1479,0%@1479,100%@1479] EMC_FREQ 0% GR3D_FREQ 0% PLL@53C CPU@54C PMIC@50C GPU@54C AO@65.5C thermal@54C
RAM 1760/1972MB (lfb 1x1MB) SWAP 349/986MB (cached 14MB) CPU [46%@1479,26%@1479,0%@1479,28%@1479] EMC_FREQ 0% GR3D_FREQ 0% PLL@52.5C CPU@56C PMIC@50C GPU@54.5C AO@66C thermal@54C
RAM 1760/1972MB (lfb 1x1MB) SWAP 349/986MB (cached 14MB) CPU [91%@1479,8%@1479,0%@1479,0%@1479] EMC_FREQ 0% GR3D_FREQ 0% PLL@52.5C CPU@54.5C PMIC@50C GPU@54C AO@65.5C thermal@54.75C
RAM 1760/1972MB (lfb 1x1MB) SWAP 349/986MB (cached 14MB) CPU [80%@1479,18%@1479,1%@1479,0%@1479] EMC_FREQ 0% GR3D_FREQ 0% PLL@53C CPU@55.5C PMIC@50C GPU@54C AO@66C thermal@54.75C
RAM 1760/1972MB (lfb 1x1MB) SWAP 349/986MB (cached 14MB) CPU [72%@1479,28%@1479,0%@1479,2%@1479] EMC_FREQ 0% GR3D_FREQ 0% PLL@53C CPU@56C PMIC@50C GPU@54C AO@66C thermal@54.25C
RAM 1760/1972MB (lfb 1x1MB) SWAP 349/986MB (cached 14MB) CPU [100%@1479,0%@1479,0%@1479,3%@1479] EMC_FREQ 0% GR3D_FREQ 0% PLL@52.5C CPU@55.5C PMIC@50C GPU@54C AO@65.5C thermal@54.25C
RAM 1760/1972MB (lfb 1x1MB) SWAP 349/986MB (cached 14MB) CPU [60%@1479,2%@1479,0%@1479,42%@1479] EMC_FREQ 0% GR3D_FREQ 0% PLL@53C CPU@54C PMIC@50C GPU@54C AO@65.5C thermal@54.25C
RAM 1760/1972MB (lfb 1x1MB) SWAP 349/986MB (cached 14MB) CPU [0%@1479,3%@1479,0%@1479,96%@1479] EMC_FREQ 0% GR3D_FREQ 0% PLL@53C CPU@54C PMIC@50C GPU@54C AO@65.5C thermal@54C
RAM 1760/1972MB (lfb 1x1MB) SWAP 349/986MB (cached 14MB) CPU [75%@1479,24%@1479,0%@1479,0%@1479] EMC_FREQ 0% GR3D_FREQ 0% PLL@52.5C CPU@55.5C PMIC@50C GPU@54C AO@66C thermal@54C
RAM 1760/1972MB (lfb 1x1MB) SWAP 349/986MB (cached 14MB) CPU [72%@1479,28%@1479,0%@1479,0%@1479] EMC_FREQ 0% GR3D_FREQ 0% PLL@52.5C CPU@54.5C PMIC@50C GPU@54C AO@65.5C thermal@54.75C
RAM 1760/1972MB (lfb 1x1MB) SWAP 349/986MB (cached 14MB) CPU [100%@1479,1%@1479,0%@1479,0%@1479] EMC_FREQ 0% GR3D_FREQ 0% PLL@53C CPU@55.5C PMIC@50C GPU@54C AO@65.5C thermal@54.75C
RAM 1760/1972MB (lfb 1x1MB) SWAP 349/986MB (cached 14MB) CPU [100%@1479,0%@1479,0%@1479,3%@1479] EMC_FREQ 0% GR3D_FREQ 0% PLL@52.5C CPU@56C PMIC@50C GPU@54.5C AO@65.5C thermal@55.25C
RAM 1760/1972MB (lfb 1x1MB) SWAP 349/986MB (cached 14MB) CPU [100%@1479,3%@1479,0%@1479,1%@1479] EMC_FREQ 0% GR3D_FREQ 0% PLL@52.5C CPU@56C PMIC@50C GPU@54C AO@65.5C thermal@55.25C
RAM 1761/1972MB (lfb 1x1MB) SWAP 349/986MB (cached 14MB) CPU [62%@1479,39%@1479,1%@1479,2%@1479] EMC_FREQ 0% GR3D_FREQ 0% PLL@52.5C CPU@56C PMIC@50C GPU@54.5C AO@65.5C thermal@55C
RAM 1761/1972MB (lfb 1x1MB) SWAP 349/986MB (cached 14MB) CPU [91%@1479,10%@1479,1%@1479,0%@1479] EMC_FREQ 0% GR3D_FREQ 0% PLL@53C CPU@55C PMIC@50C GPU@54C AO@65.5C thermal@55C
RAM 1760/1972MB (lfb 1x1MB) SWAP 349/986MB (cached 14MB) CPU [0%@1479,100%@1479,0%@1479,0%@1479] EMC_FREQ 0% GR3D_FREQ 0% PLL@52.5C CPU@54.5C PMIC@50C GPU@54.5C AO@65.5C thermal@55C
RAM 1761/1972MB (lfb 1x1MB) SWAP 349/986MB (cached 14MB) CPU [0%@1479,76%@1479,2%@1479,22%@1479] EMC_FREQ 0% GR3D_FREQ 0% PLL@53C CPU@54C PMIC@50C GPU@54C AO@65.5C thermal@54.5C
RAM 1761/1972MB (lfb 1x1MB) SWAP 349/986MB (cached 14MB) CPU [1%@1479,0%@1479,0%@1479,100%@1479] EMC_FREQ 0% GR3D_FREQ 0% PLL@53C CPU@54C PMIC@50C GPU@54.5C AO@65.5C thermal@54.5C
RAM 1761/1972MB (lfb 1x1MB) SWAP 349/986MB (cached 14MB) CPU [84%@1479,1%@1479,0%@1479,18%@1479] EMC_FREQ 0% GR3D_FREQ 0% PLL@52.5C CPU@55.5C PMIC@50C GPU@54.5C AO@65.5C thermal@55C
RAM 1760/1972MB (lfb 1x1MB) SWAP 349/986MB (cached 14MB) CPU [78%@1479,20%@1479,0%@1479,3%@1479] EMC_FREQ 0% GR3D_FREQ 0% PLL@53C CPU@54.5C PMIC@50C GPU@54C AO@65.5C thermal@55C
RAM 1761/1972MB (lfb 1x1MB) SWAP 349/986MB (cached 14MB) CPU [96%@1479,4%@1479,2%@1479,0%@1479] EMC_FREQ 0% GR3D_FREQ 0% PLL@52.5C CPU@55.5C PMIC@50C GPU@54C AO@65.5C thermal@55C
RAM 1761/1972MB (lfb 1x1MB) SWAP 349/986MB (cached 14MB) CPU [74%@1479,26%@1479,0%@1479,0%@1479] EMC_FREQ 0% GR3D_FREQ 0% PLL@52.5C CPU@56.5C PMIC@50C GPU@54C AO@65.5C thermal@55C
RAM 1761/1972MB (lfb 1x1MB) SWAP 349/986MB (cached 14MB) CPU [100%@1479,0%@1479,2%@1479,0%@1479] EMC_FREQ 0% GR3D_FREQ 0% PLL@52.5C CPU@56C PMIC@50C GPU@54.5C AO@65.5C thermal@55.25C
RAM 1761/1972MB (lfb 1x1MB) SWAP 349/986MB (cached 14MB) CPU [73%@1479,28%@1479,1%@1479,2%@1479] EMC_FREQ 0% GR3D_FREQ 0% PLL@52.5C CPU@55C PMIC@50C GPU@54.5C AO@65.5C thermal@55.25C
RAM 1761/1972MB (lfb 1x1MB) SWAP 349/986MB (cached 14MB) CPU [100%@1479,1%@1479,0%@1479,1%@1479] EMC_FREQ 0% GR3D_FREQ 1% PLL@52.5C CPU@55.5C PMIC@50C GPU@54C AO@65.5C thermal@55.25C
RAM 1761/1972MB (lfb 1x1MB) SWAP 349/986MB (cached 14MB) CPU [100%@1479,2%@1479,2%@1479,3%@1479] EMC_FREQ 0% GR3D_FREQ 0% PLL@52.5C CPU@55.5C PMIC@50C GPU@54.5C AO@66C thermal@54.75C
RAM 1761/1972MB (lfb 1x1MB) SWAP 349/986MB (cached 14MB) CPU [73%@1479,24%@1479,0%@1479,0%@1479] EMC_FREQ 0% GR3D_FREQ 0% PLL@52.5C CPU@56C PMIC@50C GPU@54C AO@65.5C thermal@54.75C
RAM 1761/1972MB (lfb 1x1MB) SWAP 349/986MB (cached 14MB) CPU [100%@1479,2%@1479,0%@1479,0%@1479] EMC_FREQ 0% GR3D_FREQ 0% PLL@52.5C CPU@55.5C PMIC@50C GPU@54C AO@65.5C thermal@54.75C
RAM 1760/1972MB (lfb 1x1MB) SWAP 349/986MB (cached 14MB) CPU [2%@1479,98%@1479,0%@1479,0%@1479] EMC_FREQ 0% GR3D_FREQ 0% PLL@52.5C CPU@54C PMIC@50C GPU@54C AO@65.5C thermal@54.75C
RAM 1761/1972MB (lfb 1x1MB) SWAP 349/986MB (cached 14MB) CPU [0%@1479,100%@1479,0%@1479,0%@1479] EMC_FREQ 0% GR3D_FREQ 0% PLL@52.5C CPU@54.5C PMIC@50C GPU@54C AO@65C thermal@54C
RAM 1761/1972MB (lfb 1x1MB) SWAP 349/986MB (cached 14MB) CPU [0%@1479,100%@1479,0%@1479,3%@1479] EMC_FREQ 0% GR3D_FREQ 0% PLL@52.5C CPU@54C PMIC@50C GPU@54.5C AO@65.5C thermal@54C
RAM 1761/1972MB (lfb 1x1MB) SWAP 349/986MB (cached 14MB) CPU [62%@1479,40%@1479,0%@1479,3%@1479] EMC_FREQ 0% GR3D_FREQ 0% PLL@52.5C CPU@56.5C PMIC@50C GPU@54C AO@65.5C thermal@55C
RAM 1761/1972MB (lfb 1x1MB) SWAP 349/986MB (cached 14MB) CPU [100%@1479,0%@1479,0%@1479,0%@1479] EMC_FREQ 0% GR3D_FREQ 0% PLL@52.5C CPU@55.5C PMIC@50C GPU@54.5C AO@65.5C thermal@55C
RAM 1751/1972MB (lfb 1x1MB) SWAP 349/986MB (cached 14MB) CPU [39%@1479,10%@1479,7%@1479,12%@1479] EMC_FREQ 0% GR3D_FREQ 12% PLL@52.5C CPU@54.5C PMIC@50C GPU@54C AO@65.5C thermal@54.25C
RAM 1738/1972MB (lfb 1x1MB) SWAP 349/986MB (cached 14MB) CPU [26%@102,18%@102,8%@102,8%@102] EMC_FREQ 0% GR3D_FREQ 0% PLL@52.5C CPU@53.5C PMIC@50C GPU@54C AO@65.5C thermal@54.25C
RAM 1732/1972MB (lfb 1x1MB) SWAP 349/986MB (cached 14MB) CPU [8%@1479,46%@1479,8%@1479,10%@1479] EMC_FREQ 0% GR3D_FREQ 0% PLL@53C CPU@54.5C PMIC@50C GPU@54.5C AO@65.5C thermal@54.25C
RAM 1727/1972MB (lfb 1x1MB) SWAP 349/986MB (cached 14MB) CPU [7%@1036,60%@1036,7%@1036,4%@1036] EMC_FREQ 0% GR3D_FREQ 0% PLL@52C CPU@54C PMIC@50C GPU@54.5C AO@65.5C thermal@55C
RAM 1729/1972MB (lfb 1x1MB) SWAP 349/986MB (cached 14MB) CPU [16%@1479,25%@1479,14%@1479,10%@1479] EMC_FREQ 0% GR3D_FREQ 0% PLL@52.5C CPU@54C PMIC@50C GPU@54.5C AO@65C thermal@55C
RAM 1808/1972MB (lfb 1x1MB) SWAP 362/986MB (cached 13MB) CPU [8%@1479,92%@1479,8%@1479,54%@1479] EMC_FREQ 0% GR3D_FREQ 5% PLL@53C CPU@55.5C PMIC@50C GPU@55.5C AO@65.5C thermal@54.75C
RAM 1787/1972MB (lfb 1x1MB) SWAP 362/986MB (cached 13MB) CPU [9%@614,13%@614,74%@614,3%@614] EMC_FREQ 0% GR3D_FREQ 0% PLL@52.5C CPU@54C PMIC@50C GPU@55C AO@65.5C thermal@54.75C
RAM 1826/1972MB (lfb 1x1MB) SWAP 364/986MB (cached 13MB) CPU [10%@518,19%@518,34%@518,20%@518] EMC_FREQ 0% GR3D_FREQ 1% PLL@53C CPU@54.5C PMIC@50C GPU@55C AO@65.5C thermal@54.5C
RAM 1827/1972MB (lfb 1x1MB) SWAP 371/986MB (cached 13MB) CPU [19%@403,14%@403,3%@403,20%@403] EMC_FREQ 0% GR3D_FREQ 0% PLL@52.5C CPU@54C PMIC@50C GPU@54.5C AO@65.5C thermal@54.5C
RAM 1862/1972MB (lfb 1x1MB) SWAP 378/986MB (cached 13MB) CPU [35%@1479,14%@1479,31%@1479,31%@1479] EMC_FREQ 0% GR3D_FREQ 2% PLL@53C CPU@54.5C PMIC@50C GPU@55C AO@66C thermal@54.5C
RAM 1884/1972MB (lfb 1x1MB) SWAP 390/986MB (cached 13MB) CPU [25%@1479,36%@1479,22%@1479,9%@1479] EMC_FREQ 0% GR3D_FREQ 0% PLL@52.5C CPU@55C PMIC@50C GPU@55C AO@65.5C thermal@54.5C
RAM 1888/1972MB (lfb 1x1MB) SWAP 390/986MB (cached 13MB) CPU [19%@1326,24%@1326,16%@1326,4%@1326] EMC_FREQ 0% GR3D_FREQ 0% PLL@52.5C CPU@54C PMIC@50C GPU@55C AO@65.5C thermal@54.5C
RAM 1898/1972MB (lfb 1x1MB) SWAP 390/986MB (cached 13MB) CPU [31%@825,8%@825,6%@825,4%@825] EMC_FREQ 0% GR3D_FREQ 0% PLL@52.5C CPU@54C PMIC@50C GPU@55C AO@66C thermal@54.25C
RAM 1898/1972MB (lfb 1x1MB) SWAP 410/986MB (cached 13MB) CPU [16%@1479,43%@1479,28%@1479,0%@1479] EMC_FREQ 0% GR3D_FREQ 0% PLL@53C CPU@54C PMIC@50C GPU@54.5C AO@65.5C thermal@54.25C
RAM 1890/1972MB (lfb 1x1MB) SWAP 424/986MB (cached 12MB) CPU [18%@1132,12%@1132,40%@1132,2%@1132] EMC_FREQ 0% GR3D_FREQ 0% PLL@52.5C CPU@54C PMIC@50C GPU@54C AO@65.5C thermal@54C
RAM 1882/1972MB (lfb 1x1MB) SWAP 436/986MB (cached 12MB) CPU [38%@1036,14%@1036,2%@1036,4%@1036] EMC_FREQ 0% GR3D_FREQ 0% PLL@52C CPU@54C PMIC@50C GPU@54C AO@65.5C thermal@54C
RAM 1880/1972MB (lfb 1x1MB) SWAP 441/986MB (cached 12MB) CPU [12%@710,23%@710,4%@710,5%@710] EMC_FREQ 0% GR3D_FREQ 0% PLL@52.5C CPU@53.5C PMIC@50C GPU@54C AO@65C thermal@54.25C
RAM 1883/1972MB (lfb 1x1MB) SWAP 449/986MB (cached 13MB) CPU [14%@1479,10%@1479,33%@1479,6%@1479] EMC_FREQ 0% GR3D_FREQ 0% PLL@52C CPU@54C PMIC@50C GPU@54C AO@66C thermal@54.25C
RAM 1875/1972MB (lfb 1x1MB) SWAP 475/986MB (cached 13MB) CPU [11%@403,2%@403,68%@403,5%@403] EMC_FREQ 0% GR3D_FREQ 0% PLL@52.5C CPU@54C PMIC@50C GPU@54C AO@65.5C thermal@54.25C
RAM 1878/1972MB (lfb 1x1MB) SWAP 486/986MB (cached 13MB) CPU [17%@307,9%@307,44%@307,6%@307] EMC_FREQ 0% GR3D_FREQ 12% PLL@52.5C CPU@54C PMIC@50C GPU@54.5C AO@65.5C thermal@54.25C
RAM 1872/1972MB (lfb 1x1MB) SWAP 496/986MB (cached 13MB) CPU [36%@518,12%@518,0%@518,2%@518] EMC_FREQ 0% GR3D_FREQ 0% PLL@52.5C CPU@54C PMIC@50C GPU@54C AO@65.5C thermal@54.25C
RAM 1862/1972MB (lfb 1x1MB) SWAP 517/986MB (cached 12MB) CPU [65%@1479,6%@1479,7%@1479,5%@1479] EMC_FREQ 0% GR3D_FREQ 13% PLL@52.5C CPU@56C PMIC@50C GPU@54C AO@65.5C thermal@54C
RAM 1847/1972MB (lfb 1x1MB) SWAP 540/986MB (cached 12MB) CPU [63%@1479,6%@1479,4%@1479,14%@1479] EMC_FREQ 0% GR3D_FREQ 0% PLL@52.5C CPU@56C PMIC@50C GPU@54.5C AO@66C thermal@54C
RAM 1847/1972MB (lfb 1x1MB) SWAP 540/986MB (cached 12MB) CPU [22%@204,16%@204,16%@204,11%@204] EMC_FREQ 0% GR3D_FREQ 0% PLL@52.5C CPU@54C PMIC@50C GPU@55C AO@65.5C thermal@54.25C
RAM 1841/1972MB (lfb 1x1MB) SWAP 548/986MB (cached 12MB) CPU [37%@403,22%@403,27%@403,20%@403] EMC_FREQ 0% GR3D_FREQ 93% PLL@53C CPU@56.5C PMIC@50C GPU@56.5C AO@69.5C thermal@54.25C
RAM 1835/1972MB (lfb 1x1MB) SWAP 558/986MB (cached 11MB) CPU [48%@518,21%@518,30%@518,24%@518] EMC_FREQ 0% GR3D_FREQ 83% PLL@53C CPU@57C PMIC@50C GPU@57C AO@69C thermal@57.75C
RAM 1835/1972MB (lfb 1x1MB) SWAP 558/986MB (cached 11MB) CPU [24%@403,19%@403,26%@403,17%@403] EMC_FREQ 0% GR3D_FREQ 80% PLL@53.5C CPU@57C PMIC@50C GPU@57C AO@69C thermal@57.75C
RAM 1835/1972MB (lfb 1x1MB) SWAP 558/986MB (cached 11MB) CPU [20%@403,23%@403,28%@403,29%@403] EMC_FREQ 0% GR3D_FREQ 93% PLL@53.5C CPU@57C PMIC@50C GPU@57.5C AO@69C thermal@57C
RAM 1835/1972MB (lfb 1x1MB) SWAP 558/986MB (cached 11MB) CPU [20%@403,20%@403,31%@403,29%@403] EMC_FREQ 0% GR3D_FREQ 92% PLL@53.5C CPU@57C PMIC@50C GPU@57C AO@69.5C thermal@57C
RAM 1835/1972MB (lfb 1x1MB) SWAP 558/986MB (cached 11MB) CPU [22%@614,14%@614,32%@614,27%@614] EMC_FREQ 0% GR3D_FREQ 87% PLL@53.5C CPU@57C PMIC@50C GPU@57C AO@69.5C thermal@57C
RAM 1835/1972MB (lfb 1x1MB) SWAP 558/986MB (cached 11MB) CPU [25%@710,22%@710,32%@710,22%@710] EMC_FREQ 0% GR3D_FREQ 74% PLL@53.5C CPU@56.5C PMIC@50C GPU@57C AO@69.5C thermal@57C
RAM 1831/1972MB (lfb 1x1MB) SWAP 558/986MB (cached 11MB) CPU [20%@710,18%@710,22%@710,18%@710] EMC_FREQ 0% GR3D_FREQ 0% PLL@53.5C CPU@55C PMIC@50C GPU@55.5C AO@66C thermal@57C
RAM 1803/1972MB (lfb 1x1MB) SWAP 557/986MB (cached 11MB) CPU [14%@1428,20%@1479,22%@1479,18%@1479] EMC_FREQ 0% GR3D_FREQ 4% PLL@53C CPU@54.5C PMIC@50C GPU@55.5C AO@66C thermal@55C
RAM 1789/1972MB (lfb 1x1MB) SWAP 557/986MB (cached 11MB) CPU [4%@518,0%@518,23%@518,14%@518] EMC_FREQ 0% GR3D_FREQ 0% PLL@53C CPU@54C PMIC@50C GPU@55.5C AO@65.5C thermal@55C
RAM 1772/1972MB (lfb 1x1MB) SWAP 556/986MB (cached 11MB) CPU [8%@1479,5%@1479,8%@1479,78%@1479] EMC_FREQ 0% GR3D_FREQ 0% PLL@53C CPU@54C PMIC@50C GPU@55.5C AO@66C thermal@54.75C
RAM 1739/1972MB (lfb 1x1MB) SWAP 556/986MB (cached 11MB) CPU [8%@204,4%@614,7%@614,58%@614] EMC_FREQ 0% GR3D_FREQ 0% PLL@52.5C CPU@54.5C PMIC@50C GPU@55C AO@66C thermal@54.75C
RAM 1737/1972MB (lfb 1x1MB) SWAP 552/986MB (cached 11MB) CPU [19%@825,4%@825,14%@825,10%@825] EMC_FREQ 0% GR3D_FREQ 0% PLL@52.5C CPU@54C PMIC@50C GPU@55C AO@65.5C thermal@54.5C
RAM 1725/1972MB (lfb 2x1MB) SWAP 519/986MB (cached 14MB) CPU [20%@1479,0%@1479,15%@1479,58%@1479] EMC_FREQ 0% GR3D_FREQ 0% PLL@53.5C CPU@54C PMIC@50C GPU@55C AO@65.5C thermal@54.5C
RAM 1738/1972MB (lfb 1x1MB) SWAP 448/986MB (cached 20MB) CPU [8%@1326,4%@1326,2%@1326,88%@1326] EMC_FREQ 0% GR3D_FREQ 0% PLL@53C CPU@54C PMIC@50C GPU@55.5C AO@66C thermal@54.75C
RAM 1708/1972MB (lfb 1x1MB) SWAP 427/986MB (cached 21MB) CPU [14%@614,44%@614,12%@614,4%@614] EMC_FREQ 0% GR3D_FREQ 0% PLL@52.5C CPU@54.5C PMIC@50C GPU@55C AO@65.5C thermal@54.75C
# Video: Video4Carros
# Duracion: 105s
# Timestamp: dom 23 nov 00:37:19 CST 2025
