RAM 583/1972MB (lfb 1x1MB) SWAP 269/986MB (cached 23MB) CPU [3%@307,12%@307,3%@307,1%@307] EMC_FREQ 0% GR3D_FREQ 0% PLL@51C CPU@52.5C PMIC@50C GPU@53.5C AO@64C thermal@52.75C
RAM 583/1972MB (lfb 1x1MB) SWAP 269/986MB (cached 23MB) CPU [12%@307,4%@307,6%@307,4%@307] EMC_FREQ 0% GR3D_FREQ 0% PLL@51C CPU@52.5C PMIC@50C GPU@53.5C AO@63.5C thermal@52.75C
RAM 589/1972MB (lfb 1x1MB) SWAP 269/986MB (cached 23MB) CPU [38%@1479,16%@1479,12%@1479,4%@1479] EMC_FREQ 0% GR3D_FREQ 0% PLL@51.5C CPU@54C PMIC@50C GPU@53C AO@64C thermal@52.75C
RAM 598/1972MB (lfb 1x1MB) SWAP 269/986MB (cached 23MB) CPU [40%@307,12%@307,12%@307,11%@307] EMC_FREQ 0% GR3D_FREQ 37% PLL@51.5C CPU@53C PMIC@50C GPU@53.5C AO@64C thermal@52.75C
RAM 600/1972MB (lfb 1x1MB) SWAP 269/986MB (cached 23MB) CPU [16%@1479,6%@1479,20%@1479,22%@1479] EMC_FREQ 0% GR3D_FREQ 0% PLL@51C CPU@52.5C PMIC@50C GPU@53.5C AO@63.5C thermal@52.75C
RAM 601/1972MB (lfb 1x1MB) SWAP 269/986MB (cached 23MB) CPU [20%@102,10%@102,8%@102,18%@102] EMC_FREQ 0% GR3D_FREQ 0% PLL@51.5C CPU@52.5C PMIC@50C GPU@53C AO@63.5C thermal@52.75C
RAM 631/1972MB (lfb 1x1MB) SWAP 269/986MB (cached 23MB) CPU [28%@307,10%@307,6%@307,41%@307] EMC_FREQ 0% GR3D_FREQ 0% PLL@52C CPU@53C PMIC@50C GPU@53.5C AO@63.5C thermal@52.75C
RAM 641/1972MB (lfb 1x1MB) SWAP 269/986MB (cached 23MB) CPU [10%@204,8%@204,23%@204,20%@204] EMC_FREQ 0% GR3D_FREQ 0% PLL@51.5C CPU@52.5C PMIC@50C GPU@53C AO@64C thermal@53C
RAM 664/1972MB (lfb 1x1MB) SWAP 269/986MB (cached 23MB) CPU [18%@307,6%@307,25%@307,15%@307] EMC_FREQ 0% GR3D_FREQ 0% PLL@51.5C CPU@52.5C PMIC@50C GPU@53.5C AO@63.5C thermal@53C
RAM 693/1972MB (lfb 1x1MB) SWAP 269/986MB (cached 23MB) CPU [20%@307,4%@307,47%@307,10%@307] EMC_FREQ 0% GR3D_FREQ 0% PLL@51C CPU@52.5C PMIC@50C GPU@53C AO@64C thermal@53C
RAM 728/1972MB (lfb 1x1MB) SWAP 269/986MB (cached 23MB) CPU [32%@1479,4%@1479,59%@1479,12%@1479] EMC_FREQ 0% GR3D_FREQ 0% PLL@51.5C CPU@53C PMIC@50C GPU@53.5C AO@64C thermal@53C
RAM 768/1972MB (lfb 1x1MB) SWAP 269/986MB (cached 23MB) CPU [9%@1479,14%@1479,29%@1479,29%@1479] EMC_FREQ 0% GR3D_FREQ 8% PLL@52C CPU@52.5C PMIC@50C GPU@53.5C AO@64C thermal@53C
RAM 785/1972MB (lfb 1x1MB) SWAP 269/986MB (cached 23MB) CPU [6%@1479,17%@1479,38%@1479,27%@1479] EMC_FREQ 0% GR3D_FREQ 0% PLL@52C CPU@53C PMIC@50C GPU@53.5C AO@63.5C thermal@53C
RAM 829/1972MB (lfb 1x1MB) SWAP 269/986MB (cached 23MB) CPU [8%@1428,6%@1428,56%@1428,27%@1428] EMC_FREQ 0% GR3D_FREQ 0% PLL@51.5C CPU@53C PMIC@50C GPU@53.5C AO@64C thermal@53.5C
RAM 861/1972MB (lfb 1x2MB) SWAP 269/986MB (cached 23MB) CPU [39%@1479,2%@1479,42%@1479,13%@1479] EMC_FREQ 0% GR3D_FREQ 0% PLL@51.5C CPU@55C PMIC@50C GPU@53.5C AO@64C thermal@53.5C
RAM 890/1972MB (lfb 1x2MB) SWAP 269/986MB (cached 23MB) CPU [100%@1479,0%@1479,2%@1479,9%@1479] EMC_FREQ 0% GR3D_FREQ 0% PLL@51.5C CPU@55.5C PMIC@50C GPU@53C AO@64.5C thermal@53.5C
RAM 897/1972MB (lfb 1x2MB) SWAP 269/986MB (cached 23MB) CPU [82%@1036,2%@1036,0%@1036,6%@1036] EMC_FREQ 0% GR3D_FREQ 0% PLL@51.5C CPU@52.5C PMIC@50C GPU@53C AO@64C thermal@54.25C
RAM 917/1972MB (lfb 1x2MB) SWAP 269/986MB (cached 23MB) CPU [9%@102,10%@204,24%@204,24%@204] EMC_FREQ 0% GR3D_FREQ 0% PLL@51.5C CPU@52.5C PMIC@50C GPU@53C AO@63.5C thermal@54.25C
RAM 940/1972MB (lfb 1x2MB) SWAP 269/986MB (cached 23MB) CPU [10%@614,12%@614,31%@614,16%@614] EMC_FREQ 0% GR3D_FREQ 9% PLL@51.5C CPU@52.5C PMIC@50C GPU@53.5C AO@63.5C thermal@52.75C
RAM 975/1972MB (lfb 2x1MB) SWAP 269/986MB (cached 23MB) CPU [8%@1428,8%@1428,51%@1428,22%@1428] EMC_FREQ 0% GR3D_FREQ 19% PLL@52C CPU@53C PMIC@50C GPU@53C AO@64C thermal@52.75C
RAM 1020/1972MB (lfb 2x1MB) SWAP 269/986MB (cached 23MB) CPU [6%@1479,4%@1479,46%@1479,30%@1479] EMC_FREQ 0% GR3D_FREQ 9% PLL@51.5C CPU@53C PMIC@50C GPU@53C AO@63.5C thermal@53C
RAM 1054/1972MB (lfb 2x1MB) SWAP 269/986MB (cached 23MB) CPU [14%@1479,10%@1479,45%@1479,8%@1479] EMC_FREQ 0% GR3D_FREQ 39% PLL@51.5C CPU@53C PMIC@50C GPU@53C AO@63.5C thermal@53C
RAM 1079/1972MB (lfb 2x1MB) SWAP 269/986MB (cached 23MB) CPU [14%@1479,11%@1479,28%@1479,17%@1479] EMC_FREQ 0% GR3D_FREQ 29% PLL@51.5C CPU@52.5C PMIC@50C GPU@53C AO@63C thermal@52.75C
RAM 1105/1972MB (lfb 2x1MB) SWAP 269/986MB (cached 23MB) CPU [14%@1479,6%@1479,39%@1479,26%@1479] EMC_FREQ 0% GR3D_FREQ 5% PLL@51.5C CPU@52.5C PMIC@50C GPU@53C AO@63C thermal@52.75C
RAM 1147/1972MB (lfb 2x1MB) SWAP 269/986MB (cached 23MB) CPU [6%@1224,12%@1224,32%@1224,24%@1224] EMC_FREQ 0% GR3D_FREQ 0% PLL@52C CPU@53C PMIC@50C GPU@53.5C AO@63.5C thermal@52.75C
RAM 1194/1972MB (lfb 7x512kB) SWAP 269/986MB (cached 23MB) CPU [8%@1428,8%@1428,34%@1428,42%@1428] EMC_FREQ 0% GR3D_FREQ 47% PLL@51.5C CPU@53C PMIC@50C GPU@53C AO@63.5C thermal@53.25C
RAM 1240/1972MB (lfb 1x512kB) SWAP 269/986MB (cached 23MB) CPU [26%@1479,45%@1479,6%@1479,14%@1479] EMC_FREQ 0% GR3D_FREQ 0% PLL@51C CPU@54C PMIC@50C GPU@53.5C AO@64C thermal@53.25C
RAM 1245/1972MB (lfb 1x1MB) SWAP 269/986MB (cached 23MB) CPU [23%@1479,48%@1479,10%@1479,18%@1479] EMC_FREQ 0% GR3D_FREQ 38% PLL@51.5C CPU@53.5C PMIC@50C GPU@53C AO@63.5C thermal@53.5C
RAM 1279/1972MB (lfb 1x512kB) SWAP 269/986MB (cached 23MB) CPU [16%@1224,7%@1224,45%@1479,27%@1479] EMC_FREQ 0% GR3D_FREQ 0% PLL@51.5C CPU@53C PMIC@50C GPU@53C AO@64C thermal@53.5C
RAM 1311/1972MB (lfb 1x512kB) SWAP 269/986MB (cached 23MB) CPU [27%@1479,20%@1479,20%@1479,31%@1479] EMC_FREQ 0% GR3D_FREQ 31% PLL@51.5C CPU@53.5C PMIC@50C GPU@53.5C AO@63.5C thermal@53C
RAM 1322/1972MB (lfb 1x512kB) SWAP 269/986MB (cached 23MB) CPU [6%@1479,15%@1479,32%@1479,10%@1479] EMC_FREQ 0% GR3D_FREQ 45% PLL@51C CPU@53C PMIC@50C GPU@53C AO@64C thermal@53C
RAM 1322/1972MB (lfb 1x512kB) SWAP 269/986MB (cached 23MB) CPU [14%@921,18%@921,36%@921,20%@921] EMC_FREQ 0% GR3D_FREQ 49% PLL@51.5C CPU@53.5C PMIC@50C GPU@53.5C AO@64.5C thermal@53.25C
RAM 1322/1972MB (lfb 1x512kB) SWAP 269/986MB (cached 23MB) CPU [8%@518,10%@518,28%@518,23%@518] EMC_FREQ 0% GR3D_FREQ 48% PLL@51C CPU@53C PMIC@50C GPU@53C AO@64C thermal@53.25C
RAM 1322/1972MB (lfb 1x512kB) SWAP 269/986MB (cached 23MB) CPU [12%@921,42%@710,9%@710,20%@710] EMC_FREQ 0% GR3D_FREQ 46% PLL@51.5C CPU@53C PMIC@50C GPU@53C AO@64C thermal@53.25C
RAM 1322/1972MB (lfb 1x2MB) SWAP 269/986MB (cached 23MB) CPU [15%@1224,12%@1224,50%@1224,19%@1224] EMC_FREQ 0% GR3D_FREQ 42% PLL@51.5C CPU@54C PMIC@50C GPU@53C AO@64C thermal@53.25C
RAM 1322/1972MB (lfb 1x2MB) SWAP 269/986MB (cached 23MB) CPU [16%@1132,10%@1132,24%@1132,47%@1132] EMC_FREQ 0% GR3D_FREQ 37% PLL@51.5C CPU@53.5C PMIC@50C GPU@53C AO@64C thermal@53.25C
RAM 1319/1972MB (lfb 1x1MB) SWAP 269/986MB (cached 23MB) CPU [16%@710,15%@710,14%@710,14%@710] EMC_FREQ 0% GR3D_FREQ 0% PLL@51C CPU@53C PMIC@50C GPU@53C AO@63.5C thermal@53.25C
RAM 1336/1972MB (lfb 1x512kB) SWAP 269/986MB (cached 23MB) CPU [7%@1036,2%@1036,14%@1036,38%@1036] EMC_FREQ 0% GR3D_FREQ 0% PLL@51.5C CPU@52.5C PMIC@50C GPU@53.5C AO@63.5C thermal@53.25C
RAM 1342/1972MB (lfb 1x512kB) SWAP 269/986MB (cached 23MB) CPU [6%@1479,5%@1479,16%@1479,17%@1479] EMC_FREQ 0% GR3D_FREQ 0% PLL@51C CPU@52.5C PMIC@50C GPU@53C AO@63.5C thermal@52.75C
RAM 1370/1972MB (lfb 1x512kB) SWAP 269/986MB (cached 23MB) CPU [8%@1479,8%@1479,22%@1479,31%@1479] EMC_FREQ 0% GR3D_FREQ 0% PLL@51C CPU@53C PMIC@50C GPU@53.5C AO@63.5C thermal@52.75C
RAM 1402/1972MB (lfb 1x512kB) SWAP 269/986MB (cached 22MB) CPU [10%@1479,17%@1479,22%@1479,23%@1479] EMC_FREQ 0% GR3D_FREQ 0% PLL@51C CPU@52.5C PMIC@50C GPU@53.5C AO@63.5C thermal@53C
RAM 1453/1972MB (lfb 1x512kB) SWAP 269/986MB (cached 21MB) CPU [6%@1479,9%@1479,25%@1479,38%@1479] EMC_FREQ 0% GR3D_FREQ 4% PLL@52C CPU@52.5C PMIC@50C GPU@53C AO@63.5C thermal@53C
RAM 1484/1972MB (lfb 1x512kB) SWAP 269/986MB (cached 21MB) CPU [18%@710,16%@710,12%@710,24%@710] EMC_FREQ 0% GR3D_FREQ 0% PLL@51C CPU@52.5C PMIC@50C GPU@53C AO@63.5C thermal@52.75C
RAM 1522/1972MB (lfb 2x512kB) SWAP 269/986MB (cached 21MB) CPU [16%@1428,12%@1428,18%@1428,31%@1428] EMC_FREQ 0% GR3D_FREQ 0% PLL@51C CPU@53C PMIC@50C GPU@53C AO@63C thermal@52.75C
RAM 1559/1972MB (lfb 2x512kB) SWAP 269/986MB (cached 21MB) CPU [18%@204,4%@1224,22%@1224,29%@1224] EMC_FREQ 0% GR3D_FREQ 1% PLL@51C CPU@52.5C PMIC@50C GPU@53C AO@63C thermal@52.75C
RAM 1611/1972MB (lfb 2x512kB) SWAP 269/986MB (cached 20MB) CPU [16%@1479,47%@1479,28%@1479,16%@1479] EMC_FREQ 0% GR3D_FREQ 0% PLL@51.5C CPU@53C PMIC@50C GPU@53C AO@63.5C thermal@52.75C
RAM 1644/1972MB (lfb 2x512kB) SWAP 269/986MB (cached 20MB) CPU [4%@1479,12%@1479,18%@1479,32%@1479] EMC_FREQ 0% GR3D_FREQ 47% PLL@51C CPU@52.5C PMIC@50C GPU@53.5C AO@64C thermal@52.75C
RAM 1644/1972MB (lfb 2x512kB) SWAP 269/986MB (cached 20MB) CPU [23%@403,12%@403,27%@403,19%@403] EMC_FREQ 0% GR3D_FREQ 99% PLL@51.5C CPU@53.5C PMIC@50C GPU@54.5C AO@65C thermal@53.75C
RAM 1637/1972MB (lfb 2x512kB) SWAP 269/986MB (cached 20MB) CPU [23%@825,18%@825,30%@825,23%@825] EMC_FREQ 0% GR3D_FREQ 47% PLL@51C CPU@54C PMIC@50C GPU@54.5C AO@65C thermal@53.75C
RAM 1636/1972MB (lfb 2x512kB) SWAP 269/986MB (cached 20MB) CPU [17%@518,27%@518,22%@518,13%@518] EMC_FREQ 0% GR3D_FREQ 41% PLL@51.5C CPU@54C PMIC@50C GPU@54C AO@64.5C thermal@54.5C
RAM 1637/1972MB (lfb 2x512kB) SWAP 269/986MB (cached 20MB) CPU [18%@518,10%@518,30%@518,17%@518] EMC_FREQ 0% GR3D_FREQ 99% PLL@51.5C CPU@54C PMIC@50C GPU@54.5C AO@65.5C thermal@54.5C
RAM 1637/1972MB (lfb 2x512kB) SWAP 269/986MB (cached 20MB) CPU [36%@825,12%@825,14%@825,10%@825] EMC_FREQ 0% GR3D_FREQ 74% PLL@51.5C CPU@54.5C PMIC@50C GPU@54.5C AO@65.5C thermal@54.5C
RAM 1633/1972MB (lfb 2x512kB) SWAP 269/986MB (cached 20MB) CPU [23%@518,28%@518,22%@518,35%@518] EMC_FREQ 0% GR3D_FREQ 99% PLL@51.5C CPU@54C PMIC@50C GPU@55C AO@65C thermal@54.5C
RAM 1636/1972MB (lfb 2x512kB) SWAP 269/986MB (cached 20MB) CPU [38%@921,20%@921,26%@921,19%@921] EMC_FREQ 0% GR3D_FREQ 54% PLL@51.5C CPU@54C PMIC@50C GPU@55C AO@65C thermal@54.5C
RAM 1632/1972MB (lfb 2x512kB) SWAP 269/986MB (cached 20MB) CPU [25%@1479,35%@1479,26%@1479,16%@1479] EMC_FREQ 0% GR3D_FREQ 99% PLL@51.5C CPU@54C PMIC@50C GPU@55C AO@65.5C thermal@54.5C
RAM 1632/1972MB (lfb 1x2MB) SWAP 269/986MB (cached 20MB) CPU [16%@614,26%@614,16%@614,16%@614] EMC_FREQ 0% GR3D_FREQ 96% PLL@51.5C CPU@54.5C PMIC@50C GPU@55C AO@66.5C thermal@54.5C
RAM 1645/1972MB (lfb 2x512kB) SWAP 269/986MB (cached 20MB) CPU [24%@614,9%@614,19%@614,14%@614] EMC_FREQ 0% GR3D_FREQ 96% PLL@51.5C CPU@54.5C PMIC@50C GPU@55C AO@66C thermal@54.75C
RAM 1645/1972MB (lfb 2x512kB) SWAP 269/986MB (cached 20MB) CPU [30%@403,20%@403,10%@403,12%@403] EMC_FREQ 0% GR3D_FREQ 29% PLL@51.5C CPU@54C PMIC@50C GPU@55C AO@65.5C thermal@54.75C
RAM 1645/1972MB (lfb 2x512kB) SWAP 269/986MB (cached 20MB) CPU [19%@403,30%@403,18%@403,18%@403] EMC_FREQ 0% GR3D_FREQ 96% PLL@51.5C CPU@54.5C PMIC@50C GPU@55C AO@66C thermal@54.75C
RAM 1645/1972MB (lfb 2x512kB) SWAP 269/986MB (cached 20MB) CPU [20%@1479,33%@1479,24%@1479,25%@1479] EMC_FREQ 0% GR3D_FREQ 39% PLL@51.5C CPU@54.5C PMIC@50C GPU@55C AO@65.5C thermal@54.75C
RAM 1645/1972MB (lfb 2x512kB) SWAP 269/986MB (cached 20MB) CPU [65%@1479,26%@1479,18%@1479,45%@1479] EMC_FREQ 0% GR3D_FREQ 52% PLL@52C CPU@54C PMIC@50C GPU@54C AO@65C thermal@54.5C
RAM 1649/1972MB (lfb 2x512kB) SWAP 269/986MB (cached 20MB) CPU [34%@1479,36%@1479,28%@1479,43%@1479] EMC_FREQ 0% GR3D_FREQ 99% PLL@52C CPU@54C PMIC@50C GPU@55C AO@65C thermal@54.5C
RAM 1641/1972MB (lfb 2x512kB) SWAP 269/986MB (cached 20MB) CPU [35%@1479,26%@1479,19%@1479,26%@1479] EMC_FREQ 0% GR3D_FREQ 49% PLL@52C CPU@55C PMIC@50C GPU@55C AO@65.5C thermal@54.75C
RAM 1668/1972MB (lfb 2x512kB) SWAP 269/986MB (cached 20MB) CPU [44%@1036,12%@1036,18%@1036,27%@1036] EMC_FREQ 0% GR3D_FREQ 96% PLL@52.5C CPU@54C PMIC@50C GPU@55C AO@65.5C thermal@54.75C
RAM 1683/1972MB (lfb 2x512kB) SWAP 269/986MB (cached 20MB) CPU [45%@1479,17%@1479,39%@1479,31%@1479] EMC_FREQ 0% GR3D_FREQ 99% PLL@52C CPU@55C PMIC@50C GPU@54.5C AO@66C thermal@54.75C
RAM 1680/1972MB (lfb 2x512kB) SWAP 269/986MB (cached 20MB) CPU [26%@1132,42%@1132,25%@1132,10%@1132] EMC_FREQ 0% GR3D_FREQ 29% PLL@52C CPU@54.5C PMIC@50C GPU@55C AO@65C thermal@54.5C
RAM 1679/1972MB (lfb 2x512kB) SWAP 269/986MB (cached 20MB) CPU [16%@1132,19%@1132,4%@1132,34%@1132] EMC_FREQ 0% GR3D_FREQ 59% PLL@51.5C CPU@54.5C PMIC@50C GPU@55C AO@65C thermal@54.5C
RAM 1682/1972MB (lfb 2x512kB) SWAP 269/986MB (cached 20MB) CPU [28%@1036,11%@1036,2%@1036,24%@1036] EMC_FREQ 0% GR3D_FREQ 50% PLL@52C CPU@54.5C PMIC@50C GPU@55C AO@66C thermal@54.5C
RAM 1683/1972MB (lfb 2x512kB) SWAP 269/986MB (cached 20MB) CPU [20%@1479,16%@1479,28%@1479,47%@1479] EMC_FREQ 0% GR3D_FREQ 41% PLL@52C CPU@54C PMIC@50C GPU@55C AO@65.5C thermal@54.5C
RAM 1728/1972MB (lfb 2x512kB) SWAP 271/986MB (cached 20MB) CPU [37%@102,4%@102,18%@102,5%@102] EMC_FREQ 0% GR3D_FREQ 99% PLL@51.5C CPU@54C PMIC@50C GPU@55C AO@65C thermal@54.25C
RAM 1727/1972MB (lfb 2x512kB) SWAP 271/986MB (cached 20MB) CPU [33%@1479,18%@1479,8%@1479,20%@1479] EMC_FREQ 0% GR3D_FREQ 37% PLL@51.5C CPU@54.5C PMIC@50C GPU@55C AO@65C thermal@54.25C
RAM 1729/1972MB (lfb 2x512kB) SWAP 271/986MB (cached 20MB) CPU [28%@102,2%@102,5%@102,5%@102] EMC_FREQ 0% GR3D_FREQ 99% PLL@51.5C CPU@53.5C PMIC@50C GPU@55C AO@65C thermal@54.25C
RAM 1795/1972MB (lfb 2x512kB) SWAP 276/986MB (cached 19MB) CPU [70%@1479,16%@1479,29%@1479,4%@1479] EMC_FREQ 0% GR3D_FREQ 0% PLL@51.5C CPU@54C PMIC@50C GPU@54.5C AO@64C thermal@54.25C
RAM 1794/1972MB (lfb 2x512kB) SWAP 276/986MB (cached 19MB) CPU [26%@1479,20%@1479,4%@1479,6%@1479] EMC_FREQ 0% GR3D_FREQ 71% PLL@51.5C CPU@54C PMIC@50C GPU@55C AO@65.5C thermal@54.25C
RAM 1794/1972MB (lfb 2x512kB) SWAP 276/986MB (cached 19MB) CPU [34%@518,22%@518,16%@518,11%@518] EMC_FREQ 0% GR3D_FREQ 39% PLL@52C CPU@54.5C PMIC@50C GPU@55.5C AO@65.5C thermal@54.75C
RAM 1794/1972MB (lfb 3x512kB) SWAP 276/986MB (cached 19MB) CPU [50%@825,16%@825,6%@825,4%@825] EMC_FREQ 0% GR3D_FREQ 99% PLL@52C CPU@53.5C PMIC@50C GPU@54.5C AO@65C thermal@54.75C
RAM 1798/1972MB (lfb 3x512kB) SWAP 276/986MB (cached 19MB) CPU [26%@1479,22%@1479,16%@1479,9%@1479] EMC_FREQ 0% GR3D_FREQ 27% PLL@52C CPU@54.5C PMIC@50C GPU@55C AO@65C thermal@54.25C
RAM 1810/1972MB (lfb 2x512kB) SWAP 276/986MB (cached 19MB) CPU [46%@1479,33%@1479,21%@1479,11%@1479] EMC_FREQ 0% GR3D_FREQ 0% PLL@51.5C CPU@54C PMIC@50C GPU@54.5C AO@64C thermal@54.25C
RAM 1810/1972MB (lfb 2x512kB) SWAP 276/986MB (cached 19MB) CPU [22%@1132,16%@1132,18%@1132,2%@1132] EMC_FREQ 0% GR3D_FREQ 31% PLL@52C CPU@54C PMIC@50C GPU@55C AO@65C thermal@55C
RAM 1811/1972MB (lfb 2x512kB) SWAP 276/986MB (cached 19MB) CPU [30%@1479,13%@1479,34%@1479,8%@1479] EMC_FREQ 0% GR3D_FREQ 0% PLL@51.5C CPU@53.5C PMIC@50C GPU@54.5C AO@64.5C thermal@55C
RAM 1810/1972MB (lfb 2x512kB) SWAP 276/986MB (cached 19MB) CPU [30%@1479,8%@1479,28%@1479,2%@1479] EMC_FREQ 0% GR3D_FREQ 92% PLL@52C CPU@54C PMIC@50C GPU@55C AO@65C thermal@54.5C
RAM 1810/1972MB (lfb 2x512kB) SWAP 276/986MB (cached 19MB) CPU [31%@518,14%@518,17%@518,7%@518] EMC_FREQ 0% GR3D_FREQ 43% PLL@52C CPU@54C PMIC@50C GPU@55C AO@65.5C thermal@54.5C
RAM 1811/1972MB (lfb 2x512kB) SWAP 276/986MB (cached 19MB) CPU [27%@1132,12%@1132,29%@1132,8%@1132] EMC_FREQ 0% GR3D_FREQ 99% PLL@51.5C CPU@54C PMIC@50C GPU@55C AO@65C thermal@54.5C
RAM 1811/1972MB (lfb 2x512kB) SWAP 276/986MB (cached 19MB) CPU [36%@1479,18%@1479,18%@1479,11%@1479] EMC_FREQ 0% GR3D_FREQ 22% PLL@51.5C CPU@54.5C PMIC@50C GPU@54.5C AO@65C thermal@54.5C
RAM 1795/1972MB (lfb 2x512kB) SWAP 276/986MB (cached 19MB) CPU [37%@1479,12%@1479,18%@1479,22%@1479] EMC_FREQ 0% GR3D_FREQ 30% PLL@52C CPU@54C PMIC@50C GPU@55C AO@64.5C thermal@54.5C
RAM 1796/1972MB (lfb 2x512kB) SWAP 276/986MB (cached 19MB) CPU [4%@1479,13%@1479,20%@1479,68%@1479] EMC_FREQ 0% GR3D_FREQ 19% PLL@52C CPU@54C PMIC@50C GPU@54.5C AO@65C thermal@54.25C
RAM 1796/1972MB (lfb 2x512kB) SWAP 276/986MB (cached 19MB) CPU [38%@1479,21%@1479,12%@1479,44%@1479] EMC_FREQ 0% GR3D_FREQ 13% PLL@52C CPU@54C PMIC@50C GPU@54.5C AO@64.5C thermal@54.25C
RAM 1796/1972MB (lfb 2x512kB) SWAP 276/986MB (cached 19MB) CPU [6%@1479,16%@1479,19%@1479,72%@1479] EMC_FREQ 0% GR3D_FREQ 11% PLL@52C CPU@54C PMIC@50C GPU@54.5C AO@64.5C thermal@54C
RAM 1796/1972MB (lfb 2x512kB) SWAP 276/986MB (cached 19MB) CPU [35%@1479,22%@1479,17%@1479,45%@1479] EMC_FREQ 0% GR3D_FREQ 15% PLL@52C CPU@53.5C PMIC@50C GPU@54.5C AO@64.5C thermal@54C
RAM 1777/1972MB (lfb 2x512kB) SWAP 276/986MB (cached 19MB) CPU [16%@1479,36%@1479,8%@1479,14%@1479] EMC_FREQ 0% GR3D_FREQ 0% PLL@51.5C CPU@53.5C PMIC@50C GPU@54C AO@64C thermal@53.5C
RAM 1770/1972MB (lfb 2x512kB) SWAP 276/986MB (cached 19MB) CPU [4%@1479,64%@1479,22%@1479,0%@1479] EMC_FREQ 0% GR3D_FREQ 0% PLL@51.5C CPU@53C PMIC@50C GPU@54C AO@64C thermal@53.5C
RAM 1761/1972MB (lfb 2x512kB) SWAP 276/986MB (cached 19MB) CPU [3%@1479,0%@1479,59%@1479,20%@1479] EMC_FREQ 0% GR3D_FREQ 0% PLL@52C CPU@53C PMIC@50C GPU@54.5C AO@64C thermal@53.75C
RAM 1761/1972MB (lfb 2x512kB) SWAP 276/986MB (cached 19MB) CPU [2%@1479,1%@1479,1%@1479,100%@1479] EMC_FREQ 0% GR3D_FREQ 0% PLL@52C CPU@53C PMIC@50C GPU@54C AO@64C thermal@53.75C
RAM 1761/1972MB (lfb 2x512kB) SWAP 276/986MB (cached 19MB) CPU [28%@1479,2%@1479,0%@1479,75%@1479] EMC_FREQ 0% GR3D_FREQ 0% PLL@52C CPU@53C PMIC@50C GPU@54.5C AO@64C thermal@53.75C
RAM 1761/1972MB (lfb 2x512kB) SWAP 276/986MB (cached 19MB) CPU [0%@1479,23%@1479,1%@1479,74%@1479] EMC_FREQ 0% GR3D_FREQ 0% PLL@51.5C CPU@53.5C PMIC@50C GPU@54C AO@64C thermal@53.25C
RAM 1761/1972MB (lfb 2x512kB) SWAP 276/986MB (cached 19MB) CPU [0%@1479,2%@1479,0%@1479,98%@1479] EMC_FREQ 0% GR3D_FREQ 0% PLL@51.5C CPU@53C PMIC@50C GPU@54C AO@64C thermal@53.25C
RAM 1761/1972MB (lfb 2x512kB) SWAP 276/986MB (cached 19MB) CPU [27%@1479,2%@1479,0%@1479,76%@1479] EMC_FREQ 0% GR3D_FREQ 0% PLL@51.5C CPU@53C PMIC@50C GPU@54C AO@64C thermal@54.75C
RAM 1761/1972MB (lfb 2x512kB) SWAP 276/986MB (cached 19MB) CPU [6%@1479,0%@1479,0%@1479,92%@1479] EMC_FREQ 0% GR3D_FREQ 0% PLL@52C CPU@53.5C PMIC@50C GPU@54.5C AO@64C thermal@54.75C
RAM 1761/1972MB (lfb 2x512kB) SWAP 276/986MB (cached 19MB) CPU [23%@1479,0%@1479,0%@1479,81%@1479] EMC_FREQ 0% GR3D_FREQ 0% PLL@51.5C CPU@53C PMIC@50C GPU@54C AO@64C thermal@53.25C
RAM 1761/1972MB (lfb 2x512kB) SWAP 276/986MB (cached 19MB) CPU [3%@1479,26%@1479,0%@1479,72%@1479] EMC_FREQ 0% GR3D_FREQ 0% PLL@52C CPU@53C PMIC@50C GPU@54C AO@64C thermal@53.25C
RAM 1761/1972MB (lfb 2x512kB) SWAP 276/986MB (cached 19MB) CPU [0%@1479,0%@1479,0%@1479,100%@1479] EMC_FREQ 0% GR3D_FREQ 0% PLL@52C CPU@52.5C PMIC@50C GPU@54C AO@64C thermal@53.5C
RAM 1761/1972MB (lfb 2x512kB) SWAP 276/986MB (cached 19MB) CPU [0%@1479,26%@1479,0%@1479,74%@1479] EMC_FREQ 0% GR3D_FREQ 0% PLL@52C CPU@53C PMIC@50C GPU@54C AO@64C thermal@53.5C
RAM 1761/1972MB (lfb 2x512kB) SWAP 276/986MB (cached 19MB) CPU [2%@1479,22%@1479,0%@1479,76%@1479] EMC_FREQ 0% GR3D_FREQ 0% PLL@52C CPU@53.5C PMIC@50C GPU@54C AO@64C thermal@53.5C
RAM 1761/1972MB (lfb 2x512kB) SWAP 276/986MB (cached 19MB) CPU [5%@1479,100%@1479,0%@1479,0%@1479] EMC_FREQ 0% GR3D_FREQ 0% PLL@51.5C CPU@53.5C PMIC@50C GPU@54C AO@64C thermal@53.75C
RAM 1762/1972MB (lfb 2x512kB) SWAP 276/986MB (cached 20MB) CPU [44%@1479,38%@1479,17%@1479,0%@1479] EMC_FREQ 0% GR3D_FREQ 0% PLL@51.5C CPU@55C PMIC@50C GPU@54C AO@64.5C thermal@53.75C
RAM 1762/1972MB (lfb 2x512kB) SWAP 276/986MB (cached 20MB) CPU [100%@1479,0%@1479,0%@1479,0%@1479] EMC_FREQ 0% GR3D_FREQ 0% PLL@51.5C CPU@55C PMIC@50C GPU@54C AO@64C thermal@54.5C
RAM 1762/1972MB (lfb 2x512kB) SWAP 276/986MB (cached 20MB) CPU [8%@1479,3%@1479,60%@1479,30%@1479] EMC_FREQ 0% GR3D_FREQ 0% PLL@52C CPU@53C PMIC@50C GPU@54C AO@64C thermal@54.5C
RAM 1762/1972MB (lfb 2x512kB) SWAP 276/986MB (cached 20MB) CPU [0%@1479,0%@1479,71%@1479,26%@1479] EMC_FREQ 0% GR3D_FREQ 8% PLL@52C CPU@53.5C PMIC@50C GPU@54C AO@64C thermal@53.5C
RAM 1762/1972MB (lfb 2x512kB) SWAP 276/986MB (cached 20MB) CPU [4%@1479,2%@1479,0%@1479,94%@1479] EMC_FREQ 0% GR3D_FREQ 0% PLL@52C CPU@53C PMIC@50C GPU@54C AO@63.5C thermal@53.5C
RAM 1762/1972MB (lfb 2x512kB) SWAP 276/986MB (cached 20MB) CPU [1%@1479,0%@1479,3%@1479,100%@1479] EMC_FREQ 0% GR3D_FREQ 0% PLL@52C CPU@53C PMIC@50C GPU@53.5C AO@63.5C thermal@53.5C
RAM 1762/1972MB (lfb 2x512kB) SWAP 276/986MB (cached 20MB) CPU [3%@1479,1%@1479,0%@1479,100%@1479] EMC_FREQ 0% GR3D_FREQ 0% PLL@52C CPU@53C PMIC@50C GPU@53.5C AO@63.5C thermal@53.5C
RAM 1762/1972MB (lfb 2x512kB) SWAP 276/986MB (cached 20MB) CPU [30%@1479,0%@1479,2%@1479,69%@1479] EMC_FREQ 0% GR3D_FREQ 0% PLL@52C CPU@53C PMIC@50C GPU@53C AO@64C thermal@53.5C
RAM 1762/1972MB (lfb 2x512kB) SWAP 276/986MB (cached 20MB) CPU [4%@1479,0%@1479,0%@1479,95%@1479] EMC_FREQ 0% GR3D_FREQ 0% PLL@51.5C CPU@53.5C PMIC@50C GPU@53.5C AO@64C thermal@53.25C
RAM 1762/1972MB (lfb 2x512kB) SWAP 276/986MB (cached 20MB) CPU [27%@1479,0%@1479,0%@1479,74%@1479] EMC_FREQ 0% GR3D_FREQ 0% PLL@52C CPU@53C PMIC@50C GPU@53C AO@64C thermal@53.25C
RAM 1762/1972MB (lfb 2x512kB) SWAP 276/986MB (cached 20MB) CPU [32%@1479,0%@1479,3%@1479,70%@1479] EMC_FREQ 0% GR3D_FREQ 5% PLL@51.5C CPU@54.5C PMIC@50C GPU@53.5C AO@64C thermal@53.25C
RAM 1762/1972MB (lfb 2x512kB) SWAP 276/986MB (cached 20MB) CPU [3%@1479,0%@1479,0%@1479,100%@1479] EMC_FREQ 0% GR3D_FREQ 0% PLL@52C CPU@53C PMIC@50C GPU@53C AO@64C thermal@53.25C
RAM 1762/1972MB (lfb 2x512kB) SWAP 276/986MB (cached 20MB) CPU [2%@1479,7%@1479,28%@1479,66%@1479] EMC_FREQ 0% GR3D_FREQ 0% PLL@52C CPU@53C PMIC@50C GPU@53.5C AO@63.5C thermal@53.25C
RAM 1763/1972MB (lfb 2x512kB) SWAP 276/986MB (cached 20MB) CPU [0%@1479,0%@1479,2%@1479,100%@1479] EMC_FREQ 0% GR3D_FREQ 0% PLL@51.5C CPU@52.5C PMIC@50C GPU@53C AO@64C thermal@53.25C
RAM 1763/1972MB (lfb 2x512kB) SWAP 276/986MB (cached 20MB) CPU [26%@1479,0%@1479,0%@1479,76%@1479] EMC_FREQ 0% GR3D_FREQ 0% PLL@52C CPU@52.5C PMIC@50C GPU@53C AO@63.5C thermal@53C
RAM 1763/1972MB (lfb 2x512kB) SWAP 276/986MB (cached 20MB) CPU [0%@1479,0%@1479,0%@1479,98%@1479] EMC_FREQ 0% GR3D_FREQ 1% PLL@51.5C CPU@53C PMIC@50C GPU@53.5C AO@64C thermal@53C
RAM 1763/1972MB (lfb 2x512kB) SWAP 276/986MB (cached 20MB) CPU [0%@1479,3%@1479,0%@1479,100%@1479] EMC_FREQ 0% GR3D_FREQ 0% PLL@52C CPU@53C PMIC@50C GPU@53.5C AO@63.5C thermal@53C
RAM 1763/1972MB (lfb 2x512kB) SWAP 276/986MB (cached 20MB) CPU [2%@1479,0%@1479,0%@1479,100%@1479] EMC_FREQ 0% GR3D_FREQ 0% PLL@52C CPU@53C PMIC@50C GPU@53.5C AO@63.5C thermal@53.25C
RAM 1763/1972MB (lfb 2x512kB) SWAP 276/986MB (cached 20MB) CPU [2%@1479,1%@1479,0%@1479,100%@1479] EMC_FREQ 0% GR3D_FREQ 0% PLL@52C CPU@52.5C PMIC@50C GPU@53.5C AO@63.5C thermal@53.25C
RAM 1763/1972MB (lfb 2x512kB) SWAP 276/986MB (cached 20MB) CPU [0%@1479,1%@1479,0%@1479,100%@1479] EMC_FREQ 0% GR3D_FREQ 0% PLL@51.5C CPU@53C PMIC@50C GPU@53.5C AO@63.5C thermal@53C
RAM 1763/1972MB (lfb 2x512kB) SWAP 276/986MB (cached 20MB) CPU [5%@1479,28%@1479,0%@1479,66%@1479] EMC_FREQ 0% GR3D_FREQ 0% PLL@51.5C CPU@53.5C PMIC@50C GPU@53.5C AO@64C thermal@53C
RAM 1763/1972MB (lfb 2x512kB) SWAP 276/986MB (cached 20MB) CPU [0%@1479,100%@1479,0%@1479,0%@1479] EMC_FREQ 0% GR3D_FREQ 0% PLL@51.5C CPU@54C PMIC@50C GPU@53.5C AO@64C thermal@53.25C
RAM 1763/1972MB (lfb 2x512kB) SWAP 276/986MB (cached 20MB) CPU [0%@1479,8%@1479,63%@1479,28%@1479] EMC_FREQ 0% GR3D_FREQ 0% PLL@51C CPU@53C PMIC@50C GPU@53.5C AO@64C thermal@53.25C
RAM 1763/1972MB (lfb 2x512kB) SWAP 276/986MB (cached 20MB) CPU [2%@1479,4%@1479,95%@1479,0%@1479] EMC_FREQ 0% GR3D_FREQ 5% PLL@51.5C CPU@53C PMIC@50C GPU@53.5C AO@63.5C thermal@53.25C
RAM 1763/1972MB (lfb 2x512kB) SWAP 276/986MB (cached 20MB) CPU [3%@1479,100%@1479,0%@1479,0%@1479] EMC_FREQ 0% GR3D_FREQ 0% PLL@51C CPU@53C PMIC@50C GPU@53C AO@64C thermal@53.25C
RAM 1763/1972MB (lfb 2x512kB) SWAP 276/986MB (cached 20MB) CPU [3%@1479,73%@1479,26%@1479,0%@1479] EMC_FREQ 0% GR3D_FREQ 0% PLL@51.5C CPU@53.5C PMIC@50C GPU@53C AO@64C thermal@53.25C
RAM 1763/1972MB (lfb 2x512kB) SWAP 276/986MB (cached 20MB) CPU [0%@1479,96%@1479,0%@1479,5%@1479] EMC_FREQ 0% GR3D_FREQ 0% PLL@51.5C CPU@53.5C PMIC@50C GPU@53C AO@64C thermal@53.25C
RAM 1763/1972MB (lfb 2x512kB) SWAP 276/986MB (cached 20MB) CPU [76%@1479,0%@1479,0%@1479,24%@1479] EMC_FREQ 0% GR3D_FREQ 0% PLL@51C CPU@54.5C PMIC@50C GPU@53C AO@64C thermal@53.25C
RAM 695/1972MB (lfb 2x2MB) SWAP 275/986MB (cached 19MB) CPU [53%@1479,50%@1479,10%@1479,2%@1479] EMC_FREQ 0% GR3D_FREQ 0% PLL@51C CPU@53.5C PMIC@50C GPU@53C AO@64C thermal@53.75C
RAM 630/1972MB (lfb 2x2MB) SWAP 275/986MB (cached 19MB) CPU [10%@102,4%@102,4%@102,0%@102] EMC_FREQ 0% GR3D_FREQ 0% PLL@50.5C CPU@52.5C PMIC@50C GPU@53C AO@63.5C thermal@53.75C
RAM 630/1972MB (lfb 2x2MB) SWAP 275/986MB (cached 19MB) CPU [8%@102,8%@102,2%@102,2%@102] EMC_FREQ 0% GR3D_FREQ 0% PLL@51C CPU@52.5C PMIC@50C GPU@53C AO@63.5C thermal@52.75C
RAM 630/1972MB (lfb 2x2MB) SWAP 275/986MB (cached 19MB) CPU [10%@102,7%@102,0%@102,3%@102] EMC_FREQ 0% GR3D_FREQ 0% PLL@51C CPU@52C PMIC@50C GPU@53C AO@63.5C thermal@52.75C
RAM 630/1972MB (lfb 2x2MB) SWAP 275/986MB (cached 19MB) CPU [12%@102,6%@102,1%@102,2%@102] EMC_FREQ 0% GR3D_FREQ 0% PLL@51C CPU@52C PMIC@50C GPU@53C AO@63.5C thermal@52.5C
RAM 630/1972MB (lfb 2x2MB) SWAP 275/986MB (cached 19MB) CPU [9%@102,2%@102,1%@102,0%@102] EMC_FREQ 0% GR3D_FREQ 0% PLL@50.5C CPU@52C PMIC@50C GPU@53C AO@63.5C thermal@52.5C
RAM 630/1972MB (lfb 2x2MB) SWAP 275/986MB (cached 19MB) CPU [15%@102,0%@102,2%@102,0%@102] EMC_FREQ 0% GR3D_FREQ 0% PLL@50.5C CPU@52C PMIC@50C GPU@52.5C AO@63C thermal@52.5C
RAM 630/1972MB (lfb 2x2MB) SWAP 275/986MB (cached 19MB) CPU [10%@102,0%@102,0%@102,5%@102] EMC_FREQ 0% GR3D_FREQ 0% PLL@50.5C CPU@52C PMIC@50C GPU@52.5C AO@63C thermal@52.5C
RAM 630/1972MB (lfb 2x2MB) SWAP 275/986MB (cached 19MB) CPU [8%@102,9%@102,0%@102,0%@102] EMC_FREQ 0% GR3D_FREQ 0% PLL@50.5C CPU@52C PMIC@50C GPU@52.5C AO@63.5C thermal@52.5C
RAM 630/1972MB (lfb 2x2MB) SWAP 275/986MB (cached 19MB) CPU [8%@102,4%@102,5%@102,0%@102] EMC_FREQ 0% GR3D_FREQ 0% PLL@50.5C CPU@52.5C PMIC@50C GPU@53C AO@63C thermal@52.5C
RAM 630/1972MB (lfb 2x2MB) SWAP 275/986MB (cached 19MB) CPU [10%@204,0%@204,2%@204,1%@204] EMC_FREQ 0% GR3D_FREQ 0% PLL@50.5C CPU@52C PMIC@50C GPU@52.5C AO@63.5C thermal@52.5C
RAM 630/1972MB (lfb 2x2MB) SWAP 275/986MB (cached 19MB) CPU [10%@102,1%@102,0%@102,1%@102] EMC_FREQ 0% GR3D_FREQ 0% PLL@50.5C CPU@52C PMIC@50C GPU@52.5C AO@63C thermal@52.25C
RAM 630/1972MB (lfb 2x2MB) SWAP 275/986MB (cached 19MB) CPU [15%@102,2%@102,2%@102,2%@102] EMC_FREQ 0% GR3D_FREQ 0% PLL@50.5C CPU@52C PMIC@50C GPU@52.5C AO@63C thermal@52.25C
RAM 630/1972MB (lfb 2x2MB) SWAP 275/986MB (cached 19MB) CPU [6%@102,5%@102,7%@204,0%@204] EMC_FREQ 0% GR3D_FREQ 0% PLL@50.5C CPU@52C PMIC@50C GPU@52.5C AO@63C thermal@52.5C
RAM 630/1972MB (lfb 2x2MB) SWAP 275/986MB (cached 19MB) CPU [7%@102,6%@102,2%@102,1%@102] EMC_FREQ 0% GR3D_FREQ 0% PLL@50.5C CPU@52C PMIC@50C GPU@52.5C AO@63C thermal@52.5C
RAM 630/1972MB (lfb 2x2MB) SWAP 275/986MB (cached 19MB) CPU [4%@102,7%@102,0%@102,2%@102] EMC_FREQ 0% GR3D_FREQ 0% PLL@50.5C CPU@52C PMIC@50C GPU@53C AO@63.5C thermal@52.25C
RAM 630/1972MB (lfb 2x2MB) SWAP 275/986MB (cached 19MB) CPU [5%@102,9%@102,0%@102,0%@102] EMC_FREQ 0% GR3D_FREQ 0% PLL@50.5C CPU@52C PMIC@50C GPU@53C AO@63C thermal@52.25C
RAM 630/1972MB (lfb 2x2MB) SWAP 275/986MB (cached 19MB) CPU [2%@102,8%@102,2%@102,0%@102] EMC_FREQ 0% GR3D_FREQ 0% PLL@50.5C CPU@52C PMIC@50C GPU@52.5C AO@63C thermal@52.5C
RAM 630/1972MB (lfb 2x2MB) SWAP 275/986MB (cached 19MB) CPU [6%@102,8%@102,2%@102,7%@102] EMC_FREQ 0% GR3D_FREQ 0% PLL@50.5C CPU@52C PMIC@50C GPU@52.5C AO@63C thermal@52.5C
RAM 630/1972MB (lfb 2x2MB) SWAP 275/986MB (cached 19MB) CPU [4%@102,9%@102,5%@102,0%@102] EMC_FREQ 0% GR3D_FREQ 0% PLL@50.5C CPU@52C PMIC@50C GPU@52.5C AO@63C thermal@52.5C
RAM 630/1972MB (lfb 2x2MB) SWAP 275/986MB (cached 19MB) CPU [2%@102,8%@102,0%@102,1%@102] EMC_FREQ 0% GR3D_FREQ 0% PLL@50C CPU@52C PMIC@50C GPU@53C AO@63C thermal@52.5C
RAM 630/1972MB (lfb 2x2MB) SWAP 275/986MB (cached 19MB) CPU [9%@102,10%@102,2%@102,2%@102] EMC_FREQ 0% GR3D_FREQ 0% PLL@50.5C CPU@52C PMIC@50C GPU@52.5C AO@63C thermal@52.5C
RAM 630/1972MB (lfb 2x2MB) SWAP 275/986MB (cached 19MB) CPU [3%@102,6%@102,2%@102,1%@102] EMC_FREQ 0% GR3D_FREQ 0% PLL@50.5C CPU@52C PMIC@50C GPU@52.5C AO@63C thermal@52.25C
RAM 630/1972MB (lfb 2x2MB) SWAP 275/986MB (cached 19MB) CPU [4%@102,7%@102,2%@102,0%@102] EMC_FREQ 0% GR3D_FREQ 0% PLL@50C CPU@52C PMIC@50C GPU@52.5C AO@63C thermal@52.25C
RAM 630/1972MB (lfb 2x2MB) SWAP 275/986MB (cached 19MB) CPU [9%@102,11%@102,3%@102,3%@102] EMC_FREQ 0% GR3D_FREQ 0% PLL@51C CPU@52C PMIC@50C GPU@52.5C AO@63C thermal@52.25C
RAM 630/1972MB (lfb 2x2MB) SWAP 275/986MB (cached 19MB) CPU [2%@102,4%@102,3%@102,5%@102] EMC_FREQ 0% GR3D_FREQ 0% PLL@50.5C CPU@52C PMIC@50C GPU@52.5C AO@62.5C thermal@52.25C
RAM 630/1972MB (lfb 2x2MB) SWAP 275/986MB (cached 19MB) CPU [2%@102,4%@102,4%@102,3%@102] EMC_FREQ 0% GR3D_FREQ 0% PLL@50.5C CPU@52C PMIC@50C GPU@52.5C AO@62.5C thermal@52.25C
RAM 630/1972MB (lfb 2x2MB) SWAP 275/986MB (cached 19MB) CPU [4%@102,7%@102,8%@102,0%@102] EMC_FREQ 0% GR3D_FREQ 0% PLL@51C CPU@52C PMIC@50C GPU@52C AO@62.5C thermal@52.25C
RAM 630/1972MB (lfb 2x2MB) SWAP 275/986MB (cached 20MB) CPU [9%@825,10%@825,5%@825,0%@825] EMC_FREQ 0% GR3D_FREQ 0% PLL@50.5C CPU@52C PMIC@50C GPU@52.5C AO@63C thermal@52.25C
RAM 630/1972MB (lfb 2x2MB) SWAP 275/986MB (cached 20MB) CPU [2%@102,9%@102,5%@102,7%@102] EMC_FREQ 0% GR3D_FREQ 0% PLL@50.5C CPU@52C PMIC@50C GPU@52.5C AO@62.5C thermal@52.25C
RAM 630/1972MB (lfb 2x2MB) SWAP 275/986MB (cached 20MB) CPU [3%@102,10%@102,0%@102,4%@102] EMC_FREQ 0% GR3D_FREQ 0% PLL@50C CPU@52C PMIC@50C GPU@52.5C AO@63C thermal@52.25C
RAM 630/1972MB (lfb 2x2MB) SWAP 275/986MB (cached 20MB) CPU [1%@307,11%@307,0%@307,0%@307] EMC_FREQ 0% GR3D_FREQ 0% PLL@50C CPU@52C PMIC@50C GPU@52.5C AO@63C thermal@52.25C
RAM 630/1972MB (lfb 2x2MB) SWAP 275/986MB (cached 20MB) CPU [8%@102,4%@102,8%@102,5%@102] EMC_FREQ 0% GR3D_FREQ 0% PLL@50.5C CPU@52C PMIC@50C GPU@52C AO@63C thermal@52.25C
RAM 630/1972MB (lfb 2x2MB) SWAP 275/986MB (cached 20MB) CPU [4%@102,9%@102,6%@102,2%@102] EMC_FREQ 0% GR3D_FREQ 0% PLL@50C CPU@51.5C PMIC@50C GPU@52.5C AO@63C thermal@52.25C
RAM 630/1972MB (lfb 2x2MB) SWAP 275/986MB (cached 20MB) CPU [4%@102,11%@102,2%@102,0%@102] EMC_FREQ 0% GR3D_FREQ 0% PLL@50C CPU@51.5C PMIC@50C GPU@52.5C AO@63C thermal@52.25C
RAM 630/1972MB (lfb 2x2MB) SWAP 275/986MB (cached 20MB) CPU [4%@102,8%@102,7%@102,0%@102] EMC_FREQ 0% GR3D_FREQ 0% PLL@50.5C CPU@51.5C PMIC@50C GPU@52.5C AO@63C thermal@52C
RAM 630/1972MB (lfb 2x2MB) SWAP 275/986MB (cached 20MB) CPU [9%@102,8%@102,7%@102,2%@102] EMC_FREQ 0% GR3D_FREQ 0% PLL@50C CPU@51.5C PMIC@50C GPU@52.5C AO@63C thermal@52C
RAM 630/1972MB (lfb 2x2MB) SWAP 275/986MB (cached 20MB) CPU [1%@102,6%@102,2%@102,1%@102] EMC_FREQ 0% GR3D_FREQ 0% PLL@50C CPU@51.5C PMIC@50C GPU@52.5C AO@63C thermal@52C
RAM 630/1972MB (lfb 2x2MB) SWAP 275/986MB (cached 20MB) CPU [3%@204,8%@204,2%@204,2%@204] EMC_FREQ 0% GR3D_FREQ 2% PLL@50.5C CPU@52C PMIC@50C GPU@52C AO@63C thermal@52C
RAM 630/1972MB (lfb 2x2MB) SWAP 275/986MB (cached 20MB) CPU [0%@102,6%@102,2%@102,2%@102] EMC_FREQ 0% GR3D_FREQ 0% PLL@50.5C CPU@51.5C PMIC@50C GPU@52.5C AO@62.5C thermal@52C
RAM 630/1972MB (lfb 2x2MB) SWAP 275/986MB (cached 20MB) CPU [7%@102,7%@102,2%@102,3%@102] EMC_FREQ 0% GR3D_FREQ 0% PLL@50.5C CPU@51.5C PMIC@50C GPU@52C AO@62.5C thermal@52C
RAM 630/1972MB (lfb 2x2MB) SWAP 275/986MB (cached 20MB) CPU [6%@102,8%@102,1%@102,0%@102] EMC_FREQ 0% GR3D_FREQ 30% PLL@50.5C CPU@52C PMIC@50C GPU@52.5C AO@63C thermal@52C
RAM 630/1972MB (lfb 2x2MB) SWAP 275/986MB (cached 20MB) CPU [4%@102,7%@102,3%@102,3%@102] EMC_FREQ 0% GR3D_FREQ 0% PLL@50.5C CPU@51.5C PMIC@50C GPU@52.5C AO@62.5C thermal@52.25C
RAM 630/1972MB (lfb 2x2MB) SWAP 275/986MB (cached 20MB) CPU [5%@102,4%@102,0%@102,0%@102] EMC_FREQ 0% GR3D_FREQ 0% PLL@50.5C CPU@51.5C PMIC@50C GPU@52C AO@62.5C thermal@52.25C
RAM 630/1972MB (lfb 2x2MB) SWAP 275/986MB (cached 20MB) CPU [9%@102,6%@102,4%@102,3%@102] EMC_FREQ 0% GR3D_FREQ 1% PLL@50.5C CPU@51.5C PMIC@50C GPU@52.5C AO@63C thermal@51.75C
RAM 630/1972MB (lfb 2x2MB) SWAP 275/986MB (cached 20MB) CPU [2%@102,6%@102,2%@102,0%@102] EMC_FREQ 0% GR3D_FREQ 0% PLL@50C CPU@52C PMIC@50C GPU@52C AO@62C thermal@51.75C
RAM 630/1972MB (lfb 2x2MB) SWAP 275/986MB (cached 20MB) CPU [4%@102,8%@102,3%@102,3%@102] EMC_FREQ 0% GR3D_FREQ 0% PLL@50.5C CPU@51.5C PMIC@50C GPU@52.5C AO@62.5C thermal@52C
RAM 630/1972MB (lfb 2x2MB) SWAP 275/986MB (cached 20MB) CPU [11%@102,7%@102,5%@102,1%@102] EMC_FREQ 0% GR3D_FREQ 0% PLL@50.5C CPU@51.5C PMIC@50C GPU@52.5C AO@63C thermal@52C
RAM 630/1972MB (lfb 2x2MB) SWAP 275/986MB (cached 20MB) CPU [4%@1479,8%@1479,6%@1479,10%@1479] EMC_FREQ 0% GR3D_FREQ 32% PLL@51C CPU@51.5C PMIC@50C GPU@52.5C AO@63C thermal@52C
RAM 630/1972MB (lfb 2x2MB) SWAP 275/986MB (cached 20MB) CPU [5%@102,4%@102,0%@102,3%@102] EMC_FREQ 0% GR3D_FREQ 0% PLL@50C CPU@51.5C PMIC@50C GPU@52.5C AO@62.5C thermal@52C
RAM 630/1972MB (lfb 2x2MB) SWAP 275/986MB (cached 20MB) CPU [7%@102,8%@102,2%@102,0%@102] EMC_FREQ 0% GR3D_FREQ 0% PLL@50C CPU@51.5C PMIC@50C GPU@52C AO@62.5C thermal@52C
RAM 630/1972MB (lfb 2x2MB) SWAP 275/986MB (cached 20MB) CPU [2%@204,8%@204,2%@204,1%@204] EMC_FREQ 0% GR3D_FREQ 0% PLL@50C CPU@51.5C PMIC@50C GPU@52.5C AO@62.5C thermal@52C
RAM 630/1972MB (lfb 2x2MB) SWAP 275/986MB (cached 20MB) CPU [1%@102,9%@102,5%@102,2%@102] EMC_FREQ 0% GR3D_FREQ 0% PLL@50C CPU@51.5C PMIC@50C GPU@52.5C AO@62.5C thermal@52C
RAM 630/1972MB (lfb 2x2MB) SWAP 275/986MB (cached 20MB) CPU [10%@102,8%@102,8%@102,18%@102] EMC_FREQ 0% GR3D_FREQ 0% PLL@50C CPU@51.5C PMIC@50C GPU@52C AO@62.5C thermal@52C
RAM 630/1972MB (lfb 2x2MB) SWAP 275/986MB (cached 20MB) CPU [2%@102,6%@102,2%@102,2%@102] EMC_FREQ 0% GR3D_FREQ 0% PLL@50C CPU@51.5C PMIC@50C GPU@52C AO@62.5C thermal@52C
RAM 630/1972MB (lfb 2x2MB) SWAP 275/986MB (cached 20MB) CPU [0%@102,6%@102,0%@102,0%@102] EMC_FREQ 0% GR3D_FREQ 0% PLL@50C CPU@51.5C PMIC@50C GPU@52C AO@62.5C thermal@52C
RAM 630/1972MB (lfb 2x2MB) SWAP 275/986MB (cached 20MB) CPU [5%@102,4%@102,2%@102,7%@102] EMC_FREQ 0% GR3D_FREQ 0% PLL@50C CPU@51.5C PMIC@50C GPU@52C AO@63C thermal@52C
RAM 630/1972MB (lfb 2x2MB) SWAP 275/986MB (cached 20MB) CPU [2%@102,9%@102,5%@102,0%@102] EMC_FREQ 0% GR3D_FREQ 0% PLL@50C CPU@51.5C PMIC@50C GPU@52C AO@62.5C thermal@51.5C
RAM 630/1972MB (lfb 2x2MB) SWAP 275/986MB (cached 20MB) CPU [2%@102,9%@102,4%@102,2%@102] EMC_FREQ 0% GR3D_FREQ 0% PLL@50.5C CPU@51.5C PMIC@50C GPU@52C AO@62C thermal@51.5C
RAM 630/1972MB (lfb 2x2MB) SWAP 275/986MB (cached 20MB) CPU [5%@102,6%@102,3%@102,1%@102] EMC_FREQ 0% GR3D_FREQ 0% PLL@50.5C CPU@51.5C PMIC@50C GPU@52.5C AO@62.5C thermal@51.75C
RAM 630/1972MB (lfb 2x2MB) SWAP 275/986MB (cached 20MB) CPU [1%@204,6%@204,2%@204,6%@204] EMC_FREQ 0% GR3D_FREQ 0% PLL@50C CPU@51.5C PMIC@50C GPU@52C AO@62.5C thermal@51.75C
RAM 630/1972MB (lfb 2x2MB) SWAP 275/986MB (cached 20MB) CPU [2%@102,4%@102,0%@102,0%@102] EMC_FREQ 0% GR3D_FREQ 0% PLL@50C CPU@51.5C PMIC@50C GPU@52C AO@62.5C thermal@52C
RAM 630/1972MB (lfb 2x2MB) SWAP 275/986MB (cached 20MB) CPU [6%@102,9%@102,2%@102,4%@102] EMC_FREQ 0% GR3D_FREQ 0% PLL@50C CPU@51.5C PMIC@50C GPU@52C AO@62.5C thermal@52C
RAM 630/1972MB (lfb 2x2MB) SWAP 275/986MB (cached 20MB) CPU [4%@204,9%@204,4%@204,0%@204] EMC_FREQ 0% GR3D_FREQ 0% PLL@50C CPU@51.5C PMIC@50C GPU@52C AO@62.5C thermal@52C
RAM 632/1972MB (lfb 2x2MB) SWAP 275/986MB (cached 20MB) CPU [6%@1479,4%@1479,4%@1479,14%@1479] EMC_FREQ 0% GR3D_FREQ 0% PLL@50C CPU@51.5C PMIC@50C GPU@52C AO@62.5C thermal@51.75C
RAM 637/1972MB (lfb 1x2MB) SWAP 275/986MB (cached 20MB) CPU [24%@204,8%@204,24%@204,19%@204] EMC_FREQ 0% GR3D_FREQ 0% PLL@50C CPU@51.5C PMIC@50C GPU@52C AO@62.5C thermal@51.75C
RAM 637/1972MB (lfb 1x2MB) SWAP 274/986MB (cached 20MB) CPU [30%@403,4%@403,16%@403,12%@403] EMC_FREQ 0% GR3D_FREQ 0% PLL@50C CPU@52C PMIC@50C GPU@52C AO@62.5C thermal@51.75C
RAM 646/1972MB (lfb 7x1MB) SWAP 274/986MB (cached 20MB) CPU [4%@825,2%@825,10%@825,45%@825] EMC_FREQ 0% GR3D_FREQ 0% PLL@50C CPU@51.5C PMIC@50C GPU@52C AO@62.5C thermal@51.75C
RAM 649/1972MB (lfb 7x1MB) SWAP 274/986MB (cached 20MB) CPU [12%@710,23%@204,5%@102,6%@102] EMC_FREQ 0% GR3D_FREQ 0% PLL@50C CPU@51.5C PMIC@50C GPU@52C AO@62.5C thermal@52C
RAM 651/1972MB (lfb 7x1MB) SWAP 274/986MB (cached 20MB) CPU [14%@403,6%@403,13%@403,25%@403] EMC_FREQ 0% GR3D_FREQ 0% PLL@50C CPU@51.5C PMIC@50C GPU@52C AO@62.5C thermal@52C
RAM 669/1972MB (lfb 7x1MB) SWAP 274/986MB (cached 20MB) CPU [20%@1132,7%@1132,18%@1132,18%@1132] EMC_FREQ 0% GR3D_FREQ 0% PLL@50.5C CPU@51.5C PMIC@50C GPU@52C AO@62.5C thermal@51.75C
RAM 675/1972MB (lfb 7x1MB) SWAP 274/986MB (cached 20MB) CPU [13%@307,8%@307,21%@307,25%@307] EMC_FREQ 0% GR3D_FREQ 0% PLL@50C CPU@51.5C PMIC@50C GPU@51.5C AO@62.5C thermal@51.75C
RAM 686/1972MB (lfb 7x1MB) SWAP 274/986MB (cached 20MB) CPU [31%@204,2%@204,8%@403,22%@403] EMC_FREQ 0% GR3D_FREQ 0% PLL@50C CPU@51.5C PMIC@50C GPU@52C AO@63C thermal@51.75C
RAM 692/1972MB (lfb 7x1MB) SWAP 274/986MB (cached 20MB) CPU [25%@518,6%@518,8%@518,13%@518] EMC_FREQ 0% GR3D_FREQ 0% PLL@50C CPU@51.5C PMIC@50C GPU@52C AO@62.5C thermal@51.75C
RAM 711/1972MB (lfb 7x1MB) SWAP 274/986MB (cached 20MB) CPU [12%@614,10%@614,17%@614,26%@614] EMC_FREQ 0% GR3D_FREQ 1% PLL@50.5C CPU@51.5C PMIC@50C GPU@52.5C AO@62.5C thermal@51.75C
RAM 756/1972MB (lfb 7x1MB) SWAP 274/986MB (cached 20MB) CPU [6%@1479,6%@1479,32%@1479,34%@1479] EMC_FREQ 0% GR3D_FREQ 47% PLL@50.5C CPU@52.5C PMIC@50C GPU@52.5C AO@62.5C thermal@52C
RAM 778/1972MB (lfb 7x1MB) SWAP 274/986MB (cached 20MB) CPU [16%@403,13%@403,4%@403,53%@403] EMC_FREQ 0% GR3D_FREQ 0% PLL@50.5C CPU@52C PMIC@50C GPU@52C AO@62.5C thermal@52C
RAM 814/1972MB (lfb 7x1MB) SWAP 274/986MB (cached 20MB) CPU [19%@1479,6%@1479,12%@1479,40%@1479] EMC_FREQ 0% GR3D_FREQ 36% PLL@50.5C CPU@52C PMIC@50C GPU@52C AO@62.5C thermal@52C
RAM 887/1972MB (lfb 7x1MB) SWAP 274/986MB (cached 20MB) CPU [46%@1479,9%@1479,4%@1479,24%@1479] EMC_FREQ 0% GR3D_FREQ 30% PLL@50C CPU@54.5C PMIC@50C GPU@52C AO@63C thermal@52C
RAM 892/1972MB (lfb 7x1MB) SWAP 274/986MB (cached 20MB) CPU [18%@921,10%@921,4%@921,75%@921] EMC_FREQ 0% GR3D_FREQ 24% PLL@50C CPU@52.5C PMIC@50C GPU@52C AO@62.5C thermal@51.75C
RAM 911/1972MB (lfb 7x1MB) SWAP 274/986MB (cached 20MB) CPU [18%@1479,14%@1479,60%@1479,9%@1479] EMC_FREQ 0% GR3D_FREQ 0% PLL@50.5C CPU@52.5C PMIC@50C GPU@52.5C AO@62.5C thermal@51.75C
RAM 942/1972MB (lfb 7x1MB) SWAP 274/986MB (cached 20MB) CPU [3%@1479,2%@1479,100%@1479,0%@1479] EMC_FREQ 0% GR3D_FREQ 0% PLL@50.5C CPU@52C PMIC@50C GPU@52.5C AO@63C thermal@52.25C
RAM 955/1972MB (lfb 7x1MB) SWAP 274/986MB (cached 20MB) CPU [17%@403,0%@1479,60%@1479,0%@1479] EMC_FREQ 0% GR3D_FREQ 4% PLL@50C CPU@52C PMIC@50C GPU@52C AO@62.5C thermal@52.25C
RAM 971/1972MB (lfb 7x1MB) SWAP 274/986MB (cached 20MB) CPU [30%@307,11%@307,8%@307,23%@307] EMC_FREQ 0% GR3D_FREQ 0% PLL@50C CPU@52C PMIC@50C GPU@52C AO@62.5C thermal@52.25C
RAM 1004/1972MB (lfb 7x1MB) SWAP 274/986MB (cached 20MB) CPU [18%@1479,18%@1479,15%@1479,31%@1479] EMC_FREQ 0% GR3D_FREQ 14% PLL@50C CPU@52.5C PMIC@50C GPU@52C AO@62.5C thermal@52C
RAM 1034/1972MB (lfb 13x1MB) SWAP 274/986MB (cached 20MB) CPU [16%@1479,36%@1479,17%@1479,42%@1479] EMC_FREQ 0% GR3D_FREQ 24% PLL@50.5C CPU@52.5C PMIC@50C GPU@52C AO@62.5C thermal@52C
RAM 1068/1972MB (lfb 15x1MB) SWAP 274/986MB (cached 20MB) CPU [20%@710,34%@710,10%@710,57%@710] EMC_FREQ 0% GR3D_FREQ 4% PLL@50.5C CPU@51.5C PMIC@50C GPU@52.5C AO@62.5C thermal@52.5C
RAM 1115/1972MB (lfb 15x1MB) SWAP 274/986MB (cached 20MB) CPU [24%@710,4%@710,4%@710,38%@710] EMC_FREQ 0% GR3D_FREQ 0% PLL@50C CPU@51.5C PMIC@50C GPU@52C AO@62.5C thermal@52.5C
RAM 1155/1972MB (lfb 15x1MB) SWAP 274/986MB (cached 20MB) CPU [32%@1326,16%@1326,6%@1326,20%@1326] EMC_FREQ 0% GR3D_FREQ 13% PLL@50C CPU@53.5C PMIC@50C GPU@52C AO@62.5C thermal@51.75C
RAM 1160/1972MB (lfb 15x1MB) SWAP 274/986MB (cached 20MB) CPU [8%@825,18%@825,6%@825,50%@825] EMC_FREQ 0% GR3D_FREQ 17% PLL@50.5C CPU@52C PMIC@50C GPU@52C AO@62C thermal@51.75C
RAM 1182/1972MB (lfb 15x1MB) SWAP 274/986MB (cached 20MB) CPU [18%@518,14%@518,4%@518,24%@518] EMC_FREQ 0% GR3D_FREQ 16% PLL@50.5C CPU@51.5C PMIC@50C GPU@52C AO@62.5C thermal@52C
RAM 1237/1972MB (lfb 1x512kB) SWAP 274/986MB (cached 20MB) CPU [31%@1479,14%@1479,22%@1479,22%@1479] EMC_FREQ 0% GR3D_FREQ 0% PLL@50C CPU@51.5C PMIC@50C GPU@52C AO@62.5C thermal@52C
RAM 1258/1972MB (lfb 1x512kB) SWAP 274/986MB (cached 20MB) CPU [16%@1479,25%@1479,18%@1479,36%@1479] EMC_FREQ 0% GR3D_FREQ 0% PLL@50.5C CPU@52C PMIC@50C GPU@52C AO@62C thermal@52C
RAM 1285/1972MB (lfb 1x512kB) SWAP 274/986MB (cached 20MB) CPU [6%@1479,15%@1479,48%@1479,34%@1479] EMC_FREQ 0% GR3D_FREQ 0% PLL@50C CPU@51.5C PMIC@50C GPU@52.5C AO@62C thermal@52C
RAM 1307/1972MB (lfb 1x512kB) SWAP 274/986MB (cached 20MB) CPU [30%@1479,15%@1479,15%@1479,51%@1479] EMC_FREQ 0% GR3D_FREQ 45% PLL@51C CPU@52.5C PMIC@50C GPU@52.5C AO@62.5C thermal@52C
RAM 1307/1972MB (lfb 1x512kB) SWAP 274/986MB (cached 20MB) CPU [15%@710,6%@710,12%@710,21%@710] EMC_FREQ 0% GR3D_FREQ 56% PLL@50.5C CPU@51.5C PMIC@50C GPU@52C AO@62.5C thermal@51.75C
RAM 1307/1972MB (lfb 1x512kB) SWAP 274/986MB (cached 20MB) CPU [4%@825,16%@825,6%@825,31%@825] EMC_FREQ 0% GR3D_FREQ 68% PLL@50.5C CPU@51.5C PMIC@50C GPU@52.5C AO@63C thermal@51.75C
RAM 1307/1972MB (lfb 1x512kB) SWAP 274/986MB (cached 20MB) CPU [4%@921,15%@921,9%@921,34%@921] EMC_FREQ 0% GR3D_FREQ 93% PLL@50.5C CPU@52C PMIC@50C GPU@52C AO@62.5C thermal@51.75C
RAM 1307/1972MB (lfb 1x512kB) SWAP 274/986MB (cached 20MB) CPU [6%@921,18%@921,6%@921,41%@921] EMC_FREQ 0% GR3D_FREQ 59% PLL@50.5C CPU@52C PMIC@50C GPU@52.5C AO@63C thermal@51.75C
RAM 1307/1972MB (lfb 1x512kB) SWAP 274/986MB (cached 20MB) CPU [8%@1224,12%@1224,8%@1224,46%@1224] EMC_FREQ 0% GR3D_FREQ 38% PLL@50.5C CPU@52C PMIC@50C GPU@52.5C AO@63C thermal@52.5C
RAM 1307/1972MB (lfb 1x512kB) SWAP 274/986MB (cached 20MB) CPU [6%@1479,18%@1479,12%@1479,53%@1479] EMC_FREQ 0% GR3D_FREQ 35% PLL@51C CPU@52C PMIC@50C GPU@53C AO@63C thermal@52.5C
RAM 1305/1972MB (lfb 1x512kB) SWAP 274/986MB (cached 20MB) CPU [19%@307,16%@307,11%@307,23%@307] EMC_FREQ 0% GR3D_FREQ 0% PLL@50.5C CPU@51.5C PMIC@50C GPU@52C AO@62.5C thermal@52C
RAM 1312/1972MB (lfb 1x512kB) SWAP 274/986MB (cached 20MB) CPU [30%@518,4%@518,16%@518,0%@518] EMC_FREQ 0% GR3D_FREQ 0% PLL@50.5C CPU@52C PMIC@50C GPU@52.5C AO@62.5C thermal@52C
RAM 1339/1972MB (lfb 1x512kB) SWAP 275/986MB (cached 20MB) CPU [38%@403,16%@403,7%@403,8%@403] EMC_FREQ 0% GR3D_FREQ 6% PLL@50.5C CPU@52C PMIC@50C GPU@52.5C AO@62.5C thermal@52C
RAM 1361/1972MB (lfb 1x512kB) SWAP 275/986MB (cached 20MB) CPU [20%@1479,10%@1479,14%@1479,16%@1479] EMC_FREQ 0% GR3D_FREQ 0% PLL@50.5C CPU@51.5C PMIC@50C GPU@52C AO@62C thermal@51.75C
RAM 1410/1972MB (lfb 1x512kB) SWAP 275/986MB (cached 20MB) CPU [39%@710,14%@710,8%@710,10%@710] EMC_FREQ 0% GR3D_FREQ 0% PLL@50C CPU@52C PMIC@50C GPU@52.5C AO@62C thermal@51.75C
RAM 1451/1972MB (lfb 1x512kB) SWAP 275/986MB (cached 20MB) CPU [34%@825,18%@825,12%@825,16%@825] EMC_FREQ 0% GR3D_FREQ 0% PLL@50C CPU@51.5C PMIC@50C GPU@52C AO@62.5C thermal@52C
RAM 1504/1972MB (lfb 1x512kB) SWAP 275/986MB (cached 20MB) CPU [28%@1479,57%@1479,12%@1479,19%@1479] EMC_FREQ 0% GR3D_FREQ 0% PLL@50.5C CPU@52C PMIC@50C GPU@52.5C AO@62.5C thermal@52C
RAM 1545/1972MB (lfb 1x512kB) SWAP 275/986MB (cached 20MB) CPU [33%@1479,20%@1479,6%@1479,2%@1479] EMC_FREQ 0% GR3D_FREQ 0% PLL@50C CPU@53.5C PMIC@50C GPU@52.5C AO@62C thermal@52.25C
RAM 1564/1972MB (lfb 1x512kB) SWAP 275/986MB (cached 20MB) CPU [25%@1132,18%@1132,11%@1132,14%@1132] EMC_FREQ 0% GR3D_FREQ 0% PLL@50C CPU@52C PMIC@50C GPU@52.5C AO@62.5C thermal@52.25C
RAM 1596/1972MB (lfb 1x512kB) SWAP 275/986MB (cached 20MB) CPU [20%@1132,32%@1132,18%@1132,9%@1132] EMC_FREQ 0% GR3D_FREQ 0% PLL@50C CPU@52C PMIC@50C GPU@52C AO@62.5C thermal@51.5C
RAM 1644/1972MB (lfb 1x512kB) SWAP 275/986MB (cached 20MB) CPU [15%@710,31%@710,12%@710,18%@710] EMC_FREQ 0% GR3D_FREQ 5% PLL@50C CPU@52C PMIC@50C GPU@53C AO@62.5C thermal@51.5C
RAM 1644/1972MB (lfb 1x512kB) SWAP 275/986MB (cached 20MB) CPU [16%@204,0%@204,14%@204,14%@204] EMC_FREQ 0% GR3D_FREQ 99% PLL@50C CPU@52.5C PMIC@50C GPU@53.5C AO@63C thermal@51.5C
RAM 1635/1972MB (lfb 1x512kB) SWAP 275/986MB (cached 20MB) CPU [8%@307,16%@307,10%@307,18%@307] EMC_FREQ 0% GR3D_FREQ 51% PLL@50C CPU@52C PMIC@50C GPU@53C AO@63C thermal@53.25C
RAM 1638/1972MB (lfb 1x512kB) SWAP 275/986MB (cached 20MB) CPU [8%@307,14%@518,12%@614,36%@614] EMC_FREQ 0% GR3D_FREQ 0% PLL@50.5C CPU@52.5C PMIC@50C GPU@53.5C AO@63C thermal@53.25C
RAM 1639/1972MB (lfb 1x512kB) SWAP 275/986MB (cached 20MB) CPU [7%@710,7%@710,10%@710,31%@710] EMC_FREQ 0% GR3D_FREQ 99% PLL@50.5C CPU@52.5C PMIC@50C GPU@53.5C AO@64C thermal@53.5C
RAM 1639/1972MB (lfb 1x512kB) SWAP 275/986MB (cached 20MB) CPU [10%@710,6%@710,6%@710,27%@710] EMC_FREQ 0% GR3D_FREQ 68% PLL@50.5C CPU@52.5C PMIC@50C GPU@53.5C AO@64C thermal@53.5C
RAM 1640/1972MB (lfb 1x512kB) SWAP 275/986MB (cached 20MB) CPU [6%@204,4%@204,7%@204,25%@204] EMC_FREQ 0% GR3D_FREQ 99% PLL@50C CPU@52.5C PMIC@50C GPU@53.5C AO@63.5C thermal@53.25C
RAM 1640/1972MB (lfb 1x512kB) SWAP 275/986MB (cached 20MB) CPU [10%@1479,6%@1479,14%@1479,38%@1479] EMC_FREQ 0% GR3D_FREQ 65% PLL@50.5C CPU@53C PMIC@50C GPU@54C AO@64C thermal@53.25C
RAM 1640/1972MB (lfb 1x512kB) SWAP 275/986MB (cached 20MB) CPU [14%@307,10%@307,13%@204,24%@204] EMC_FREQ 0% GR3D_FREQ 99% PLL@50.5C CPU@52.5C PMIC@50C GPU@53.5C AO@64C thermal@53.25C
RAM 1640/1972MB (lfb 1x512kB) SWAP 275/986MB (cached 20MB) CPU [23%@1479,16%@1479,10%@1479,12%@1479] EMC_FREQ 0% GR3D_FREQ 59% PLL@50.5C CPU@53C PMIC@50C GPU@54C AO@64C thermal@53.25C
RAM 1632/1972MB (lfb 1x512kB) SWAP 276/986MB (cached 20MB) CPU [27%@1132,16%@1132,9%@1132,24%@1132] EMC_FREQ 0% GR3D_FREQ 76% PLL@50.5C CPU@53.5C PMIC@50C GPU@54C AO@64C thermal@53.25C
RAM 1632/1972MB (lfb 1x512kB) SWAP 276/986MB (cached 20MB) CPU [37%@1479,4%@1479,16%@1479,18%@1479] EMC_FREQ 0% GR3D_FREQ 69% PLL@51C CPU@54C PMIC@50C GPU@54C AO@64C thermal@53.25C
RAM 1630/1972MB (lfb 1x512kB) SWAP 276/986MB (cached 20MB) CPU [16%@614,6%@614,14%@614,20%@614] EMC_FREQ 0% GR3D_FREQ 95% PLL@50.5C CPU@53C PMIC@50C GPU@54C AO@65C thermal@53.25C
RAM 1636/1972MB (lfb 1x512kB) SWAP 276/986MB (cached 20MB) CPU [27%@614,6%@614,16%@614,14%@614] EMC_FREQ 0% GR3D_FREQ 42% PLL@51C CPU@53C PMIC@50C GPU@54C AO@64.5C thermal@53.25C
RAM 1636/1972MB (lfb 1x512kB) SWAP 276/986MB (cached 20MB) CPU [39%@1479,14%@1479,24%@1479,41%@1479] EMC_FREQ 0% GR3D_FREQ 44% PLL@50.5C CPU@52.5C PMIC@50C GPU@53.5C AO@63C thermal@53.25C
RAM 1641/1972MB (lfb 1x512kB) SWAP 276/986MB (cached 20MB) CPU [40%@102,11%@102,18%@102,4%@102] EMC_FREQ 0% GR3D_FREQ 99% PLL@51C CPU@52.5C PMIC@50C GPU@54C AO@64C thermal@53.5C
RAM 1641/1972MB (lfb 1x512kB) SWAP 276/986MB (cached 20MB) CPU [21%@1036,16%@1036,18%@1036,14%@204] EMC_FREQ 0% GR3D_FREQ 40% PLL@51C CPU@53.5C PMIC@50C GPU@54C AO@64C thermal@53.5C
RAM 1641/1972MB (lfb 1x512kB) SWAP 276/986MB (cached 20MB) CPU [34%@204,6%@204,11%@204,8%@204] EMC_FREQ 0% GR3D_FREQ 99% PLL@50.5C CPU@52.5C PMIC@50C GPU@54C AO@63.5C thermal@53.5C
RAM 1673/1972MB (lfb 1x512kB) SWAP 276/986MB (cached 20MB) CPU [32%@1224,24%@1224,10%@1224,22%@1224] EMC_FREQ 0% GR3D_FREQ 99% PLL@50.5C CPU@52.5C PMIC@50C GPU@53.5C AO@63.5C thermal@53.5C
RAM 1675/1972MB (lfb 1x512kB) SWAP 276/986MB (cached 20MB) CPU [22%@614,14%@614,22%@614,17%@614] EMC_FREQ 0% GR3D_FREQ 57% PLL@50.5C CPU@53.5C PMIC@50C GPU@54C AO@65C thermal@53.5C
RAM 1675/1972MB (lfb 1x512kB) SWAP 276/986MB (cached 20MB) CPU [26%@825,10%@825,10%@825,22%@825] EMC_FREQ 0% GR3D_FREQ 22% PLL@50.5C CPU@53.5C PMIC@50C GPU@54C AO@64.5C thermal@53.5C
RAM 1680/1972MB (lfb 1x512kB) SWAP 276/986MB (cached 20MB) CPU [37%@825,12%@825,10%@825,6%@825] EMC_FREQ 0% GR3D_FREQ 51% PLL@50.5C CPU@53C PMIC@50C GPU@54C AO@64.5C thermal@53.5C
RAM 1680/1972MB (lfb 1x512kB) SWAP 276/986MB (cached 20MB) CPU [36%@1479,27%@1479,18%@1479,28%@1479] EMC_FREQ 0% GR3D_FREQ 13% PLL@51C CPU@53.5C PMIC@50C GPU@53.5C AO@64C thermal@53.5C
RAM 1727/1972MB (lfb 1x512kB) SWAP 277/986MB (cached 20MB) CPU [9%@102,26%@102,35%@102,4%@102] EMC_FREQ 0% GR3D_FREQ 99% PLL@50.5C CPU@52.5C PMIC@50C GPU@53.5C AO@64C thermal@53.5C
RAM 1727/1972MB (lfb 1x512kB) SWAP 277/986MB (cached 20MB) CPU [16%@1224,24%@1224,26%@1224,22%@1224] EMC_FREQ 0% GR3D_FREQ 65% PLL@51C CPU@53C PMIC@50C GPU@54C AO@63.5C thermal@53.5C
RAM 1729/1972MB (lfb 1x512kB) SWAP 277/986MB (cached 20MB) CPU [17%@102,10%@102,25%@102,4%@102] EMC_FREQ 0% GR3D_FREQ 99% PLL@50.5C CPU@52.5C PMIC@50C GPU@54C AO@64C thermal@53.5C
RAM 1795/1972MB (lfb 1x512kB) SWAP 279/986MB (cached 19MB) CPU [10%@1479,37%@1479,22%@1479,24%@1479] EMC_FREQ 0% GR3D_FREQ 0% PLL@51C CPU@52.5C PMIC@50C GPU@53C AO@63C thermal@53.25C
RAM 1796/1972MB (lfb 1x512kB) SWAP 279/986MB (cached 19MB) CPU [18%@1479,26%@1479,30%@1479,18%@1479] EMC_FREQ 0% GR3D_FREQ 93% PLL@51.5C CPU@54C PMIC@50C GPU@54C AO@65.5C thermal@53.25C
RAM 1796/1972MB (lfb 1x512kB) SWAP 279/986MB (cached 19MB) CPU [43%@1132,10%@1132,14%@1132,14%@1132] EMC_FREQ 0% GR3D_FREQ 30% PLL@51C CPU@53.5C PMIC@50C GPU@54C AO@65C thermal@53.75C
RAM 1797/1972MB (lfb 1x512kB) SWAP 279/986MB (cached 19MB) CPU [16%@1479,22%@1479,39%@1479,6%@1479] EMC_FREQ 0% GR3D_FREQ 38% PLL@50.5C CPU@52.5C PMIC@50C GPU@53.5C AO@64C thermal@53.75C
RAM 1796/1972MB (lfb 1x512kB) SWAP 279/986MB (cached 19MB) CPU [28%@921,22%@921,6%@921,8%@921] EMC_FREQ 0% GR3D_FREQ 52% PLL@51C CPU@53.5C PMIC@50C GPU@53.5C AO@64C thermal@53.75C
RAM 1797/1972MB (lfb 1x512kB) SWAP 279/986MB (cached 19MB) CPU [52%@1479,18%@1479,24%@1479,8%@1479] EMC_FREQ 0% GR3D_FREQ 1% PLL@51C CPU@53.5C PMIC@50C GPU@54C AO@64C thermal@53.25C
RAM 1796/1972MB (lfb 1x512kB) SWAP 279/986MB (cached 19MB) CPU [28%@710,16%@710,19%@710,6%@710] EMC_FREQ 0% GR3D_FREQ 33% PLL@50.5C CPU@53.5C PMIC@50C GPU@54C AO@64.5C thermal@53.25C
RAM 1798/1972MB (lfb 1x512kB) SWAP 279/986MB (cached 19MB) CPU [18%@1479,22%@1479,39%@1479,11%@1479] EMC_FREQ 0% GR3D_FREQ 45% PLL@50.5C CPU@54.5C PMIC@50C GPU@54C AO@64.5C thermal@53.75C
RAM 1796/1972MB (lfb 1x512kB) SWAP 279/986MB (cached 19MB) CPU [20%@614,18%@614,18%@614,12%@614] EMC_FREQ 0% GR3D_FREQ 47% PLL@50.5C CPU@53.5C PMIC@50C GPU@54C AO@64.5C thermal@53.75C
RAM 1796/1972MB (lfb 1x512kB) SWAP 279/986MB (cached 19MB) CPU [16%@1428,8%@1428,32%@1428,18%@1428] EMC_FREQ 0% GR3D_FREQ 48% PLL@51C CPU@53.5C PMIC@50C GPU@54C AO@64.5C thermal@53.25C
RAM 1797/1972MB (lfb 1x512kB) SWAP 279/986MB (cached 19MB) CPU [8%@1428,28%@1428,16%@1428,25%@1428] EMC_FREQ 0% GR3D_FREQ 78% PLL@50.5C CPU@53C PMIC@50C GPU@53.5C AO@64C thermal@53.25C
RAM 1795/1972MB (lfb 1x512kB) SWAP 279/986MB (cached 19MB) CPU [25%@1479,29%@1479,16%@1479,10%@1479] EMC_FREQ 0% GR3D_FREQ 24% PLL@50.5C CPU@53.5C PMIC@50C GPU@53.5C AO@64C thermal@53C
RAM 1784/1972MB (lfb 1x512kB) SWAP 279/986MB (cached 19MB) CPU [8%@1479,21%@1479,16%@1479,40%@1479] EMC_FREQ 0% GR3D_FREQ 22% PLL@50.5C CPU@52.5C PMIC@50C GPU@53.5C AO@63.5C thermal@53C
RAM 1777/1972MB (lfb 1x512kB) SWAP 279/986MB (cached 19MB) CPU [43%@1479,28%@1479,24%@1479,10%@1479] EMC_FREQ 0% GR3D_FREQ 94% PLL@51C CPU@53.5C PMIC@50C GPU@54C AO@64.5C thermal@53C
RAM 1777/1972MB (lfb 1x512kB) SWAP 279/986MB (cached 19MB) CPU [21%@1479,23%@1479,44%@1479,32%@1479] EMC_FREQ 0% GR3D_FREQ 22% PLL@51C CPU@53.5C PMIC@50C GPU@53.5C AO@64C thermal@53.75C
RAM 1777/1972MB (lfb 1x512kB) SWAP 279/986MB (cached 19MB) CPU [20%@1479,65%@1479,26%@1479,12%@1479] EMC_FREQ 0% GR3D_FREQ 19% PLL@51C CPU@53C PMIC@50C GPU@54C AO@63.5C thermal@53.75C
RAM 1777/1972MB (lfb 1x512kB) SWAP 279/986MB (cached 19MB) CPU [8%@1479,27%@1479,26%@1479,52%@1479] EMC_FREQ 0% GR3D_FREQ 9% PLL@50.5C CPU@53C PMIC@50C GPU@53.5C AO@64C thermal@53C
RAM 1766/1972MB (lfb 1x512kB) SWAP 279/986MB (cached 19MB) CPU [12%@307,39%@307,14%@307,7%@307] EMC_FREQ 0% GR3D_FREQ 0% PLL@50.5C CPU@52C PMIC@50C GPU@53.5C AO@63C thermal@53C
RAM 1759/1972MB (lfb 1x512kB) SWAP 279/986MB (cached 19MB) CPU [85%@1479,8%@1479,6%@1479,4%@1479] EMC_FREQ 0% GR3D_FREQ 0% PLL@50.5C CPU@53.5C PMIC@50C GPU@53C AO@63C thermal@54C
RAM 1744/1972MB (lfb 1x512kB) SWAP 279/986MB (cached 19MB) CPU [11%@614,30%@614,30%@614,2%@614] EMC_FREQ 0% GR3D_FREQ 0% PLL@50.5C CPU@52C PMIC@50C GPU@53C AO@62.5C thermal@54C
RAM 1744/1972MB (lfb 1x512kB) SWAP 279/986MB (cached 19MB) CPU [2%@1479,26%@1479,2%@1479,70%@1479] EMC_FREQ 0% GR3D_FREQ 0% PLL@51C CPU@52C PMIC@50C GPU@53.5C AO@63C thermal@52.75C
RAM 1744/1972MB (lfb 1x512kB) SWAP 279/986MB (cached 19MB) CPU [2%@1479,26%@1479,0%@1479,70%@1479] EMC_FREQ 0% GR3D_FREQ 0% PLL@51C CPU@52C PMIC@50C GPU@53.5C AO@63C thermal@52.75C
RAM 1744/1972MB (lfb 1x512kB) SWAP 279/986MB (cached 19MB) CPU [0%@1479,0%@1479,0%@1479,100%@1479] EMC_FREQ 0% GR3D_FREQ 0% PLL@51.5C CPU@52C PMIC@50C GPU@53C AO@62.5C thermal@52.5C
RAM 1744/1972MB (lfb 1x512kB) SWAP 279/986MB (cached 19MB) CPU [0%@1479,26%@1479,0%@1479,74%@1479] EMC_FREQ 0% GR3D_FREQ 0% PLL@51C CPU@51.5C PMIC@50C GPU@53C AO@63C thermal@52.5C
RAM 1744/1972MB (lfb 1x512kB) SWAP 279/986MB (cached 19MB) CPU [1%@1479,0%@1479,10%@1479,89%@1479] EMC_FREQ 0% GR3D_FREQ 0% PLL@50.5C CPU@52.5C PMIC@50C GPU@53.5C AO@63C thermal@52.5C
RAM 1744/1972MB (lfb 1x512kB) SWAP 279/986MB (cached 19MB) CPU [2%@1479,0%@1479,16%@1479,86%@1479] EMC_FREQ 0% GR3D_FREQ 0% PLL@51C CPU@51.5C PMIC@50C GPU@53C AO@63C thermal@52.75C
RAM 1744/1972MB (lfb 1x512kB) SWAP 279/986MB (cached 19MB) CPU [2%@1479,0%@1479,27%@1479,74%@1479] EMC_FREQ 0% GR3D_FREQ 0% PLL@51C CPU@52C PMIC@50C GPU@53.5C AO@63C thermal@52.75C
RAM 1744/1972MB (lfb 1x512kB) SWAP 279/986MB (cached 19MB) CPU [3%@1479,0%@1479,0%@1479,100%@1479] EMC_FREQ 0% GR3D_FREQ 0% PLL@51C CPU@51.5C PMIC@50C GPU@53C AO@62.5C thermal@52.25C
RAM 1744/1972MB (lfb 1x512kB) SWAP 279/986MB (cached 19MB) CPU [0%@1479,0%@1479,30%@1479,70%@1479] EMC_FREQ 0% GR3D_FREQ 0% PLL@51C CPU@51.5C PMIC@50C GPU@53C AO@62.5C thermal@52.25C
RAM 1744/1972MB (lfb 1x512kB) SWAP 279/986MB (cached 19MB) CPU [2%@1479,5%@1479,19%@1479,81%@1479] EMC_FREQ 0% GR3D_FREQ 0% PLL@51C CPU@52.5C PMIC@50C GPU@53.5C AO@63C thermal@52.5C
RAM 1744/1972MB (lfb 1x512kB) SWAP 279/986MB (cached 19MB) CPU [2%@1479,0%@1479,8%@1479,92%@1479] EMC_FREQ 0% GR3D_FREQ 0% PLL@51C CPU@52C PMIC@50C GPU@53C AO@62.5C thermal@52.5C
RAM 1745/1972MB (lfb 1x512kB) SWAP 279/986MB (cached 19MB) CPU [2%@1479,3%@1479,26%@1479,73%@1479] EMC_FREQ 0% GR3D_FREQ 0% PLL@51C CPU@52C PMIC@50C GPU@53C AO@63C thermal@52.5C
RAM 1745/1972MB (lfb 1x512kB) SWAP 279/986MB (cached 19MB) CPU [0%@1479,2%@1479,0%@1479,100%@1479] EMC_FREQ 0% GR3D_FREQ 0% PLL@51C CPU@52C PMIC@50C GPU@52.5C AO@63C thermal@52.5C
RAM 1745/1972MB (lfb 1x512kB) SWAP 279/986MB (cached 19MB) CPU [0%@1479,0%@1479,28%@1479,72%@1479] EMC_FREQ 0% GR3D_FREQ 0% PLL@50.5C CPU@52C PMIC@50C GPU@52.5C AO@63C thermal@52.5C
RAM 1745/1972MB (lfb 1x512kB) SWAP 279/986MB (cached 19MB) CPU [5%@1479,2%@1479,24%@1479,78%@1479] EMC_FREQ 0% GR3D_FREQ 0% PLL@51C CPU@52.5C PMIC@50C GPU@52.5C AO@62.5C thermal@52.25C
RAM 1746/1972MB (lfb 1x512kB) SWAP 279/986MB (cached 19MB) CPU [2%@1479,2%@1479,13%@1479,92%@1479] EMC_FREQ 0% GR3D_FREQ 0% PLL@51C CPU@52.5C PMIC@50C GPU@52.5C AO@63C thermal@52.25C
RAM 1745/1972MB (lfb 1x512kB) SWAP 279/986MB (cached 19MB) CPU [27%@1479,0%@1479,2%@1479,67%@1479] EMC_FREQ 0% GR3D_FREQ 0% PLL@51C CPU@52C PMIC@50C GPU@52.5C AO@63C thermal@52.25C
RAM 1746/1972MB (lfb 1x512kB) SWAP 279/986MB (cached 19MB) CPU [0%@1479,0%@1479,0%@1479,100%@1479] EMC_FREQ 0% GR3D_FREQ 0% PLL@50.5C CPU@52C PMIC@50C GPU@52.5C AO@63C thermal@52.25C
RAM 1746/1972MB (lfb 1x512kB) SWAP 279/986MB (cached 19MB) CPU [1%@1479,0%@1479,28%@1479,71%@1479] EMC_FREQ 0% GR3D_FREQ 0% PLL@51C CPU@51.5C PMIC@50C GPU@52.5C AO@62.5C thermal@52.25C
RAM 1746/1972MB (lfb 1x512kB) SWAP 279/986MB (cached 19MB) CPU [0%@1479,0%@1479,0%@1479,100%@1479] EMC_FREQ 0% GR3D_FREQ 0% PLL@51C CPU@52C PMIC@50C GPU@52.5C AO@62.5C thermal@52.25C
RAM 1745/1972MB (lfb 1x512kB) SWAP 279/986MB (cached 19MB) CPU [2%@1479,2%@1479,5%@1479,100%@1479] EMC_FREQ 0% GR3D_FREQ 0% PLL@51C CPU@51.5C PMIC@50C GPU@52C AO@62.5C thermal@52C
RAM 1746/1972MB (lfb 1x512kB) SWAP 279/986MB (cached 19MB) CPU [6%@1479,2%@1479,31%@1479,70%@1479] EMC_FREQ 0% GR3D_FREQ 2% PLL@50.5C CPU@52.5C PMIC@50C GPU@52.5C AO@63C thermal@52C
RAM 1738/1972MB (lfb 1x512kB) SWAP 279/986MB (cached 19MB) CPU [100%@1479,4%@1479,30%@1479,57%@1479] EMC_FREQ 0% GR3D_FREQ 0% PLL@50.5C CPU@54C PMIC@50C GPU@52.5C AO@63C thermal@52C
RAM 1729/1972MB (lfb 1x512kB) SWAP 279/986MB (cached 19MB) CPU [45%@1479,2%@1479,100%@1479,50%@1479] EMC_FREQ 0% GR3D_FREQ 0% PLL@51.5C CPU@53C PMIC@50C GPU@53C AO@63C thermal@53C
RAM 1729/1972MB (lfb 1x512kB) SWAP 279/986MB (cached 19MB) CPU [2%@1479,62%@1479,13%@1479,100%@1479] EMC_FREQ 0% GR3D_FREQ 0% PLL@51C CPU@52C PMIC@50C GPU@52.5C AO@63C thermal@53C
RAM 1729/1972MB (lfb 1x512kB) SWAP 279/986MB (cached 19MB) CPU [0%@1479,0%@1479,2%@1479,94%@1479] EMC_FREQ 0% GR3D_FREQ 0% PLL@51C CPU@51.5C PMIC@50C GPU@52C AO@62.5C thermal@52C
RAM 1729/1972MB (lfb 1x512kB) SWAP 279/986MB (cached 19MB) CPU [5%@1479,0%@1479,0%@1479,100%@1479] EMC_FREQ 0% GR3D_FREQ 0% PLL@51C CPU@52C PMIC@50C GPU@52C AO@63C thermal@52C
RAM 1729/1972MB (lfb 1x512kB) SWAP 279/986MB (cached 19MB) CPU [1%@1479,88%@1479,2%@1479,12%@1479] EMC_FREQ 0% GR3D_FREQ 0% PLL@50.5C CPU@52C PMIC@50C GPU@52.5C AO@63C thermal@52.25C
RAM 1729/1972MB (lfb 1x512kB) SWAP 279/986MB (cached 19MB) CPU [2%@1479,76%@1479,24%@1479,2%@1479] EMC_FREQ 0% GR3D_FREQ 0% PLL@50.5C CPU@52.5C PMIC@50C GPU@52.5C AO@62.5C thermal@52.25C
RAM 1729/1972MB (lfb 1x512kB) SWAP 279/986MB (cached 19MB) CPU [0%@1479,100%@1479,0%@1479,0%@1479] EMC_FREQ 0% GR3D_FREQ 0% PLL@50.5C CPU@52.5C PMIC@50C GPU@52C AO@63C thermal@52.25C
RAM 1729/1972MB (lfb 1x512kB) SWAP 279/986MB (cached 19MB) CPU [0%@1479,8%@1479,26%@1479,65%@1479] EMC_FREQ 0% GR3D_FREQ 0% PLL@51C CPU@51.5C PMIC@50C GPU@52.5C AO@63C thermal@52.25C
RAM 1729/1972MB (lfb 1x512kB) SWAP 279/986MB (cached 19MB) CPU [2%@1479,0%@1479,31%@1479,70%@1479] EMC_FREQ 0% GR3D_FREQ 0% PLL@51C CPU@52C PMIC@50C GPU@52.5C AO@63C thermal@52.25C
RAM 1729/1972MB (lfb 1x512kB) SWAP 279/986MB (cached 19MB) CPU [0%@1479,0%@1479,100%@1479,0%@1479] EMC_FREQ 0% GR3D_FREQ 0% PLL@50.5C CPU@52C PMIC@50C GPU@52.5C AO@63C thermal@52.25C
