RAM 648/1972MB (lfb 3x2MB) SWAP 348/986MB (cached 13MB) CPU [11%@102,2%@102,3%@102,0%@102] EMC_FREQ 0% GR3D_FREQ 0% PLL@51.5C CPU@53C PMIC@50C GPU@54C AO@64.5C thermal@54C
RAM 648/1972MB (lfb 3x2MB) SWAP 348/986MB (cached 13MB) CPU [12%@307,2%@307,2%@307,2%@307] EMC_FREQ 0% GR3D_FREQ 0% PLL@51.5C CPU@52.5C PMIC@50C GPU@54C AO@64.5C thermal@53.5C
RAM 654/1972MB (lfb 3x2MB) SWAP 348/986MB (cached 13MB) CPU [25%@518,4%@518,2%@518,29%@518] EMC_FREQ 0% GR3D_FREQ 0% PLL@51.5C CPU@52.5C PMIC@50C GPU@54.5C AO@64.5C thermal@53.5C
RAM 679/1972MB (lfb 1x2MB) SWAP 348/986MB (cached 13MB) CPU [34%@825,17%@825,2%@825,12%@825] EMC_FREQ 0% GR3D_FREQ 0% PLL@51.5C CPU@53.5C PMIC@50C GPU@53.5C AO@64.5C thermal@53.5C
RAM 682/1972MB (lfb 1x2MB) SWAP 348/986MB (cached 13MB) CPU [40%@825,4%@825,6%@825,12%@825] EMC_FREQ 0% GR3D_FREQ 0% PLL@51.5C CPU@53C PMIC@50C GPU@53.5C AO@64.5C thermal@53.5C
RAM 694/1972MB (lfb 7x1MB) SWAP 348/986MB (cached 13MB) CPU [46%@204,4%@204,4%@204,10%@204] EMC_FREQ 0% GR3D_FREQ 0% PLL@52C CPU@53C PMIC@50C GPU@53.5C AO@64.5C thermal@53.5C
RAM 717/1972MB (lfb 7x1MB) SWAP 348/986MB (cached 13MB) CPU [24%@1479,20%@1479,17%@1479,8%@1479] EMC_FREQ 0% GR3D_FREQ 0% PLL@52C CPU@53.5C PMIC@50C GPU@54C AO@64.5C thermal@53C
RAM 745/1972MB (lfb 7x1MB) SWAP 348/986MB (cached 13MB) CPU [6%@1132,12%@1132,17%@1132,35%@1132] EMC_FREQ 0% GR3D_FREQ 5% PLL@51.5C CPU@53C PMIC@50C GPU@53.5C AO@64.5C thermal@53C
RAM 787/1972MB (lfb 7x1MB) SWAP 348/986MB (cached 13MB) CPU [16%@1479,19%@1479,23%@1479,12%@1479] EMC_FREQ 0% GR3D_FREQ 18% PLL@52C CPU@53.5C PMIC@50C GPU@54C AO@64.5C thermal@53.75C
RAM 824/1972MB (lfb 7x1MB) SWAP 348/986MB (cached 13MB) CPU [16%@1479,32%@1479,9%@1479,34%@1479] EMC_FREQ 0% GR3D_FREQ 48% PLL@52C CPU@54C PMIC@50C GPU@53.5C AO@65C thermal@53.75C
RAM 824/1972MB (lfb 7x1MB) SWAP 348/986MB (cached 13MB) CPU [6%@518,68%@518,6%@518,19%@518] EMC_FREQ 0% GR3D_FREQ 0% PLL@51.5C CPU@53.5C PMIC@50C GPU@53.5C AO@64.5C thermal@53.5C
RAM 860/1972MB (lfb 7x1MB) SWAP 348/986MB (cached 13MB) CPU [2%@1479,24%@1479,10%@1479,34%@1479] EMC_FREQ 0% GR3D_FREQ 0% PLL@52C CPU@53.5C PMIC@50C GPU@53.5C AO@64.5C thermal@53.5C
RAM 903/1972MB (lfb 7x1MB) SWAP 348/986MB (cached 13MB) CPU [11%@1428,36%@1428,4%@1428,36%@1428] EMC_FREQ 0% GR3D_FREQ 0% PLL@52C CPU@53.5C PMIC@50C GPU@53.5C AO@64.5C thermal@53.5C
RAM 919/1972MB (lfb 7x1MB) SWAP 348/986MB (cached 13MB) CPU [6%@1479,27%@1479,10%@1479,16%@1479] EMC_FREQ 0% GR3D_FREQ 0% PLL@52C CPU@53.5C PMIC@50C GPU@53.5C AO@64.5C thermal@53.75C
RAM 949/1972MB (lfb 7x1MB) SWAP 348/986MB (cached 13MB) CPU [2%@1479,0%@1479,72%@1479,22%@1479] EMC_FREQ 0% GR3D_FREQ 0% PLL@52C CPU@54C PMIC@50C GPU@53.5C AO@65C thermal@53.75C
RAM 953/1972MB (lfb 7x1MB) SWAP 348/986MB (cached 13MB) CPU [2%@1428,1%@1428,91%@1428,3%@1428] EMC_FREQ 0% GR3D_FREQ 0% PLL@52C CPU@53.5C PMIC@50C GPU@53.5C AO@65C thermal@53.75C
RAM 972/1972MB (lfb 7x1MB) SWAP 348/986MB (cached 13MB) CPU [8%@825,19%@825,8%@825,26%@825] EMC_FREQ 0% GR3D_FREQ 15% PLL@51.5C CPU@53.5C PMIC@50C GPU@53.5C AO@64.5C thermal@53.75C
RAM 997/1972MB (lfb 7x1MB) SWAP 348/986MB (cached 13MB) CPU [8%@1224,36%@1224,6%@1224,22%@1224] EMC_FREQ 0% GR3D_FREQ 4% PLL@52C CPU@53.5C PMIC@50C GPU@53.5C AO@65C thermal@53.5C
RAM 1028/1972MB (lfb 7x1MB) SWAP 348/986MB (cached 13MB) CPU [12%@1479,36%@1479,4%@1479,18%@1479] EMC_FREQ 0% GR3D_FREQ 0% PLL@52C CPU@53.5C PMIC@50C GPU@53.5C AO@65C thermal@53.5C
RAM 1067/1972MB (lfb 7x1MB) SWAP 348/986MB (cached 13MB) CPU [18%@1479,38%@1479,6%@1479,28%@1479] EMC_FREQ 0% GR3D_FREQ 46% PLL@52C CPU@55C PMIC@50C GPU@53.5C AO@65C thermal@53.75C
RAM 1107/1972MB (lfb 7x1MB) SWAP 348/986MB (cached 13MB) CPU [16%@1479,29%@1479,12%@1479,24%@1479] EMC_FREQ 0% GR3D_FREQ 15% PLL@52C CPU@53.5C PMIC@50C GPU@54C AO@65C thermal@53.75C
RAM 1125/1972MB (lfb 7x1MB) SWAP 348/986MB (cached 13MB) CPU [12%@614,18%@614,6%@614,28%@614] EMC_FREQ 0% GR3D_FREQ 8% PLL@51.5C CPU@53C PMIC@50C GPU@54C AO@65C thermal@53.5C
RAM 1155/1972MB (lfb 7x1MB) SWAP 348/986MB (cached 13MB) CPU [10%@518,25%@518,14%@518,23%@518] EMC_FREQ 0% GR3D_FREQ 0% PLL@52C CPU@53.5C PMIC@50C GPU@53.5C AO@64.5C thermal@53.5C
RAM 1190/1972MB (lfb 7x1MB) SWAP 348/986MB (cached 13MB) CPU [10%@1224,38%@1224,8%@1224,27%@1224] EMC_FREQ 0% GR3D_FREQ 4% PLL@52C CPU@53.5C PMIC@50C GPU@53.5C AO@65C thermal@53.5C
RAM 1231/1972MB (lfb 2x1MB) SWAP 348/986MB (cached 13MB) CPU [9%@1479,45%@1479,37%@1479,11%@1479] EMC_FREQ 0% GR3D_FREQ 8% PLL@52C CPU@54C PMIC@50C GPU@53.5C AO@64.5C thermal@53.25C
RAM 1258/1972MB (lfb 2x1MB) SWAP 348/986MB (cached 13MB) CPU [4%@614,38%@614,20%@614,2%@614] EMC_FREQ 0% GR3D_FREQ 15% PLL@52C CPU@53.5C PMIC@50C GPU@53.5C AO@65C thermal@53.25C
RAM 1256/1972MB (lfb 1x1MB) SWAP 348/986MB (cached 13MB) CPU [10%@1428,12%@1428,31%@1428,42%@1428] EMC_FREQ 0% GR3D_FREQ 11% PLL@52C CPU@53.5C PMIC@50C GPU@53.5C AO@65C thermal@53.5C
RAM 1266/1972MB (lfb 1x1MB) SWAP 348/986MB (cached 13MB) CPU [10%@1224,18%@1224,10%@1224,73%@1224] EMC_FREQ 0% GR3D_FREQ 0% PLL@52C CPU@53.5C PMIC@50C GPU@53.5C AO@64.5C thermal@53.5C
RAM 1300/1972MB (lfb 1x1MB) SWAP 348/986MB (cached 13MB) CPU [13%@1428,19%@1428,16%@1428,37%@1428] EMC_FREQ 0% GR3D_FREQ 96% PLL@51.5C CPU@53C PMIC@50C GPU@54C AO@65C thermal@53.25C
RAM 1312/1972MB (lfb 1x1MB) SWAP 348/986MB (cached 13MB) CPU [24%@1479,18%@1479,10%@1479,19%@1479] EMC_FREQ 0% GR3D_FREQ 78% PLL@52C CPU@54C PMIC@50C GPU@53.5C AO@65.5C thermal@53.25C
RAM 1312/1972MB (lfb 1x1MB) SWAP 348/986MB (cached 13MB) CPU [40%@1036,4%@1036,5%@1036,15%@1036] EMC_FREQ 0% GR3D_FREQ 27% PLL@52C CPU@54C PMIC@50C GPU@54C AO@65.5C thermal@53.75C
RAM 1312/1972MB (lfb 1x1MB) SWAP 348/986MB (cached 13MB) CPU [47%@921,0%@921,2%@921,16%@921] EMC_FREQ 0% GR3D_FREQ 67% PLL@52C CPU@54C PMIC@50C GPU@54C AO@65.5C thermal@53.75C
RAM 1312/1972MB (lfb 1x1MB) SWAP 348/986MB (cached 13MB) CPU [46%@1036,4%@1036,4%@1036,25%@1036] EMC_FREQ 0% GR3D_FREQ 48% PLL@52C CPU@54.5C PMIC@50C GPU@54C AO@65.5C thermal@53.75C
RAM 1312/1972MB (lfb 1x1MB) SWAP 348/986MB (cached 13MB) CPU [48%@1428,13%@1428,10%@1428,17%@1428] EMC_FREQ 0% GR3D_FREQ 42% PLL@52.5C CPU@54.5C PMIC@50C GPU@54C AO@65.5C thermal@54C
RAM 1312/1972MB (lfb 1x1MB) SWAP 348/986MB (cached 13MB) CPU [44%@518,12%@518,22%@518,8%@518] EMC_FREQ 0% GR3D_FREQ 0% PLL@52C CPU@53.5C PMIC@50C GPU@54C AO@65C thermal@54C
RAM 1314/1972MB (lfb 1x1MB) SWAP 348/986MB (cached 13MB) CPU [5%@1036,14%@1036,6%@1036,34%@1036] EMC_FREQ 0% GR3D_FREQ 0% PLL@52C CPU@53.5C PMIC@50C GPU@53.5C AO@64.5C thermal@53.25C
RAM 1329/1972MB (lfb 1x1MB) SWAP 348/986MB (cached 13MB) CPU [8%@403,16%@403,6%@403,14%@403] EMC_FREQ 0% GR3D_FREQ 0% PLL@52C CPU@53C PMIC@50C GPU@53.5C AO@64.5C thermal@53.25C
RAM 1349/1972MB (lfb 1x1MB) SWAP 348/986MB (cached 13MB) CPU [16%@518,14%@518,6%@518,16%@518] EMC_FREQ 0% GR3D_FREQ 0% PLL@51.5C CPU@53C PMIC@50C GPU@53.5C AO@64.5C thermal@53.25C
RAM 1372/1972MB (lfb 1x1MB) SWAP 348/986MB (cached 13MB) CPU [9%@204,19%@204,7%@204,26%@204] EMC_FREQ 0% GR3D_FREQ 7% PLL@52C CPU@53C PMIC@50C GPU@53.5C AO@64.5C thermal@53.25C
RAM 1413/1972MB (lfb 1x1MB) SWAP 348/986MB (cached 13MB) CPU [16%@518,6%@518,4%@518,34%@518] EMC_FREQ 0% GR3D_FREQ 3% PLL@52C CPU@53C PMIC@50C GPU@53.5C AO@64.5C thermal@53.25C
RAM 1437/1972MB (lfb 1x1MB) SWAP 348/986MB (cached 13MB) CPU [8%@102,24%@102,6%@102,23%@102] EMC_FREQ 0% GR3D_FREQ 0% PLL@51.5C CPU@53C PMIC@50C GPU@53.5C AO@64.5C thermal@53.25C
RAM 1487/1972MB (lfb 1x1MB) SWAP 349/986MB (cached 13MB) CPU [23%@307,46%@1479,34%@1479,23%@1479] EMC_FREQ 0% GR3D_FREQ 1% PLL@51.5C CPU@53.5C PMIC@50C GPU@53.5C AO@65C thermal@53.25C
RAM 1516/1972MB (lfb 1x1MB) SWAP 349/986MB (cached 12MB) CPU [20%@1036,16%@1036,6%@1036,20%@1036] EMC_FREQ 0% GR3D_FREQ 0% PLL@52C CPU@53.5C PMIC@50C GPU@53.5C AO@65C thermal@53.25C
RAM 1544/1972MB (lfb 1x1MB) SWAP 350/986MB (cached 12MB) CPU [33%@921,2%@921,5%@921,15%@921] EMC_FREQ 0% GR3D_FREQ 1% PLL@51.5C CPU@54.5C PMIC@50C GPU@53.5C AO@64.5C thermal@53.25C
RAM 1585/1972MB (lfb 1x1MB) SWAP 350/986MB (cached 12MB) CPU [24%@614,16%@614,21%@614,14%@614] EMC_FREQ 0% GR3D_FREQ 1% PLL@52C CPU@53.5C PMIC@50C GPU@53.5C AO@64.5C thermal@53.25C
RAM 1613/1972MB (lfb 1x1MB) SWAP 350/986MB (cached 12MB) CPU [24%@307,10%@307,14%@307,24%@307] EMC_FREQ 0% GR3D_FREQ 99% PLL@51.5C CPU@53.5C PMIC@50C GPU@53.5C AO@65C thermal@53.25C
RAM 1646/1972MB (lfb 1x1MB) SWAP 350/986MB (cached 12MB) CPU [10%@710,14%@710,20%@710,23%@710] EMC_FREQ 0% GR3D_FREQ 99% PLL@51.5C CPU@54C PMIC@50C GPU@54.5C AO@66C thermal@53.5C
RAM 1646/1972MB (lfb 1x1MB) SWAP 350/986MB (cached 12MB) CPU [11%@614,25%@614,14%@614,6%@614] EMC_FREQ 0% GR3D_FREQ 99% PLL@52C CPU@54C PMIC@50C GPU@55C AO@66.5C thermal@53.5C
RAM 1646/1972MB (lfb 1x1MB) SWAP 350/986MB (cached 12MB) CPU [12%@403,22%@403,10%@403,14%@403] EMC_FREQ 0% GR3D_FREQ 95% PLL@52C CPU@55C PMIC@50C GPU@55C AO@67C thermal@54.75C
RAM 1646/1972MB (lfb 1x1MB) SWAP 350/986MB (cached 12MB) CPU [4%@710,35%@710,14%@710,6%@710] EMC_FREQ 0% GR3D_FREQ 99% PLL@52C CPU@54.5C PMIC@50C GPU@55C AO@66.5C thermal@54.75C
RAM 1618/1972MB (lfb 1x1MB) SWAP 350/986MB (cached 12MB) CPU [15%@614,20%@614,25%@614,8%@614] EMC_FREQ 0% GR3D_FREQ 99% PLL@52C CPU@54.5C PMIC@50C GPU@55C AO@66.5C thermal@54.75C
RAM 1637/1972MB (lfb 1x1MB) SWAP 350/986MB (cached 12MB) CPU [10%@1479,40%@1479,10%@1479,10%@1479] EMC_FREQ 0% GR3D_FREQ 20% PLL@52C CPU@55C PMIC@50C GPU@55.5C AO@66.5C thermal@54.75C
RAM 1637/1972MB (lfb 1x1MB) SWAP 350/986MB (cached 12MB) CPU [4%@1036,20%@1036,8%@1036,10%@1036] EMC_FREQ 0% GR3D_FREQ 24% PLL@52C CPU@54.5C PMIC@50C GPU@55C AO@67C thermal@54.75C
RAM 1637/1972MB (lfb 1x1MB) SWAP 350/986MB (cached 12MB) CPU [4%@1428,48%@1428,16%@1428,10%@1428] EMC_FREQ 0% GR3D_FREQ 95% PLL@52.5C CPU@55C PMIC@50C GPU@55.5C AO@67C thermal@54.75C
RAM 1637/1972MB (lfb 1x1MB) SWAP 350/986MB (cached 12MB) CPU [13%@204,20%@204,4%@204,8%@204] EMC_FREQ 0% GR3D_FREQ 99% PLL@52C CPU@54.5C PMIC@50C GPU@55.5C AO@66.5C thermal@54.75C
RAM 1644/1972MB (lfb 1x1MB) SWAP 350/986MB (cached 12MB) CPU [16%@307,33%@307,9%@307,4%@307] EMC_FREQ 0% GR3D_FREQ 99% PLL@52.5C CPU@54.5C PMIC@50C GPU@55.5C AO@66.5C thermal@55.25C
RAM 1628/1972MB (lfb 1x1MB) SWAP 350/986MB (cached 12MB) CPU [20%@1132,14%@1132,20%@1132,23%@1132] EMC_FREQ 0% GR3D_FREQ 67% PLL@52C CPU@55C PMIC@50C GPU@55.5C AO@66C thermal@55.25C
RAM 1628/1972MB (lfb 1x1MB) SWAP 350/986MB (cached 12MB) CPU [6%@518,14%@518,26%@518,24%@518] EMC_FREQ 0% GR3D_FREQ 27% PLL@52.5C CPU@54.5C PMIC@50C GPU@55.5C AO@67C thermal@55.25C
RAM 1628/1972MB (lfb 1x1MB) SWAP 350/986MB (cached 12MB) CPU [6%@204,6%@204,14%@204,26%@204] EMC_FREQ 0% GR3D_FREQ 99% PLL@52.5C CPU@54.5C PMIC@50C GPU@55.5C AO@67C thermal@55.25C
RAM 1628/1972MB (lfb 1x1MB) SWAP 350/986MB (cached 12MB) CPU [28%@1479,25%@1479,27%@1479,30%@1479] EMC_FREQ 0% GR3D_FREQ 17% PLL@52.5C CPU@54.5C PMIC@50C GPU@55C AO@66C thermal@55C
RAM 1628/1972MB (lfb 1x1MB) SWAP 350/986MB (cached 12MB) CPU [6%@1479,26%@1479,48%@1479,36%@1479] EMC_FREQ 0% GR3D_FREQ 12% PLL@52.5C CPU@54C PMIC@50C GPU@55C AO@66C thermal@55C
RAM 1645/1972MB (lfb 1x1MB) SWAP 350/986MB (cached 12MB) CPU [8%@614,8%@614,16%@614,10%@614] EMC_FREQ 0% GR3D_FREQ 97% PLL@52C CPU@54.5C PMIC@50C GPU@55C AO@65.5C thermal@55C
RAM 1645/1972MB (lfb 1x1MB) SWAP 350/986MB (cached 12MB) CPU [12%@1326,24%@1326,28%@1326,26%@1326] EMC_FREQ 0% GR3D_FREQ 53% PLL@52C CPU@55C PMIC@50C GPU@55.5C AO@67C thermal@55C
RAM 1648/1972MB (lfb 1x1MB) SWAP 350/986MB (cached 12MB) CPU [8%@825,12%@825,22%@825,12%@825] EMC_FREQ 0% GR3D_FREQ 48% PLL@52C CPU@54.5C PMIC@50C GPU@55.5C AO@66.5C thermal@55C
RAM 1678/1972MB (lfb 1x1MB) SWAP 350/986MB (cached 12MB) CPU [26%@1479,14%@1479,20%@1479,14%@1479] EMC_FREQ 0% GR3D_FREQ 33% PLL@52.5C CPU@55C PMIC@50C GPU@55.5C AO@66C thermal@55C
RAM 1678/1972MB (lfb 1x1MB) SWAP 350/986MB (cached 12MB) CPU [16%@518,14%@518,24%@518,22%@518] EMC_FREQ 0% GR3D_FREQ 89% PLL@52.5C CPU@54.5C PMIC@50C GPU@55.5C AO@67C thermal@55C
RAM 1679/1972MB (lfb 1x1MB) SWAP 350/986MB (cached 12MB) CPU [37%@1479,6%@1479,14%@1479,25%@1479] EMC_FREQ 0% GR3D_FREQ 0% PLL@52C CPU@55C PMIC@50C GPU@55.5C AO@66C thermal@55.25C
RAM 1680/1972MB (lfb 1x1MB) SWAP 350/986MB (cached 12MB) CPU [28%@1479,22%@1479,2%@1479,20%@1479] EMC_FREQ 0% GR3D_FREQ 23% PLL@52.5C CPU@55C PMIC@50C GPU@55.5C AO@66C thermal@55.25C
RAM 1716/1972MB (lfb 1x1MB) SWAP 350/986MB (cached 12MB) CPU [52%@1479,26%@1479,18%@1479,23%@1479] EMC_FREQ 0% GR3D_FREQ 0% PLL@52.5C CPU@55C PMIC@50C GPU@55C AO@65.5C thermal@55C
RAM 1733/1972MB (lfb 1x1MB) SWAP 350/986MB (cached 12MB) CPU [30%@1479,22%@1479,4%@1479,2%@1479] EMC_FREQ 0% GR3D_FREQ 74% PLL@52.5C CPU@55C PMIC@50C GPU@55.5C AO@66.5C thermal@55C
RAM 1733/1972MB (lfb 1x1MB) SWAP 350/986MB (cached 12MB) CPU [20%@403,19%@403,28%@403,21%@403] EMC_FREQ 0% GR3D_FREQ 43% PLL@52.5C CPU@55C PMIC@50C GPU@55.5C AO@66.5C thermal@55C
RAM 1738/1972MB (lfb 1x1MB) SWAP 350/986MB (cached 12MB) CPU [12%@1479,6%@1479,36%@1479,4%@1479] EMC_FREQ 0% GR3D_FREQ 26% PLL@52.5C CPU@55C PMIC@50C GPU@55.5C AO@66C thermal@55.25C
RAM 1802/1972MB (lfb 1x1MB) SWAP 351/986MB (cached 11MB) CPU [50%@1326,30%@1326,9%@1326,10%@1326] EMC_FREQ 0% GR3D_FREQ 99% PLL@52.5C CPU@54.5C PMIC@50C GPU@55C AO@66.5C thermal@55.25C
RAM 1802/1972MB (lfb 1x1MB) SWAP 351/986MB (cached 11MB) CPU [2%@518,9%@518,26%@518,20%@518] EMC_FREQ 0% GR3D_FREQ 63% PLL@52.5C CPU@55C PMIC@50C GPU@56C AO@66.5C thermal@55C
RAM 1802/1972MB (lfb 1x1MB) SWAP 351/986MB (cached 11MB) CPU [16%@710,17%@710,16%@710,30%@710] EMC_FREQ 0% GR3D_FREQ 45% PLL@52.5C CPU@55C PMIC@50C GPU@55.5C AO@66.5C thermal@55C
RAM 1804/1972MB (lfb 1x1MB) SWAP 351/986MB (cached 11MB) CPU [12%@102,11%@102,8%@102,37%@102] EMC_FREQ 0% GR3D_FREQ 99% PLL@52.5C CPU@54C PMIC@50C GPU@55.5C AO@66.5C thermal@55.25C
RAM 1803/1972MB (lfb 1x1MB) SWAP 351/986MB (cached 11MB) CPU [26%@1479,4%@1479,31%@1479,22%@1479] EMC_FREQ 0% GR3D_FREQ 21% PLL@53C CPU@54.5C PMIC@50C GPU@55.5C AO@66.5C thermal@55.25C
RAM 1803/1972MB (lfb 1x1MB) SWAP 351/986MB (cached 11MB) CPU [30%@204,12%@204,27%@204,26%@204] EMC_FREQ 0% GR3D_FREQ 97% PLL@52.5C CPU@54.5C PMIC@50C GPU@55.5C AO@66.5C thermal@55C
RAM 1803/1972MB (lfb 1x1MB) SWAP 351/986MB (cached 11MB) CPU [29%@1132,12%@1132,12%@1132,19%@1132] EMC_FREQ 0% GR3D_FREQ 42% PLL@52.5C CPU@55C PMIC@50C GPU@55.5C AO@67C thermal@55C
RAM 1804/1972MB (lfb 1x1MB) SWAP 351/986MB (cached 11MB) CPU [32%@614,9%@614,10%@614,19%@614] EMC_FREQ 0% GR3D_FREQ 93% PLL@52.5C CPU@54.5C PMIC@50C GPU@55.5C AO@67C thermal@55C
RAM 1803/1972MB (lfb 1x1MB) SWAP 351/986MB (cached 11MB) CPU [20%@102,15%@102,20%@102,25%@102] EMC_FREQ 0% GR3D_FREQ 99% PLL@53C CPU@54.5C PMIC@50C GPU@55.5C AO@66.5C thermal@55C
RAM 1803/1972MB (lfb 1x1MB) SWAP 351/986MB (cached 11MB) CPU [20%@710,14%@710,14%@710,24%@710] EMC_FREQ 0% GR3D_FREQ 66% PLL@52.5C CPU@55C PMIC@50C GPU@55.5C AO@67C thermal@55C
RAM 1804/1972MB (lfb 1x1MB) SWAP 351/986MB (cached 11MB) CPU [8%@102,15%@102,14%@204,29%@204] EMC_FREQ 0% GR3D_FREQ 99% PLL@52.5C CPU@54.5C PMIC@50C GPU@56C AO@66.5C thermal@55.5C
RAM 1802/1972MB (lfb 1x1MB) SWAP 351/986MB (cached 11MB) CPU [31%@1479,20%@1479,12%@1479,28%@1479] EMC_FREQ 0% GR3D_FREQ 22% PLL@52.5C CPU@55C PMIC@50C GPU@55C AO@66.5C thermal@55.5C
RAM 1802/1972MB (lfb 1x1MB) SWAP 351/986MB (cached 11MB) CPU [30%@1428,20%@1428,12%@1428,30%@1428] EMC_FREQ 0% GR3D_FREQ 24% PLL@52.5C CPU@55C PMIC@50C GPU@55.5C AO@66C thermal@54.75C
RAM 1803/1972MB (lfb 1x1MB) SWAP 351/986MB (cached 11MB) CPU [58%@1428,19%@1428,12%@1428,32%@1428] EMC_FREQ 0% GR3D_FREQ 12% PLL@53C CPU@55.5C PMIC@50C GPU@55.5C AO@66C thermal@54.75C
RAM 1803/1972MB (lfb 1x1MB) SWAP 351/986MB (cached 11MB) CPU [24%@1479,30%@1479,42%@1479,16%@1479] EMC_FREQ 0% GR3D_FREQ 14% PLL@53C CPU@55C PMIC@50C GPU@55.5C AO@66C thermal@55.25C
RAM 1803/1972MB (lfb 1x1MB) SWAP 351/986MB (cached 11MB) CPU [6%@1479,10%@1479,75%@1479,21%@1479] EMC_FREQ 0% GR3D_FREQ 17% PLL@53C CPU@55C PMIC@50C GPU@55.5C AO@66C thermal@55.25C
RAM 1803/1972MB (lfb 1x1MB) SWAP 351/986MB (cached 11MB) CPU [12%@1479,8%@1479,75%@1479,20%@1479] EMC_FREQ 0% GR3D_FREQ 15% PLL@52.5C CPU@54.5C PMIC@50C GPU@55.5C AO@66C thermal@55C
RAM 1769/1972MB (lfb 1x1MB) SWAP 351/986MB (cached 11MB) CPU [23%@1479,6%@1479,12%@1479,19%@1479] EMC_FREQ 0% GR3D_FREQ 0% PLL@52.5C CPU@56C PMIC@50C GPU@55C AO@65.5C thermal@55C
RAM 1760/1972MB (lfb 1x1MB) SWAP 351/986MB (cached 11MB) CPU [76%@1479,4%@1479,0%@1479,12%@1479] EMC_FREQ 0% GR3D_FREQ 0% PLL@52.5C CPU@54C PMIC@50C GPU@55C AO@65C thermal@55C
RAM 1749/1972MB (lfb 1x1MB) SWAP 351/986MB (cached 11MB) CPU [4%@1479,5%@1479,6%@1479,72%@1479] EMC_FREQ 0% GR3D_FREQ 1% PLL@52.5C CPU@54.5C PMIC@50C GPU@55C AO@65.5C thermal@54.25C
RAM 1749/1972MB (lfb 1x1MB) SWAP 351/986MB (cached 11MB) CPU [1%@1479,0%@1479,100%@1479,1%@1479] EMC_FREQ 0% GR3D_FREQ 0% PLL@52.5C CPU@54C PMIC@50C GPU@55C AO@65C thermal@54.25C
RAM 1749/1972MB (lfb 1x1MB) SWAP 351/986MB (cached 11MB) CPU [24%@1479,2%@1479,74%@1479,0%@1479] EMC_FREQ 0% GR3D_FREQ 0% PLL@52.5C CPU@54C PMIC@50C GPU@55C AO@65.5C thermal@54.5C
RAM 1750/1972MB (lfb 1x1MB) SWAP 351/986MB (cached 11MB) CPU [12%@1479,0%@1479,87%@1479,2%@1479] EMC_FREQ 0% GR3D_FREQ 0% PLL@52.5C CPU@56C PMIC@50C GPU@55C AO@65.5C thermal@54.5C
RAM 1750/1972MB (lfb 1x1MB) SWAP 351/986MB (cached 11MB) CPU [12%@1479,3%@1479,86%@1479,1%@1479] EMC_FREQ 0% GR3D_FREQ 0% PLL@52.5C CPU@54C PMIC@50C GPU@55C AO@65C thermal@54.5C
RAM 1750/1972MB (lfb 1x1MB) SWAP 351/986MB (cached 11MB) CPU [0%@1479,0%@1479,100%@1479,0%@1479] EMC_FREQ 0% GR3D_FREQ 0% PLL@52.5C CPU@54C PMIC@50C GPU@55C AO@65C thermal@54.5C
RAM 1750/1972MB (lfb 1x1MB) SWAP 351/986MB (cached 11MB) CPU [0%@1479,1%@1479,100%@1479,0%@1479] EMC_FREQ 0% GR3D_FREQ 0% PLL@52.5C CPU@53.5C PMIC@50C GPU@55C AO@65.5C thermal@54.25C
RAM 1750/1972MB (lfb 1x1MB) SWAP 351/986MB (cached 11MB) CPU [5%@1479,26%@1479,72%@1479,2%@1479] EMC_FREQ 0% GR3D_FREQ 0% PLL@52.5C CPU@54C PMIC@50C GPU@55C AO@65C thermal@54.25C
RAM 1751/1972MB (lfb 1x1MB) SWAP 351/986MB (cached 11MB) CPU [2%@1479,27%@1479,72%@1479,2%@1479] EMC_FREQ 0% GR3D_FREQ 1% PLL@53C CPU@54.5C PMIC@50C GPU@55C AO@65.5C thermal@54.25C
RAM 1751/1972MB (lfb 1x1MB) SWAP 351/986MB (cached 11MB) CPU [0%@1479,0%@1479,100%@1479,0%@1479] EMC_FREQ 0% GR3D_FREQ 0% PLL@52.5C CPU@54C PMIC@50C GPU@55C AO@65C thermal@54.5C
RAM 1751/1972MB (lfb 1x1MB) SWAP 351/986MB (cached 11MB) CPU [24%@1479,0%@1479,74%@1479,0%@1479] EMC_FREQ 0% GR3D_FREQ 0% PLL@53C CPU@54C PMIC@50C GPU@55C AO@65C thermal@54.5C
RAM 1751/1972MB (lfb 1x1MB) SWAP 351/986MB (cached 11MB) CPU [2%@1479,0%@1479,100%@1479,0%@1479] EMC_FREQ 0% GR3D_FREQ 0% PLL@52.5C CPU@54C PMIC@50C GPU@55C AO@65.5C thermal@54C
RAM 1751/1972MB (lfb 1x1MB) SWAP 351/986MB (cached 11MB) CPU [0%@1479,0%@1479,100%@1479,0%@1479] EMC_FREQ 0% GR3D_FREQ 0% PLL@52.5C CPU@54C PMIC@50C GPU@55C AO@65C thermal@54C
RAM 1751/1972MB (lfb 1x1MB) SWAP 351/986MB (cached 11MB) CPU [2%@1479,2%@1479,98%@1479,3%@1479] EMC_FREQ 0% GR3D_FREQ 0% PLL@52.5C CPU@54C PMIC@50C GPU@54.5C AO@65C thermal@54.25C
RAM 1751/1972MB (lfb 1x1MB) SWAP 351/986MB (cached 11MB) CPU [1%@1479,0%@1479,100%@1479,0%@1479] EMC_FREQ 0% GR3D_FREQ 0% PLL@52.5C CPU@53.5C PMIC@50C GPU@54.5C AO@65.5C thermal@54.25C
RAM 1751/1972MB (lfb 1x1MB) SWAP 351/986MB (cached 11MB) CPU [3%@1479,0%@1479,100%@1479,5%@1479] EMC_FREQ 0% GR3D_FREQ 0% PLL@52.5C CPU@53.5C PMIC@50C GPU@54.5C AO@65C thermal@54.25C
RAM 1751/1972MB (lfb 1x1MB) SWAP 351/986MB (cached 11MB) CPU [18%@1479,0%@1479,81%@1479,0%@1479] EMC_FREQ 0% GR3D_FREQ 0% PLL@52.5C CPU@56C PMIC@50C GPU@54.5C AO@65.5C thermal@54.25C
RAM 1751/1972MB (lfb 1x1MB) SWAP 351/986MB (cached 11MB) CPU [13%@1479,2%@1479,84%@1479,0%@1479] EMC_FREQ 0% GR3D_FREQ 0% PLL@52.5C CPU@53.5C PMIC@50C GPU@54.5C AO@65.5C thermal@54.25C
RAM 1751/1972MB (lfb 1x1MB) SWAP 351/986MB (cached 11MB) CPU [0%@1479,0%@1479,100%@1479,2%@1479] EMC_FREQ 0% GR3D_FREQ 1% PLL@52.5C CPU@54C PMIC@50C GPU@54.5C AO@65.5C thermal@54C
RAM 1751/1972MB (lfb 1x1MB) SWAP 351/986MB (cached 11MB) CPU [1%@1479,1%@1479,100%@1479,0%@1479] EMC_FREQ 0% GR3D_FREQ 0% PLL@52.5C CPU@53.5C PMIC@50C GPU@54.5C AO@65.5C thermal@54C
RAM 1751/1972MB (lfb 1x1MB) SWAP 351/986MB (cached 11MB) CPU [0%@1479,0%@1479,100%@1479,1%@1479] EMC_FREQ 0% GR3D_FREQ 0% PLL@52.5C CPU@53.5C PMIC@50C GPU@54.5C AO@65.5C thermal@54C
RAM 1751/1972MB (lfb 1x1MB) SWAP 351/986MB (cached 11MB) CPU [0%@1479,0%@1479,100%@1479,2%@1479] EMC_FREQ 0% GR3D_FREQ 0% PLL@52.5C CPU@53.5C PMIC@50C GPU@54.5C AO@65C thermal@54C
RAM 1751/1972MB (lfb 1x1MB) SWAP 351/986MB (cached 11MB) CPU [3%@1479,33%@1479,68%@1479,2%@1479] EMC_FREQ 0% GR3D_FREQ 0% PLL@52.5C CPU@53.5C PMIC@50C GPU@54.5C AO@65C thermal@53.75C
RAM 1752/1972MB (lfb 1x1MB) SWAP 351/986MB (cached 11MB) CPU [24%@1479,0%@1479,75%@1479,0%@1479] EMC_FREQ 0% GR3D_FREQ 0% PLL@52.5C CPU@55.5C PMIC@50C GPU@54C AO@65C thermal@53.75C
RAM 1751/1972MB (lfb 1x1MB) SWAP 351/986MB (cached 11MB) CPU [6%@1479,0%@1479,95%@1479,0%@1479] EMC_FREQ 0% GR3D_FREQ 0% PLL@52C CPU@54C PMIC@50C GPU@54C AO@65.5C thermal@54.25C
RAM 1751/1972MB (lfb 1x1MB) SWAP 351/986MB (cached 11MB) CPU [2%@1479,3%@1479,95%@1479,0%@1479] EMC_FREQ 0% GR3D_FREQ 0% PLL@52.5C CPU@54C PMIC@50C GPU@54.5C AO@65C thermal@54.25C
RAM 1751/1972MB (lfb 1x1MB) SWAP 351/986MB (cached 11MB) CPU [0%@1479,0%@1479,100%@1479,2%@1479] EMC_FREQ 0% GR3D_FREQ 0% PLL@52.5C CPU@53.5C PMIC@50C GPU@54.5C AO@65C thermal@53.75C
RAM 1752/1972MB (lfb 1x1MB) SWAP 351/986MB (cached 11MB) CPU [0%@1479,0%@1479,74%@1479,26%@1479] EMC_FREQ 0% GR3D_FREQ 0% PLL@52.5C CPU@53.5C PMIC@50C GPU@54.5C AO@65C thermal@53.75C
RAM 1751/1972MB (lfb 1x1MB) SWAP 351/986MB (cached 11MB) CPU [2%@1479,2%@1479,100%@1479,0%@1479] EMC_FREQ 0% GR3D_FREQ 0% PLL@52.5C CPU@53.5C PMIC@50C GPU@54.5C AO@65C thermal@53.75C
RAM 1752/1972MB (lfb 1x1MB) SWAP 351/986MB (cached 11MB) CPU [0%@1479,0%@1479,100%@1479,0%@1479] EMC_FREQ 0% GR3D_FREQ 0% PLL@52.5C CPU@53.5C PMIC@50C GPU@54.5C AO@65C thermal@54.25C
RAM 1752/1972MB (lfb 1x1MB) SWAP 351/986MB (cached 11MB) CPU [2%@1479,0%@1479,98%@1479,0%@1479] EMC_FREQ 0% GR3D_FREQ 0% PLL@52.5C CPU@53.5C PMIC@50C GPU@54.5C AO@65.5C thermal@54.25C
RAM 1752/1972MB (lfb 1x1MB) SWAP 351/986MB (cached 11MB) CPU [2%@1479,0%@1479,100%@1479,1%@1479] EMC_FREQ 0% GR3D_FREQ 0% PLL@52.5C CPU@54C PMIC@50C GPU@54.5C AO@65.5C thermal@53.75C
RAM 1752/1972MB (lfb 1x1MB) SWAP 351/986MB (cached 11MB) CPU [0%@1479,0%@1479,100%@1479,3%@1479] EMC_FREQ 0% GR3D_FREQ 0% PLL@52.5C CPU@53.5C PMIC@50C GPU@54C AO@65.5C thermal@53.75C
RAM 1752/1972MB (lfb 1x1MB) SWAP 351/986MB (cached 11MB) CPU [0%@1479,1%@1479,98%@1479,2%@1479] EMC_FREQ 0% GR3D_FREQ 0% PLL@52.5C CPU@54C PMIC@50C GPU@54.5C AO@65.5C thermal@54.25C
RAM 1752/1972MB (lfb 1x1MB) SWAP 351/986MB (cached 11MB) CPU [2%@1479,0%@1479,100%@1479,2%@1479] EMC_FREQ 0% GR3D_FREQ 0% PLL@52.5C CPU@53.5C PMIC@50C GPU@54C AO@65.5C thermal@54.25C
RAM 1752/1972MB (lfb 1x1MB) SWAP 351/986MB (cached 11MB) CPU [2%@1479,0%@1479,100%@1479,0%@1479] EMC_FREQ 0% GR3D_FREQ 0% PLL@52.5C CPU@53.5C PMIC@50C GPU@54C AO@65C thermal@53.75C
RAM 1752/1972MB (lfb 1x1MB) SWAP 351/986MB (cached 11MB) CPU [3%@1479,0%@1479,96%@1479,0%@1479] EMC_FREQ 0% GR3D_FREQ 12% PLL@52.5C CPU@54C PMIC@50C GPU@54C AO@65.5C thermal@53.75C
RAM 1752/1972MB (lfb 1x1MB) SWAP 351/986MB (cached 11MB) CPU [100%@1479,1%@1479,1%@1479,0%@1479] EMC_FREQ 0% GR3D_FREQ 0% PLL@52.5C CPU@55.5C PMIC@50C GPU@54C AO@65C thermal@53.75C
RAM 1752/1972MB (lfb 1x1MB) SWAP 351/986MB (cached 11MB) CPU [74%@1479,28%@1479,0%@1479,2%@1479] EMC_FREQ 0% GR3D_FREQ 0% PLL@52.5C CPU@56C PMIC@50C GPU@54C AO@65.5C thermal@54.5C
RAM 1752/1972MB (lfb 1x1MB) SWAP 351/986MB (cached 11MB) CPU [100%@1479,3%@1479,0%@1479,0%@1479] EMC_FREQ 0% GR3D_FREQ 0% PLL@52.5C CPU@55C PMIC@50C GPU@54C AO@65.5C thermal@54.5C
RAM 1752/1972MB (lfb 1x1MB) SWAP 351/986MB (cached 11MB) CPU [2%@1479,26%@1479,74%@1479,2%@1479] EMC_FREQ 0% GR3D_FREQ 0% PLL@52.5C CPU@53.5C PMIC@50C GPU@54C AO@65C thermal@53.75C
RAM 1752/1972MB (lfb 1x1MB) SWAP 351/986MB (cached 11MB) CPU [1%@1479,1%@1479,98%@1479,2%@1479] EMC_FREQ 0% GR3D_FREQ 0% PLL@52.5C CPU@54C PMIC@50C GPU@54.5C AO@65C thermal@53.75C
RAM 1752/1972MB (lfb 1x1MB) SWAP 351/986MB (cached 11MB) CPU [0%@1479,0%@1479,0%@1479,100%@1479] EMC_FREQ 0% GR3D_FREQ 0% PLL@53C CPU@53.5C PMIC@50C GPU@54C AO@65C thermal@53.75C
RAM 1752/1972MB (lfb 1x1MB) SWAP 351/986MB (cached 11MB) CPU [38%@1479,2%@1479,24%@1479,32%@1479] EMC_FREQ 0% GR3D_FREQ 0% PLL@52.5C CPU@56C PMIC@50C GPU@54C AO@66C thermal@53.75C
RAM 1752/1972MB (lfb 1x1MB) SWAP 351/986MB (cached 11MB) CPU [94%@1479,5%@1479,0%@1479,2%@1479] EMC_FREQ 0% GR3D_FREQ 0% PLL@52.5C CPU@55C PMIC@50C GPU@54C AO@65.5C thermal@54.75C
RAM 1752/1972MB (lfb 1x1MB) SWAP 351/986MB (cached 11MB) CPU [0%@1479,22%@1479,78%@1479,1%@1479] EMC_FREQ 0% GR3D_FREQ 0% PLL@52.5C CPU@53.5C PMIC@50C GPU@54C AO@65.5C thermal@54.75C
RAM 1748/1972MB (lfb 1x1MB) SWAP 351/986MB (cached 11MB) CPU [16%@1479,2%@1479,83%@1479,2%@1479] EMC_FREQ 0% GR3D_FREQ 0% PLL@52.5C CPU@55.5C PMIC@50C GPU@54.5C AO@65.5C thermal@54.75C
RAM 1748/1972MB (lfb 1x1MB) SWAP 351/986MB (cached 11MB) CPU [100%@1479,2%@1479,0%@1479,0%@1479] EMC_FREQ 0% GR3D_FREQ 0% PLL@52.5C CPU@55.5C PMIC@50C GPU@54C AO@65.5C thermal@55.25C
RAM 1748/1972MB (lfb 1x1MB) SWAP 351/986MB (cached 11MB) CPU [22%@1479,26%@1479,51%@1479,2%@1479] EMC_FREQ 0% GR3D_FREQ 0% PLL@52.5C CPU@54C PMIC@50C GPU@54.5C AO@65C thermal@55.25C
RAM 1748/1972MB (lfb 1x1MB) SWAP 351/986MB (cached 11MB) CPU [0%@1479,4%@1479,100%@1479,0%@1479] EMC_FREQ 0% GR3D_FREQ 0% PLL@53C CPU@54C PMIC@50C GPU@54C AO@65.5C thermal@53.75C
RAM 1735/1972MB (lfb 1x1MB) SWAP 350/986MB (cached 11MB) CPU [9%@1479,90%@1479,24%@1479,0%@1479] EMC_FREQ 0% GR3D_FREQ 0% PLL@53C CPU@54C PMIC@50C GPU@54C AO@65C thermal@53.75C
RAM 1735/1972MB (lfb 1x1MB) SWAP 350/986MB (cached 11MB) CPU [0%@1479,98%@1479,7%@1479,2%@1479] EMC_FREQ 0% GR3D_FREQ 0% PLL@52.5C CPU@54.5C PMIC@50C GPU@54.5C AO@65C thermal@54C
RAM 1735/1972MB (lfb 1x1MB) SWAP 350/986MB (cached 11MB) CPU [3%@1479,100%@1479,0%@1479,2%@1479] EMC_FREQ 0% GR3D_FREQ 0% PLL@52.5C CPU@54C PMIC@50C GPU@54C AO@65.5C thermal@54C
RAM 1735/1972MB (lfb 1x1MB) SWAP 350/986MB (cached 11MB) CPU [30%@1479,70%@1479,0%@1479,1%@1479] EMC_FREQ 0% GR3D_FREQ 0% PLL@52.5C CPU@54C PMIC@50C GPU@54C AO@65C thermal@54.25C
RAM 1735/1972MB (lfb 1x1MB) SWAP 350/986MB (cached 11MB) CPU [0%@1479,94%@1479,5%@1479,0%@1479] EMC_FREQ 0% GR3D_FREQ 0% PLL@53C CPU@54C PMIC@50C GPU@54C AO@65.5C thermal@54.25C
RAM 1735/1972MB (lfb 1x1MB) SWAP 350/986MB (cached 11MB) CPU [79%@1479,0%@1479,22%@1479,0%@1479] EMC_FREQ 0% GR3D_FREQ 0% PLL@52.5C CPU@55C PMIC@50C GPU@54C AO@65.5C thermal@54.25C
RAM 1735/1972MB (lfb 1x1MB) SWAP 350/986MB (cached 11MB) CPU [60%@1479,13%@1479,28%@1479,0%@1479] EMC_FREQ 0% GR3D_FREQ 0% PLL@53C CPU@54C PMIC@50C GPU@54C AO@65.5C thermal@54.5C
RAM 1735/1972MB (lfb 1x1MB) SWAP 350/986MB (cached 11MB) CPU [0%@1479,100%@1479,0%@1479,0%@1479] EMC_FREQ 0% GR3D_FREQ 0% PLL@52.5C CPU@54C PMIC@50C GPU@54C AO@65.5C thermal@54.5C
RAM 1735/1972MB (lfb 1x1MB) SWAP 350/986MB (cached 11MB) CPU [1%@1479,32%@1479,35%@1479,39%@1479] EMC_FREQ 0% GR3D_FREQ 0% PLL@53C CPU@53.5C PMIC@50C GPU@54C AO@65C thermal@54C
RAM 1735/1972MB (lfb 1x1MB) SWAP 350/986MB (cached 11MB) CPU [2%@1479,0%@1479,0%@1479,100%@1479] EMC_FREQ 0% GR3D_FREQ 0% PLL@52.5C CPU@53.5C PMIC@50C GPU@54C AO@65C thermal@54C
RAM 1735/1972MB (lfb 1x1MB) SWAP 350/986MB (cached 11MB) CPU [0%@1479,46%@1479,2%@1479,53%@1479] EMC_FREQ 0% GR3D_FREQ 0% PLL@52.5C CPU@54C PMIC@50C GPU@54.5C AO@65C thermal@54C
RAM 1736/1972MB (lfb 1x1MB) SWAP 350/986MB (cached 11MB) CPU [16%@1479,86%@1479,0%@1479,0%@1479] EMC_FREQ 0% GR3D_FREQ 0% PLL@52.5C CPU@56C PMIC@50C GPU@54.5C AO@65.5C thermal@54C
RAM 1736/1972MB (lfb 1x1MB) SWAP 350/986MB (cached 11MB) CPU [100%@1479,0%@1479,0%@1479,0%@1479] EMC_FREQ 0% GR3D_FREQ 0% PLL@52.5C CPU@55C PMIC@50C GPU@54C AO@65.5C thermal@54.75C
RAM 1735/1972MB (lfb 1x1MB) SWAP 350/986MB (cached 11MB) CPU [69%@1479,28%@1479,0%@1479,3%@1479] EMC_FREQ 0% GR3D_FREQ 0% PLL@52.5C CPU@54C PMIC@50C GPU@54C AO@65C thermal@54.75C
RAM 1735/1972MB (lfb 1x1MB) SWAP 350/986MB (cached 11MB) CPU [2%@1479,100%@1479,2%@1479,1%@1479] EMC_FREQ 0% GR3D_FREQ 0% PLL@52.5C CPU@54C PMIC@50C GPU@54C AO@65C thermal@54.25C
RAM 1736/1972MB (lfb 1x1MB) SWAP 350/986MB (cached 11MB) CPU [69%@1479,6%@1479,26%@1479,5%@1479] EMC_FREQ 0% GR3D_FREQ 0% PLL@52.5C CPU@55.5C PMIC@50C GPU@54C AO@65.5C thermal@54.25C
RAM 1736/1972MB (lfb 1x1MB) SWAP 350/986MB (cached 11MB) CPU [100%@1479,2%@1479,0%@1479,0%@1479] EMC_FREQ 0% GR3D_FREQ 0% PLL@52.5C CPU@55C PMIC@50C GPU@54C AO@65.5C thermal@54.25C
RAM 1736/1972MB (lfb 1x1MB) SWAP 350/986MB (cached 11MB) CPU [100%@1479,1%@1479,0%@1479,2%@1479] EMC_FREQ 0% GR3D_FREQ 0% PLL@52.5C CPU@55.5C PMIC@50C GPU@54C AO@65.5C thermal@55C
RAM 1736/1972MB (lfb 1x1MB) SWAP 350/986MB (cached 11MB) CPU [54%@1479,46%@1479,2%@1479,0%@1479] EMC_FREQ 0% GR3D_FREQ 0% PLL@52.5C CPU@54C PMIC@50C GPU@54C AO@65C thermal@55C
RAM 1736/1972MB (lfb 1x1MB) SWAP 350/986MB (cached 11MB) CPU [1%@1479,92%@1479,6%@1479,0%@1479] EMC_FREQ 0% GR3D_FREQ 0% PLL@52.5C CPU@54C PMIC@50C GPU@54.5C AO@65.5C thermal@54C
RAM 1736/1972MB (lfb 1x1MB) SWAP 350/986MB (cached 11MB) CPU [81%@1479,2%@1479,21%@1479,0%@1479] EMC_FREQ 0% GR3D_FREQ 0% PLL@52.5C CPU@55C PMIC@50C GPU@54C AO@65C thermal@54C
RAM 1735/1972MB (lfb 1x1MB) SWAP 350/986MB (cached 11MB) CPU [96%@1479,1%@1479,0%@1479,1%@1479] EMC_FREQ 0% GR3D_FREQ 0% PLL@52.5C CPU@56C PMIC@50C GPU@54C AO@65.5C thermal@54.75C
RAM 1735/1972MB (lfb 1x1MB) SWAP 350/986MB (cached 11MB) CPU [100%@1479,0%@1479,0%@1479,0%@1479] EMC_FREQ 0% GR3D_FREQ 0% PLL@52.5C CPU@55.5C PMIC@50C GPU@54C AO@65.5C thermal@54.75C
RAM 1736/1972MB (lfb 1x1MB) SWAP 350/986MB (cached 11MB) CPU [18%@1479,26%@1479,0%@1479,60%@1479] EMC_FREQ 0% GR3D_FREQ 0% PLL@53C CPU@53.5C PMIC@50C GPU@54C AO@65C thermal@53.75C
RAM 1736/1972MB (lfb 1x1MB) SWAP 350/986MB (cached 11MB) CPU [0%@1479,0%@1479,0%@1479,100%@1479] EMC_FREQ 0% GR3D_FREQ 0% PLL@53C CPU@53.5C PMIC@50C GPU@54C AO@65C thermal@53.75C
RAM 1736/1972MB (lfb 1x1MB) SWAP 350/986MB (cached 11MB) CPU [90%@1479,2%@1479,0%@1479,11%@1479] EMC_FREQ 0% GR3D_FREQ 0% PLL@52.5C CPU@55C PMIC@50C GPU@54C AO@65.5C thermal@53.75C
RAM 1736/1972MB (lfb 1x1MB) SWAP 350/986MB (cached 11MB) CPU [53%@1479,16%@1479,33%@1479,3%@1479] EMC_FREQ 0% GR3D_FREQ 0% PLL@52C CPU@54C PMIC@50C GPU@54.5C AO@65.5C thermal@54.75C
RAM 1736/1972MB (lfb 1x1MB) SWAP 350/986MB (cached 11MB) CPU [0%@1479,100%@1479,0%@1479,0%@1479] EMC_FREQ 0% GR3D_FREQ 0% PLL@52.5C CPU@54C PMIC@50C GPU@54C AO@65C thermal@54.75C
RAM 1736/1972MB (lfb 1x1MB) SWAP 350/986MB (cached 11MB) CPU [27%@1479,16%@1479,0%@1479,57%@1479] EMC_FREQ 0% GR3D_FREQ 0% PLL@53C CPU@53.5C PMIC@50C GPU@54C AO@65.5C thermal@54.75C
RAM 1736/1972MB (lfb 1x1MB) SWAP 350/986MB (cached 11MB) CPU [3%@1479,24%@1479,2%@1479,76%@1479] EMC_FREQ 0% GR3D_FREQ 0% PLL@52.5C CPU@54C PMIC@50C GPU@54C AO@65C thermal@54.75C
RAM 1728/1972MB (lfb 1x1MB) SWAP 350/986MB (cached 11MB) CPU [8%@1132,16%@1132,25%@1132,2%@1132] EMC_FREQ 0% GR3D_FREQ 0% PLL@52C CPU@53.5C PMIC@50C GPU@54C AO@65.5C thermal@54C
RAM 1731/1972MB (lfb 1x1MB) SWAP 350/986MB (cached 11MB) CPU [17%@307,17%@307,8%@307,6%@307] EMC_FREQ 0% GR3D_FREQ 99% PLL@52.5C CPU@53.5C PMIC@50C GPU@54C AO@65.5C thermal@54C
RAM 1728/1972MB (lfb 1x1MB) SWAP 350/986MB (cached 11MB) CPU [80%@1479,7%@1479,5%@1479,2%@1479] EMC_FREQ 0% GR3D_FREQ 0% PLL@52.5C CPU@56.5C PMIC@50C GPU@54.5C AO@65.5C thermal@55.5C
RAM 1730/1972MB (lfb 1x1MB) SWAP 350/986MB (cached 11MB) CPU [27%@518,20%@518,2%@518,19%@518] EMC_FREQ 0% GR3D_FREQ 0% PLL@52.5C CPU@54C PMIC@50C GPU@54.5C AO@65C thermal@55.5C
RAM 1820/1972MB (lfb 1x1MB) SWAP 355/986MB (cached 9MB) CPU [61%@1479,11%@1479,34%@1479,22%@1479] EMC_FREQ 0% GR3D_FREQ 0% PLL@53C CPU@55.5C PMIC@50C GPU@54.5C AO@65.5C thermal@55.5C
RAM 1796/1972MB (lfb 1x1MB) SWAP 355/986MB (cached 9MB) CPU [95%@1479,8%@1479,12%@1479,0%@1479] EMC_FREQ 0% GR3D_FREQ 0% PLL@52C CPU@54.5C PMIC@50C GPU@55C AO@65.5C thermal@55.5C
RAM 1823/1972MB (lfb 1x1MB) SWAP 355/986MB (cached 9MB) CPU [41%@1326,12%@1326,10%@1326,10%@1326] EMC_FREQ 0% GR3D_FREQ 0% PLL@52.5C CPU@54.5C PMIC@50C GPU@55C AO@65C thermal@55.5C
RAM 1842/1972MB (lfb 1x1MB) SWAP 360/986MB (cached 9MB) CPU [21%@307,19%@307,13%@307,32%@307] EMC_FREQ 0% GR3D_FREQ 0% PLL@52C CPU@53.5C PMIC@50C GPU@54.5C AO@65C thermal@54.25C
RAM 1845/1972MB (lfb 2x1MB) SWAP 365/986MB (cached 10MB) CPU [40%@614,24%@518,27%@518,23%@518] EMC_FREQ 0% GR3D_FREQ 99% PLL@53.5C CPU@57C PMIC@50C GPU@57C AO@70C thermal@54.25C
RAM 1844/1972MB (lfb 2x1MB) SWAP 366/986MB (cached 10MB) CPU [28%@403,28%@403,17%@403,28%@403] EMC_FREQ 0% GR3D_FREQ 99% PLL@53.5C CPU@57C PMIC@50C GPU@57.5C AO@70.5C thermal@57C
RAM 1843/1972MB (lfb 2x1MB) SWAP 366/986MB (cached 11MB) CPU [28%@1479,8%@1479,14%@1479,20%@1479] EMC_FREQ 0% GR3D_FREQ 0% PLL@53C CPU@54C PMIC@50C GPU@55.5C AO@66C thermal@57C
RAM 1836/1972MB (lfb 1x2MB) SWAP 377/986MB (cached 12MB) CPU [25%@1479,8%@1479,21%@1479,18%@1479] EMC_FREQ 0% GR3D_FREQ 0% PLL@52.5C CPU@53.5C PMIC@50C GPU@55C AO@65.5C thermal@54.25C
RAM 1841/1972MB (lfb 1x2MB) SWAP 379/986MB (cached 13MB) CPU [14%@1479,20%@1479,26%@1479,12%@1479] EMC_FREQ 0% GR3D_FREQ 3% PLL@52.5C CPU@55C PMIC@50C GPU@55C AO@65.5C thermal@54.25C
RAM 1855/1972MB (lfb 1x1MB) SWAP 382/986MB (cached 14MB) CPU [12%@921,6%@921,33%@921,22%@921] EMC_FREQ 0% GR3D_FREQ 0% PLL@52C CPU@54C PMIC@50C GPU@55C AO@65.5C thermal@54.25C
RAM 1876/1972MB (lfb 1x1MB) SWAP 400/986MB (cached 14MB) CPU [41%@1224,6%@1224,8%@1224,52%@1224] EMC_FREQ 0% GR3D_FREQ 0% PLL@52.5C CPU@54C PMIC@50C GPU@55C AO@65.5C thermal@54.25C
RAM 1880/1972MB (lfb 1x1MB) SWAP 420/986MB (cached 14MB) CPU [21%@1479,60%@1479,8%@1479,8%@1479] EMC_FREQ 0% GR3D_FREQ 0% PLL@52.5C CPU@54C PMIC@50C GPU@54.5C AO@65.5C thermal@54.25C
RAM 1880/1972MB (lfb 1x1MB) SWAP 440/986MB (cached 13MB) CPU [29%@1479,46%@1479,14%@1479,13%@1479] EMC_FREQ 0% GR3D_FREQ 0% PLL@52.5C CPU@55.5C PMIC@50C GPU@55C AO@65.5C thermal@54.75C
RAM 1888/1972MB (lfb 1x1MB) SWAP 450/986MB (cached 12MB) CPU [10%@1479,31%@1479,6%@1479,18%@1479] EMC_FREQ 0% GR3D_FREQ 0% PLL@52C CPU@53.5C PMIC@50C GPU@55C AO@65.5C thermal@54.75C
RAM 1878/1972MB (lfb 1x1MB) SWAP 479/986MB (cached 8MB) CPU [24%@307,33%@307,29%@307,13%@307] EMC_FREQ 0% GR3D_FREQ 0% PLL@52C CPU@53.5C PMIC@50C GPU@55C AO@65C thermal@54.5C
RAM 1869/1972MB (lfb 1x1MB) SWAP 491/986MB (cached 8MB) CPU [19%@1479,20%@1479,23%@1479,36%@1479] EMC_FREQ 0% GR3D_FREQ 0% PLL@52.5C CPU@55C PMIC@50C GPU@54C AO@65.5C thermal@54C
RAM 1857/1972MB (lfb 1x1MB) SWAP 510/986MB (cached 7MB) CPU [34%@1479,11%@1479,27%@1479,13%@1479] EMC_FREQ 0% GR3D_FREQ 12% PLL@52C CPU@56C PMIC@50C GPU@54.5C AO@65.5C thermal@54C
RAM 1852/1972MB (lfb 1x1MB) SWAP 518/986MB (cached 6MB) CPU [17%@1479,10%@1479,16%@1479,31%@1479] EMC_FREQ 0% GR3D_FREQ 0% PLL@53C CPU@54C PMIC@50C GPU@54C AO@65.5C thermal@54C
RAM 1844/1972MB (lfb 1x1MB) SWAP 535/986MB (cached 6MB) CPU [14%@921,8%@921,16%@921,50%@921] EMC_FREQ 0% GR3D_FREQ 99% PLL@53C CPU@56C PMIC@50C GPU@56.5C AO@69.5C thermal@56.25C
RAM 1837/1972MB (lfb 1x1MB) SWAP 535/986MB (cached 6MB) CPU [18%@518,18%@518,13%@518,6%@518] EMC_FREQ 0% GR3D_FREQ 0% PLL@52.5C CPU@53.5C PMIC@50C GPU@55C AO@65.5C thermal@56.25C
RAM 1819/1972MB (lfb 1x1MB) SWAP 534/986MB (cached 6MB) CPU [27%@518,10%@518,21%@518,8%@518] EMC_FREQ 0% GR3D_FREQ 0% PLL@52C CPU@54C PMIC@50C GPU@54.5C AO@65C thermal@56.25C
RAM 1785/1972MB (lfb 1x1MB) SWAP 534/986MB (cached 6MB) CPU [12%@1479,4%@1479,29%@1479,24%@1479] EMC_FREQ 0% GR3D_FREQ 0% PLL@52.5C CPU@53.5C PMIC@50C GPU@54.5C AO@65C thermal@54.25C
RAM 1775/1972MB (lfb 1x1MB) SWAP 533/986MB (cached 6MB) CPU [12%@204,5%@204,12%@204,56%@204] EMC_FREQ 0% GR3D_FREQ 0% PLL@52C CPU@53.5C PMIC@50C GPU@54.5C AO@65.5C thermal@54.25C
RAM 1752/1972MB (lfb 1x1MB) SWAP 532/986MB (cached 6MB) CPU [44%@204,4%@204,8%@204,13%@204] EMC_FREQ 0% GR3D_FREQ 0% PLL@52C CPU@53.5C PMIC@50C GPU@54.5C AO@65.5C thermal@54.5C
RAM 1726/1972MB (lfb 1x2MB) SWAP 528/986MB (cached 6MB) CPU [31%@204,6%@204,16%@204,8%@204] EMC_FREQ 0% GR3D_FREQ 0% PLL@52C CPU@54C PMIC@50C GPU@54.5C AO@65.5C thermal@54.5C
RAM 1732/1972MB (lfb 2x1MB) SWAP 482/986MB (cached 11MB) CPU [6%@1479,8%@1479,31%@1479,50%@1479] EMC_FREQ 0% GR3D_FREQ 0% PLL@52.5C CPU@53.5C PMIC@50C GPU@55C AO@65.5C thermal@54.5C
RAM 1728/1972MB (lfb 1x1MB) SWAP 429/986MB (cached 17MB) CPU [10%@1479,10%@1479,66%@1479,6%@1479] EMC_FREQ 0% GR3D_FREQ 0% PLL@52C CPU@53.5C PMIC@50C GPU@54.5C AO@65C thermal@54.5C
RAM 1713/1972MB (lfb 1x1MB) SWAP 408/986MB (cached 17MB) CPU [46%@204,8%@204,8%@204,10%@204] EMC_FREQ 0% GR3D_FREQ 0% PLL@52C CPU@53.5C PMIC@50C GPU@54.5C AO@65.5C thermal@54C
# Video: Video1CarroRapidisimo
# Duracion: 102s
# Timestamp: dom 23 nov 00:35:33 CST 2025
