RAM 643/1972MB (lfb 1x1MB) SWAP 326/986MB (cached 16MB) CPU [10%@307,0%@307,7%@307,4%@307] EMC_FREQ 0% GR3D_FREQ 0% PLL@54.5C CPU@55.5C PMIC@50C GPU@56C AO@68C thermal@55.75C
RAM 643/1972MB (lfb 1x1MB) SWAP 326/986MB (cached 16MB) CPU [15%@204,0%@204,4%@204,5%@204] EMC_FREQ 0% GR3D_FREQ 0% PLL@54.5C CPU@56C PMIC@50C GPU@56.5C AO@68C thermal@55.75C
RAM 650/1972MB (lfb 1x1MB) SWAP 326/986MB (cached 16MB) CPU [10%@1132,2%@1132,9%@1132,29%@1132] EMC_FREQ 0% GR3D_FREQ 0% PLL@54.5C CPU@56C PMIC@50C GPU@56.5C AO@68C thermal@55.75C
RAM 674/1972MB (lfb 1x1MB) SWAP 326/986MB (cached 16MB) CPU [7%@1479,3%@102,4%@102,29%@102] EMC_FREQ 0% GR3D_FREQ 0% PLL@55C CPU@56C PMIC@50C GPU@56C AO@68C thermal@56.25C
RAM 676/1972MB (lfb 1x1MB) SWAP 326/986MB (cached 16MB) CPU [27%@710,8%@710,10%@710,17%@710] EMC_FREQ 0% GR3D_FREQ 0% PLL@55C CPU@56C PMIC@50C GPU@56C AO@67.5C thermal@56.25C
RAM 689/1972MB (lfb 1x1MB) SWAP 326/986MB (cached 16MB) CPU [49%@102,7%@102,2%@102,8%@102] EMC_FREQ 0% GR3D_FREQ 0% PLL@55C CPU@56C PMIC@50C GPU@56C AO@67.5C thermal@56C
RAM 691/1972MB (lfb 1x1MB) SWAP 326/986MB (cached 16MB) CPU [22%@307,4%@307,6%@307,8%@307] EMC_FREQ 0% GR3D_FREQ 4% PLL@55C CPU@56C PMIC@50C GPU@56C AO@67.5C thermal@56C
RAM 744/1972MB (lfb 1x1MB) SWAP 326/986MB (cached 16MB) CPU [44%@1479,10%@1479,16%@1479,12%@1479] EMC_FREQ 0% GR3D_FREQ 0% PLL@54.5C CPU@58.5C PMIC@50C GPU@56C AO@68C thermal@56C
RAM 738/1972MB (lfb 1x1MB) SWAP 326/986MB (cached 16MB) CPU [16%@518,75%@518,6%@518,8%@518] EMC_FREQ 0% GR3D_FREQ 6% PLL@55C CPU@56C PMIC@50C GPU@56.5C AO@68C thermal@56C
RAM 757/1972MB (lfb 1x1MB) SWAP 326/986MB (cached 16MB) CPU [32%@518,14%@518,10%@518,16%@518] EMC_FREQ 0% GR3D_FREQ 0% PLL@54.5C CPU@56C PMIC@50C GPU@56.5C AO@67.5C thermal@56C
RAM 789/1972MB (lfb 1x1MB) SWAP 326/986MB (cached 16MB) CPU [12%@1479,54%@1479,10%@1479,6%@1479] EMC_FREQ 0% GR3D_FREQ 15% PLL@55C CPU@56.5C PMIC@50C GPU@56.5C AO@68C thermal@56C
RAM 837/1972MB (lfb 1x1MB) SWAP 326/986MB (cached 16MB) CPU [18%@1479,32%@1479,34%@1479,6%@1479] EMC_FREQ 0% GR3D_FREQ 11% PLL@55C CPU@56.5C PMIC@50C GPU@56.5C AO@67.5C thermal@56C
RAM 892/1972MB (lfb 1x1MB) SWAP 326/986MB (cached 16MB) CPU [6%@1479,18%@1479,67%@1479,7%@1479] EMC_FREQ 0% GR3D_FREQ 9% PLL@55C CPU@56.5C PMIC@50C GPU@56.5C AO@68C thermal@56.5C
RAM 918/1972MB (lfb 1x1MB) SWAP 326/986MB (cached 16MB) CPU [25%@1479,30%@1479,38%@1479,8%@1479] EMC_FREQ 0% GR3D_FREQ 0% PLL@55C CPU@58.5C PMIC@50C GPU@56C AO@68C thermal@56.5C
RAM 942/1972MB (lfb 1x1MB) SWAP 326/986MB (cached 16MB) CPU [26%@1479,7%@1479,66%@1479,0%@1479] EMC_FREQ 0% GR3D_FREQ 0% PLL@55C CPU@57C PMIC@50C GPU@57C AO@68C thermal@57.25C
RAM 949/1972MB (lfb 1x1MB) SWAP 326/986MB (cached 16MB) CPU [2%@1479,6%@1479,84%@1479,4%@1479] EMC_FREQ 0% GR3D_FREQ 0% PLL@55C CPU@55.5C PMIC@50C GPU@56C AO@68C thermal@57.25C
RAM 970/1972MB (lfb 1x1MB) SWAP 326/986MB (cached 16MB) CPU [10%@1224,32%@1224,2%@1224,6%@1224] EMC_FREQ 0% GR3D_FREQ 0% PLL@54.5C CPU@56C PMIC@50C GPU@56.5C AO@67.5C thermal@56.5C
RAM 995/1972MB (lfb 1x1MB) SWAP 326/986MB (cached 16MB) CPU [15%@1479,50%@1479,4%@1479,4%@1479] EMC_FREQ 0% GR3D_FREQ 36% PLL@55C CPU@56.5C PMIC@50C GPU@56.5C AO@67.5C thermal@56.5C
RAM 1030/1972MB (lfb 1x1MB) SWAP 326/986MB (cached 16MB) CPU [12%@1479,51%@1479,6%@1479,24%@1479] EMC_FREQ 0% GR3D_FREQ 23% PLL@55C CPU@57C PMIC@50C GPU@56.5C AO@67.5C thermal@56.25C
RAM 1063/1972MB (lfb 1x1MB) SWAP 326/986MB (cached 16MB) CPU [10%@518,17%@518,48%@518,8%@518] EMC_FREQ 0% GR3D_FREQ 8% PLL@55C CPU@56C PMIC@50C GPU@56.5C AO@67.5C thermal@56.25C
RAM 1119/1972MB (lfb 1x1MB) SWAP 326/986MB (cached 16MB) CPU [10%@1479,40%@1479,25%@1479,14%@1479] EMC_FREQ 0% GR3D_FREQ 37% PLL@55.5C CPU@56.5C PMIC@50C GPU@56.5C AO@68C thermal@56.5C
RAM 1142/1972MB (lfb 1x1MB) SWAP 326/986MB (cached 16MB) CPU [8%@1479,24%@1479,36%@1479,4%@1479] EMC_FREQ 0% GR3D_FREQ 0% PLL@55C CPU@56.5C PMIC@50C GPU@56.5C AO@67.5C thermal@56.5C
RAM 1167/1972MB (lfb 1x1MB) SWAP 326/986MB (cached 16MB) CPU [10%@710,14%@710,42%@710,8%@710] EMC_FREQ 0% GR3D_FREQ 0% PLL@55C CPU@56C PMIC@50C GPU@56.5C AO@67.5C thermal@56.5C
RAM 1201/1972MB (lfb 1x1MB) SWAP 326/986MB (cached 16MB) CPU [16%@1479,22%@1479,36%@1479,6%@1479] EMC_FREQ 0% GR3D_FREQ 21% PLL@55C CPU@56.5C PMIC@50C GPU@56.5C AO@67.5C thermal@56.25C
RAM 1245/1972MB (lfb 1x1MB) SWAP 326/986MB (cached 16MB) CPU [25%@1479,17%@1479,44%@1479,6%@1479] EMC_FREQ 0% GR3D_FREQ 52% PLL@55C CPU@56.5C PMIC@50C GPU@57C AO@67.5C thermal@56.25C
RAM 1289/1972MB (lfb 1x1MB) SWAP 326/986MB (cached 16MB) CPU [10%@1479,19%@1479,61%@1479,6%@1479] EMC_FREQ 0% GR3D_FREQ 0% PLL@55C CPU@57C PMIC@50C GPU@57C AO@67.5C thermal@56.25C
RAM 1300/1972MB (lfb 1x1MB) SWAP 326/986MB (cached 16MB) CPU [18%@1479,42%@1479,20%@1479,43%@1479] EMC_FREQ 0% GR3D_FREQ 27% PLL@55C CPU@58C PMIC@50C GPU@56.5C AO@68C thermal@56.25C
RAM 1324/1972MB (lfb 1x1MB) SWAP 326/986MB (cached 15MB) CPU [18%@403,14%@403,42%@403,20%@403] EMC_FREQ 0% GR3D_FREQ 19% PLL@55C CPU@56.5C PMIC@50C GPU@56.5C AO@67.5C thermal@56.75C
RAM 1336/1972MB (lfb 1x1MB) SWAP 326/986MB (cached 15MB) CPU [13%@710,14%@710,15%@710,14%@710] EMC_FREQ 0% GR3D_FREQ 82% PLL@55C CPU@56C PMIC@50C GPU@56.5C AO@68C thermal@56.75C
RAM 1338/1972MB (lfb 1x1MB) SWAP 326/986MB (cached 15MB) CPU [2%@307,33%@307,2%@307,22%@307] EMC_FREQ 0% GR3D_FREQ 92% PLL@55C CPU@56C PMIC@50C GPU@56.5C AO@68C thermal@56.5C
RAM 1338/1972MB (lfb 1x1MB) SWAP 326/986MB (cached 15MB) CPU [6%@1132,38%@1132,24%@1132,2%@1132] EMC_FREQ 0% GR3D_FREQ 57% PLL@55C CPU@56.5C PMIC@50C GPU@57C AO@68C thermal@56.5C
RAM 1338/1972MB (lfb 1x1MB) SWAP 326/986MB (cached 15MB) CPU [18%@1428,31%@1428,19%@1428,6%@1428] EMC_FREQ 0% GR3D_FREQ 45% PLL@55C CPU@56.5C PMIC@50C GPU@57C AO@68C thermal@56.5C
RAM 1337/1972MB (lfb 1x1MB) SWAP 326/986MB (cached 15MB) CPU [10%@1326,45%@1326,15%@1326,12%@1326] EMC_FREQ 0% GR3D_FREQ 50% PLL@55C CPU@57C PMIC@50C GPU@57C AO@68.5C thermal@56.5C
RAM 1337/1972MB (lfb 1x1MB) SWAP 326/986MB (cached 15MB) CPU [12%@1479,55%@1479,15%@1479,11%@1479] EMC_FREQ 0% GR3D_FREQ 39% PLL@55C CPU@56.5C PMIC@50C GPU@57C AO@68C thermal@56.5C
RAM 1333/1972MB (lfb 1x1MB) SWAP 326/986MB (cached 15MB) CPU [6%@1479,18%@1479,19%@1479,8%@1479] EMC_FREQ 0% GR3D_FREQ 0% PLL@54.5C CPU@56C PMIC@50C GPU@56.5C AO@67.5C thermal@56.25C
RAM 1339/1972MB (lfb 1x1MB) SWAP 326/986MB (cached 15MB) CPU [15%@307,0%@307,18%@307,16%@307] EMC_FREQ 0% GR3D_FREQ 0% PLL@54.5C CPU@55.5C PMIC@50C GPU@56C AO@67.5C thermal@56.25C
RAM 1376/1972MB (lfb 1x1MB) SWAP 326/986MB (cached 15MB) CPU [6%@1479,5%@1479,30%@1479,18%@1479] EMC_FREQ 0% GR3D_FREQ 0% PLL@54.5C CPU@56C PMIC@50C GPU@56.5C AO@67.5C thermal@56.25C
RAM 1405/1972MB (lfb 1x1MB) SWAP 326/986MB (cached 15MB) CPU [10%@307,42%@307,36%@307,10%@307] EMC_FREQ 0% GR3D_FREQ 0% PLL@54.5C CPU@55.5C PMIC@50C GPU@56.5C AO@67.5C thermal@56.25C
RAM 1442/1972MB (lfb 1x1MB) SWAP 327/986MB (cached 14MB) CPU [6%@518,18%@518,27%@518,22%@518] EMC_FREQ 0% GR3D_FREQ 0% PLL@54.5C CPU@55.5C PMIC@50C GPU@56.5C AO@68C thermal@56.25C
RAM 1477/1972MB (lfb 1x1MB) SWAP 327/986MB (cached 12MB) CPU [11%@1479,26%@1479,34%@1479,10%@1479] EMC_FREQ 0% GR3D_FREQ 0% PLL@54.5C CPU@56C PMIC@50C GPU@56.5C AO@67.5C thermal@56.25C
RAM 1497/1972MB (lfb 1x1MB) SWAP 329/986MB (cached 12MB) CPU [17%@1326,16%@1326,21%@1326,11%@1326] EMC_FREQ 0% GR3D_FREQ 0% PLL@54.5C CPU@56.5C PMIC@50C GPU@56.5C AO@68C thermal@56.25C
RAM 1536/1972MB (lfb 1x1MB) SWAP 329/986MB (cached 11MB) CPU [16%@1479,38%@1479,0%@1479,20%@1479] EMC_FREQ 0% GR3D_FREQ 0% PLL@54.5C CPU@56C PMIC@50C GPU@56C AO@67.5C thermal@56C
RAM 1563/1972MB (lfb 1x1MB) SWAP 329/986MB (cached 10MB) CPU [16%@614,29%@614,4%@614,4%@614] EMC_FREQ 0% GR3D_FREQ 0% PLL@54.5C CPU@56C PMIC@50C GPU@56C AO@67.5C thermal@56C
RAM 1592/1972MB (lfb 1x1MB) SWAP 329/986MB (cached 10MB) CPU [26%@518,26%@518,14%@518,7%@518] EMC_FREQ 0% GR3D_FREQ 0% PLL@54.5C CPU@56C PMIC@50C GPU@56.5C AO@67.5C thermal@56C
RAM 1633/1972MB (lfb 1x1MB) SWAP 329/986MB (cached 10MB) CPU [18%@1479,32%@1479,6%@1479,11%@1479] EMC_FREQ 0% GR3D_FREQ 6% PLL@54.5C CPU@56C PMIC@50C GPU@56.5C AO@68C thermal@56C
RAM 1665/1972MB (lfb 1x1MB) SWAP 329/986MB (cached 9MB) CPU [12%@403,26%@403,23%@403,5%@403] EMC_FREQ 0% GR3D_FREQ 99% PLL@55C CPU@57C PMIC@50C GPU@57.5C AO@69C thermal@56.25C
RAM 1665/1972MB (lfb 1x1MB) SWAP 329/986MB (cached 9MB) CPU [13%@307,24%@307,9%@307,8%@307] EMC_FREQ 0% GR3D_FREQ 99% PLL@54.5C CPU@57.5C PMIC@50C GPU@57.5C AO@69.5C thermal@56.25C
RAM 1654/1972MB (lfb 1x1MB) SWAP 329/986MB (cached 9MB) CPU [16%@1479,17%@1479,10%@1479,2%@1479] EMC_FREQ 0% GR3D_FREQ 54% PLL@54.5C CPU@57C PMIC@50C GPU@57.5C AO@68.5C thermal@56C
RAM 1654/1972MB (lfb 1x1MB) SWAP 329/986MB (cached 9MB) CPU [4%@1224,23%@1224,19%@1224,8%@1224] EMC_FREQ 0% GR3D_FREQ 0% PLL@55C CPU@56.5C PMIC@50C GPU@57.5C AO@68.5C thermal@56C
RAM 1653/1972MB (lfb 1x1MB) SWAP 329/986MB (cached 9MB) CPU [6%@614,27%@614,14%@614,6%@614] EMC_FREQ 0% GR3D_FREQ 99% PLL@55C CPU@57.5C PMIC@50C GPU@58C AO@69.5C thermal@57.75C
RAM 1653/1972MB (lfb 1x1MB) SWAP 329/986MB (cached 9MB) CPU [6%@1479,25%@1479,8%@1479,8%@1479] EMC_FREQ 0% GR3D_FREQ 82% PLL@55C CPU@57.5C PMIC@50C GPU@58C AO@69.5C thermal@57.75C
RAM 1655/1972MB (lfb 1x1MB) SWAP 329/986MB (cached 9MB) CPU [7%@102,26%@102,13%@102,4%@102] EMC_FREQ 0% GR3D_FREQ 99% PLL@55C CPU@57C PMIC@50C GPU@58C AO@69C thermal@57.75C
RAM 1655/1972MB (lfb 1x1MB) SWAP 329/986MB (cached 9MB) CPU [14%@1132,10%@1132,32%@1132,20%@1132] EMC_FREQ 0% GR3D_FREQ 48% PLL@55.5C CPU@57.5C PMIC@50C GPU@58C AO@70C thermal@57.5C
RAM 1655/1972MB (lfb 1x1MB) SWAP 329/986MB (cached 9MB) CPU [25%@204,8%@204,24%@403,9%@403] EMC_FREQ 0% GR3D_FREQ 99% PLL@55C CPU@57.5C PMIC@50C GPU@58C AO@69.5C thermal@57.5C
RAM 1655/1972MB (lfb 1x1MB) SWAP 329/986MB (cached 9MB) CPU [18%@403,23%@403,20%@403,8%@403] EMC_FREQ 0% GR3D_FREQ 96% PLL@55C CPU@58C PMIC@50C GPU@58C AO@70C thermal@57.75C
RAM 1656/1972MB (lfb 1x1MB) SWAP 329/986MB (cached 9MB) CPU [26%@403,14%@403,17%@403,10%@403] EMC_FREQ 0% GR3D_FREQ 47% PLL@55C CPU@57.5C PMIC@50C GPU@58.5C AO@70C thermal@57.75C
RAM 1652/1972MB (lfb 1x1MB) SWAP 329/986MB (cached 9MB) CPU [6%@614,22%@614,39%@614,14%@614] EMC_FREQ 0% GR3D_FREQ 33% PLL@55.5C CPU@57.5C PMIC@50C GPU@58.5C AO@70C thermal@58C
RAM 1652/1972MB (lfb 1x1MB) SWAP 329/986MB (cached 9MB) CPU [24%@710,17%@710,16%@710,10%@710] EMC_FREQ 0% GR3D_FREQ 0% PLL@54.5C CPU@57C PMIC@50C GPU@58C AO@69.5C thermal@58C
RAM 1667/1972MB (lfb 1x1MB) SWAP 329/986MB (cached 9MB) CPU [6%@1326,26%@1326,20%@1326,18%@1326] EMC_FREQ 0% GR3D_FREQ 89% PLL@55C CPU@57.5C PMIC@50C GPU@58C AO@70C thermal@57.75C
RAM 1667/1972MB (lfb 1x1MB) SWAP 329/986MB (cached 9MB) CPU [53%@1479,20%@1479,24%@1479,14%@1479] EMC_FREQ 0% GR3D_FREQ 25% PLL@55C CPU@57C PMIC@50C GPU@57.5C AO@69C thermal@57.75C
RAM 1667/1972MB (lfb 1x1MB) SWAP 329/986MB (cached 9MB) CPU [14%@307,2%@307,44%@307,23%@307] EMC_FREQ 0% GR3D_FREQ 99% PLL@55C CPU@57C PMIC@50C GPU@58C AO@69C thermal@57.75C
RAM 1667/1972MB (lfb 1x1MB) SWAP 329/986MB (cached 9MB) CPU [28%@921,18%@921,6%@921,12%@921] EMC_FREQ 0% GR3D_FREQ 37% PLL@55C CPU@57.5C PMIC@50C GPU@58.5C AO@69.5C thermal@57.75C
RAM 1667/1972MB (lfb 1x1MB) SWAP 329/986MB (cached 9MB) CPU [13%@307,14%@307,18%@307,16%@307] EMC_FREQ 0% GR3D_FREQ 88% PLL@55C CPU@57.5C PMIC@50C GPU@58.5C AO@69.5C thermal@57.75C
RAM 1693/1972MB (lfb 1x1MB) SWAP 330/986MB (cached 9MB) CPU [23%@518,22%@518,24%@518,12%@518] EMC_FREQ 0% GR3D_FREQ 99% PLL@55.5C CPU@57C PMIC@50C GPU@58.5C AO@69C thermal@57.5C
RAM 1694/1972MB (lfb 1x1MB) SWAP 330/986MB (cached 9MB) CPU [12%@710,14%@710,20%@710,22%@710] EMC_FREQ 0% GR3D_FREQ 34% PLL@55C CPU@57.5C PMIC@50C GPU@58.5C AO@70C thermal@57.5C
RAM 1694/1972MB (lfb 1x1MB) SWAP 330/986MB (cached 9MB) CPU [26%@1036,23%@1036,18%@1036,8%@1036] EMC_FREQ 0% GR3D_FREQ 82% PLL@55.5C CPU@57.5C PMIC@50C GPU@58C AO@70C thermal@58.25C
RAM 1700/1972MB (lfb 1x1MB) SWAP 330/986MB (cached 9MB) CPU [4%@825,15%@825,36%@825,16%@825] EMC_FREQ 0% GR3D_FREQ 53% PLL@55.5C CPU@57.5C PMIC@50C GPU@58C AO@70C thermal@58.25C
RAM 1700/1972MB (lfb 1x1MB) SWAP 330/986MB (cached 9MB) CPU [36%@1479,19%@1479,32%@1479,28%@1479] EMC_FREQ 0% GR3D_FREQ 21% PLL@56C CPU@57C PMIC@50C GPU@58C AO@69C thermal@57.75C
RAM 1744/1972MB (lfb 1x1MB) SWAP 330/986MB (cached 9MB) CPU [8%@102,20%@102,38%@102,10%@102] EMC_FREQ 0% GR3D_FREQ 81% PLL@55.5C CPU@57C PMIC@50C GPU@58.5C AO@69.5C thermal@57.75C
RAM 1743/1972MB (lfb 1x1MB) SWAP 330/986MB (cached 9MB) CPU [26%@1479,13%@1479,16%@1479,20%@1479] EMC_FREQ 0% GR3D_FREQ 57% PLL@55.5C CPU@57.5C PMIC@50C GPU@58C AO@70C thermal@57.75C
RAM 1751/1972MB (lfb 1x1MB) SWAP 330/986MB (cached 9MB) CPU [10%@102,30%@102,11%@102,4%@102] EMC_FREQ 0% GR3D_FREQ 99% PLL@55C CPU@57C PMIC@50C GPU@58.5C AO@69.5C thermal@57.75C
RAM 1813/1972MB (lfb 1x1MB) SWAP 331/986MB (cached 9MB) CPU [50%@1479,22%@1479,5%@1479,29%@1479] EMC_FREQ 0% GR3D_FREQ 0% PLL@55.5C CPU@57.5C PMIC@50C GPU@58C AO@68.5C thermal@57.75C
RAM 1815/1972MB (lfb 1x1MB) SWAP 331/986MB (cached 9MB) CPU [10%@1132,28%@1132,8%@1132,10%@1132] EMC_FREQ 0% GR3D_FREQ 73% PLL@55.5C CPU@58C PMIC@50C GPU@58.5C AO@70.5C thermal@57.75C
RAM 1815/1972MB (lfb 1x1MB) SWAP 331/986MB (cached 9MB) CPU [28%@1479,16%@1479,14%@1479,14%@1479] EMC_FREQ 0% GR3D_FREQ 49% PLL@55.5C CPU@58C PMIC@50C GPU@58C AO@69.5C thermal@57.75C
RAM 1816/1972MB (lfb 1x1MB) SWAP 331/986MB (cached 9MB) CPU [7%@403,7%@403,45%@403,12%@403] EMC_FREQ 0% GR3D_FREQ 99% PLL@55C CPU@57C PMIC@50C GPU@58.5C AO@69.5C thermal@58C
RAM 1815/1972MB (lfb 1x1MB) SWAP 331/986MB (cached 9MB) CPU [15%@204,27%@1326,26%@1326,17%@1326] EMC_FREQ 0% GR3D_FREQ 21% PLL@55C CPU@57.5C PMIC@50C GPU@58C AO@69C thermal@58C
RAM 1804/1972MB (lfb 1x1MB) SWAP 331/986MB (cached 9MB) CPU [12%@1479,64%@1479,56%@1479,29%@1479] EMC_FREQ 0% GR3D_FREQ 55% PLL@55.5C CPU@57C PMIC@50C GPU@58C AO@69.5C thermal@58.5C
RAM 1794/1972MB (lfb 1x1MB) SWAP 331/986MB (cached 9MB) CPU [28%@1326,55%@1326,9%@1326,22%@1326] EMC_FREQ 0% GR3D_FREQ 53% PLL@55.5C CPU@58C PMIC@50C GPU@58.5C AO@70.5C thermal@58.5C
RAM 1797/1972MB (lfb 1x1MB) SWAP 331/986MB (cached 9MB) CPU [9%@1326,18%@1326,16%@1326,30%@1326] EMC_FREQ 0% GR3D_FREQ 99% PLL@55C CPU@57.5C PMIC@50C GPU@58C AO@69.5C thermal@57.5C
RAM 1797/1972MB (lfb 1x1MB) SWAP 331/986MB (cached 9MB) CPU [4%@204,26%@204,32%@204,17%@307] EMC_FREQ 0% GR3D_FREQ 94% PLL@55C CPU@57.5C PMIC@50C GPU@58C AO@69.5C thermal@57.5C
RAM 1798/1972MB (lfb 1x1MB) SWAP 331/986MB (cached 9MB) CPU [22%@825,19%@825,20%@825,10%@1224] EMC_FREQ 0% GR3D_FREQ 57% PLL@55.5C CPU@58C PMIC@50C GPU@58.5C AO@70C thermal@57.5C
RAM 1797/1972MB (lfb 1x1MB) SWAP 331/986MB (cached 9MB) CPU [25%@403,30%@403,19%@403,8%@403] EMC_FREQ 0% GR3D_FREQ 99% PLL@55.5C CPU@57.5C PMIC@50C GPU@59C AO@69.5C thermal@58.25C
RAM 1797/1972MB (lfb 1x1MB) SWAP 331/986MB (cached 9MB) CPU [45%@1479,17%@1479,21%@1479,23%@1479] EMC_FREQ 0% GR3D_FREQ 22% PLL@55.5C CPU@58C PMIC@50C GPU@58.5C AO@69C thermal@58.25C
RAM 1797/1972MB (lfb 1x1MB) SWAP 331/986MB (cached 9MB) CPU [24%@1479,33%@1479,10%@1479,24%@1479] EMC_FREQ 0% GR3D_FREQ 30% PLL@55C CPU@57.5C PMIC@50C GPU@58C AO@69C thermal@58C
RAM 1797/1972MB (lfb 1x1MB) SWAP 331/986MB (cached 9MB) CPU [24%@1479,16%@1479,14%@1479,47%@1479] EMC_FREQ 0% GR3D_FREQ 18% PLL@55.5C CPU@57.5C PMIC@50C GPU@58.5C AO@69C thermal@58C
RAM 1791/1972MB (lfb 1x1MB) SWAP 331/986MB (cached 9MB) CPU [16%@1479,38%@1479,28%@1479,33%@1479] EMC_FREQ 0% GR3D_FREQ 15% PLL@55.5C CPU@57.5C PMIC@50C GPU@58.5C AO@69C thermal@58C
RAM 1791/1972MB (lfb 1x1MB) SWAP 331/986MB (cached 9MB) CPU [10%@1479,21%@1479,50%@1479,36%@1479] EMC_FREQ 0% GR3D_FREQ 18% PLL@55.5C CPU@57.5C PMIC@50C GPU@58.5C AO@68.5C thermal@58C
RAM 1791/1972MB (lfb 1x1MB) SWAP 331/986MB (cached 9MB) CPU [18%@1479,34%@1479,40%@1479,22%@1479] EMC_FREQ 0% GR3D_FREQ 16% PLL@55.5C CPU@58C PMIC@50C GPU@58.5C AO@69C thermal@58C
RAM 1775/1972MB (lfb 1x1MB) SWAP 331/986MB (cached 9MB) CPU [21%@204,12%@204,16%@204,11%@204] EMC_FREQ 0% GR3D_FREQ 0% PLL@55C CPU@56.5C PMIC@50C GPU@57.5C AO@68C thermal@58C
RAM 1773/1972MB (lfb 1x1MB) SWAP 331/986MB (cached 9MB) CPU [3%@1479,3%@1479,1%@1479,88%@1479] EMC_FREQ 0% GR3D_FREQ 0% PLL@55.5C CPU@57C PMIC@50C GPU@57C AO@68C thermal@58C
RAM 1749/1972MB (lfb 1x1MB) SWAP 331/986MB (cached 9MB) CPU [60%@1479,11%@1479,6%@1479,8%@1479] EMC_FREQ 0% GR3D_FREQ 0% PLL@55.5C CPU@57.5C PMIC@50C GPU@57C AO@68.5C thermal@56.5C
RAM 1743/1972MB (lfb 1x1MB) SWAP 331/986MB (cached 9MB) CPU [6%@1479,29%@1479,2%@1479,50%@1479] EMC_FREQ 0% GR3D_FREQ 0% PLL@55.5C CPU@56C PMIC@50C GPU@57C AO@68C thermal@56.5C
RAM 1743/1972MB (lfb 1x1MB) SWAP 331/986MB (cached 9MB) CPU [0%@1479,16%@1479,0%@1479,84%@1479] EMC_FREQ 0% GR3D_FREQ 0% PLL@55.5C CPU@56.5C PMIC@50C GPU@56.5C AO@68C thermal@56.25C
RAM 1743/1972MB (lfb 1x1MB) SWAP 331/986MB (cached 9MB) CPU [0%@1479,98%@1479,2%@1479,0%@1479] EMC_FREQ 0% GR3D_FREQ 0% PLL@55.5C CPU@56.5C PMIC@50C GPU@56.5C AO@68C thermal@56.25C
RAM 1743/1972MB (lfb 1x1MB) SWAP 331/986MB (cached 9MB) CPU [1%@1479,98%@1479,5%@1479,2%@1479] EMC_FREQ 0% GR3D_FREQ 0% PLL@55C CPU@57C PMIC@50C GPU@56.5C AO@68C thermal@57C
RAM 1743/1972MB (lfb 1x1MB) SWAP 331/986MB (cached 9MB) CPU [2%@1479,100%@1479,1%@1479,0%@1479] EMC_FREQ 0% GR3D_FREQ 0% PLL@55C CPU@56.5C PMIC@50C GPU@56.5C AO@68C thermal@57C
RAM 1743/1972MB (lfb 1x1MB) SWAP 331/986MB (cached 9MB) CPU [0%@1479,100%@1479,0%@1479,0%@1479] EMC_FREQ 0% GR3D_FREQ 0% PLL@55C CPU@57C PMIC@50C GPU@57C AO@68C thermal@57C
RAM 1743/1972MB (lfb 1x1MB) SWAP 331/986MB (cached 9MB) CPU [1%@1479,98%@1479,0%@1479,3%@1479] EMC_FREQ 0% GR3D_FREQ 3% PLL@55C CPU@57C PMIC@50C GPU@57C AO@68C thermal@57C
RAM 1743/1972MB (lfb 1x1MB) SWAP 331/986MB (cached 9MB) CPU [1%@1479,100%@1479,0%@1479,0%@1479] EMC_FREQ 0% GR3D_FREQ 0% PLL@55C CPU@56.5C PMIC@50C GPU@57C AO@68C thermal@57C
RAM 1744/1972MB (lfb 1x1MB) SWAP 331/986MB (cached 9MB) CPU [2%@1479,100%@1479,3%@1479,0%@1479] EMC_FREQ 0% GR3D_FREQ 0% PLL@55.5C CPU@57C PMIC@50C GPU@57C AO@68C thermal@56.75C
RAM 1744/1972MB (lfb 1x1MB) SWAP 331/986MB (cached 9MB) CPU [0%@1479,98%@1479,3%@1479,1%@1479] EMC_FREQ 0% GR3D_FREQ 0% PLL@55C CPU@57C PMIC@50C GPU@57C AO@68.5C thermal@56.75C
RAM 1744/1972MB (lfb 1x1MB) SWAP 331/986MB (cached 9MB) CPU [0%@1479,100%@1479,0%@1479,0%@1479] EMC_FREQ 0% GR3D_FREQ 0% PLL@55C CPU@56.5C PMIC@50C GPU@56.5C AO@68C thermal@56.75C
RAM 1744/1972MB (lfb 1x1MB) SWAP 331/986MB (cached 9MB) CPU [0%@1479,100%@1479,0%@1479,1%@1479] EMC_FREQ 0% GR3D_FREQ 0% PLL@55C CPU@56.5C PMIC@50C GPU@56.5C AO@68C thermal@56.75C
RAM 1744/1972MB (lfb 1x1MB) SWAP 331/986MB (cached 9MB) CPU [0%@1479,100%@1479,2%@1479,0%@1479] EMC_FREQ 0% GR3D_FREQ 0% PLL@55C CPU@56.5C PMIC@50C GPU@57C AO@68.5C thermal@56.5C
RAM 1744/1972MB (lfb 1x1MB) SWAP 331/986MB (cached 9MB) CPU [1%@1479,100%@1479,2%@1479,0%@1479] EMC_FREQ 0% GR3D_FREQ 0% PLL@55C CPU@56.5C PMIC@50C GPU@56.5C AO@68C thermal@56.5C
RAM 1744/1972MB (lfb 1x1MB) SWAP 331/986MB (cached 9MB) CPU [0%@1479,100%@1479,1%@1479,0%@1479] EMC_FREQ 0% GR3D_FREQ 0% PLL@55C CPU@57C PMIC@50C GPU@56.5C AO@68.5C thermal@56.5C
RAM 1744/1972MB (lfb 1x1MB) SWAP 331/986MB (cached 9MB) CPU [0%@1479,98%@1479,5%@1479,3%@1479] EMC_FREQ 0% GR3D_FREQ 0% PLL@55C CPU@57C PMIC@50C GPU@56.5C AO@68C thermal@56.5C
RAM 1744/1972MB (lfb 1x1MB) SWAP 331/986MB (cached 9MB) CPU [7%@1479,89%@1479,3%@1479,4%@1479] EMC_FREQ 0% GR3D_FREQ 23% PLL@55C CPU@57C PMIC@50C GPU@56.5C AO@68C thermal@56.75C
RAM 1744/1972MB (lfb 1x1MB) SWAP 331/986MB (cached 9MB) CPU [0%@1479,96%@1479,0%@1479,0%@1479] EMC_FREQ 0% GR3D_FREQ 0% PLL@55C CPU@57C PMIC@50C GPU@57C AO@68.5C thermal@56.75C
RAM 1744/1972MB (lfb 1x1MB) SWAP 331/986MB (cached 9MB) CPU [2%@1479,100%@1479,0%@1479,2%@1479] EMC_FREQ 0% GR3D_FREQ 0% PLL@55C CPU@57C PMIC@50C GPU@56.5C AO@68C thermal@56.75C
RAM 1744/1972MB (lfb 1x1MB) SWAP 331/986MB (cached 9MB) CPU [1%@1479,100%@1479,0%@1479,0%@1479] EMC_FREQ 0% GR3D_FREQ 0% PLL@55.5C CPU@56.5C PMIC@50C GPU@57C AO@68C thermal@57C
RAM 1745/1972MB (lfb 1x1MB) SWAP 331/986MB (cached 9MB) CPU [0%@1479,98%@1479,3%@1479,0%@1479] EMC_FREQ 0% GR3D_FREQ 0% PLL@55.5C CPU@56C PMIC@50C GPU@57C AO@68C thermal@57C
RAM 1745/1972MB (lfb 1x1MB) SWAP 331/986MB (cached 9MB) CPU [2%@1479,100%@1479,2%@1479,1%@1479] EMC_FREQ 0% GR3D_FREQ 0% PLL@55C CPU@57C PMIC@50C GPU@57C AO@68.5C thermal@56.75C
RAM 1745/1972MB (lfb 1x1MB) SWAP 331/986MB (cached 9MB) CPU [0%@1479,100%@1479,1%@1479,0%@1479] EMC_FREQ 0% GR3D_FREQ 0% PLL@55C CPU@57C PMIC@50C GPU@56.5C AO@68C thermal@56.75C
RAM 1745/1972MB (lfb 1x1MB) SWAP 331/986MB (cached 9MB) CPU [2%@1479,100%@1479,0%@1479,0%@1479] EMC_FREQ 0% GR3D_FREQ 0% PLL@55C CPU@57C PMIC@50C GPU@56.5C AO@68C thermal@56.75C
RAM 1745/1972MB (lfb 1x1MB) SWAP 331/986MB (cached 9MB) CPU [2%@1479,100%@1479,0%@1479,0%@1479] EMC_FREQ 0% GR3D_FREQ 0% PLL@55C CPU@56.5C PMIC@50C GPU@56.5C AO@68C thermal@56.75C
RAM 1745/1972MB (lfb 1x1MB) SWAP 331/986MB (cached 9MB) CPU [0%@1479,96%@1479,0%@1479,0%@1479] EMC_FREQ 0% GR3D_FREQ 0% PLL@55.5C CPU@56.5C PMIC@50C GPU@57C AO@68C thermal@56.75C
RAM 1745/1972MB (lfb 1x1MB) SWAP 331/986MB (cached 9MB) CPU [2%@1479,100%@1479,2%@1479,0%@1479] EMC_FREQ 0% GR3D_FREQ 0% PLL@55C CPU@57C PMIC@50C GPU@56.5C AO@68C thermal@56.75C
RAM 1745/1972MB (lfb 1x1MB) SWAP 331/986MB (cached 9MB) CPU [3%@1479,100%@1479,2%@1479,3%@1479] EMC_FREQ 0% GR3D_FREQ 0% PLL@55.5C CPU@56.5C PMIC@50C GPU@57C AO@68C thermal@56.75C
RAM 1745/1972MB (lfb 1x1MB) SWAP 331/986MB (cached 9MB) CPU [0%@1479,98%@1479,3%@1479,1%@1479] EMC_FREQ 0% GR3D_FREQ 0% PLL@55C CPU@56.5C PMIC@50C GPU@56.5C AO@68C thermal@56.75C
RAM 1745/1972MB (lfb 1x1MB) SWAP 331/986MB (cached 9MB) CPU [0%@1479,100%@1479,0%@1479,0%@1479] EMC_FREQ 0% GR3D_FREQ 0% PLL@55.5C CPU@56.5C PMIC@50C GPU@56.5C AO@68C thermal@56.75C
RAM 1745/1972MB (lfb 1x1MB) SWAP 331/986MB (cached 9MB) CPU [0%@1479,98%@1479,0%@1479,0%@1479] EMC_FREQ 0% GR3D_FREQ 0% PLL@55C CPU@57C PMIC@50C GPU@56.5C AO@68C thermal@56.5C
RAM 1745/1972MB (lfb 1x1MB) SWAP 331/986MB (cached 9MB) CPU [0%@1479,100%@1479,1%@1479,0%@1479] EMC_FREQ 0% GR3D_FREQ 0% PLL@55C CPU@57C PMIC@50C GPU@56.5C AO@68C thermal@56.5C
RAM 1745/1972MB (lfb 1x1MB) SWAP 331/986MB (cached 9MB) CPU [0%@1479,100%@1479,2%@1479,0%@1479] EMC_FREQ 0% GR3D_FREQ 0% PLL@55C CPU@56C PMIC@50C GPU@56.5C AO@68C thermal@56.75C
RAM 1745/1972MB (lfb 1x1MB) SWAP 331/986MB (cached 9MB) CPU [32%@1479,71%@1479,0%@1479,0%@1479] EMC_FREQ 0% GR3D_FREQ 0% PLL@55C CPU@58C PMIC@50C GPU@56.5C AO@68C thermal@56.75C
RAM 1745/1972MB (lfb 1x1MB) SWAP 331/986MB (cached 9MB) CPU [100%@1479,1%@1479,2%@1479,0%@1479] EMC_FREQ 0% GR3D_FREQ 0% PLL@55C CPU@58.5C PMIC@50C GPU@56.5C AO@68C thermal@57C
RAM 1745/1972MB (lfb 1x1MB) SWAP 331/986MB (cached 9MB) CPU [13%@1479,28%@1479,0%@1479,61%@1479] EMC_FREQ 0% GR3D_FREQ 0% PLL@55.5C CPU@56C PMIC@50C GPU@56.5C AO@68C thermal@57C
RAM 1745/1972MB (lfb 1x1MB) SWAP 331/986MB (cached 9MB) CPU [25%@1479,1%@1479,0%@1479,75%@1479] EMC_FREQ 0% GR3D_FREQ 0% PLL@55C CPU@58.5C PMIC@50C GPU@57C AO@68.5C thermal@57C
RAM 1745/1972MB (lfb 1x1MB) SWAP 331/986MB (cached 9MB) CPU [0%@1479,0%@1479,100%@1479,0%@1479] EMC_FREQ 0% GR3D_FREQ 0% PLL@55C CPU@56.5C PMIC@50C GPU@56.5C AO@68C thermal@57.25C
RAM 1745/1972MB (lfb 1x1MB) SWAP 331/986MB (cached 9MB) CPU [36%@1479,26%@1479,41%@1479,0%@1479] EMC_FREQ 0% GR3D_FREQ 0% PLL@55C CPU@59C PMIC@50C GPU@56.5C AO@68C thermal@57.25C
RAM 1745/1972MB (lfb 1x1MB) SWAP 331/986MB (cached 9MB) CPU [100%@1479,2%@1479,2%@1479,3%@1479] EMC_FREQ 0% GR3D_FREQ 0% PLL@55C CPU@58.5C PMIC@50C GPU@56.5C AO@68C thermal@57.25C
RAM 1745/1972MB (lfb 1x1MB) SWAP 331/986MB (cached 9MB) CPU [35%@1479,0%@1479,66%@1479,0%@1479] EMC_FREQ 0% GR3D_FREQ 0% PLL@55C CPU@56.5C PMIC@50C GPU@57C AO@68C thermal@57.25C
RAM 1745/1972MB (lfb 1x1MB) SWAP 331/986MB (cached 9MB) CPU [3%@1479,23%@1479,76%@1479,1%@1479] EMC_FREQ 0% GR3D_FREQ 0% PLL@55C CPU@56.5C PMIC@50C GPU@56.5C AO@68C thermal@56.5C
RAM 1746/1972MB (lfb 1x1MB) SWAP 331/986MB (cached 9MB) CPU [0%@1479,100%@1479,0%@1479,0%@1479] EMC_FREQ 0% GR3D_FREQ 0% PLL@54.5C CPU@56.5C PMIC@50C GPU@56.5C AO@67.5C thermal@56.5C
RAM 1746/1972MB (lfb 1x1MB) SWAP 331/986MB (cached 9MB) CPU [2%@1479,94%@1479,0%@1479,0%@1479] EMC_FREQ 0% GR3D_FREQ 0% PLL@55C CPU@56.5C PMIC@50C GPU@56.5C AO@67.5C thermal@56.75C
RAM 1746/1972MB (lfb 1x1MB) SWAP 331/986MB (cached 9MB) CPU [0%@1479,100%@1479,2%@1479,0%@1479] EMC_FREQ 0% GR3D_FREQ 0% PLL@55C CPU@56.5C PMIC@50C GPU@56.5C AO@68C thermal@56.75C
RAM 1746/1972MB (lfb 1x1MB) SWAP 331/986MB (cached 9MB) CPU [2%@1479,98%@1479,2%@1479,1%@1479] EMC_FREQ 0% GR3D_FREQ 0% PLL@55C CPU@56.5C PMIC@50C GPU@56.5C AO@68C thermal@56.75C
RAM 1746/1972MB (lfb 1x1MB) SWAP 331/986MB (cached 9MB) CPU [0%@1479,97%@1479,3%@1479,2%@1479] EMC_FREQ 0% GR3D_FREQ 6% PLL@55C CPU@57C PMIC@50C GPU@56.5C AO@68C thermal@56.5C
RAM 1746/1972MB (lfb 1x1MB) SWAP 331/986MB (cached 9MB) CPU [0%@1479,0%@1479,0%@1479,100%@1479] EMC_FREQ 0% GR3D_FREQ 0% PLL@55.5C CPU@56C PMIC@50C GPU@57C AO@67.5C thermal@56.5C
RAM 1746/1972MB (lfb 1x1MB) SWAP 331/986MB (cached 9MB) CPU [0%@1479,36%@1479,2%@1479,62%@1479] EMC_FREQ 0% GR3D_FREQ 0% PLL@54.5C CPU@57C PMIC@50C GPU@56.5C AO@67.5C thermal@56.25C
RAM 1746/1972MB (lfb 1x1MB) SWAP 331/986MB (cached 9MB) CPU [0%@1479,100%@1479,0%@1479,0%@1479] EMC_FREQ 0% GR3D_FREQ 0% PLL@55C CPU@56.5C PMIC@50C GPU@56.5C AO@67.5C thermal@56.25C
RAM 1746/1972MB (lfb 1x1MB) SWAP 331/986MB (cached 9MB) CPU [5%@1479,100%@1479,2%@1479,0%@1479] EMC_FREQ 0% GR3D_FREQ 0% PLL@55C CPU@56.5C PMIC@50C GPU@56.5C AO@67.5C thermal@56.75C
RAM 1745/1972MB (lfb 1x1MB) SWAP 331/986MB (cached 9MB) CPU [2%@1479,94%@1479,6%@1479,2%@1479] EMC_FREQ 0% GR3D_FREQ 3% PLL@55C CPU@57C PMIC@50C GPU@56.5C AO@68C thermal@56.75C
RAM 1745/1972MB (lfb 1x1MB) SWAP 331/986MB (cached 9MB) CPU [0%@1479,0%@1479,100%@1479,0%@1479] EMC_FREQ 0% GR3D_FREQ 0% PLL@54.5C CPU@56.5C PMIC@50C GPU@56.5C AO@67.5C thermal@56.5C
RAM 1745/1972MB (lfb 1x1MB) SWAP 331/986MB (cached 9MB) CPU [30%@1479,0%@1479,71%@1479,0%@1479] EMC_FREQ 0% GR3D_FREQ 0% PLL@54.5C CPU@58.5C PMIC@50C GPU@56.5C AO@68.5C thermal@56.5C
RAM 1745/1972MB (lfb 1x1MB) SWAP 331/986MB (cached 9MB) CPU [100%@1479,0%@1479,0%@1479,0%@1479] EMC_FREQ 0% GR3D_FREQ 0% PLL@54.5C CPU@58.5C PMIC@50C GPU@56.5C AO@68C thermal@57.5C
RAM 1745/1972MB (lfb 1x1MB) SWAP 331/986MB (cached 9MB) CPU [8%@1479,26%@1479,66%@1479,0%@1479] EMC_FREQ 0% GR3D_FREQ 0% PLL@55C CPU@56C PMIC@50C GPU@57C AO@67.5C thermal@57.5C
RAM 1746/1972MB (lfb 1x1MB) SWAP 331/986MB (cached 9MB) CPU [0%@1479,22%@1479,78%@1479,0%@1479] EMC_FREQ 0% GR3D_FREQ 0% PLL@55C CPU@56.5C PMIC@50C GPU@56.5C AO@68C thermal@57.5C
RAM 1745/1972MB (lfb 1x1MB) SWAP 331/986MB (cached 9MB) CPU [94%@1479,9%@1479,1%@1479,0%@1479] EMC_FREQ 0% GR3D_FREQ 0% PLL@54.5C CPU@57.5C PMIC@50C GPU@56.5C AO@68C thermal@57.25C
RAM 1745/1972MB (lfb 1x1MB) SWAP 331/986MB (cached 9MB) CPU [66%@1479,30%@1479,2%@1479,2%@1479] EMC_FREQ 0% GR3D_FREQ 0% PLL@55C CPU@58C PMIC@50C GPU@56.5C AO@68C thermal@57.25C
RAM 1746/1972MB (lfb 1x1MB) SWAP 331/986MB (cached 9MB) CPU [100%@1479,1%@1479,0%@1479,0%@1479] EMC_FREQ 0% GR3D_FREQ 0% PLL@55C CPU@58C PMIC@50C GPU@56.5C AO@68C thermal@57.25C
RAM 1746/1972MB (lfb 1x1MB) SWAP 331/986MB (cached 9MB) CPU [37%@1479,38%@1479,26%@1479,1%@1479] EMC_FREQ 0% GR3D_FREQ 0% PLL@54.5C CPU@56C PMIC@50C GPU@57C AO@67.5C thermal@57.25C
RAM 1730/1972MB (lfb 1x1MB) SWAP 331/986MB (cached 9MB) CPU [10%@1479,8%@1479,100%@1479,4%@1479] EMC_FREQ 0% GR3D_FREQ 0% PLL@55C CPU@56C PMIC@50C GPU@57C AO@67.5C thermal@56.75C
RAM 1730/1972MB (lfb 1x1MB) SWAP 331/986MB (cached 9MB) CPU [2%@1479,24%@1479,74%@1479,0%@1479] EMC_FREQ 0% GR3D_FREQ 0% PLL@54.5C CPU@56.5C PMIC@50C GPU@57C AO@67.5C thermal@56.75C
RAM 1730/1972MB (lfb 1x1MB) SWAP 331/986MB (cached 9MB) CPU [0%@1479,25%@1479,75%@1479,2%@1479] EMC_FREQ 0% GR3D_FREQ 0% PLL@54.5C CPU@56.5C PMIC@50C GPU@56.5C AO@68C thermal@56.25C
RAM 1730/1972MB (lfb 1x1MB) SWAP 331/986MB (cached 9MB) CPU [1%@1479,0%@1479,100%@1479,0%@1479] EMC_FREQ 0% GR3D_FREQ 0% PLL@55C CPU@56C PMIC@50C GPU@57C AO@68C thermal@56.25C
RAM 1730/1972MB (lfb 1x1MB) SWAP 331/986MB (cached 9MB) CPU [37%@1479,26%@1479,39%@1479,0%@1479] EMC_FREQ 0% GR3D_FREQ 0% PLL@54.5C CPU@58.5C PMIC@50C GPU@56.5C AO@68C thermal@56.25C
RAM 1730/1972MB (lfb 1x1MB) SWAP 331/986MB (cached 9MB) CPU [100%@1479,0%@1479,0%@1479,2%@1479] EMC_FREQ 0% GR3D_FREQ 0% PLL@54.5C CPU@57.5C PMIC@50C GPU@56.5C AO@68C thermal@57.25C
RAM 1730/1972MB (lfb 1x1MB) SWAP 331/986MB (cached 9MB) CPU [0%@1479,26%@1479,72%@1479,1%@1479] EMC_FREQ 0% GR3D_FREQ 0% PLL@55C CPU@56C PMIC@50C GPU@57C AO@68C thermal@57.25C
RAM 1730/1972MB (lfb 1x1MB) SWAP 331/986MB (cached 9MB) CPU [3%@1479,26%@1479,74%@1479,0%@1479] EMC_FREQ 0% GR3D_FREQ 0% PLL@55C CPU@57C PMIC@50C GPU@56.5C AO@67.5C thermal@56.25C
RAM 1730/1972MB (lfb 1x1MB) SWAP 331/986MB (cached 9MB) CPU [0%@1479,0%@1479,100%@1479,2%@1479] EMC_FREQ 0% GR3D_FREQ 0% PLL@55C CPU@56C PMIC@50C GPU@56.5C AO@68C thermal@56.25C
RAM 1730/1972MB (lfb 1x1MB) SWAP 331/986MB (cached 9MB) CPU [0%@1479,0%@1479,32%@1479,66%@1479] EMC_FREQ 0% GR3D_FREQ 0% PLL@55.5C CPU@56C PMIC@50C GPU@56.5C AO@67.5C thermal@56.25C
RAM 1730/1972MB (lfb 1x1MB) SWAP 331/986MB (cached 9MB) CPU [1%@1479,4%@1479,0%@1479,97%@1479] EMC_FREQ 0% GR3D_FREQ 0% PLL@55C CPU@56.5C PMIC@50C GPU@56.5C AO@68C thermal@56.25C
RAM 1730/1972MB (lfb 1x1MB) SWAP 331/986MB (cached 9MB) CPU [2%@1479,98%@1479,0%@1479,0%@1479] EMC_FREQ 0% GR3D_FREQ 0% PLL@55C CPU@56.5C PMIC@50C GPU@56C AO@68C thermal@56.5C
RAM 1730/1972MB (lfb 1x1MB) SWAP 331/986MB (cached 9MB) CPU [14%@1479,85%@1479,0%@1479,0%@1479] EMC_FREQ 0% GR3D_FREQ 0% PLL@55C CPU@58C PMIC@50C GPU@56.5C AO@68C thermal@56.5C
RAM 1730/1972MB (lfb 1x1MB) SWAP 331/986MB (cached 9MB) CPU [100%@1479,0%@1479,3%@1479,0%@1479] EMC_FREQ 0% GR3D_FREQ 0% PLL@55C CPU@58C PMIC@50C GPU@56.5C AO@68C thermal@56.5C
RAM 1730/1972MB (lfb 1x1MB) SWAP 331/986MB (cached 9MB) CPU [72%@1479,3%@1479,31%@1479,0%@1479] EMC_FREQ 0% GR3D_FREQ 0% PLL@54.5C CPU@58.5C PMIC@50C GPU@56.5C AO@68C thermal@57.25C
RAM 1730/1972MB (lfb 1x1MB) SWAP 331/986MB (cached 9MB) CPU [97%@1479,2%@1479,0%@1479,0%@1479] EMC_FREQ 0% GR3D_FREQ 0% PLL@55C CPU@58C PMIC@50C GPU@56.5C AO@68C thermal@57.25C
RAM 1730/1972MB (lfb 1x1MB) SWAP 331/986MB (cached 9MB) CPU [68%@1479,32%@1479,2%@1479,0%@1479] EMC_FREQ 0% GR3D_FREQ 0% PLL@55C CPU@58C PMIC@50C GPU@56.5C AO@68C thermal@56.5C
RAM 1730/1972MB (lfb 1x1MB) SWAP 331/986MB (cached 9MB) CPU [67%@1479,27%@1479,0%@1479,9%@1479] EMC_FREQ 0% GR3D_FREQ 0% PLL@55C CPU@57C PMIC@50C GPU@56.5C AO@68C thermal@56.5C
RAM 1730/1972MB (lfb 1x1MB) SWAP 331/986MB (cached 9MB) CPU [0%@1479,0%@1479,0%@1479,100%@1479] EMC_FREQ 0% GR3D_FREQ 0% PLL@55C CPU@56C PMIC@50C GPU@56.5C AO@68C thermal@56.5C
RAM 1719/1972MB (lfb 1x1MB) SWAP 331/986MB (cached 9MB) CPU [9%@614,18%@614,3%@614,56%@614] EMC_FREQ 0% GR3D_FREQ 0% PLL@54.5C CPU@56C PMIC@50C GPU@56.5C AO@68C thermal@56.5C
RAM 1707/1972MB (lfb 1x1MB) SWAP 331/986MB (cached 9MB) CPU [16%@307,27%@307,10%@307,21%@307] EMC_FREQ 0% GR3D_FREQ 0% PLL@54.5C CPU@56C PMIC@50C GPU@56C AO@67.5C thermal@56.25C
RAM 1706/1972MB (lfb 1x1MB) SWAP 331/986MB (cached 9MB) CPU [13%@1479,18%@1479,32%@1479,6%@1479] EMC_FREQ 0% GR3D_FREQ 0% PLL@55C CPU@57C PMIC@50C GPU@57.5C AO@68C thermal@56.25C
RAM 1708/1972MB (lfb 1x1MB) SWAP 331/986MB (cached 9MB) CPU [4%@403,6%@403,72%@403,2%@403] EMC_FREQ 0% GR3D_FREQ 0% PLL@54.5C CPU@56C PMIC@50C GPU@57C AO@67.5C thermal@56.5C
RAM 1811/1972MB (lfb 1x1MB) SWAP 336/986MB (cached 7MB) CPU [51%@1479,64%@1479,2%@1479,10%@1479] EMC_FREQ 0% GR3D_FREQ 0% PLL@55C CPU@57C PMIC@50C GPU@57.5C AO@67.5C thermal@56.5C
RAM 1790/1972MB (lfb 1x1MB) SWAP 336/986MB (cached 7MB) CPU [84%@1479,29%@1479,7%@1479,6%@1479] EMC_FREQ 0% GR3D_FREQ 0% PLL@55C CPU@57C PMIC@50C GPU@57.5C AO@68C thermal@56.5C
RAM 1808/1972MB (lfb 1x1MB) SWAP 336/986MB (cached 7MB) CPU [38%@1036,8%@1036,4%@1036,12%@1036] EMC_FREQ 0% GR3D_FREQ 0% PLL@54.5C CPU@56C PMIC@50C GPU@57C AO@67.5C thermal@56.75C
RAM 1847/1972MB (lfb 1x1MB) SWAP 347/986MB (cached 7MB) CPU [41%@710,20%@710,44%@710,14%@710] EMC_FREQ 0% GR3D_FREQ 2% PLL@54.5C CPU@56C PMIC@50C GPU@57C AO@68C thermal@56.75C
RAM 1850/1972MB (lfb 1x1MB) SWAP 351/986MB (cached 7MB) CPU [33%@307,11%@307,9%@307,7%@307] EMC_FREQ 0% GR3D_FREQ 99% PLL@54.5C CPU@58C PMIC@50C GPU@58.5C AO@71C thermal@57C
RAM 1850/1972MB (lfb 1x1MB) SWAP 353/986MB (cached 8MB) CPU [26%@403,27%@403,25%@403,18%@403] EMC_FREQ 0% GR3D_FREQ 0% PLL@55.5C CPU@57.5C PMIC@50C GPU@59C AO@69.5C thermal@57C
RAM 1850/1972MB (lfb 1x1MB) SWAP 354/986MB (cached 9MB) CPU [10%@307,4%@307,20%@307,19%@307] EMC_FREQ 0% GR3D_FREQ 0% PLL@54.5C CPU@56C PMIC@50C GPU@57C AO@68C thermal@57C
RAM 1839/1972MB (lfb 1x1MB) SWAP 365/986MB (cached 9MB) CPU [12%@518,0%@518,12%@518,25%@518] EMC_FREQ 0% GR3D_FREQ 0% PLL@54.5C CPU@56C PMIC@50C GPU@57C AO@68C thermal@57C
RAM 1838/1972MB (lfb 1x1MB) SWAP 369/986MB (cached 11MB) CPU [13%@710,18%@710,23%@710,8%@710] EMC_FREQ 0% GR3D_FREQ 0% PLL@55C CPU@56C PMIC@50C GPU@57C AO@67.5C thermal@56.5C
RAM 1842/1972MB (lfb 1x1MB) SWAP 379/986MB (cached 11MB) CPU [15%@1479,31%@1479,27%@1479,20%@1479] EMC_FREQ 0% GR3D_FREQ 0% PLL@55C CPU@57C PMIC@50C GPU@57C AO@68C thermal@56.5C
RAM 1854/1972MB (lfb 1x1MB) SWAP 391/986MB (cached 12MB) CPU [18%@1479,16%@1479,18%@1479,44%@1479] EMC_FREQ 0% GR3D_FREQ 0% PLL@55.5C CPU@57C PMIC@50C GPU@57.5C AO@68C thermal@56.5C
RAM 1874/1972MB (lfb 1x1MB) SWAP 415/986MB (cached 11MB) CPU [19%@1479,22%@1479,10%@1479,61%@1479] EMC_FREQ 0% GR3D_FREQ 0% PLL@55.5C CPU@57C PMIC@50C GPU@57.5C AO@68.5C thermal@57C
RAM 1878/1972MB (lfb 1x1MB) SWAP 438/986MB (cached 11MB) CPU [14%@1224,15%@1224,15%@1224,63%@1224] EMC_FREQ 0% GR3D_FREQ 0% PLL@55C CPU@56C PMIC@50C GPU@57.5C AO@68C thermal@57C
RAM 1873/1972MB (lfb 1x1MB) SWAP 453/986MB (cached 11MB) CPU [10%@1479,8%@1479,15%@1479,43%@1479] EMC_FREQ 0% GR3D_FREQ 0% PLL@55.5C CPU@56C PMIC@50C GPU@57C AO@68C thermal@56.75C
RAM 1885/1972MB (lfb 1x1MB) SWAP 469/986MB (cached 12MB) CPU [18%@403,45%@403,17%@403,16%@403] EMC_FREQ 0% GR3D_FREQ 0% PLL@55C CPU@56.5C PMIC@50C GPU@56.5C AO@68C thermal@56.75C
RAM 1885/1972MB (lfb 1x1MB) SWAP 469/986MB (cached 12MB) CPU [12%@307,16%@307,20%@307,16%@307] EMC_FREQ 0% GR3D_FREQ 0% PLL@55C CPU@56C PMIC@50C GPU@56.5C AO@67.5C thermal@56.25C
RAM 1867/1972MB (lfb 1x1MB) SWAP 507/986MB (cached 11MB) CPU [16%@307,88%@307,14%@307,1%@307] EMC_FREQ 0% GR3D_FREQ 0% PLL@55C CPU@56.5C PMIC@50C GPU@56.5C AO@67.5C thermal@56.25C
RAM 1864/1972MB (lfb 1x1MB) SWAP 513/986MB (cached 11MB) CPU [0%@307,24%@307,14%@307,4%@307] EMC_FREQ 0% GR3D_FREQ 0% PLL@54.5C CPU@55.5C PMIC@50C GPU@56.5C AO@67.5C thermal@56.5C
RAM 1850/1972MB (lfb 1x1MB) SWAP 537/986MB (cached 10MB) CPU [9%@1479,60%@1479,16%@1479,6%@1479] EMC_FREQ 0% GR3D_FREQ 0% PLL@54.5C CPU@56.5C PMIC@50C GPU@56.5C AO@67.5C thermal@56.5C
RAM 1843/1972MB (lfb 1x1MB) SWAP 549/986MB (cached 10MB) CPU [8%@1479,40%@1479,17%@1479,12%@1479] EMC_FREQ 0% GR3D_FREQ 0% PLL@55C CPU@56.5C PMIC@50C GPU@56.5C AO@68C thermal@56.5C
RAM 1843/1972MB (lfb 1x1MB) SWAP 549/986MB (cached 10MB) CPU [17%@518,24%@518,17%@518,12%@518] EMC_FREQ 0% GR3D_FREQ 89% PLL@54.5C CPU@56C PMIC@50C GPU@56.5C AO@68C thermal@56.25C
RAM 1834/1972MB (lfb 1x1MB) SWAP 548/986MB (cached 10MB) CPU [14%@307,27%@307,21%@307,18%@307] EMC_FREQ 0% GR3D_FREQ 0% PLL@54.5C CPU@56C PMIC@50C GPU@57C AO@67.5C thermal@56.25C
RAM 1806/1972MB (lfb 1x1MB) SWAP 549/986MB (cached 10MB) CPU [14%@307,11%@307,29%@307,11%@307] EMC_FREQ 0% GR3D_FREQ 0% PLL@54.5C CPU@55.5C PMIC@50C GPU@57C AO@68C thermal@56.5C
RAM 1784/1972MB (lfb 1x1MB) SWAP 549/986MB (cached 10MB) CPU [73%@1479,21%@1479,10%@1479,6%@1479] EMC_FREQ 0% GR3D_FREQ 0% PLL@54.5C CPU@58C PMIC@50C GPU@57C AO@67.5C thermal@56.5C
RAM 1752/1972MB (lfb 1x1MB) SWAP 548/986MB (cached 10MB) CPU [66%@1479,4%@1479,7%@1479,4%@1479] EMC_FREQ 0% GR3D_FREQ 0% PLL@54.5C CPU@56C PMIC@50C GPU@57C AO@68C thermal@56.5C
RAM 1751/1972MB (lfb 1x1MB) SWAP 544/986MB (cached 10MB) CPU [18%@204,6%@204,11%@204,14%@204] EMC_FREQ 0% GR3D_FREQ 0% PLL@54.5C CPU@55.5C PMIC@50C GPU@57C AO@67.5C thermal@56.5C
RAM 1744/1972MB (lfb 1x1MB) SWAP 478/986MB (cached 16MB) CPU [85%@1479,4%@1479,21%@1479,5%@1479] EMC_FREQ 0% GR3D_FREQ 0% PLL@54.5C CPU@57.5C PMIC@50C GPU@57C AO@68C thermal@57.25C
RAM 1726/1972MB (lfb 1x1MB) SWAP 450/986MB (cached 21MB) CPU [62%@1479,14%@1479,13%@1479,12%@1479] EMC_FREQ 0% GR3D_FREQ 0% PLL@54.5C CPU@56C PMIC@50C GPU@57C AO@67.5C thermal@57.25C
RAM 1664/1972MB (lfb 1x1MB) SWAP 414/986MB (cached 20MB) CPU [10%@1479,6%@1479,13%@1479,36%@1479] EMC_FREQ 0% GR3D_FREQ 0% PLL@54.5C CPU@56C PMIC@50C GPU@57C AO@67.5C thermal@56.5C
# Video: Videos2Carros
# Duracion: 101s
# Timestamp: dom 23 nov 00:41:02 CST 2025
