RAM 645/1972MB (lfb 1x1MB) SWAP 349/986MB (cached 16MB) CPU [5%@102,3%@102,0%@102,6%@102] EMC_FREQ 0% GR3D_FREQ 0% PLL@52.5C CPU@53.5C PMIC@50C GPU@54C AO@65.5C thermal@54C
RAM 645/1972MB (lfb 1x1MB) SWAP 349/986MB (cached 16MB) CPU [6%@307,0%@307,2%@307,4%@307] EMC_FREQ 0% GR3D_FREQ 0% PLL@52.5C CPU@54C PMIC@50C GPU@54C AO@65.5C thermal@54C
RAM 651/1972MB (lfb 1x1MB) SWAP 349/986MB (cached 16MB) CPU [23%@204,19%@204,7%@204,12%@204] EMC_FREQ 0% GR3D_FREQ 0% PLL@52.5C CPU@54C PMIC@50C GPU@54.5C AO@65.5C thermal@54C
RAM 676/1972MB (lfb 1x1MB) SWAP 349/986MB (cached 16MB) CPU [14%@1036,32%@1036,7%@1036,2%@1036] EMC_FREQ 0% GR3D_FREQ 0% PLL@52.5C CPU@54C PMIC@50C GPU@54.5C AO@65.5C thermal@54C
RAM 678/1972MB (lfb 1x1MB) SWAP 349/986MB (cached 16MB) CPU [19%@204,20%@204,12%@204,17%@204] EMC_FREQ 0% GR3D_FREQ 0% PLL@52.5C CPU@54C PMIC@50C GPU@54.5C AO@65.5C thermal@54.25C
RAM 684/1972MB (lfb 1x1MB) SWAP 349/986MB (cached 16MB) CPU [38%@403,8%@403,16%@403,24%@403] EMC_FREQ 0% GR3D_FREQ 9% PLL@53C CPU@54C PMIC@50C GPU@54.5C AO@66C thermal@54.25C
RAM 691/1972MB (lfb 1x1MB) SWAP 349/986MB (cached 16MB) CPU [29%@307,6%@307,12%@307,0%@307] EMC_FREQ 0% GR3D_FREQ 0% PLL@52.5C CPU@54C PMIC@50C GPU@54.5C AO@65.5C thermal@54C
RAM 698/1972MB (lfb 1x1MB) SWAP 349/986MB (cached 16MB) CPU [21%@102,8%@102,18%@102,16%@102] EMC_FREQ 0% GR3D_FREQ 0% PLL@52.5C CPU@54C PMIC@50C GPU@54C AO@65C thermal@54C
RAM 721/1972MB (lfb 1x1MB) SWAP 349/986MB (cached 16MB) CPU [20%@1479,16%@1479,28%@1479,8%@1479] EMC_FREQ 0% GR3D_FREQ 33% PLL@52.5C CPU@54C PMIC@50C GPU@54.5C AO@65.5C thermal@54C
RAM 751/1972MB (lfb 1x1MB) SWAP 349/986MB (cached 16MB) CPU [32%@1326,4%@1326,28%@1326,10%@1326] EMC_FREQ 0% GR3D_FREQ 27% PLL@52.5C CPU@55C PMIC@50C GPU@54.5C AO@65.5C thermal@54.25C
RAM 795/1972MB (lfb 1x1MB) SWAP 349/986MB (cached 16MB) CPU [23%@1479,16%@1479,42%@1479,6%@1479] EMC_FREQ 0% GR3D_FREQ 42% PLL@53C CPU@54.5C PMIC@50C GPU@54.5C AO@65.5C thermal@54.25C
RAM 836/1972MB (lfb 1x1MB) SWAP 349/986MB (cached 16MB) CPU [25%@1479,16%@1479,29%@1479,4%@1479] EMC_FREQ 0% GR3D_FREQ 37% PLL@52.5C CPU@54.5C PMIC@50C GPU@54.5C AO@65.5C thermal@54.75C
RAM 899/1972MB (lfb 1x1MB) SWAP 349/986MB (cached 16MB) CPU [29%@1479,18%@1479,54%@1479,11%@1479] EMC_FREQ 0% GR3D_FREQ 0% PLL@52.5C CPU@54.5C PMIC@50C GPU@54.5C AO@65.5C thermal@54.75C
RAM 915/1972MB (lfb 1x1MB) SWAP 349/986MB (cached 16MB) CPU [8%@307,28%@307,73%@1479,4%@1479] EMC_FREQ 0% GR3D_FREQ 11% PLL@53C CPU@55C PMIC@50C GPU@54.5C AO@65.5C thermal@54.75C
RAM 915/1972MB (lfb 1x1MB) SWAP 349/986MB (cached 16MB) CPU [55%@1479,32%@1479,0%@1479,2%@1479] EMC_FREQ 0% GR3D_FREQ 0% PLL@53C CPU@54.5C PMIC@50C GPU@54.5C AO@65.5C thermal@54.75C
RAM 944/1972MB (lfb 1x1MB) SWAP 349/986MB (cached 16MB) CPU [0%@1479,100%@1479,0%@1479,0%@1479] EMC_FREQ 0% GR3D_FREQ 0% PLL@53C CPU@54.5C PMIC@50C GPU@54.5C AO@65.5C thermal@54.5C
RAM 961/1972MB (lfb 1x1MB) SWAP 349/986MB (cached 16MB) CPU [21%@307,28%@307,8%@307,2%@307] EMC_FREQ 0% GR3D_FREQ 0% PLL@53C CPU@54.5C PMIC@50C GPU@54.5C AO@65.5C thermal@54.5C
RAM 997/1972MB (lfb 1x1MB) SWAP 349/986MB (cached 16MB) CPU [35%@1479,6%@1479,30%@1479,8%@1479] EMC_FREQ 0% GR3D_FREQ 26% PLL@53C CPU@55C PMIC@50C GPU@54.5C AO@66C thermal@54.75C
RAM 1028/1972MB (lfb 1x1MB) SWAP 349/986MB (cached 16MB) CPU [27%@1479,6%@1479,44%@1479,8%@1479] EMC_FREQ 0% GR3D_FREQ 23% PLL@53C CPU@54.5C PMIC@50C GPU@54.5C AO@65.5C thermal@54.75C
RAM 1064/1972MB (lfb 1x1MB) SWAP 349/986MB (cached 16MB) CPU [18%@614,15%@614,36%@614,8%@614] EMC_FREQ 0% GR3D_FREQ 4% PLL@52.5C CPU@54C PMIC@50C GPU@54.5C AO@66C thermal@54.75C
RAM 1116/1972MB (lfb 1x1MB) SWAP 349/986MB (cached 16MB) CPU [22%@1479,8%@1479,27%@1479,20%@1479] EMC_FREQ 0% GR3D_FREQ 8% PLL@52.5C CPU@54.5C PMIC@50C GPU@54.5C AO@66C thermal@55C
RAM 1165/1972MB (lfb 1x1MB) SWAP 349/986MB (cached 16MB) CPU [17%@1479,31%@1479,8%@1479,2%@1479] EMC_FREQ 0% GR3D_FREQ 15% PLL@52.5C CPU@54.5C PMIC@50C GPU@54C AO@66C thermal@55C
RAM 1175/1972MB (lfb 1x1MB) SWAP 349/986MB (cached 16MB) CPU [20%@1479,6%@1479,42%@1479,10%@1479] EMC_FREQ 0% GR3D_FREQ 8% PLL@52.5C CPU@54.5C PMIC@50C GPU@54.5C AO@65.5C thermal@54C
RAM 1219/1972MB (lfb 1x1MB) SWAP 349/986MB (cached 16MB) CPU [23%@1479,6%@1479,24%@1479,29%@1479] EMC_FREQ 0% GR3D_FREQ 0% PLL@52.5C CPU@54C PMIC@50C GPU@54C AO@65.5C thermal@54C
RAM 1265/1972MB (lfb 1x1MB) SWAP 349/986MB (cached 16MB) CPU [41%@1479,4%@1479,40%@1479,6%@1479] EMC_FREQ 0% GR3D_FREQ 27% PLL@52.5C CPU@54.5C PMIC@50C GPU@54.5C AO@66C thermal@54C
RAM 1289/1972MB (lfb 1x1MB) SWAP 349/986MB (cached 16MB) CPU [26%@1326,12%@1326,63%@1428,8%@1428] EMC_FREQ 0% GR3D_FREQ 0% PLL@53C CPU@56C PMIC@50C GPU@54C AO@66C thermal@54C
RAM 1311/1972MB (lfb 2x1MB) SWAP 349/986MB (cached 15MB) CPU [36%@1479,10%@1479,20%@1479,11%@1479] EMC_FREQ 0% GR3D_FREQ 21% PLL@52.5C CPU@56.5C PMIC@50C GPU@54C AO@66C thermal@54.25C
RAM 1325/1972MB (lfb 2x1MB) SWAP 349/986MB (cached 15MB) CPU [26%@403,4%@403,37%@403,13%@403] EMC_FREQ 0% GR3D_FREQ 67% PLL@52.5C CPU@54C PMIC@50C GPU@54C AO@66C thermal@54.25C
RAM 1325/1972MB (lfb 2x1MB) SWAP 349/986MB (cached 15MB) CPU [0%@710,2%@710,28%@710,16%@710] EMC_FREQ 0% GR3D_FREQ 86% PLL@52.5C CPU@54.5C PMIC@50C GPU@54C AO@66C thermal@54.25C
RAM 1325/1972MB (lfb 2x1MB) SWAP 349/986MB (cached 15MB) CPU [4%@921,7%@921,36%@921,25%@921] EMC_FREQ 0% GR3D_FREQ 90% PLL@52.5C CPU@54.5C PMIC@50C GPU@54.5C AO@66C thermal@54.25C
RAM 1325/1972MB (lfb 2x1MB) SWAP 349/986MB (cached 15MB) CPU [6%@1132,2%@1132,43%@1132,23%@1132] EMC_FREQ 0% GR3D_FREQ 51% PLL@52.5C CPU@54C PMIC@50C GPU@54.5C AO@66C thermal@54.25C
RAM 1324/1972MB (lfb 2x1MB) SWAP 349/986MB (cached 15MB) CPU [9%@825,12%@825,41%@825,18%@825] EMC_FREQ 0% GR3D_FREQ 68% PLL@52.5C CPU@54.5C PMIC@50C GPU@54.5C AO@66.5C thermal@54.5C
RAM 1324/1972MB (lfb 2x1MB) SWAP 349/986MB (cached 15MB) CPU [8%@518,6%@518,50%@518,19%@518] EMC_FREQ 0% GR3D_FREQ 36% PLL@53C CPU@55C PMIC@50C GPU@55C AO@66.5C thermal@54.5C
RAM 1324/1972MB (lfb 1x1MB) SWAP 349/986MB (cached 15MB) CPU [8%@307,10%@307,45%@307,8%@307] EMC_FREQ 0% GR3D_FREQ 0% PLL@52.5C CPU@54.5C PMIC@50C GPU@54.5C AO@66C thermal@54.75C
RAM 1320/1972MB (lfb 1x1MB) SWAP 349/986MB (cached 15MB) CPU [34%@1479,2%@1479,0%@1479,12%@1479] EMC_FREQ 0% GR3D_FREQ 4% PLL@52.5C CPU@54.5C PMIC@50C GPU@54.5C AO@65.5C thermal@54.75C
RAM 1364/1972MB (lfb 1x1MB) SWAP 349/986MB (cached 15MB) CPU [29%@1479,8%@1479,0%@1479,22%@1479] EMC_FREQ 0% GR3D_FREQ 0% PLL@52.5C CPU@55.5C PMIC@50C GPU@54.5C AO@65.5C thermal@54.25C
RAM 1374/1972MB (lfb 1x1MB) SWAP 349/986MB (cached 15MB) CPU [35%@1479,6%@1479,47%@1479,4%@1479] EMC_FREQ 0% GR3D_FREQ 0% PLL@52.5C CPU@54C PMIC@50C GPU@54.5C AO@65.5C thermal@54.25C
RAM 1391/1972MB (lfb 1x1MB) SWAP 349/986MB (cached 15MB) CPU [24%@403,12%@403,10%@403,10%@403] EMC_FREQ 0% GR3D_FREQ 2% PLL@52.5C CPU@54C PMIC@50C GPU@54.5C AO@65.5C thermal@54.25C
RAM 1413/1972MB (lfb 1x1MB) SWAP 349/986MB (cached 15MB) CPU [22%@1479,11%@1479,13%@1479,21%@1479] EMC_FREQ 0% GR3D_FREQ 0% PLL@52.5C CPU@54C PMIC@50C GPU@54C AO@65.5C thermal@54.25C
RAM 1448/1972MB (lfb 1x1MB) SWAP 350/986MB (cached 15MB) CPU [28%@1479,10%@1479,18%@1479,14%@1479] EMC_FREQ 0% GR3D_FREQ 0% PLL@52.5C CPU@54C PMIC@50C GPU@54.5C AO@65.5C thermal@54.25C
RAM 1475/1972MB (lfb 1x1MB) SWAP 350/986MB (cached 14MB) CPU [22%@307,2%@307,9%@307,20%@307] EMC_FREQ 0% GR3D_FREQ 0% PLL@53C CPU@54C PMIC@50C GPU@54C AO@65.5C thermal@54.25C
RAM 1512/1972MB (lfb 1x1MB) SWAP 352/986MB (cached 11MB) CPU [28%@921,4%@921,24%@921,24%@921] EMC_FREQ 0% GR3D_FREQ 0% PLL@52.5C CPU@54.5C PMIC@50C GPU@54C AO@65.5C thermal@54.25C
RAM 1557/1972MB (lfb 1x1MB) SWAP 352/986MB (cached 11MB) CPU [40%@921,10%@921,8%@921,10%@921] EMC_FREQ 0% GR3D_FREQ 2% PLL@52.5C CPU@54.5C PMIC@50C GPU@54C AO@65.5C thermal@54C
RAM 1598/1972MB (lfb 1x1MB) SWAP 353/986MB (cached 10MB) CPU [24%@403,34%@403,10%@403,12%@403] EMC_FREQ 0% GR3D_FREQ 0% PLL@52.5C CPU@54C PMIC@50C GPU@54C AO@65C thermal@54C
RAM 1645/1972MB (lfb 1x1MB) SWAP 353/986MB (cached 10MB) CPU [23%@921,14%@921,22%@921,18%@921] EMC_FREQ 0% GR3D_FREQ 96% PLL@52.5C CPU@54.5C PMIC@50C GPU@55C AO@66.5C thermal@54.5C
RAM 1644/1972MB (lfb 1x1MB) SWAP 353/986MB (cached 10MB) CPU [10%@204,8%@204,18%@204,16%@204] EMC_FREQ 0% GR3D_FREQ 99% PLL@52.5C CPU@55C PMIC@50C GPU@55.5C AO@67C thermal@54.5C
RAM 1643/1972MB (lfb 1x1MB) SWAP 353/986MB (cached 10MB) CPU [14%@204,11%@204,24%@204,2%@204] EMC_FREQ 0% GR3D_FREQ 0% PLL@52.5C CPU@54.5C PMIC@50C GPU@55C AO@65.5C thermal@54.5C
RAM 1643/1972MB (lfb 1x1MB) SWAP 353/986MB (cached 10MB) CPU [16%@102,8%@102,24%@102,7%@102] EMC_FREQ 0% GR3D_FREQ 94% PLL@52.5C CPU@55.5C PMIC@50C GPU@55.5C AO@68C thermal@54.5C
RAM 1635/1972MB (lfb 1x1MB) SWAP 353/986MB (cached 9MB) CPU [17%@825,18%@825,26%@825,8%@825] EMC_FREQ 0% GR3D_FREQ 99% PLL@53C CPU@55C PMIC@50C GPU@56C AO@67.5C thermal@54.5C
RAM 1635/1972MB (lfb 1x1MB) SWAP 353/986MB (cached 9MB) CPU [16%@1036,6%@1036,20%@1036,6%@1036] EMC_FREQ 0% GR3D_FREQ 99% PLL@53C CPU@55C PMIC@50C GPU@56C AO@67.5C thermal@55.5C
RAM 1635/1972MB (lfb 1x1MB) SWAP 353/986MB (cached 9MB) CPU [8%@1479,10%@1479,34%@1479,10%@1479] EMC_FREQ 0% GR3D_FREQ 82% PLL@53C CPU@55.5C PMIC@50C GPU@56C AO@67C thermal@55.5C
RAM 1634/1972MB (lfb 1x1MB) SWAP 353/986MB (cached 10MB) CPU [10%@921,6%@921,18%@921,14%@921] EMC_FREQ 0% GR3D_FREQ 55% PLL@53C CPU@55C PMIC@50C GPU@56C AO@68C thermal@55.75C
RAM 1634/1972MB (lfb 1x1MB) SWAP 353/986MB (cached 10MB) CPU [6%@1036,8%@1036,43%@1036,10%@1036] EMC_FREQ 0% GR3D_FREQ 95% PLL@53C CPU@55.5C PMIC@50C GPU@56.5C AO@68C thermal@55.75C
RAM 1634/1972MB (lfb 1x1MB) SWAP 353/986MB (cached 10MB) CPU [15%@204,6%@204,19%@204,12%@204] EMC_FREQ 0% GR3D_FREQ 99% PLL@52.5C CPU@55C PMIC@50C GPU@56C AO@67C thermal@55.5C
RAM 1641/1972MB (lfb 1x1MB) SWAP 353/986MB (cached 10MB) CPU [8%@403,14%@403,30%@403,6%@403] EMC_FREQ 0% GR3D_FREQ 99% PLL@53C CPU@55C PMIC@50C GPU@56C AO@67C thermal@55.5C
RAM 1641/1972MB (lfb 1x1MB) SWAP 353/986MB (cached 10MB) CPU [28%@518,16%@518,17%@518,11%@518] EMC_FREQ 0% GR3D_FREQ 58% PLL@53C CPU@55.5C PMIC@50C GPU@55.5C AO@67.5C thermal@56C
RAM 1641/1972MB (lfb 1x1MB) SWAP 353/986MB (cached 10MB) CPU [26%@825,14%@825,6%@825,28%@825] EMC_FREQ 0% GR3D_FREQ 91% PLL@53C CPU@56C PMIC@50C GPU@56C AO@68C thermal@56C
RAM 1641/1972MB (lfb 1x1MB) SWAP 353/986MB (cached 10MB) CPU [20%@102,12%@102,8%@102,14%@204] EMC_FREQ 0% GR3D_FREQ 99% PLL@52.5C CPU@55C PMIC@50C GPU@56C AO@67C thermal@56C
RAM 1641/1972MB (lfb 1x1MB) SWAP 353/986MB (cached 10MB) CPU [38%@1479,24%@1479,18%@1479,14%@1479] EMC_FREQ 0% GR3D_FREQ 30% PLL@53C CPU@55.5C PMIC@50C GPU@56C AO@66.5C thermal@56C
RAM 1641/1972MB (lfb 1x1MB) SWAP 353/986MB (cached 10MB) CPU [40%@1224,29%@1224,24%@1224,30%@1224] EMC_FREQ 0% GR3D_FREQ 19% PLL@53C CPU@55.5C PMIC@50C GPU@56C AO@67C thermal@56C
RAM 1642/1972MB (lfb 1x1MB) SWAP 353/986MB (cached 10MB) CPU [10%@1479,8%@1479,6%@1479,20%@1479] EMC_FREQ 0% GR3D_FREQ 0% PLL@52.5C CPU@55.5C PMIC@50C GPU@56.5C AO@66.5C thermal@55.5C
RAM 1642/1972MB (lfb 1x1MB) SWAP 353/986MB (cached 10MB) CPU [36%@1036,17%@1036,14%@1036,23%@1036] EMC_FREQ 0% GR3D_FREQ 61% PLL@53C CPU@56C PMIC@50C GPU@56.5C AO@67.5C thermal@55.5C
RAM 1642/1972MB (lfb 1x1MB) SWAP 353/986MB (cached 10MB) CPU [28%@1132,8%@1132,6%@1132,12%@1479] EMC_FREQ 0% GR3D_FREQ 29% PLL@53C CPU@55.5C PMIC@50C GPU@55.5C AO@67.5C thermal@55.75C
RAM 1675/1972MB (lfb 1x1MB) SWAP 354/986MB (cached 9MB) CPU [28%@1326,34%@1326,6%@1326,14%@1326] EMC_FREQ 0% GR3D_FREQ 34% PLL@53C CPU@55.5C PMIC@50C GPU@55.5C AO@67.5C thermal@55.75C
RAM 1675/1972MB (lfb 1x1MB) SWAP 354/986MB (cached 9MB) CPU [10%@403,18%@403,6%@403,30%@403] EMC_FREQ 0% GR3D_FREQ 32% PLL@53C CPU@56C PMIC@50C GPU@56.5C AO@67.5C thermal@55.75C
RAM 1681/1972MB (lfb 1x1MB) SWAP 354/986MB (cached 9MB) CPU [44%@1479,14%@1479,8%@1479,10%@1479] EMC_FREQ 0% GR3D_FREQ 0% PLL@52.5C CPU@56C PMIC@50C GPU@55.5C AO@67C thermal@55.75C
RAM 1681/1972MB (lfb 1x1MB) SWAP 354/986MB (cached 9MB) CPU [28%@1428,6%@1428,10%@1428,27%@1428] EMC_FREQ 0% GR3D_FREQ 27% PLL@53C CPU@55.5C PMIC@50C GPU@56C AO@67C thermal@55.75C
RAM 1729/1972MB (lfb 1x1MB) SWAP 354/986MB (cached 9MB) CPU [48%@1479,18%@1479,14%@1479,44%@1479] EMC_FREQ 0% GR3D_FREQ 0% PLL@53.5C CPU@56.5C PMIC@50C GPU@56C AO@66.5C thermal@56C
RAM 1728/1972MB (lfb 1x1MB) SWAP 354/986MB (cached 9MB) CPU [14%@1479,12%@1479,2%@1479,27%@1479] EMC_FREQ 0% GR3D_FREQ 59% PLL@53.5C CPU@56C PMIC@50C GPU@56.5C AO@67.5C thermal@56C
RAM 1738/1972MB (lfb 1x1MB) SWAP 354/986MB (cached 9MB) CPU [34%@1479,10%@1479,4%@1479,24%@1479] EMC_FREQ 0% GR3D_FREQ 0% PLL@53.5C CPU@55C PMIC@50C GPU@56C AO@66C thermal@56.25C
RAM 1738/1972MB (lfb 1x1MB) SWAP 354/986MB (cached 9MB) CPU [14%@1479,9%@1479,16%@1479,16%@1479] EMC_FREQ 0% GR3D_FREQ 37% PLL@53C CPU@56C PMIC@50C GPU@56C AO@67.5C thermal@56.25C
RAM 1796/1972MB (lfb 1x1MB) SWAP 355/986MB (cached 9MB) CPU [30%@518,16%@518,14%@518,42%@518] EMC_FREQ 0% GR3D_FREQ 99% PLL@53.5C CPU@55C PMIC@50C GPU@56C AO@67.5C thermal@56C
RAM 1798/1972MB (lfb 1x1MB) SWAP 355/986MB (cached 9MB) CPU [35%@1479,7%@1479,16%@1479,16%@1479] EMC_FREQ 0% GR3D_FREQ 74% PLL@53C CPU@56.5C PMIC@50C GPU@56C AO@68C thermal@56C
RAM 1798/1972MB (lfb 1x1MB) SWAP 355/986MB (cached 9MB) CPU [26%@403,16%@403,14%@403,18%@403] EMC_FREQ 0% GR3D_FREQ 56% PLL@53.5C CPU@55.5C PMIC@50C GPU@56C AO@68C thermal@56C
RAM 1800/1972MB (lfb 1x1MB) SWAP 355/986MB (cached 9MB) CPU [37%@307,4%@307,2%@307,11%@307] EMC_FREQ 0% GR3D_FREQ 91% PLL@53C CPU@55C PMIC@50C GPU@56C AO@67C thermal@56C
RAM 1800/1972MB (lfb 1x1MB) SWAP 355/986MB (cached 9MB) CPU [32%@1479,12%@1479,15%@1479,52%@1479] EMC_FREQ 0% GR3D_FREQ 38% PLL@53C CPU@55C PMIC@50C GPU@56C AO@67C thermal@55.75C
RAM 1801/1972MB (lfb 1x1MB) SWAP 355/986MB (cached 9MB) CPU [4%@1479,31%@1479,12%@1479,22%@1479] EMC_FREQ 0% GR3D_FREQ 39% PLL@53C CPU@55.5C PMIC@50C GPU@56C AO@68C thermal@55.75C
RAM 1800/1972MB (lfb 1x1MB) SWAP 355/986MB (cached 9MB) CPU [26%@921,28%@921,12%@921,14%@921] EMC_FREQ 0% GR3D_FREQ 68% PLL@53.5C CPU@56C PMIC@50C GPU@56.5C AO@68C thermal@55.75C
RAM 1801/1972MB (lfb 1x1MB) SWAP 355/986MB (cached 9MB) CPU [12%@1479,12%@1479,36%@1479,6%@1479] EMC_FREQ 0% GR3D_FREQ 23% PLL@53C CPU@55.5C PMIC@50C GPU@56C AO@67C thermal@56.25C
RAM 1801/1972MB (lfb 1x1MB) SWAP 355/986MB (cached 9MB) CPU [29%@1479,19%@1479,12%@1479,15%@1479] EMC_FREQ 0% GR3D_FREQ 53% PLL@53.5C CPU@56C PMIC@50C GPU@56.5C AO@68C thermal@56.25C
RAM 1801/1972MB (lfb 1x1MB) SWAP 355/986MB (cached 9MB) CPU [14%@1479,22%@1479,19%@1479,30%@1479] EMC_FREQ 0% GR3D_FREQ 49% PLL@53.5C CPU@56C PMIC@50C GPU@56C AO@67.5C thermal@56.25C
RAM 1800/1972MB (lfb 1x1MB) SWAP 355/986MB (cached 9MB) CPU [22%@1428,12%@1428,16%@1428,25%@1428] EMC_FREQ 0% GR3D_FREQ 36% PLL@53.5C CPU@56C PMIC@50C GPU@56C AO@67.5C thermal@56.25C
RAM 1789/1972MB (lfb 1x1MB) SWAP 355/986MB (cached 9MB) CPU [22%@1479,38%@1479,18%@1479,24%@1479] EMC_FREQ 0% GR3D_FREQ 16% PLL@53.5C CPU@56C PMIC@50C GPU@56C AO@66.5C thermal@56C
RAM 1771/1972MB (lfb 1x1MB) SWAP 355/986MB (cached 9MB) CPU [16%@825,18%@825,20%@921,30%@921] EMC_FREQ 0% GR3D_FREQ 22% PLL@53.5C CPU@55.5C PMIC@50C GPU@56C AO@67C thermal@56C
RAM 1773/1972MB (lfb 1x1MB) SWAP 355/986MB (cached 9MB) CPU [17%@1479,39%@1479,42%@1479,23%@1479] EMC_FREQ 0% GR3D_FREQ 0% PLL@53C CPU@55C PMIC@50C GPU@55.5C AO@66.5C thermal@55.75C
RAM 1773/1972MB (lfb 1x1MB) SWAP 355/986MB (cached 9MB) CPU [21%@1479,41%@1479,29%@1479,24%@1479] EMC_FREQ 0% GR3D_FREQ 30% PLL@53C CPU@55C PMIC@50C GPU@56C AO@66.5C thermal@55.75C
RAM 1773/1972MB (lfb 1x1MB) SWAP 355/986MB (cached 9MB) CPU [12%@1479,36%@1479,40%@1479,29%@1479] EMC_FREQ 0% GR3D_FREQ 10% PLL@53.5C CPU@55.5C PMIC@50C GPU@56C AO@67C thermal@55.75C
RAM 1773/1972MB (lfb 1x1MB) SWAP 355/986MB (cached 9MB) CPU [13%@204,45%@307,19%@307,30%@307] EMC_FREQ 0% GR3D_FREQ 0% PLL@53C CPU@55C PMIC@50C GPU@56C AO@66.5C thermal@55.75C
RAM 1758/1972MB (lfb 1x1MB) SWAP 355/986MB (cached 9MB) CPU [6%@1479,4%@1479,54%@1479,0%@1479] EMC_FREQ 0% GR3D_FREQ 0% PLL@53.5C CPU@55C PMIC@50C GPU@55.5C AO@66C thermal@55.75C
RAM 1749/1972MB (lfb 1x1MB) SWAP 355/986MB (cached 9MB) CPU [46%@1479,9%@1479,38%@1479,3%@1479] EMC_FREQ 0% GR3D_FREQ 0% PLL@53C CPU@56.5C PMIC@50C GPU@55.5C AO@66C thermal@55C
RAM 1740/1972MB (lfb 1x1MB) SWAP 355/986MB (cached 9MB) CPU [34%@1479,2%@1479,0%@1479,41%@1479] EMC_FREQ 0% GR3D_FREQ 0% PLL@53.5C CPU@54C PMIC@50C GPU@55.5C AO@66.5C thermal@55C
RAM 1740/1972MB (lfb 1x1MB) SWAP 355/986MB (cached 9MB) CPU [8%@1479,0%@1479,0%@1479,90%@1479] EMC_FREQ 0% GR3D_FREQ 0% PLL@53C CPU@55C PMIC@50C GPU@55.5C AO@66C thermal@55C
RAM 1742/1972MB (lfb 1x1MB) SWAP 353/986MB (cached 9MB) CPU [23%@1479,84%@1479,4%@1479,2%@1479] EMC_FREQ 0% GR3D_FREQ 0% PLL@53.5C CPU@55C PMIC@50C GPU@55.5C AO@66C thermal@55C
RAM 1735/1972MB (lfb 1x1MB) SWAP 352/986MB (cached 10MB) CPU [10%@1479,98%@1479,10%@1479,12%@1479] EMC_FREQ 0% GR3D_FREQ 0% PLL@53C CPU@55C PMIC@50C GPU@55.5C AO@66C thermal@55.25C
RAM 1735/1972MB (lfb 1x1MB) SWAP 352/986MB (cached 10MB) CPU [0%@1479,100%@1479,1%@1479,0%@1479] EMC_FREQ 0% GR3D_FREQ 0% PLL@53.5C CPU@54.5C PMIC@50C GPU@55.5C AO@66C thermal@55.25C
RAM 1736/1972MB (lfb 1x1MB) SWAP 351/986MB (cached 11MB) CPU [6%@1479,98%@1479,4%@1479,4%@1479] EMC_FREQ 0% GR3D_FREQ 0% PLL@53.5C CPU@55C PMIC@50C GPU@55C AO@66C thermal@55.25C
RAM 1737/1972MB (lfb 1x1MB) SWAP 351/986MB (cached 11MB) CPU [4%@1479,100%@1479,7%@1479,2%@1479] EMC_FREQ 0% GR3D_FREQ 0% PLL@53C CPU@55C PMIC@50C GPU@55.5C AO@66C thermal@55.25C
RAM 1726/1972MB (lfb 1x1MB) SWAP 351/986MB (cached 11MB) CPU [0%@1479,100%@1479,4%@1479,1%@1479] EMC_FREQ 0% GR3D_FREQ 0% PLL@53C CPU@55C PMIC@50C GPU@55.5C AO@66C thermal@55.25C
RAM 1726/1972MB (lfb 1x1MB) SWAP 351/986MB (cached 11MB) CPU [30%@1479,72%@1479,2%@1479,9%@1479] EMC_FREQ 0% GR3D_FREQ 0% PLL@53C CPU@55C PMIC@50C GPU@55.5C AO@66C thermal@55.25C
RAM 1726/1972MB (lfb 1x1MB) SWAP 350/986MB (cached 11MB) CPU [12%@1479,100%@1479,20%@1479,16%@1479] EMC_FREQ 0% GR3D_FREQ 7% PLL@53.5C CPU@55.5C PMIC@50C GPU@55.5C AO@66.5C thermal@55.25C
RAM 1726/1972MB (lfb 1x1MB) SWAP 350/986MB (cached 11MB) CPU [84%@1479,18%@1479,0%@1479,0%@1479] EMC_FREQ 0% GR3D_FREQ 0% PLL@53C CPU@56C PMIC@50C GPU@55C AO@66.5C thermal@56.25C
RAM 1726/1972MB (lfb 1x1MB) SWAP 350/986MB (cached 11MB) CPU [78%@1479,30%@1479,10%@1479,4%@1479] EMC_FREQ 0% GR3D_FREQ 0% PLL@53.5C CPU@55C PMIC@50C GPU@55.5C AO@66C thermal@56.25C
RAM 1726/1972MB (lfb 1x1MB) SWAP 350/986MB (cached 11MB) CPU [4%@1479,4%@1479,2%@1479,97%@1479] EMC_FREQ 0% GR3D_FREQ 0% PLL@53.5C CPU@54.5C PMIC@50C GPU@55C AO@66C thermal@54.75C
RAM 1726/1972MB (lfb 1x1MB) SWAP 350/986MB (cached 11MB) CPU [2%@1479,32%@1479,28%@1479,47%@1479] EMC_FREQ 0% GR3D_FREQ 0% PLL@53.5C CPU@55C PMIC@50C GPU@55C AO@66C thermal@54.75C
RAM 1726/1972MB (lfb 1x1MB) SWAP 350/986MB (cached 11MB) CPU [2%@1479,7%@1479,100%@1479,2%@1479] EMC_FREQ 0% GR3D_FREQ 0% PLL@53.5C CPU@54.5C PMIC@50C GPU@55C AO@66C thermal@54.75C
RAM 1726/1972MB (lfb 1x1MB) SWAP 350/986MB (cached 11MB) CPU [56%@1479,2%@1479,48%@1479,2%@1479] EMC_FREQ 0% GR3D_FREQ 0% PLL@53C CPU@56.5C PMIC@50C GPU@55C AO@66C thermal@54.75C
RAM 1726/1972MB (lfb 1x1MB) SWAP 350/986MB (cached 11MB) CPU [77%@1479,23%@1479,2%@1479,0%@1479] EMC_FREQ 0% GR3D_FREQ 0% PLL@53C CPU@55C PMIC@50C GPU@54.5C AO@66C thermal@54.75C
RAM 1726/1972MB (lfb 1x1MB) SWAP 350/986MB (cached 11MB) CPU [10%@1479,88%@1479,6%@1479,10%@1479] EMC_FREQ 0% GR3D_FREQ 13% PLL@53.5C CPU@55C PMIC@50C GPU@55C AO@66.5C thermal@55C
RAM 1726/1972MB (lfb 1x1MB) SWAP 350/986MB (cached 11MB) CPU [0%@1479,70%@1479,30%@1479,1%@1479] EMC_FREQ 0% GR3D_FREQ 0% PLL@53C CPU@55C PMIC@50C GPU@55C AO@66C thermal@55C
RAM 1726/1972MB (lfb 1x1MB) SWAP 350/986MB (cached 11MB) CPU [2%@1479,100%@1479,0%@1479,2%@1479] EMC_FREQ 0% GR3D_FREQ 0% PLL@53C CPU@54.5C PMIC@50C GPU@54.5C AO@66.5C thermal@55C
RAM 1726/1972MB (lfb 1x1MB) SWAP 350/986MB (cached 11MB) CPU [3%@1479,70%@1479,30%@1479,0%@1479] EMC_FREQ 0% GR3D_FREQ 0% PLL@53C CPU@55C PMIC@50C GPU@54.5C AO@66C thermal@55C
RAM 1726/1972MB (lfb 1x1MB) SWAP 350/986MB (cached 11MB) CPU [2%@1479,100%@1479,0%@1479,0%@1479] EMC_FREQ 0% GR3D_FREQ 0% PLL@53C CPU@55.5C PMIC@50C GPU@54.5C AO@66C thermal@55C
RAM 1726/1972MB (lfb 1x1MB) SWAP 350/986MB (cached 11MB) CPU [96%@1479,2%@1479,0%@1479,0%@1479] EMC_FREQ 0% GR3D_FREQ 0% PLL@53C CPU@56C PMIC@50C GPU@55C AO@66C thermal@55C
RAM 1726/1972MB (lfb 1x1MB) SWAP 350/986MB (cached 11MB) CPU [100%@1479,0%@1479,2%@1479,1%@1479] EMC_FREQ 0% GR3D_FREQ 0% PLL@53C CPU@56.5C PMIC@50C GPU@55C AO@66.5C thermal@56C
RAM 1715/1972MB (lfb 1x1MB) SWAP 350/986MB (cached 11MB) CPU [100%@1479,10%@1479,6%@1479,14%@1479] EMC_FREQ 0% GR3D_FREQ 10% PLL@53C CPU@56C PMIC@50C GPU@54.5C AO@66.5C thermal@56C
RAM 1697/1972MB (lfb 1x1MB) SWAP 349/986MB (cached 11MB) CPU [68%@1479,50%@1479,12%@1479,29%@1479] EMC_FREQ 0% GR3D_FREQ 10% PLL@53.5C CPU@56C PMIC@50C GPU@55C AO@66C thermal@56C
RAM 1692/1972MB (lfb 1x1MB) SWAP 347/986MB (cached 13MB) CPU [57%@1479,58%@1479,51%@1479,20%@1479] EMC_FREQ 0% GR3D_FREQ 0% PLL@53C CPU@57C PMIC@50C GPU@55C AO@66.5C thermal@55.25C
RAM 1694/1972MB (lfb 1x1MB) SWAP 345/986MB (cached 14MB) CPU [66%@1479,31%@1479,32%@1479,70%@1479] EMC_FREQ 0% GR3D_FREQ 0% PLL@53.5C CPU@55C PMIC@50C GPU@55C AO@66.5C thermal@55.25C
RAM 1687/1972MB (lfb 1x1MB) SWAP 340/986MB (cached 16MB) CPU [39%@1479,50%@1479,47%@1479,100%@1479] EMC_FREQ 0% GR3D_FREQ 17% PLL@54C CPU@56C PMIC@50C GPU@55C AO@66.5C thermal@55.25C
RAM 1692/1972MB (lfb 1x1MB) SWAP 338/986MB (cached 18MB) CPU [36%@1479,38%@1479,55%@1479,98%@1479] EMC_FREQ 0% GR3D_FREQ 0% PLL@54C CPU@55C PMIC@50C GPU@55C AO@66C thermal@55.25C
RAM 1687/1972MB (lfb 1x1MB) SWAP 343/986MB (cached 18MB) CPU [18%@1479,32%@1479,8%@1479,100%@1479] EMC_FREQ 0% GR3D_FREQ 0% PLL@54C CPU@55.5C PMIC@50C GPU@55C AO@66C thermal@55C
RAM 1716/1972MB (lfb 1x1MB) SWAP 351/986MB (cached 18MB) CPU [44%@1479,54%@1479,44%@1479,100%@1479] EMC_FREQ 0% GR3D_FREQ 33% PLL@54.5C CPU@56C PMIC@50C GPU@55.5C AO@67C thermal@55C
RAM 1725/1972MB (lfb 1x1MB) SWAP 358/986MB (cached 18MB) CPU [40%@1479,56%@1479,73%@1479,100%@1479] EMC_FREQ 0% GR3D_FREQ 63% PLL@54.5C CPU@55.5C PMIC@50C GPU@55.5C AO@66.5C thermal@55.25C
RAM 1725/1972MB (lfb 1x1MB) SWAP 358/986MB (cached 18MB) CPU [30%@1479,59%@1479,43%@1479,100%@1479] EMC_FREQ 0% GR3D_FREQ 71% PLL@54C CPU@56.5C PMIC@50C GPU@55.5C AO@66.5C thermal@55.25C
RAM 1725/1972MB (lfb 1x1MB) SWAP 358/986MB (cached 18MB) CPU [81%@1479,14%@1479,20%@1479,28%@1479] EMC_FREQ 0% GR3D_FREQ 0% PLL@53C CPU@56.5C PMIC@50C GPU@55C AO@66.5C thermal@55.25C
RAM 1725/1972MB (lfb 1x1MB) SWAP 358/986MB (cached 18MB) CPU [94%@1479,26%@1479,30%@1479,22%@1479] EMC_FREQ 0% GR3D_FREQ 78% PLL@54C CPU@56C PMIC@50C GPU@55C AO@67C thermal@55.75C
RAM 1725/1972MB (lfb 1x1MB) SWAP 358/986MB (cached 18MB) CPU [31%@1479,90%@1479,19%@1479,28%@1479] EMC_FREQ 0% GR3D_FREQ 50% PLL@53C CPU@56C PMIC@50C GPU@55C AO@66.5C thermal@55.75C
RAM 1725/1972MB (lfb 1x1MB) SWAP 358/986MB (cached 18MB) CPU [23%@1479,100%@1479,16%@1479,12%@1479] EMC_FREQ 0% GR3D_FREQ 58% PLL@53.5C CPU@55.5C PMIC@50C GPU@55C AO@66.5C thermal@55.25C
RAM 1726/1972MB (lfb 1x1MB) SWAP 358/986MB (cached 18MB) CPU [28%@1479,100%@1479,10%@1479,10%@1479] EMC_FREQ 0% GR3D_FREQ 0% PLL@53.5C CPU@55C PMIC@50C GPU@55.5C AO@67C thermal@55.25C
RAM 1726/1972MB (lfb 1x1MB) SWAP 358/986MB (cached 18MB) CPU [52%@1479,58%@1479,19%@1479,14%@1479] EMC_FREQ 0% GR3D_FREQ 67% PLL@53.5C CPU@57C PMIC@50C GPU@55.5C AO@67C thermal@55.75C
RAM 1726/1972MB (lfb 1x1MB) SWAP 358/986MB (cached 18MB) CPU [100%@1479,10%@1479,10%@1479,10%@1479] EMC_FREQ 0% GR3D_FREQ 51% PLL@53C CPU@57C PMIC@50C GPU@55C AO@66.5C thermal@55.75C
RAM 1726/1972MB (lfb 1x1MB) SWAP 358/986MB (cached 18MB) CPU [52%@1479,45%@1479,14%@1479,48%@1479] EMC_FREQ 0% GR3D_FREQ 84% PLL@54C CPU@55.5C PMIC@50C GPU@55C AO@66.5C thermal@55.5C
RAM 1726/1972MB (lfb 1x1MB) SWAP 358/986MB (cached 18MB) CPU [17%@1479,12%@1479,10%@1479,98%@1479] EMC_FREQ 0% GR3D_FREQ 0% PLL@53.5C CPU@55C PMIC@50C GPU@55.5C AO@66C thermal@55.5C
RAM 1726/1972MB (lfb 1x1MB) SWAP 358/986MB (cached 18MB) CPU [20%@1479,90%@1479,10%@1479,16%@1479] EMC_FREQ 0% GR3D_FREQ 76% PLL@53.5C CPU@55.5C PMIC@50C GPU@55C AO@66.5C thermal@55.5C
RAM 1726/1972MB (lfb 1x1MB) SWAP 358/986MB (cached 18MB) CPU [17%@1479,75%@1479,16%@1479,36%@1479] EMC_FREQ 0% GR3D_FREQ 51% PLL@54C CPU@55C PMIC@50C GPU@54.5C AO@67C thermal@55.25C
RAM 1726/1972MB (lfb 1x1MB) SWAP 358/986MB (cached 18MB) CPU [10%@1479,10%@1479,14%@1479,100%@1479] EMC_FREQ 0% GR3D_FREQ 72% PLL@54C CPU@55C PMIC@50C GPU@55C AO@66.5C thermal@55.25C
RAM 1726/1972MB (lfb 1x1MB) SWAP 358/986MB (cached 18MB) CPU [51%@1479,42%@1479,36%@1479,98%@1479] EMC_FREQ 0% GR3D_FREQ 48% PLL@54.5C CPU@56.5C PMIC@50C GPU@55.5C AO@67C thermal@55.75C
RAM 1726/1972MB (lfb 1x1MB) SWAP 358/986MB (cached 18MB) CPU [36%@1479,38%@1479,46%@1479,100%@1479] EMC_FREQ 0% GR3D_FREQ 57% PLL@54.5C CPU@56C PMIC@50C GPU@55C AO@67C thermal@55.75C
RAM 1728/1972MB (lfb 1x1MB) SWAP 358/986MB (cached 18MB) CPU [38%@1479,32%@1479,44%@1479,100%@1479] EMC_FREQ 0% GR3D_FREQ 51% PLL@54C CPU@55.5C PMIC@50C GPU@55.5C AO@66.5C thermal@55.5C
RAM 1728/1972MB (lfb 1x1MB) SWAP 358/986MB (cached 18MB) CPU [12%@1479,44%@1479,16%@1479,69%@1479] EMC_FREQ 0% GR3D_FREQ 54% PLL@53.5C CPU@55.5C PMIC@50C GPU@55.5C AO@67C thermal@55.5C
RAM 1728/1972MB (lfb 1x1MB) SWAP 358/986MB (cached 18MB) CPU [10%@1479,100%@1479,14%@1479,22%@1479] EMC_FREQ 0% GR3D_FREQ 0% PLL@53.5C CPU@55C PMIC@50C GPU@55C AO@66.5C thermal@55C
RAM 1728/1972MB (lfb 1x1MB) SWAP 358/986MB (cached 18MB) CPU [23%@1479,46%@1479,71%@1479,16%@1479] EMC_FREQ 0% GR3D_FREQ 0% PLL@54C CPU@55C PMIC@50C GPU@55.5C AO@66.5C thermal@55C
RAM 1728/1972MB (lfb 1x1MB) SWAP 358/986MB (cached 18MB) CPU [6%@1479,2%@1479,100%@1479,4%@1479] EMC_FREQ 0% GR3D_FREQ 55% PLL@53.5C CPU@55.5C PMIC@50C GPU@55.5C AO@66.5C thermal@55C
RAM 1728/1972MB (lfb 1x1MB) SWAP 358/986MB (cached 18MB) CPU [13%@1479,10%@1479,100%@1479,18%@1479] EMC_FREQ 0% GR3D_FREQ 0% PLL@53.5C CPU@55C PMIC@50C GPU@55.5C AO@66.5C thermal@55.5C
RAM 1728/1972MB (lfb 1x1MB) SWAP 358/986MB (cached 18MB) CPU [2%@1479,2%@1479,100%@1479,0%@1479] EMC_FREQ 0% GR3D_FREQ 0% PLL@53.5C CPU@55C PMIC@50C GPU@55C AO@66.5C thermal@55.5C
RAM 1713/1972MB (lfb 1x1MB) SWAP 358/986MB (cached 18MB) CPU [26%@1479,94%@1479,24%@1479,22%@1479] EMC_FREQ 0% GR3D_FREQ 0% PLL@53.5C CPU@55.5C PMIC@50C GPU@55C AO@67C thermal@55C
RAM 1674/1972MB (lfb 1x1MB) SWAP 356/986MB (cached 20MB) CPU [23%@1479,63%@1479,58%@1479,18%@1479] EMC_FREQ 0% GR3D_FREQ 0% PLL@53.5C CPU@55C PMIC@50C GPU@55.5C AO@66.5C thermal@55C
RAM 1674/1972MB (lfb 1x1MB) SWAP 356/986MB (cached 20MB) CPU [3%@1479,0%@1479,100%@1479,0%@1479] EMC_FREQ 0% GR3D_FREQ 0% PLL@53C CPU@54.5C PMIC@50C GPU@55C AO@66.5C thermal@54.75C
RAM 1674/1972MB (lfb 1x1MB) SWAP 356/986MB (cached 20MB) CPU [2%@1479,79%@1479,24%@1479,0%@1479] EMC_FREQ 0% GR3D_FREQ 0% PLL@53.5C CPU@55C PMIC@50C GPU@55C AO@66.5C thermal@54.75C
RAM 1674/1972MB (lfb 1x1MB) SWAP 356/986MB (cached 20MB) CPU [2%@1479,100%@1479,0%@1479,1%@1479] EMC_FREQ 0% GR3D_FREQ 0% PLL@53C CPU@55C PMIC@50C GPU@55C AO@66.5C thermal@55C
RAM 1674/1972MB (lfb 1x1MB) SWAP 356/986MB (cached 20MB) CPU [2%@1479,100%@1479,2%@1479,8%@1479] EMC_FREQ 0% GR3D_FREQ 3% PLL@53.5C CPU@55C PMIC@50C GPU@55C AO@67C thermal@55C
RAM 1674/1972MB (lfb 1x1MB) SWAP 356/986MB (cached 20MB) CPU [19%@1479,84%@1479,0%@1479,0%@1479] EMC_FREQ 0% GR3D_FREQ 10% PLL@53.5C CPU@57C PMIC@50C GPU@55C AO@67C thermal@56C
RAM 1675/1972MB (lfb 1x1MB) SWAP 356/986MB (cached 20MB) CPU [100%@1479,4%@1479,3%@1479,2%@1479] EMC_FREQ 0% GR3D_FREQ 0% PLL@53.5C CPU@56.5C PMIC@50C GPU@55C AO@66.5C thermal@56C
RAM 1673/1972MB (lfb 1x1MB) SWAP 356/986MB (cached 20MB) CPU [44%@1479,67%@1479,11%@1479,19%@1479] EMC_FREQ 0% GR3D_FREQ 0% PLL@53.5C CPU@55.5C PMIC@50C GPU@55C AO@66.5C thermal@56C
RAM 1673/1972MB (lfb 1x1MB) SWAP 356/986MB (cached 20MB) CPU [4%@1479,4%@1479,4%@1479,100%@1479] EMC_FREQ 0% GR3D_FREQ 0% PLL@53.5C CPU@54.5C PMIC@50C GPU@55C AO@66.5C thermal@54.75C
RAM 1674/1972MB (lfb 1x1MB) SWAP 356/986MB (cached 20MB) CPU [4%@1479,30%@1479,8%@1479,74%@1479] EMC_FREQ 0% GR3D_FREQ 28% PLL@54C CPU@55C PMIC@50C GPU@55C AO@66.5C thermal@54.75C
RAM 1685/1972MB (lfb 1x1MB) SWAP 357/986MB (cached 20MB) CPU [24%@1479,30%@1479,27%@1479,100%@1479] EMC_FREQ 0% GR3D_FREQ 0% PLL@54C CPU@56.5C PMIC@50C GPU@55C AO@67C thermal@55C
RAM 1685/1972MB (lfb 1x1MB) SWAP 360/986MB (cached 20MB) CPU [50%@1479,80%@1479,15%@1479,68%@1479] EMC_FREQ 0% GR3D_FREQ 0% PLL@53.5C CPU@55.5C PMIC@50C GPU@55C AO@66.5C thermal@55C
RAM 1692/1972MB (lfb 1x1MB) SWAP 360/986MB (cached 20MB) CPU [80%@1479,96%@1479,34%@1479,37%@1479] EMC_FREQ 0% GR3D_FREQ 13% PLL@54.5C CPU@57C PMIC@50C GPU@55C AO@67C thermal@55.75C
RAM 1696/1972MB (lfb 1x1MB) SWAP 380/986MB (cached 20MB) CPU [100%@1479,51%@1479,72%@1479,46%@1479] EMC_FREQ 0% GR3D_FREQ 35% PLL@54.5C CPU@57C PMIC@50C GPU@55.5C AO@67C thermal@55.75C
RAM 1707/1972MB (lfb 1x1MB) SWAP 396/986MB (cached 20MB) CPU [98%@1479,56%@1479,82%@1479,61%@1479] EMC_FREQ 0% GR3D_FREQ 51% PLL@54.5C CPU@57.5C PMIC@50C GPU@55.5C AO@67C thermal@56.75C
RAM 1709/1972MB (lfb 1x1MB) SWAP 396/986MB (cached 20MB) CPU [100%@1479,34%@1479,45%@1479,85%@1479] EMC_FREQ 0% GR3D_FREQ 34% PLL@54.5C CPU@57.5C PMIC@50C GPU@55.5C AO@67C thermal@56.75C
RAM 1709/1972MB (lfb 1x1MB) SWAP 396/986MB (cached 20MB) CPU [100%@1479,30%@1479,30%@1479,67%@1479] EMC_FREQ 0% GR3D_FREQ 49% PLL@54C CPU@58C PMIC@50C GPU@55.5C AO@67C thermal@56.75C
RAM 1709/1972MB (lfb 1x1MB) SWAP 396/986MB (cached 20MB) CPU [100%@1479,43%@1479,38%@1479,82%@1479] EMC_FREQ 0% GR3D_FREQ 35% PLL@54.5C CPU@57C PMIC@50C GPU@55.5C AO@67C thermal@56.75C
RAM 1709/1972MB (lfb 1x1MB) SWAP 396/986MB (cached 20MB) CPU [98%@1479,70%@1479,41%@1479,34%@1479] EMC_FREQ 0% GR3D_FREQ 48% PLL@54.5C CPU@57.5C PMIC@50C GPU@55.5C AO@67.5C thermal@56.75C
RAM 1709/1972MB (lfb 1x1MB) SWAP 396/986MB (cached 20MB) CPU [100%@1479,50%@1479,38%@1479,46%@1479] EMC_FREQ 0% GR3D_FREQ 34% PLL@54C CPU@58C PMIC@50C GPU@55.5C AO@67C thermal@56C
RAM 1710/1972MB (lfb 1x1MB) SWAP 396/986MB (cached 20MB) CPU [64%@1479,92%@1479,38%@1479,40%@1479] EMC_FREQ 0% GR3D_FREQ 43% PLL@54.5C CPU@57.5C PMIC@50C GPU@55.5C AO@67C thermal@56C
RAM 1710/1972MB (lfb 1x1MB) SWAP 396/986MB (cached 20MB) CPU [66%@1479,84%@1479,48%@1479,32%@1479] EMC_FREQ 0% GR3D_FREQ 42% PLL@54.5C CPU@57C PMIC@50C GPU@55.5C AO@67C thermal@56.25C
RAM 1710/1972MB (lfb 1x1MB) SWAP 396/986MB (cached 20MB) CPU [51%@1479,54%@1479,100%@1479,43%@1479] EMC_FREQ 0% GR3D_FREQ 36% PLL@54.5C CPU@56C PMIC@50C GPU@56C AO@67C thermal@56.25C
RAM 1710/1972MB (lfb 1x1MB) SWAP 396/986MB (cached 20MB) CPU [50%@1479,40%@1479,100%@1479,56%@1479] EMC_FREQ 0% GR3D_FREQ 34% PLL@54.5C CPU@56C PMIC@50C GPU@55.5C AO@66.5C thermal@56C
RAM 1710/1972MB (lfb 1x1MB) SWAP 396/986MB (cached 20MB) CPU [38%@1479,25%@1479,100%@1479,53%@1479] EMC_FREQ 0% GR3D_FREQ 0% PLL@54C CPU@55.5C PMIC@50C GPU@55.5C AO@67C thermal@56C
RAM 1710/1972MB (lfb 1x1MB) SWAP 396/986MB (cached 20MB) CPU [29%@1479,13%@1479,98%@1479,20%@1479] EMC_FREQ 0% GR3D_FREQ 0% PLL@54C CPU@55.5C PMIC@50C GPU@55.5C AO@67C thermal@56C
RAM 1710/1972MB (lfb 1x1MB) SWAP 396/986MB (cached 20MB) CPU [2%@1479,0%@1479,95%@1479,6%@1479] EMC_FREQ 0% GR3D_FREQ 0% PLL@54C CPU@55C PMIC@50C GPU@55C AO@66.5C thermal@55.75C
RAM 1703/1972MB (lfb 1x1MB) SWAP 427/986MB (cached 21MB) CPU [34%@1479,75%@1479,33%@1479,51%@1479] EMC_FREQ 0% GR3D_FREQ 0% PLL@55C CPU@56C PMIC@50C GPU@55C AO@66.5C thermal@55.75C
RAM 1643/1972MB (lfb 2x1MB) SWAP 431/986MB (cached 21MB) CPU [40%@825,50%@825,76%@825,34%@825] EMC_FREQ 0% GR3D_FREQ 2% PLL@54.5C CPU@55.5C PMIC@50C GPU@55.5C AO@66.5C thermal@56.25C
RAM 1646/1972MB (lfb 2x1MB) SWAP 431/986MB (cached 21MB) CPU [61%@1479,9%@1479,10%@1479,12%@1479] EMC_FREQ 0% GR3D_FREQ 0% PLL@54C CPU@58C PMIC@50C GPU@56C AO@67.5C thermal@56.25C
RAM 1659/1972MB (lfb 1x1MB) SWAP 431/986MB (cached 21MB) CPU [59%@204,4%@204,7%@204,11%@204] EMC_FREQ 0% GR3D_FREQ 0% PLL@53.5C CPU@55C PMIC@50C GPU@55.5C AO@66.5C thermal@56.75C
RAM 1760/1972MB (lfb 1x1MB) SWAP 440/986MB (cached 21MB) CPU [80%@1479,4%@1479,44%@1479,8%@1479] EMC_FREQ 0% GR3D_FREQ 0% PLL@54C CPU@58.5C PMIC@50C GPU@56C AO@67C thermal@56.75C
RAM 1731/1972MB (lfb 1x1MB) SWAP 452/986MB (cached 21MB) CPU [96%@1479,19%@1479,30%@1479,4%@1479] EMC_FREQ 0% GR3D_FREQ 0% PLL@53.5C CPU@56C PMIC@50C GPU@56C AO@66.5C thermal@55.75C
RAM 1754/1972MB (lfb 1x1MB) SWAP 452/986MB (cached 21MB) CPU [12%@1132,10%@1132,14%@1132,20%@1132] EMC_FREQ 0% GR3D_FREQ 1% PLL@53.5C CPU@55C PMIC@50C GPU@55.5C AO@66C thermal@55.75C
RAM 1793/1972MB (lfb 1x1MB) SWAP 458/986MB (cached 21MB) CPU [16%@1479,18%@1479,15%@1479,47%@1479] EMC_FREQ 0% GR3D_FREQ 1% PLL@54C CPU@55.5C PMIC@50C GPU@56C AO@66.5C thermal@55.75C
RAM 1826/1972MB (lfb 1x1MB) SWAP 467/986MB (cached 21MB) CPU [38%@1479,47%@1479,14%@1479,10%@1479] EMC_FREQ 0% GR3D_FREQ 4% PLL@53.5C CPU@55C PMIC@50C GPU@56C AO@67C thermal@55.75C
RAM 1859/1972MB (lfb 1x1MB) SWAP 473/986MB (cached 21MB) CPU [32%@403,20%@403,12%@403,26%@518] EMC_FREQ 0% GR3D_FREQ 0% PLL@53.5C CPU@55C PMIC@50C GPU@55.5C AO@66.5C thermal@55.75C
RAM 1869/1972MB (lfb 1x1MB) SWAP 493/986MB (cached 21MB) CPU [33%@307,10%@307,2%@307,49%@307] EMC_FREQ 0% GR3D_FREQ 0% PLL@53.5C CPU@55C PMIC@50C GPU@55.5C AO@66C thermal@55C
RAM 1865/1972MB (lfb 1x1MB) SWAP 502/986MB (cached 21MB) CPU [12%@204,17%@307,32%@307,1%@307] EMC_FREQ 0% GR3D_FREQ 0% PLL@53.5C CPU@54.5C PMIC@50C GPU@55.5C AO@66.5C thermal@55C
RAM 1873/1972MB (lfb 1x1MB) SWAP 501/986MB (cached 20MB) CPU [23%@307,10%@307,13%@307,20%@307] EMC_FREQ 0% GR3D_FREQ 0% PLL@53.5C CPU@55C PMIC@50C GPU@55.5C AO@66.5C thermal@55.25C
RAM 1874/1972MB (lfb 1x1MB) SWAP 504/986MB (cached 20MB) CPU [25%@1479,19%@1479,15%@1479,24%@1479] EMC_FREQ 0% GR3D_FREQ 0% PLL@54C CPU@55C PMIC@50C GPU@55.5C AO@66.5C thermal@55.25C
RAM 1865/1972MB (lfb 1x1MB) SWAP 532/986MB (cached 17MB) CPU [70%@825,40%@825,26%@825,36%@825] EMC_FREQ 0% GR3D_FREQ 0% PLL@54C CPU@55.5C PMIC@50C GPU@56.5C AO@67C thermal@57C
RAM 1862/1972MB (lfb 1x1MB) SWAP 536/986MB (cached 16MB) CPU [42%@1479,2%@1479,13%@1479,7%@1479] EMC_FREQ 0% GR3D_FREQ 7% PLL@54C CPU@55.5C PMIC@50C GPU@56C AO@67C thermal@57C
RAM 1861/1972MB (lfb 1x1MB) SWAP 537/986MB (cached 14MB) CPU [30%@710,19%@710,22%@710,26%@710] EMC_FREQ 0% GR3D_FREQ 88% PLL@54C CPU@58C PMIC@50C GPU@58C AO@70C thermal@57.75C
RAM 1861/1972MB (lfb 1x1MB) SWAP 537/986MB (cached 14MB) CPU [34%@614,28%@614,26%@614,21%@614] EMC_FREQ 0% GR3D_FREQ 77% PLL@54.5C CPU@58C PMIC@50C GPU@58C AO@70.5C thermal@57.75C
RAM 1853/1972MB (lfb 1x1MB) SWAP 549/986MB (cached 13MB) CPU [32%@710,17%@710,44%@710,20%@710] EMC_FREQ 0% GR3D_FREQ 83% PLL@54.5C CPU@58C PMIC@50C GPU@58C AO@71C thermal@58C
RAM 1844/1972MB (lfb 1x1MB) SWAP 561/986MB (cached 13MB) CPU [32%@1479,22%@1479,44%@1479,17%@1479] EMC_FREQ 0% GR3D_FREQ 95% PLL@55C CPU@58C PMIC@50C GPU@58C AO@70.5C thermal@58C
RAM 1839/1972MB (lfb 1x1MB) SWAP 566/986MB (cached 12MB) CPU [35%@518,20%@518,26%@518,20%@518] EMC_FREQ 0% GR3D_FREQ 77% PLL@54.5C CPU@58C PMIC@50C GPU@58C AO@71C thermal@58C
RAM 1839/1972MB (lfb 1x1MB) SWAP 566/986MB (cached 12MB) CPU [34%@614,23%@518,18%@518,28%@518] EMC_FREQ 0% GR3D_FREQ 89% PLL@54.5C CPU@58C PMIC@50C GPU@58C AO@70.5C thermal@58C
RAM 1839/1972MB (lfb 1x1MB) SWAP 566/986MB (cached 12MB) CPU [34%@710,22%@710,23%@710,25%@710] EMC_FREQ 0% GR3D_FREQ 85% PLL@54.5C CPU@58.5C PMIC@50C GPU@58.5C AO@71C thermal@58C
RAM 1839/1972MB (lfb 1x1MB) SWAP 566/986MB (cached 12MB) CPU [33%@204,19%@204,18%@204,22%@204] EMC_FREQ 0% GR3D_FREQ 87% PLL@54.5C CPU@57.5C PMIC@50C GPU@58.5C AO@70C thermal@58.25C
RAM 1836/1972MB (lfb 1x1MB) SWAP 573/986MB (cached 11MB) CPU [25%@614,36%@921,17%@921,20%@921] EMC_FREQ 0% GR3D_FREQ 83% PLL@54.5C CPU@57.5C PMIC@50C GPU@58C AO@70.5C thermal@58.25C
RAM 1836/1972MB (lfb 1x1MB) SWAP 573/986MB (cached 11MB) CPU [31%@614,22%@614,18%@614,29%@614] EMC_FREQ 0% GR3D_FREQ 83% PLL@54.5C CPU@58C PMIC@50C GPU@58.5C AO@71C thermal@58.25C
RAM 1836/1972MB (lfb 1x1MB) SWAP 573/986MB (cached 11MB) CPU [34%@614,21%@614,20%@614,20%@614] EMC_FREQ 0% GR3D_FREQ 86% PLL@55C CPU@58C PMIC@50C GPU@58.5C AO@71C thermal@58.25C
RAM 1836/1972MB (lfb 1x1MB) SWAP 573/986MB (cached 11MB) CPU [31%@614,28%@614,18%@614,20%@614] EMC_FREQ 0% GR3D_FREQ 76% PLL@55C CPU@58C PMIC@50C GPU@58.5C AO@71.5C thermal@58.25C
RAM 1836/1972MB (lfb 1x1MB) SWAP 573/986MB (cached 11MB) CPU [31%@518,20%@518,26%@518,18%@518] EMC_FREQ 0% GR3D_FREQ 80% PLL@54.5C CPU@58C PMIC@50C GPU@58.5C AO@71C thermal@58.25C
RAM 1836/1972MB (lfb 1x1MB) SWAP 573/986MB (cached 11MB) CPU [40%@921,27%@921,22%@921,23%@921] EMC_FREQ 0% GR3D_FREQ 80% PLL@55C CPU@58C PMIC@50C GPU@58.5C AO@71C thermal@58.25C
RAM 1836/1972MB (lfb 1x1MB) SWAP 573/986MB (cached 11MB) CPU [36%@614,20%@614,25%@614,18%@614] EMC_FREQ 0% GR3D_FREQ 94% PLL@55C CPU@58.5C PMIC@50C GPU@58.5C AO@71C thermal@58.5C
RAM 1836/1972MB (lfb 1x1MB) SWAP 573/986MB (cached 11MB) CPU [36%@518,18%@518,26%@518,22%@518] EMC_FREQ 0% GR3D_FREQ 91% PLL@55.5C CPU@58C PMIC@50C GPU@58.5C AO@71C thermal@58.5C
RAM 1836/1972MB (lfb 1x1MB) SWAP 573/986MB (cached 11MB) CPU [34%@403,29%@403,22%@403,22%@403] EMC_FREQ 0% GR3D_FREQ 99% PLL@55.5C CPU@58C PMIC@50C GPU@58.5C AO@71C thermal@58C
RAM 1836/1972MB (lfb 1x1MB) SWAP 573/986MB (cached 11MB) CPU [36%@710,18%@710,22%@710,24%@710] EMC_FREQ 0% GR3D_FREQ 79% PLL@55C CPU@58C PMIC@50C GPU@58.5C AO@71C thermal@58C
RAM 1836/1972MB (lfb 1x1MB) SWAP 573/986MB (cached 11MB) CPU [38%@518,14%@518,23%@518,21%@518] EMC_FREQ 0% GR3D_FREQ 94% PLL@55C CPU@58.5C PMIC@50C GPU@59C AO@71C thermal@58.75C
RAM 1836/1972MB (lfb 1x1MB) SWAP 573/986MB (cached 11MB) CPU [34%@710,26%@710,22%@710,23%@710] EMC_FREQ 0% GR3D_FREQ 99% PLL@55C CPU@58.5C PMIC@50C GPU@58.5C AO@71C thermal@58.75C
RAM 1836/1972MB (lfb 1x1MB) SWAP 573/986MB (cached 11MB) CPU [37%@518,23%@518,18%@518,25%@518] EMC_FREQ 0% GR3D_FREQ 86% PLL@54.5C CPU@58.5C PMIC@50C GPU@59C AO@71.5C thermal@58.75C
RAM 1836/1972MB (lfb 1x1MB) SWAP 573/986MB (cached 11MB) CPU [37%@403,26%@403,26%@403,14%@518] EMC_FREQ 0% GR3D_FREQ 99% PLL@55.5C CPU@58.5C PMIC@50C GPU@59C AO@71C thermal@58.75C
RAM 1836/1972MB (lfb 1x1MB) SWAP 573/986MB (cached 11MB) CPU [34%@518,25%@518,14%@518,18%@518] EMC_FREQ 0% GR3D_FREQ 94% PLL@55C CPU@58.5C PMIC@50C GPU@58.5C AO@71C thermal@58.75C
RAM 1836/1972MB (lfb 1x1MB) SWAP 573/986MB (cached 11MB) CPU [36%@403,26%@403,22%@403,18%@403] EMC_FREQ 0% GR3D_FREQ 93% PLL@55.5C CPU@58.5C PMIC@50C GPU@59C AO@71.5C thermal@58.5C
RAM 1836/1972MB (lfb 1x1MB) SWAP 573/986MB (cached 11MB) CPU [27%@518,37%@518,26%@403,29%@403] EMC_FREQ 0% GR3D_FREQ 74% PLL@55.5C CPU@58.5C PMIC@50C GPU@59C AO@71.5C thermal@58.5C
RAM 1836/1972MB (lfb 1x1MB) SWAP 573/986MB (cached 11MB) CPU [26%@1479,38%@1479,25%@1479,22%@1479] EMC_FREQ 0% GR3D_FREQ 58% PLL@55.5C CPU@58.5C PMIC@50C GPU@58.5C AO@71C thermal@58.75C
RAM 1836/1972MB (lfb 1x1MB) SWAP 573/986MB (cached 11MB) CPU [18%@614,29%@614,18%@614,50%@614] EMC_FREQ 0% GR3D_FREQ 99% PLL@55.5C CPU@59C PMIC@50C GPU@59C AO@71C thermal@58.75C
RAM 1836/1972MB (lfb 1x1MB) SWAP 573/986MB (cached 11MB) CPU [13%@518,34%@518,22%@518,28%@518] EMC_FREQ 0% GR3D_FREQ 81% PLL@55.5C CPU@58C PMIC@50C GPU@59C AO@72C thermal@58.75C
RAM 1836/1972MB (lfb 1x1MB) SWAP 573/986MB (cached 11MB) CPU [22%@518,34%@518,20%@518,24%@518] EMC_FREQ 0% GR3D_FREQ 81% PLL@55.5C CPU@58.5C PMIC@50C GPU@59C AO@72C thermal@58.75C
RAM 1836/1972MB (lfb 1x1MB) SWAP 573/986MB (cached 11MB) CPU [24%@403,33%@403,22%@403,28%@518] EMC_FREQ 0% GR3D_FREQ 94% PLL@55.5C CPU@59C PMIC@50C GPU@59.5C AO@71.5C thermal@59C
RAM 1837/1972MB (lfb 1x1MB) SWAP 573/986MB (cached 11MB) CPU [22%@710,31%@710,24%@710,22%@710] EMC_FREQ 0% GR3D_FREQ 79% PLL@55.5C CPU@58.5C PMIC@50C GPU@59.5C AO@71.5C thermal@59C
RAM 1836/1972MB (lfb 1x1MB) SWAP 573/986MB (cached 11MB) CPU [21%@518,33%@518,20%@518,22%@518] EMC_FREQ 0% GR3D_FREQ 85% PLL@55.5C CPU@59C PMIC@50C GPU@59.5C AO@72C thermal@59C
RAM 1837/1972MB (lfb 1x1MB) SWAP 572/986MB (cached 11MB) CPU [26%@518,30%@518,28%@518,28%@518] EMC_FREQ 0% GR3D_FREQ 94% PLL@56C CPU@59C PMIC@50C GPU@59C AO@72C thermal@59C
RAM 1837/1972MB (lfb 1x1MB) SWAP 572/986MB (cached 11MB) CPU [24%@614,31%@614,22%@710,22%@710] EMC_FREQ 0% GR3D_FREQ 82% PLL@55.5C CPU@59C PMIC@50C GPU@59.5C AO@71.5C thermal@59C
RAM 1837/1972MB (lfb 1x1MB) SWAP 572/986MB (cached 11MB) CPU [29%@614,38%@614,25%@614,25%@614] EMC_FREQ 0% GR3D_FREQ 75% PLL@56C CPU@59C PMIC@50C GPU@59.5C AO@72C thermal@59.25C
RAM 1837/1972MB (lfb 1x1MB) SWAP 572/986MB (cached 11MB) CPU [21%@403,32%@403,26%@403,24%@403] EMC_FREQ 0% GR3D_FREQ 93% PLL@55.5C CPU@59C PMIC@50C GPU@59C AO@72C thermal@59.25C
RAM 1837/1972MB (lfb 1x1MB) SWAP 572/986MB (cached 11MB) CPU [25%@518,37%@614,26%@614,24%@710] EMC_FREQ 0% GR3D_FREQ 94% PLL@56C CPU@59.5C PMIC@50C GPU@59.5C AO@71.5C thermal@59.25C
RAM 1836/1972MB (lfb 1x1MB) SWAP 572/986MB (cached 11MB) CPU [32%@1479,34%@1479,24%@1479,19%@1479] EMC_FREQ 0% GR3D_FREQ 89% PLL@56C CPU@60C PMIC@50C GPU@59.5C AO@72C thermal@59.25C
RAM 1836/1972MB (lfb 1x1MB) SWAP 572/986MB (cached 11MB) CPU [18%@518,29%@518,22%@518,21%@518] EMC_FREQ 0% GR3D_FREQ 84% PLL@56C CPU@59C PMIC@50C GPU@59.5C AO@72.5C thermal@59.5C
RAM 1835/1972MB (lfb 1x1MB) SWAP 572/986MB (cached 11MB) CPU [21%@307,37%@307,18%@307,26%@307] EMC_FREQ 0% GR3D_FREQ 0% PLL@56C CPU@57.5C PMIC@50C GPU@59.5C AO@70C thermal@59.5C
RAM 1818/1972MB (lfb 1x1MB) SWAP 572/986MB (cached 11MB) CPU [18%@921,10%@921,10%@921,16%@921] EMC_FREQ 0% GR3D_FREQ 0% PLL@55C CPU@57.5C PMIC@50C GPU@57.5C AO@68.5C thermal@56.75C
RAM 1806/1972MB (lfb 1x1MB) SWAP 572/986MB (cached 11MB) CPU [22%@403,4%@403,7%@403,16%@403] EMC_FREQ 0% GR3D_FREQ 0% PLL@55C CPU@56.5C PMIC@50C GPU@57.5C AO@68C thermal@56.75C
RAM 1787/1972MB (lfb 2x1MB) SWAP 571/986MB (cached 11MB) CPU [22%@710,16%@710,6%@710,18%@710] EMC_FREQ 0% GR3D_FREQ 0% PLL@55C CPU@56.5C PMIC@50C GPU@57.5C AO@68C thermal@56.75C
RAM 1769/1972MB (lfb 2x1MB) SWAP 571/986MB (cached 11MB) CPU [30%@1479,10%@1479,6%@1479,14%@1479] EMC_FREQ 0% GR3D_FREQ 0% PLL@55.5C CPU@57.5C PMIC@50C GPU@57.5C AO@68C thermal@57C
RAM 1748/1972MB (lfb 2x1MB) SWAP 571/986MB (cached 11MB) CPU [88%@1479,0%@1479,4%@1479,3%@1479] EMC_FREQ 0% GR3D_FREQ 0% PLL@55.5C CPU@57C PMIC@50C GPU@57C AO@68C thermal@57C
RAM 1726/1972MB (lfb 2x1MB) SWAP 570/986MB (cached 10MB) CPU [51%@518,2%@518,4%@518,6%@518] EMC_FREQ 0% GR3D_FREQ 0% PLL@55C CPU@56C PMIC@50C GPU@57C AO@68C thermal@56.75C
RAM 1724/1972MB (lfb 2x1MB) SWAP 565/986MB (cached 10MB) CPU [30%@204,5%@307,6%@307,17%@307] EMC_FREQ 0% GR3D_FREQ 0% PLL@55C CPU@56C PMIC@50C GPU@57C AO@68C thermal@56.75C
RAM 1728/1972MB (lfb 1x1MB) SWAP 512/986MB (cached 15MB) CPU [77%@1479,14%@1479,2%@1479,2%@1479] EMC_FREQ 0% GR3D_FREQ 0% PLL@55C CPU@58.5C PMIC@50C GPU@57C AO@68C thermal@57.25C
RAM 1726/1972MB (lfb 1x1MB) SWAP 443/986MB (cached 23MB) CPU [88%@921,10%@921,6%@921,4%@921] EMC_FREQ 0% GR3D_FREQ 0% PLL@55.5C CPU@56C PMIC@50C GPU@57C AO@68C thermal@57.25C
RAM 1713/1972MB (lfb 1x1MB) SWAP 421/986MB (cached 24MB) CPU [47%@403,4%@403,11%@403,10%@403] EMC_FREQ 0% GR3D_FREQ 0% PLL@55C CPU@56C PMIC@50C GPU@56.5C AO@68.5C thermal@56.25C
RAM 643/1972MB (lfb 1x1MB) SWAP 326/986MB (cached 16MB) CPU [4%@307,56%@307,6%@307,8%@307] EMC_FREQ 0% GR3D_FREQ 0% PLL@55C CPU@56C PMIC@50C GPU@56.5C AO@68C thermal@56.25C
# Video: videoCarros
# Duracion: 120s
# Timestamp: dom 23 nov 00:39:20 CST 2025
